[0.905s] Invoking command in '/home/koara/ros2_ws/src/mypkg': PYTHONPATH=/home/koara/ros2_ws/src/mypkg/build/mypkg/prefix_override:/usr/lib/python3/dist-packages/colcon_core/task/python/colcon_distutils_commands:/home/koara/ros2_ws/src/mypkg/install/mypkg/lib/python3.8/site-packages:${PYTHONPATH} /usr/bin/python3 -W ignore:setup.py install is deprecated setup.py egg_info --egg-base build/mypkg build --build-base /home/koara/ros2_ws/src/mypkg/build/mypkg/build install --record /home/koara/ros2_ws/src/mypkg/build/mypkg/install.log --install-scripts $base/lib/mypkg --single-version-externally-managed install_data
[1.082s] running egg_info
[1.082s] writing build/mypkg/mypkg.egg-info/PKG-INFO
[1.084s] writing dependency_links to build/mypkg/mypkg.egg-info/dependency_links.txt
[1.084s] writing entry points to build/mypkg/mypkg.egg-info/entry_points.txt
[1.085s] writing requirements to build/mypkg/mypkg.egg-info/requires.txt
[1.086s] writing top-level names to build/mypkg/mypkg.egg-info/top_level.txt
[1.120s] reading manifest file 'build/mypkg/mypkg.egg-info/SOURCES.txt'
[1.121s] writing manifest file 'build/mypkg/mypkg.egg-info/SOURCES.txt'
[1.121s] running build
[1.121s] running build_py
[1.121s] copying mypkg/talker.py -> /home/koara/ros2_ws/src/mypkg/build/mypkg/build/lib/mypkg
[1.122s] running install
[1.123s] running install_lib
[1.124s] copying /home/koara/ros2_ws/src/mypkg/build/mypkg/build/lib/mypkg/talker.py -> /home/koara/ros2_ws/src/mypkg/install/mypkg/lib/python3.8/site-packages/mypkg
[1.126s] byte-compiling /home/koara/ros2_ws/src/mypkg/install/mypkg/lib/python3.8/site-packages/mypkg/talker.py to talker.cpython-38.pyc
[1.130s] running install_data
[1.130s] copying package.xml -> /home/koara/ros2_ws/src/mypkg/install/mypkg/share/mypkg
[1.131s] copying launch/talk_listen.launch.py -> /home/koara/ros2_ws/src/mypkg/install/mypkg/share/mypkg
[1.131s] running install_egg_info
[1.133s] removing '/home/koara/ros2_ws/src/mypkg/install/mypkg/lib/python3.8/site-packages/mypkg-0.0.0-py3.8.egg-info' (and everything under it)
[1.136s] Copying build/mypkg/mypkg.egg-info to /home/koara/ros2_ws/src/mypkg/install/mypkg/lib/python3.8/site-packages/mypkg-0.0.0-py3.8.egg-info
[1.139s] running install_scripts
[1.157s] Installing talker script to /home/koara/ros2_ws/src/mypkg/install/mypkg/lib/mypkg
[1.158s] writing list of installed files to '/home/koara/ros2_ws/src/mypkg/build/mypkg/install.log'
[1.182s] Invoked command in '/home/koara/ros2_ws/src/mypkg' returned '0': PYTHONPATH=/home/koara/ros2_ws/src/mypkg/build/mypkg/prefix_override:/usr/lib/python3/dist-packages/colcon_core/task/python/colcon_distutils_commands:/home/koara/ros2_ws/src/mypkg/install/mypkg/lib/python3.8/site-packages:${PYTHONPATH} /usr/bin/python3 -W ignore:setup.py install is deprecated setup.py egg_info --egg-base build/mypkg build --build-base /home/koara/ros2_ws/src/mypkg/build/mypkg/build install --record /home/koara/ros2_ws/src/mypkg/build/mypkg/install.log --install-scripts $base/lib/mypkg --single-version-externally-managed install_data
