[0.667s] Invoking command in '/home/koara/ros2_ws/src/mypkg': PYTHONPATH=/home/koara/ros2_ws/src/mypkg/build/mypkg/prefix_override:/usr/lib/python3/dist-packages/colcon_core/task/python/colcon_distutils_commands:/home/koara/ros2_ws/src/mypkg/install/mypkg/lib/python3.8/site-packages:${PYTHONPATH} /usr/bin/python3 -W ignore:setup.py install is deprecated setup.py egg_info --egg-base build/mypkg build --build-base /home/koara/ros2_ws/src/mypkg/build/mypkg/build install --record /home/koara/ros2_ws/src/mypkg/build/mypkg/install.log --install-scripts $base/lib/mypkg --single-version-externally-managed install_data
[0.839s] running egg_info
[0.839s] writing build/mypkg/mypkg.egg-info/PKG-INFO
[0.840s] writing dependency_links to build/mypkg/mypkg.egg-info/dependency_links.txt
[0.840s] writing entry points to build/mypkg/mypkg.egg-info/entry_points.txt
[0.840s] writing requirements to build/mypkg/mypkg.egg-info/requires.txt
[0.840s] writing top-level names to build/mypkg/mypkg.egg-info/top_level.txt
[0.868s] reading manifest file 'build/mypkg/mypkg.egg-info/SOURCES.txt'
[0.869s] writing manifest file 'build/mypkg/mypkg.egg-info/SOURCES.txt'
[0.869s] running build
[0.869s] running build_py
[0.870s] running install
[0.870s] running install_lib
[0.871s] running install_data
[0.871s] copying package.xml -> /home/koara/ros2_ws/src/mypkg/install/mypkg/share/mypkg
[0.872s] copying launch/talk_listen.launch.py -> /home/koara/ros2_ws/src/mypkg/install/mypkg/share/mypkg
[0.873s] running install_egg_info
[0.874s] removing '/home/koara/ros2_ws/src/mypkg/install/mypkg/lib/python3.8/site-packages/mypkg-0.0.0-py3.8.egg-info' (and everything under it)
[0.875s] Copying build/mypkg/mypkg.egg-info to /home/koara/ros2_ws/src/mypkg/install/mypkg/lib/python3.8/site-packages/mypkg-0.0.0-py3.8.egg-info
[0.877s] running install_scripts
[0.892s] Installing listener script to /home/koara/ros2_ws/src/mypkg/install/mypkg/lib/mypkg
[0.892s] Installing talker script to /home/koara/ros2_ws/src/mypkg/install/mypkg/lib/mypkg
[0.892s] writing list of installed files to '/home/koara/ros2_ws/src/mypkg/build/mypkg/install.log'
[0.912s] Invoked command in '/home/koara/ros2_ws/src/mypkg' returned '0': PYTHONPATH=/home/koara/ros2_ws/src/mypkg/build/mypkg/prefix_override:/usr/lib/python3/dist-packages/colcon_core/task/python/colcon_distutils_commands:/home/koara/ros2_ws/src/mypkg/install/mypkg/lib/python3.8/site-packages:${PYTHONPATH} /usr/bin/python3 -W ignore:setup.py install is deprecated setup.py egg_info --egg-base build/mypkg build --build-base /home/koara/ros2_ws/src/mypkg/build/mypkg/build install --record /home/koara/ros2_ws/src/mypkg/build/mypkg/install.log --install-scripts $base/lib/mypkg --single-version-externally-managed install_data
