[0.149s] Invoking command in '/home/koara/robosys2024-02.2/ros2_ws/build/person_msgs': CMAKE_PREFIX_PATH=${CMAKE_PREFIX_PATH}:/home/koara/robosys2024-02.2/ros2_ws/install/mypkg:/opt/ros/foxy /usr/bin/cmake --build /home/koara/robosys2024-02.2/ros2_ws/build/person_msgs -- -j12 -l12
[0.314s] [  2%] Built target person_msgs__cpp
[0.316s] [ 12%] Built target person_msgs__rosidl_generator_c
[0.336s] [ 51%] Built target person_msgs__rosidl_typesupport_c
[0.336s] [ 51%] Built target person_msgs__rosidl_typesupport_cpp
[0.336s] [ 51%] Built target person_msgs__rosidl_typesupport_introspection_c
[0.336s] [ 53%] Built target person_msgs__rosidl_typesupport_introspection_cpp
[0.347s] [ 64%] Built target person_msgs__rosidl_typesupport_fastrtps_cpp
[0.367s] [ 74%] Built target person_msgs__rosidl_typesupport_fastrtps_c
[0.383s] [ 74%] Built target person_msgs
[0.403s] [ 76%] Built target person_msgs__py
[0.426s] [ 84%] Built target person_msgs__python
[0.447s] [ 94%] Built target person_msgs__rosidl_typesupport_introspection_c__pyext
[0.447s] [ 94%] Built target person_msgs__rosidl_typesupport_c__pyext
[0.447s] [100%] Built target person_msgs__rosidl_typesupport_fastrtps_c__pyext
[0.457s] Invoked command in '/home/koara/robosys2024-02.2/ros2_ws/build/person_msgs' returned '0': CMAKE_PREFIX_PATH=${CMAKE_PREFIX_PATH}:/home/koara/robosys2024-02.2/ros2_ws/install/mypkg:/opt/ros/foxy /usr/bin/cmake --build /home/koara/robosys2024-02.2/ros2_ws/build/person_msgs -- -j12 -l12
[0.516s] Invoking command in '/home/koara/robosys2024-02.2/ros2_ws/build/person_msgs': CMAKE_PREFIX_PATH=${CMAKE_PREFIX_PATH}:/home/koara/robosys2024-02.2/ros2_ws/install/mypkg:/opt/ros/foxy /usr/bin/cmake --install /home/koara/robosys2024-02.2/ros2_ws/build/person_msgs
[0.524s] -- Install configuration: ""
[0.524s] -- Up-to-date: /home/koara/robosys2024-02.2/ros2_ws/install/person_msgs/share/ament_index/resource_index/rosidl_interfaces/person_msgs
[0.525s] -- Up-to-date: /home/koara/robosys2024-02.2/ros2_ws/install/person_msgs/include/person_msgs
[0.526s] -- Up-to-date: /home/koara/robosys2024-02.2/ros2_ws/install/person_msgs/include/person_msgs/srv
[0.526s] -- Up-to-date: /home/koara/robosys2024-02.2/ros2_ws/install/person_msgs/include/person_msgs/srv/detail
[0.527s] -- Up-to-date: /home/koara/robosys2024-02.2/ros2_ws/install/person_msgs/include/person_msgs/srv/detail/query__type_support.h
[0.527s] -- Up-to-date: /home/koara/robosys2024-02.2/ros2_ws/install/person_msgs/include/person_msgs/srv/detail/query__struct.h
[0.527s] -- Up-to-date: /home/koara/robosys2024-02.2/ros2_ws/install/person_msgs/include/person_msgs/srv/detail/query__functions.h
[0.527s] -- Up-to-date: /home/koara/robosys2024-02.2/ros2_ws/install/person_msgs/include/person_msgs/srv/detail/query__functions.c
[0.527s] -- Up-to-date: /home/koara/robosys2024-02.2/ros2_ws/install/person_msgs/include/person_msgs/srv/query.h
[0.527s] -- Up-to-date: /home/koara/robosys2024-02.2/ros2_ws/install/person_msgs/include/person_msgs/msg
[0.527s] -- Up-to-date: /home/koara/robosys2024-02.2/ros2_ws/install/person_msgs/include/person_msgs/msg/rosidl_generator_c__visibility_control.h
[0.527s] -- Up-to-date: /home/koara/robosys2024-02.2/ros2_ws/install/person_msgs/include/person_msgs/msg/person.h
[0.528s] -- Up-to-date: /home/koara/robosys2024-02.2/ros2_ws/install/person_msgs/include/person_msgs/msg/detail
[0.528s] -- Up-to-date: /home/koara/robosys2024-02.2/ros2_ws/install/person_msgs/include/person_msgs/msg/detail/person__functions.c
[0.528s] -- Up-to-date: /home/koara/robosys2024-02.2/ros2_ws/install/person_msgs/include/person_msgs/msg/detail/person__functions.h
[0.528s] -- Up-to-date: /home/koara/robosys2024-02.2/ros2_ws/install/person_msgs/include/person_msgs/msg/detail/person__type_support.h
[0.528s] -- Up-to-date: /home/koara/robosys2024-02.2/ros2_ws/install/person_msgs/include/person_msgs/msg/detail/person__struct.h
[0.528s] -- Up-to-date: /home/koara/robosys2024-02.2/ros2_ws/install/person_msgs/share/person_msgs/environment/library_path.sh
[0.528s] -- Up-to-date: /home/koara/robosys2024-02.2/ros2_ws/install/person_msgs/share/person_msgs/environment/library_path.dsv
[0.529s] -- Up-to-date: /home/koara/robosys2024-02.2/ros2_ws/install/person_msgs/lib/libperson_msgs__rosidl_generator_c.so
[0.529s] -- Up-to-date: /home/koara/robosys2024-02.2/ros2_ws/install/person_msgs/include/person_msgs
[0.530s] -- Up-to-date: /home/koara/robosys2024-02.2/ros2_ws/install/person_msgs/include/person_msgs/srv
[0.530s] -- Up-to-date: /home/koara/robosys2024-02.2/ros2_ws/install/person_msgs/include/person_msgs/srv/detail
[0.530s] -- Up-to-date: /home/koara/robosys2024-02.2/ros2_ws/install/person_msgs/include/person_msgs/srv/detail/query__rosidl_typesupport_fastrtps_c.h
[0.530s] -- Up-to-date: /home/koara/robosys2024-02.2/ros2_ws/install/person_msgs/include/person_msgs/msg
[0.530s] -- Up-to-date: /home/koara/robosys2024-02.2/ros2_ws/install/person_msgs/include/person_msgs/msg/detail
[0.530s] -- Up-to-date: /home/koara/robosys2024-02.2/ros2_ws/install/person_msgs/include/person_msgs/msg/detail/person__rosidl_typesupport_fastrtps_c.h
[0.531s] -- Up-to-date: /home/koara/robosys2024-02.2/ros2_ws/install/person_msgs/include/person_msgs/msg/rosidl_typesupport_fastrtps_c__visibility_control.h
[0.531s] -- Up-to-date: /home/koara/robosys2024-02.2/ros2_ws/install/person_msgs/lib/libperson_msgs__rosidl_typesupport_fastrtps_c.so
[0.531s] -- Up-to-date: /home/koara/robosys2024-02.2/ros2_ws/install/person_msgs/include/person_msgs
[0.531s] -- Up-to-date: /home/koara/robosys2024-02.2/ros2_ws/install/person_msgs/include/person_msgs/srv
[0.532s] -- Up-to-date: /home/koara/robosys2024-02.2/ros2_ws/install/person_msgs/include/person_msgs/srv/detail
[0.532s] -- Up-to-date: /home/koara/robosys2024-02.2/ros2_ws/install/person_msgs/include/person_msgs/srv/detail/dds_fastrtps
[0.532s] -- Up-to-date: /home/koara/robosys2024-02.2/ros2_ws/install/person_msgs/include/person_msgs/srv/detail/query__rosidl_typesupport_fastrtps_cpp.hpp
[0.532s] -- Up-to-date: /home/koara/robosys2024-02.2/ros2_ws/install/person_msgs/include/person_msgs/msg
[0.532s] -- Up-to-date: /home/koara/robosys2024-02.2/ros2_ws/install/person_msgs/include/person_msgs/msg/rosidl_typesupport_fastrtps_cpp__visibility_control.h
[0.532s] -- Up-to-date: /home/koara/robosys2024-02.2/ros2_ws/install/person_msgs/include/person_msgs/msg/detail
[0.532s] -- Up-to-date: /home/koara/robosys2024-02.2/ros2_ws/install/person_msgs/include/person_msgs/msg/detail/dds_fastrtps
[0.533s] -- Up-to-date: /home/koara/robosys2024-02.2/ros2_ws/install/person_msgs/include/person_msgs/msg/detail/person__rosidl_typesupport_fastrtps_cpp.hpp
[0.534s] -- Up-to-date: /home/koara/robosys2024-02.2/ros2_ws/install/person_msgs/lib/libperson_msgs__rosidl_typesupport_fastrtps_cpp.so
[0.534s] -- Up-to-date: /home/koara/robosys2024-02.2/ros2_ws/install/person_msgs/include/person_msgs
[0.534s] -- Up-to-date: /home/koara/robosys2024-02.2/ros2_ws/install/person_msgs/include/person_msgs/srv
[0.534s] -- Up-to-date: /home/koara/robosys2024-02.2/ros2_ws/install/person_msgs/include/person_msgs/srv/detail
[0.535s] -- Up-to-date: /home/koara/robosys2024-02.2/ros2_ws/install/person_msgs/include/person_msgs/srv/detail/query__type_support.c
[0.535s] -- Up-to-date: /home/koara/robosys2024-02.2/ros2_ws/install/person_msgs/include/person_msgs/srv/detail/query__rosidl_typesupport_introspection_c.h
[0.535s] -- Up-to-date: /home/koara/robosys2024-02.2/ros2_ws/install/person_msgs/include/person_msgs/msg
[0.535s] -- Up-to-date: /home/koara/robosys2024-02.2/ros2_ws/install/person_msgs/include/person_msgs/msg/detail
[0.535s] -- Up-to-date: /home/koara/robosys2024-02.2/ros2_ws/install/person_msgs/include/person_msgs/msg/detail/person__rosidl_typesupport_introspection_c.h
[0.535s] -- Up-to-date: /home/koara/robosys2024-02.2/ros2_ws/install/person_msgs/include/person_msgs/msg/detail/person__type_support.c
[0.535s] -- Up-to-date: /home/koara/robosys2024-02.2/ros2_ws/install/person_msgs/include/person_msgs/msg/rosidl_typesupport_introspection_c__visibility_control.h
[0.536s] -- Up-to-date: /home/koara/robosys2024-02.2/ros2_ws/install/person_msgs/lib/libperson_msgs__rosidl_typesupport_introspection_c.so
[0.536s] -- Up-to-date: /home/koara/robosys2024-02.2/ros2_ws/install/person_msgs/lib/libperson_msgs__rosidl_typesupport_c.so
[0.536s] -- Up-to-date: /home/koara/robosys2024-02.2/ros2_ws/install/person_msgs/include/person_msgs
[0.536s] -- Up-to-date: /home/koara/robosys2024-02.2/ros2_ws/install/person_msgs/include/person_msgs/srv
[0.537s] -- Up-to-date: /home/koara/robosys2024-02.2/ros2_ws/install/person_msgs/include/person_msgs/srv/detail
[0.537s] -- Up-to-date: /home/koara/robosys2024-02.2/ros2_ws/install/person_msgs/include/person_msgs/srv/detail/query__traits.hpp
[0.537s] -- Up-to-date: /home/koara/robosys2024-02.2/ros2_ws/install/person_msgs/include/person_msgs/srv/detail/query__struct.hpp
[0.537s] -- Up-to-date: /home/koara/robosys2024-02.2/ros2_ws/install/person_msgs/include/person_msgs/srv/detail/query__type_support.hpp
[0.537s] -- Up-to-date: /home/koara/robosys2024-02.2/ros2_ws/install/person_msgs/include/person_msgs/srv/detail/query__builder.hpp
[0.537s] -- Up-to-date: /home/koara/robosys2024-02.2/ros2_ws/install/person_msgs/include/person_msgs/srv/query.hpp
[0.537s] -- Up-to-date: /home/koara/robosys2024-02.2/ros2_ws/install/person_msgs/include/person_msgs/msg
[0.538s] -- Up-to-date: /home/koara/robosys2024-02.2/ros2_ws/install/person_msgs/include/person_msgs/msg/detail
[0.538s] -- Up-to-date: /home/koara/robosys2024-02.2/ros2_ws/install/person_msgs/include/person_msgs/msg/detail/person__struct.hpp
[0.538s] -- Up-to-date: /home/koara/robosys2024-02.2/ros2_ws/install/person_msgs/include/person_msgs/msg/detail/person__type_support.hpp
[0.538s] -- Up-to-date: /home/koara/robosys2024-02.2/ros2_ws/install/person_msgs/include/person_msgs/msg/detail/person__builder.hpp
[0.538s] -- Up-to-date: /home/koara/robosys2024-02.2/ros2_ws/install/person_msgs/include/person_msgs/msg/detail/person__traits.hpp
[0.538s] -- Up-to-date: /home/koara/robosys2024-02.2/ros2_ws/install/person_msgs/include/person_msgs/msg/rosidl_generator_cpp__visibility_control.hpp
[0.538s] -- Up-to-date: /home/koara/robosys2024-02.2/ros2_ws/install/person_msgs/include/person_msgs/msg/person.hpp
[0.538s] -- Up-to-date: /home/koara/robosys2024-02.2/ros2_ws/install/person_msgs/include/person_msgs
[0.538s] -- Up-to-date: /home/koara/robosys2024-02.2/ros2_ws/install/person_msgs/include/person_msgs/srv
[0.538s] -- Up-to-date: /home/koara/robosys2024-02.2/ros2_ws/install/person_msgs/include/person_msgs/srv/detail
[0.538s] -- Up-to-date: /home/koara/robosys2024-02.2/ros2_ws/install/person_msgs/include/person_msgs/srv/detail/query__rosidl_typesupport_introspection_cpp.hpp
[0.538s] -- Up-to-date: /home/koara/robosys2024-02.2/ros2_ws/install/person_msgs/include/person_msgs/srv/detail/query__type_support.cpp
[0.538s] -- Up-to-date: /home/koara/robosys2024-02.2/ros2_ws/install/person_msgs/include/person_msgs/msg
[0.539s] -- Up-to-date: /home/koara/robosys2024-02.2/ros2_ws/install/person_msgs/include/person_msgs/msg/detail
[0.539s] -- Up-to-date: /home/koara/robosys2024-02.2/ros2_ws/install/person_msgs/include/person_msgs/msg/detail/person__rosidl_typesupport_introspection_cpp.hpp
[0.539s] -- Up-to-date: /home/koara/robosys2024-02.2/ros2_ws/install/person_msgs/include/person_msgs/msg/detail/person__type_support.cpp
[0.539s] -- Up-to-date: /home/koara/robosys2024-02.2/ros2_ws/install/person_msgs/lib/libperson_msgs__rosidl_typesupport_introspection_cpp.so
[0.540s] -- Up-to-date: /home/koara/robosys2024-02.2/ros2_ws/install/person_msgs/lib/libperson_msgs__rosidl_typesupport_cpp.so
[0.540s] -- Up-to-date: /home/koara/robosys2024-02.2/ros2_ws/install/person_msgs/share/person_msgs/environment/pythonpath.sh
[0.540s] -- Up-to-date: /home/koara/robosys2024-02.2/ros2_ws/install/person_msgs/share/person_msgs/environment/pythonpath.dsv
[0.540s] -- Up-to-date: /home/koara/robosys2024-02.2/ros2_ws/install/person_msgs/lib/python3.8/site-packages/person_msgs/__init__.py
[0.564s] -- Up-to-date: /home/koara/robosys2024-02.2/ros2_ws/install/person_msgs/lib/python3.8/site-packages/person_msgs/msg
[0.564s] -- Up-to-date: /home/koara/robosys2024-02.2/ros2_ws/install/person_msgs/lib/python3.8/site-packages/person_msgs/msg/__init__.py
[0.564s] -- Up-to-date: /home/koara/robosys2024-02.2/ros2_ws/install/person_msgs/lib/python3.8/site-packages/person_msgs/msg/_person_s.c
[0.564s] -- Up-to-date: /home/koara/robosys2024-02.2/ros2_ws/install/person_msgs/lib/python3.8/site-packages/person_msgs/msg/_person.py
[0.564s] -- Up-to-date: /home/koara/robosys2024-02.2/ros2_ws/install/person_msgs/lib/python3.8/site-packages/person_msgs/srv
[0.564s] -- Up-to-date: /home/koara/robosys2024-02.2/ros2_ws/install/person_msgs/lib/python3.8/site-packages/person_msgs/srv/_query.py
[0.564s] -- Up-to-date: /home/koara/robosys2024-02.2/ros2_ws/install/person_msgs/lib/python3.8/site-packages/person_msgs/srv/_query_s.c
[0.564s] -- Up-to-date: /home/koara/robosys2024-02.2/ros2_ws/install/person_msgs/lib/python3.8/site-packages/person_msgs/srv/__init__.py
[0.564s] -- Up-to-date: /home/koara/robosys2024-02.2/ros2_ws/install/person_msgs/lib/python3.8/site-packages/person_msgs/person_msgs_s__rosidl_typesupport_fastrtps_c.cpython-38-x86_64-linux-gnu.so
[0.565s] -- Up-to-date: /home/koara/robosys2024-02.2/ros2_ws/install/person_msgs/lib/python3.8/site-packages/person_msgs/person_msgs_s__rosidl_typesupport_introspection_c.cpython-38-x86_64-linux-gnu.so
[0.566s] -- Up-to-date: /home/koara/robosys2024-02.2/ros2_ws/install/person_msgs/lib/python3.8/site-packages/person_msgs/person_msgs_s__rosidl_typesupport_c.cpython-38-x86_64-linux-gnu.so
[0.567s] -- Up-to-date: /home/koara/robosys2024-02.2/ros2_ws/install/person_msgs/lib/libperson_msgs__python.so
[0.567s] -- Up-to-date: /home/koara/robosys2024-02.2/ros2_ws/install/person_msgs/share/person_msgs/msg/Person.idl
[0.568s] -- Up-to-date: /home/koara/robosys2024-02.2/ros2_ws/install/person_msgs/share/person_msgs/srv/Query.idl
[0.568s] -- Up-to-date: /home/koara/robosys2024-02.2/ros2_ws/install/person_msgs/share/person_msgs/msg/Person.msg
[0.568s] -- Up-to-date: /home/koara/robosys2024-02.2/ros2_ws/install/person_msgs/share/person_msgs/srv/Query.srv
[0.568s] -- Up-to-date: /home/koara/robosys2024-02.2/ros2_ws/install/person_msgs/share/person_msgs/srv/Query_Request.msg
[0.568s] -- Up-to-date: /home/koara/robosys2024-02.2/ros2_ws/install/person_msgs/share/person_msgs/srv/Query_Response.msg
[0.569s] -- Up-to-date: /home/koara/robosys2024-02.2/ros2_ws/install/person_msgs/share/ament_index/resource_index/package_run_dependencies/person_msgs
[0.569s] -- Up-to-date: /home/koara/robosys2024-02.2/ros2_ws/install/person_msgs/share/ament_index/resource_index/parent_prefix_path/person_msgs
[0.569s] -- Up-to-date: /home/koara/robosys2024-02.2/ros2_ws/install/person_msgs/share/person_msgs/environment/ament_prefix_path.sh
[0.569s] -- Up-to-date: /home/koara/robosys2024-02.2/ros2_ws/install/person_msgs/share/person_msgs/environment/ament_prefix_path.dsv
[0.569s] -- Up-to-date: /home/koara/robosys2024-02.2/ros2_ws/install/person_msgs/share/person_msgs/environment/path.sh
[0.569s] -- Up-to-date: /home/koara/robosys2024-02.2/ros2_ws/install/person_msgs/share/person_msgs/environment/path.dsv
[0.569s] -- Up-to-date: /home/koara/robosys2024-02.2/ros2_ws/install/person_msgs/share/person_msgs/local_setup.bash
[0.569s] -- Up-to-date: /home/koara/robosys2024-02.2/ros2_ws/install/person_msgs/share/person_msgs/local_setup.sh
[0.569s] -- Up-to-date: /home/koara/robosys2024-02.2/ros2_ws/install/person_msgs/share/person_msgs/local_setup.zsh
[0.569s] -- Up-to-date: /home/koara/robosys2024-02.2/ros2_ws/install/person_msgs/share/person_msgs/local_setup.dsv
[0.569s] -- Installing: /home/koara/robosys2024-02.2/ros2_ws/install/person_msgs/share/person_msgs/package.dsv
[0.569s] -- Up-to-date: /home/koara/robosys2024-02.2/ros2_ws/install/person_msgs/share/ament_index/resource_index/packages/person_msgs
[0.570s] -- Up-to-date: /home/koara/robosys2024-02.2/ros2_ws/install/person_msgs/share/person_msgs/cmake/person_msgs__rosidl_generator_cExport.cmake
[0.570s] -- Up-to-date: /home/koara/robosys2024-02.2/ros2_ws/install/person_msgs/share/person_msgs/cmake/person_msgs__rosidl_generator_cExport-noconfig.cmake
[0.570s] -- Up-to-date: /home/koara/robosys2024-02.2/ros2_ws/install/person_msgs/share/person_msgs/cmake/person_msgs__rosidl_typesupport_introspection_cExport.cmake
[0.570s] -- Up-to-date: /home/koara/robosys2024-02.2/ros2_ws/install/person_msgs/share/person_msgs/cmake/person_msgs__rosidl_typesupport_introspection_cExport-noconfig.cmake
[0.571s] -- Up-to-date: /home/koara/robosys2024-02.2/ros2_ws/install/person_msgs/share/person_msgs/cmake/person_msgs__rosidl_typesupport_cExport.cmake
[0.571s] -- Up-to-date: /home/koara/robosys2024-02.2/ros2_ws/install/person_msgs/share/person_msgs/cmake/person_msgs__rosidl_typesupport_cExport-noconfig.cmake
[0.572s] -- Up-to-date: /home/koara/robosys2024-02.2/ros2_ws/install/person_msgs/share/person_msgs/cmake/person_msgs__rosidl_generator_cppExport.cmake
[0.573s] -- Up-to-date: /home/koara/robosys2024-02.2/ros2_ws/install/person_msgs/share/person_msgs/cmake/person_msgs__rosidl_typesupport_introspection_cppExport.cmake
[0.573s] -- Up-to-date: /home/koara/robosys2024-02.2/ros2_ws/install/person_msgs/share/person_msgs/cmake/person_msgs__rosidl_typesupport_introspection_cppExport-noconfig.cmake
[0.573s] -- Up-to-date: /home/koara/robosys2024-02.2/ros2_ws/install/person_msgs/share/person_msgs/cmake/person_msgs__rosidl_typesupport_cppExport.cmake
[0.573s] -- Up-to-date: /home/koara/robosys2024-02.2/ros2_ws/install/person_msgs/share/person_msgs/cmake/person_msgs__rosidl_typesupport_cppExport-noconfig.cmake
[0.573s] -- Up-to-date: /home/koara/robosys2024-02.2/ros2_ws/install/person_msgs/share/person_msgs/cmake/rosidl_cmake-extras.cmake
[0.573s] -- Up-to-date: /home/koara/robosys2024-02.2/ros2_ws/install/person_msgs/share/person_msgs/cmake/ament_cmake_export_dependencies-extras.cmake
[0.574s] -- Up-to-date: /home/koara/robosys2024-02.2/ros2_ws/install/person_msgs/share/person_msgs/cmake/ament_cmake_export_libraries-extras.cmake
[0.574s] -- Up-to-date: /home/koara/robosys2024-02.2/ros2_ws/install/person_msgs/share/person_msgs/cmake/ament_cmake_export_targets-extras.cmake
[0.574s] -- Up-to-date: /home/koara/robosys2024-02.2/ros2_ws/install/person_msgs/share/person_msgs/cmake/ament_cmake_export_include_directories-extras.cmake
[0.574s] -- Up-to-date: /home/koara/robosys2024-02.2/ros2_ws/install/person_msgs/share/person_msgs/cmake/rosidl_cmake_export_typesupport_libraries-extras.cmake
[0.574s] -- Up-to-date: /home/koara/robosys2024-02.2/ros2_ws/install/person_msgs/share/person_msgs/cmake/rosidl_cmake_export_typesupport_targets-extras.cmake
[0.574s] -- Up-to-date: /home/koara/robosys2024-02.2/ros2_ws/install/person_msgs/share/person_msgs/cmake/person_msgsConfig.cmake
[0.574s] -- Up-to-date: /home/koara/robosys2024-02.2/ros2_ws/install/person_msgs/share/person_msgs/cmake/person_msgsConfig-version.cmake
[0.574s] -- Up-to-date: /home/koara/robosys2024-02.2/ros2_ws/install/person_msgs/share/person_msgs/package.xml
[0.577s] Invoked command in '/home/koara/robosys2024-02.2/ros2_ws/build/person_msgs' returned '0': CMAKE_PREFIX_PATH=${CMAKE_PREFIX_PATH}:/home/koara/robosys2024-02.2/ros2_ws/install/mypkg:/opt/ros/foxy /usr/bin/cmake --install /home/koara/robosys2024-02.2/ros2_ws/build/person_msgs
