[0.392s] Invoking command in '/home/koara/robosys2024-02.2/ros2_ws/src/mypkg': PYTHONPATH=/home/koara/robosys2024-02.2/ros2_ws/build/mypkg/prefix_override:/usr/lib/python3/dist-packages/colcon_core/task/python/colcon_distutils_commands:/home/koara/robosys2024-02.2/ros2_ws/install/mypkg/lib/python3.8/site-packages:${PYTHONPATH} /usr/bin/python3 -W ignore:setup.py install is deprecated setup.py egg_info --egg-base ../../build/mypkg build --build-base /home/koara/robosys2024-02.2/ros2_ws/build/mypkg/build install --record /home/koara/robosys2024-02.2/ros2_ws/build/mypkg/install.log --install-scripts $base/lib/mypkg --single-version-externally-managed install_data
[0.521s] running egg_info
[0.521s] creating ../../build/mypkg/mypkg.egg-info
[0.522s] writing ../../build/mypkg/mypkg.egg-info/PKG-INFO
[0.522s] writing dependency_links to ../../build/mypkg/mypkg.egg-info/dependency_links.txt
[0.522s] writing entry points to ../../build/mypkg/mypkg.egg-info/entry_points.txt
[0.522s] writing requirements to ../../build/mypkg/mypkg.egg-info/requires.txt
[0.522s] writing top-level names to ../../build/mypkg/mypkg.egg-info/top_level.txt
[0.523s] writing manifest file '../../build/mypkg/mypkg.egg-info/SOURCES.txt'
[0.548s] reading manifest file '../../build/mypkg/mypkg.egg-info/SOURCES.txt'
[0.549s] writing manifest file '../../build/mypkg/mypkg.egg-info/SOURCES.txt'
[0.549s] running build
[0.549s] running build_py
[0.549s] creating /home/koara/robosys2024-02.2/ros2_ws/build/mypkg/build
[0.549s] creating /home/koara/robosys2024-02.2/ros2_ws/build/mypkg/build/lib
[0.550s] creating /home/koara/robosys2024-02.2/ros2_ws/build/mypkg/build/lib/mypkg
[0.550s] copying mypkg/range.py -> /home/koara/robosys2024-02.2/ros2_ws/build/mypkg/build/lib/mypkg
[0.550s] copying mypkg/__init__.py -> /home/koara/robosys2024-02.2/ros2_ws/build/mypkg/build/lib/mypkg
[0.550s] copying mypkg/test.py -> /home/koara/robosys2024-02.2/ros2_ws/build/mypkg/build/lib/mypkg
[0.550s] running install
[0.551s] running install_lib
[0.551s] creating /home/koara/robosys2024-02.2/ros2_ws/install/mypkg/lib/python3.8/site-packages/mypkg
[0.552s] copying /home/koara/robosys2024-02.2/ros2_ws/build/mypkg/build/lib/mypkg/range.py -> /home/koara/robosys2024-02.2/ros2_ws/install/mypkg/lib/python3.8/site-packages/mypkg
[0.552s] copying /home/koara/robosys2024-02.2/ros2_ws/build/mypkg/build/lib/mypkg/__init__.py -> /home/koara/robosys2024-02.2/ros2_ws/install/mypkg/lib/python3.8/site-packages/mypkg
[0.552s] copying /home/koara/robosys2024-02.2/ros2_ws/build/mypkg/build/lib/mypkg/test.py -> /home/koara/robosys2024-02.2/ros2_ws/install/mypkg/lib/python3.8/site-packages/mypkg
[0.552s] byte-compiling /home/koara/robosys2024-02.2/ros2_ws/install/mypkg/lib/python3.8/site-packages/mypkg/range.py to range.cpython-38.pyc
[0.553s] byte-compiling /home/koara/robosys2024-02.2/ros2_ws/install/mypkg/lib/python3.8/site-packages/mypkg/__init__.py to __init__.cpython-38.pyc
[0.553s] byte-compiling /home/koara/robosys2024-02.2/ros2_ws/install/mypkg/lib/python3.8/site-packages/mypkg/test.py to test.cpython-38.pyc
[0.553s] running install_data
[0.554s] creating /home/koara/robosys2024-02.2/ros2_ws/install/mypkg/share/ament_index
[0.554s] creating /home/koara/robosys2024-02.2/ros2_ws/install/mypkg/share/ament_index/resource_index
[0.554s] creating /home/koara/robosys2024-02.2/ros2_ws/install/mypkg/share/ament_index/resource_index/packages
[0.554s] copying resource/mypkg -> /home/koara/robosys2024-02.2/ros2_ws/install/mypkg/share/ament_index/resource_index/packages
[0.554s] copying package.xml -> /home/koara/robosys2024-02.2/ros2_ws/install/mypkg/share/mypkg
[0.554s] copying launch/talk_listen.launch.py -> /home/koara/robosys2024-02.2/ros2_ws/install/mypkg/share/mypkg
[0.554s] running install_egg_info
[0.555s] Copying ../../build/mypkg/mypkg.egg-info to /home/koara/robosys2024-02.2/ros2_ws/install/mypkg/lib/python3.8/site-packages/mypkg-0.0.0-py3.8.egg-info
[0.556s] running install_scripts
[0.567s] Installing range script to /home/koara/robosys2024-02.2/ros2_ws/install/mypkg/lib/mypkg
[0.567s] Installing test.range script to /home/koara/robosys2024-02.2/ros2_ws/install/mypkg/lib/mypkg
[0.567s] writing list of installed files to '/home/koara/robosys2024-02.2/ros2_ws/build/mypkg/install.log'
[0.586s] Invoked command in '/home/koara/robosys2024-02.2/ros2_ws/src/mypkg' returned '0': PYTHONPATH=/home/koara/robosys2024-02.2/ros2_ws/build/mypkg/prefix_override:/usr/lib/python3/dist-packages/colcon_core/task/python/colcon_distutils_commands:/home/koara/robosys2024-02.2/ros2_ws/install/mypkg/lib/python3.8/site-packages:${PYTHONPATH} /usr/bin/python3 -W ignore:setup.py install is deprecated setup.py egg_info --egg-base ../../build/mypkg build --build-base /home/koara/robosys2024-02.2/ros2_ws/build/mypkg/build install --record /home/koara/robosys2024-02.2/ros2_ws/build/mypkg/install.log --install-scripts $base/lib/mypkg --single-version-externally-managed install_data
