[0.222s] Invoking command in '/home/koara/robosys2024-4/ros2_ws/build/person_msgs': CMAKE_PREFIX_PATH=${CMAKE_PREFIX_PATH}:/home/koara/robosys2024-4/ros2_ws/install/mypkg:/opt/ros/foxy /usr/bin/cmake --build /home/koara/robosys2024-4/ros2_ws/build/person_msgs -- -j12 -l12
[0.367s] -- Found ament_cmake: 0.9.12 (/opt/ros/foxy/share/ament_cmake/cmake)
[0.392s] -- Found PythonInterp: /usr/bin/python3 (found suitable version "3.8.10", minimum required is "3") 
[0.392s] -- Using PYTHON_EXECUTABLE: /usr/bin/python3
[0.581s] -- Found ament_lint_auto: 0.9.8 (/opt/ros/foxy/share/ament_lint_auto/cmake)
[0.583s] -- Found rosidl_default_generators: 1.0.1 (/opt/ros/foxy/share/rosidl_default_generators/cmake)
[0.590s] -- Using all available rosidl_typesupport_c: rosidl_typesupport_fastrtps_c;rosidl_typesupport_introspection_c
[0.597s] -- Found rosidl_adapter: 1.3.1 (/opt/ros/foxy/share/rosidl_adapter/cmake)
[3.088s] -- Using all available rosidl_typesupport_cpp: rosidl_typesupport_fastrtps_cpp;rosidl_typesupport_introspection_cpp
[3.144s] -- Found PythonInterp: /usr/bin/python3 (found version "3.8.10") 
[3.431s] CMake Error at /opt/ros/foxy/share/rosidl_adapter/cmake/rosidl_adapt_interfaces.cmake:60 (message):
[3.431s]   execute_process(/usr/bin/python3 -m rosidl_adapter --package-name
[3.431s]   person_msgs --arguments-file
[3.431s]   /home/koara/robosys2024-4/ros2_ws/build/person_msgs/rosidl_adapter__arguments__person_msgs.json
[3.431s]   --output-dir
[3.431s]   /home/koara/robosys2024-4/ros2_ws/build/person_msgs/rosidl_adapter/person_msgs
[3.431s]   --output-file
[3.431s]   /home/koara/robosys2024-4/ros2_ws/build/person_msgs/rosidl_adapter/person_msgs.idls)
[3.431s]   returned error code 1:
[3.431s] 
[3.431s]   Error processing 'unit8 value' of 'person_msgs/Person': ''unit8' is an
[3.431s]   invalid message name.  It should have the pattern '^[A-Z][A-Za-z0-9]*$''
[3.432s] 
[3.432s]   Traceback (most recent call last):
[3.432s] 
[3.432s]     File "/usr/lib/python3.8/runpy.py", line 194, in _run_module_as_main
[3.432s]       return _run_code(code, main_globals, None,
[3.432s]     File "/usr/lib/python3.8/runpy.py", line 87, in _run_code
[3.432s]       exec(code, run_globals)
[3.432s]     File "/opt/ros/foxy/lib/python3.8/site-packages/rosidl_adapter/__main__.py", line 19, in <module>
[3.432s]       sys.exit(main())
[3.432s]     File "/opt/ros/foxy/lib/python3.8/site-packages/rosidl_adapter/main.py", line 53, in main
[3.432s]       abs_idl_file = convert_to_idl(
[3.432s]     File "/opt/ros/foxy/lib/python3.8/site-packages/rosidl_adapter/__init__.py", line 19, in convert_to_idl
[3.432s]       return convert_msg_to_idl(
[3.432s]     File "/opt/ros/foxy/lib/python3.8/site-packages/rosidl_adapter/msg/__init__.py", line 28, in convert_msg_to_idl
[3.432s]       msg = parse_message_string(package_name, input_file.stem, content)
[3.432s]     File "/opt/ros/foxy/lib/python3.8/site-packages/rosidl_adapter/parser.py", line 516, in parse_message_string
[3.432s]       Type(type_string, context_package_name=pkg_name),
[3.432s]     File "/opt/ros/foxy/lib/python3.8/site-packages/rosidl_adapter/parser.py", line 276, in __init__
[3.432s]       super(Type, self).__init__(
[3.433s]     File "/opt/ros/foxy/lib/python3.8/site-packages/rosidl_adapter/parser.py", line 204, in __init__
[3.433s]       raise InvalidResourceName(
[3.433s] 
[3.433s]   rosidl_adapter.parser.InvalidResourceName: 'unit8' is an invalid message
[3.433s]   name.  It should have the pattern '^[A-Z][A-Za-z0-9]*$'
[3.433s] 
[3.433s] Call Stack (most recent call first):
[3.433s]   /opt/ros/foxy/share/rosidl_cmake/cmake/rosidl_generate_interfaces.cmake:130 (rosidl_adapt_interfaces)
[3.433s]   CMakeLists.txt:27 (rosidl_generate_interfaces)
[3.433s] 
[3.433s] 
[3.433s] -- Configuring incomplete, errors occurred!
[3.434s] See also "/home/koara/robosys2024-4/ros2_ws/build/person_msgs/CMakeFiles/CMakeOutput.log".
[3.455s] make: *** [Makefile:988: cmake_check_build_system] Error 1
[3.458s] Invoked command in '/home/koara/robosys2024-4/ros2_ws/build/person_msgs' returned '2': CMAKE_PREFIX_PATH=${CMAKE_PREFIX_PATH}:/home/koara/robosys2024-4/ros2_ws/install/mypkg:/opt/ros/foxy /usr/bin/cmake --build /home/koara/robosys2024-4/ros2_ws/build/person_msgs -- -j12 -l12
