[0.455s] Invoking command in '/home/koara/robosys2024-02.2/ros2_ws/src/mypkg': PYTHONPATH=/home/koara/robosys2024-02.2/ros2_ws/build/mypkg/prefix_override:/usr/lib/python3/dist-packages/colcon_core/task/python/colcon_distutils_commands:/home/koara/robosys2024-02.2/ros2_ws/install/mypkg/lib/python3.8/site-packages:${PYTHONPATH} /usr/bin/python3 -W ignore:setup.py install is deprecated setup.py egg_info --egg-base ../../build/mypkg build --build-base /home/koara/robosys2024-02.2/ros2_ws/build/mypkg/build install --record /home/koara/robosys2024-02.2/ros2_ws/build/mypkg/install.log --install-scripts $base/lib/mypkg --single-version-externally-managed install_data
[0.585s] running egg_info
[0.585s] writing ../../build/mypkg/mypkg.egg-info/PKG-INFO
[0.585s] writing dependency_links to ../../build/mypkg/mypkg.egg-info/dependency_links.txt
[0.586s] writing entry points to ../../build/mypkg/mypkg.egg-info/entry_points.txt
[0.586s] writing requirements to ../../build/mypkg/mypkg.egg-info/requires.txt
[0.586s] writing top-level names to ../../build/mypkg/mypkg.egg-info/top_level.txt
[0.609s] reading manifest file '../../build/mypkg/mypkg.egg-info/SOURCES.txt'
[0.609s] writing manifest file '../../build/mypkg/mypkg.egg-info/SOURCES.txt'
[0.609s] running build
[0.610s] running build_py
[0.610s] running install
[0.610s] running install_lib
[0.611s] running install_data
[0.611s] running install_egg_info
[0.612s] removing '/home/koara/robosys2024-02.2/ros2_ws/install/mypkg/lib/python3.8/site-packages/mypkg-0.0.0-py3.8.egg-info' (and everything under it)
[0.612s] Copying ../../build/mypkg/mypkg.egg-info to /home/koara/robosys2024-02.2/ros2_ws/install/mypkg/lib/python3.8/site-packages/mypkg-0.0.0-py3.8.egg-info
[0.613s] running install_scripts
[0.625s] Installing range script to /home/koara/robosys2024-02.2/ros2_ws/install/mypkg/lib/mypkg
[0.625s] Installing test script to /home/koara/robosys2024-02.2/ros2_ws/install/mypkg/lib/mypkg
[0.625s] writing list of installed files to '/home/koara/robosys2024-02.2/ros2_ws/build/mypkg/install.log'
[0.641s] Invoked command in '/home/koara/robosys2024-02.2/ros2_ws/src/mypkg' returned '0': PYTHONPATH=/home/koara/robosys2024-02.2/ros2_ws/build/mypkg/prefix_override:/usr/lib/python3/dist-packages/colcon_core/task/python/colcon_distutils_commands:/home/koara/robosys2024-02.2/ros2_ws/install/mypkg/lib/python3.8/site-packages:${PYTHONPATH} /usr/bin/python3 -W ignore:setup.py install is deprecated setup.py egg_info --egg-base ../../build/mypkg build --build-base /home/koara/robosys2024-02.2/ros2_ws/build/mypkg/build install --record /home/koara/robosys2024-02.2/ros2_ws/build/mypkg/install.log --install-scripts $base/lib/mypkg --single-version-externally-managed install_data
