[0.240s] Invoking command in '/home/koara/robosys2024-4/ros2_ws/build/person_msgs': CMAKE_PREFIX_PATH=${CMAKE_PREFIX_PATH}:/home/koara/robosys2024-4/ros2_ws/install/mypkg:/opt/ros/foxy /usr/bin/cmake --build /home/koara/robosys2024-4/ros2_ws/build/person_msgs -- -j12 -l12
[0.298s] [  7%] Built target person_msgs__cpp
[0.298s] [ 12%] Built target person_msgs__rosidl_generator_c
[0.323s] [ 23%] Built target person_msgs__rosidl_typesupport_introspection_c
[0.323s] [ 33%] Built target person_msgs__rosidl_typesupport_c
[0.324s] [ 43%] Built target person_msgs__rosidl_typesupport_introspection_cpp
[0.348s] [ 53%] Built target person_msgs__rosidl_typesupport_cpp
[0.352s] [ 64%] Built target person_msgs__rosidl_typesupport_fastrtps_cpp
[0.379s] [ 74%] Built target person_msgs__rosidl_typesupport_fastrtps_c
[0.401s] [ 74%] Built target person_msgs
[0.425s] [ 76%] Built target person_msgs__py
[0.455s] [ 84%] Built target person_msgs__python
[0.483s] [ 97%] Built target person_msgs__rosidl_typesupport_introspection_c__pyext
[0.484s] [ 97%] Built target person_msgs__rosidl_typesupport_c__pyext
[0.484s] [100%] Built target person_msgs__rosidl_typesupport_fastrtps_c__pyext
[0.497s] Invoked command in '/home/koara/robosys2024-4/ros2_ws/build/person_msgs' returned '0': CMAKE_PREFIX_PATH=${CMAKE_PREFIX_PATH}:/home/koara/robosys2024-4/ros2_ws/install/mypkg:/opt/ros/foxy /usr/bin/cmake --build /home/koara/robosys2024-4/ros2_ws/build/person_msgs -- -j12 -l12
[0.588s] Invoking command in '/home/koara/robosys2024-4/ros2_ws/build/person_msgs': CMAKE_PREFIX_PATH=${CMAKE_PREFIX_PATH}:/home/koara/robosys2024-4/ros2_ws/install/mypkg:/opt/ros/foxy /usr/bin/cmake --install /home/koara/robosys2024-4/ros2_ws/build/person_msgs
[0.597s] -- Install configuration: ""
[0.598s] -- Up-to-date: /home/koara/robosys2024-4/ros2_ws/install/person_msgs/share/ament_index/resource_index/rosidl_interfaces/person_msgs
[0.598s] -- Up-to-date: /home/koara/robosys2024-4/ros2_ws/install/person_msgs/include/person_msgs
[0.598s] -- Up-to-date: /home/koara/robosys2024-4/ros2_ws/install/person_msgs/include/person_msgs/srv
[0.598s] -- Up-to-date: /home/koara/robosys2024-4/ros2_ws/install/person_msgs/include/person_msgs/srv/detail
[0.599s] -- Up-to-date: /home/koara/robosys2024-4/ros2_ws/install/person_msgs/include/person_msgs/srv/detail/query__type_support.h
[0.599s] -- Up-to-date: /home/koara/robosys2024-4/ros2_ws/install/person_msgs/include/person_msgs/srv/detail/query__struct.h
[0.599s] -- Up-to-date: /home/koara/robosys2024-4/ros2_ws/install/person_msgs/include/person_msgs/srv/detail/query__functions.h
[0.599s] -- Up-to-date: /home/koara/robosys2024-4/ros2_ws/install/person_msgs/include/person_msgs/srv/detail/query__functions.c
[0.599s] -- Up-to-date: /home/koara/robosys2024-4/ros2_ws/install/person_msgs/include/person_msgs/srv/query.h
[0.600s] -- Up-to-date: /home/koara/robosys2024-4/ros2_ws/install/person_msgs/include/person_msgs/msg
[0.600s] -- Up-to-date: /home/koara/robosys2024-4/ros2_ws/install/person_msgs/include/person_msgs/msg/rosidl_generator_c__visibility_control.h
[0.600s] -- Up-to-date: /home/koara/robosys2024-4/ros2_ws/install/person_msgs/include/person_msgs/msg/person.h
[0.600s] -- Up-to-date: /home/koara/robosys2024-4/ros2_ws/install/person_msgs/include/person_msgs/msg/detail
[0.600s] -- Up-to-date: /home/koara/robosys2024-4/ros2_ws/install/person_msgs/include/person_msgs/msg/detail/person__functions.c
[0.600s] -- Up-to-date: /home/koara/robosys2024-4/ros2_ws/install/person_msgs/include/person_msgs/msg/detail/person__functions.h
[0.600s] -- Up-to-date: /home/koara/robosys2024-4/ros2_ws/install/person_msgs/include/person_msgs/msg/detail/person__type_support.h
[0.601s] -- Up-to-date: /home/koara/robosys2024-4/ros2_ws/install/person_msgs/include/person_msgs/msg/detail/person__struct.h
[0.601s] -- Up-to-date: /home/koara/robosys2024-4/ros2_ws/install/person_msgs/share/person_msgs/environment/library_path.sh
[0.601s] -- Up-to-date: /home/koara/robosys2024-4/ros2_ws/install/person_msgs/share/person_msgs/environment/library_path.dsv
[0.601s] -- Up-to-date: /home/koara/robosys2024-4/ros2_ws/install/person_msgs/lib/libperson_msgs__rosidl_generator_c.so
[0.602s] -- Up-to-date: /home/koara/robosys2024-4/ros2_ws/install/person_msgs/include/person_msgs
[0.602s] -- Up-to-date: /home/koara/robosys2024-4/ros2_ws/install/person_msgs/include/person_msgs/srv
[0.602s] -- Up-to-date: /home/koara/robosys2024-4/ros2_ws/install/person_msgs/include/person_msgs/srv/detail
[0.602s] -- Up-to-date: /home/koara/robosys2024-4/ros2_ws/install/person_msgs/include/person_msgs/srv/detail/query__rosidl_typesupport_fastrtps_c.h
[0.603s] -- Up-to-date: /home/koara/robosys2024-4/ros2_ws/install/person_msgs/include/person_msgs/msg
[0.603s] -- Up-to-date: /home/koara/robosys2024-4/ros2_ws/install/person_msgs/include/person_msgs/msg/detail
[0.603s] -- Up-to-date: /home/koara/robosys2024-4/ros2_ws/install/person_msgs/include/person_msgs/msg/detail/person__rosidl_typesupport_fastrtps_c.h
[0.603s] -- Up-to-date: /home/koara/robosys2024-4/ros2_ws/install/person_msgs/include/person_msgs/msg/rosidl_typesupport_fastrtps_c__visibility_control.h
[0.604s] -- Up-to-date: /home/koara/robosys2024-4/ros2_ws/install/person_msgs/lib/libperson_msgs__rosidl_typesupport_fastrtps_c.so
[0.604s] -- Up-to-date: /home/koara/robosys2024-4/ros2_ws/install/person_msgs/include/person_msgs
[0.604s] -- Up-to-date: /home/koara/robosys2024-4/ros2_ws/install/person_msgs/include/person_msgs/srv
[0.605s] -- Up-to-date: /home/koara/robosys2024-4/ros2_ws/install/person_msgs/include/person_msgs/srv/detail
[0.605s] -- Up-to-date: /home/koara/robosys2024-4/ros2_ws/install/person_msgs/include/person_msgs/srv/detail/dds_fastrtps
[0.605s] -- Up-to-date: /home/koara/robosys2024-4/ros2_ws/install/person_msgs/include/person_msgs/srv/detail/query__rosidl_typesupport_fastrtps_cpp.hpp
[0.605s] -- Up-to-date: /home/koara/robosys2024-4/ros2_ws/install/person_msgs/include/person_msgs/msg
[0.605s] -- Up-to-date: /home/koara/robosys2024-4/ros2_ws/install/person_msgs/include/person_msgs/msg/rosidl_typesupport_fastrtps_cpp__visibility_control.h
[0.606s] -- Up-to-date: /home/koara/robosys2024-4/ros2_ws/install/person_msgs/include/person_msgs/msg/detail
[0.606s] -- Up-to-date: /home/koara/robosys2024-4/ros2_ws/install/person_msgs/include/person_msgs/msg/detail/dds_fastrtps
[0.606s] -- Up-to-date: /home/koara/robosys2024-4/ros2_ws/install/person_msgs/include/person_msgs/msg/detail/person__rosidl_typesupport_fastrtps_cpp.hpp
[0.606s] -- Up-to-date: /home/koara/robosys2024-4/ros2_ws/install/person_msgs/lib/libperson_msgs__rosidl_typesupport_fastrtps_cpp.so
[0.606s] -- Up-to-date: /home/koara/robosys2024-4/ros2_ws/install/person_msgs/include/person_msgs
[0.606s] -- Up-to-date: /home/koara/robosys2024-4/ros2_ws/install/person_msgs/include/person_msgs/srv
[0.606s] -- Up-to-date: /home/koara/robosys2024-4/ros2_ws/install/person_msgs/include/person_msgs/srv/detail
[0.606s] -- Up-to-date: /home/koara/robosys2024-4/ros2_ws/install/person_msgs/include/person_msgs/srv/detail/query__type_support.c
[0.606s] -- Up-to-date: /home/koara/robosys2024-4/ros2_ws/install/person_msgs/include/person_msgs/srv/detail/query__rosidl_typesupport_introspection_c.h
[0.607s] -- Up-to-date: /home/koara/robosys2024-4/ros2_ws/install/person_msgs/include/person_msgs/msg
[0.607s] -- Up-to-date: /home/koara/robosys2024-4/ros2_ws/install/person_msgs/include/person_msgs/msg/detail
[0.607s] -- Up-to-date: /home/koara/robosys2024-4/ros2_ws/install/person_msgs/include/person_msgs/msg/detail/person__rosidl_typesupport_introspection_c.h
[0.607s] -- Up-to-date: /home/koara/robosys2024-4/ros2_ws/install/person_msgs/include/person_msgs/msg/detail/person__type_support.c
[0.607s] -- Up-to-date: /home/koara/robosys2024-4/ros2_ws/install/person_msgs/include/person_msgs/msg/rosidl_typesupport_introspection_c__visibility_control.h
[0.607s] -- Up-to-date: /home/koara/robosys2024-4/ros2_ws/install/person_msgs/lib/libperson_msgs__rosidl_typesupport_introspection_c.so
[0.607s] -- Up-to-date: /home/koara/robosys2024-4/ros2_ws/install/person_msgs/lib/libperson_msgs__rosidl_typesupport_c.so
[0.607s] -- Up-to-date: /home/koara/robosys2024-4/ros2_ws/install/person_msgs/include/person_msgs
[0.607s] -- Up-to-date: /home/koara/robosys2024-4/ros2_ws/install/person_msgs/include/person_msgs/srv
[0.607s] -- Up-to-date: /home/koara/robosys2024-4/ros2_ws/install/person_msgs/include/person_msgs/srv/detail
[0.607s] -- Up-to-date: /home/koara/robosys2024-4/ros2_ws/install/person_msgs/include/person_msgs/srv/detail/query__traits.hpp
[0.607s] -- Up-to-date: /home/koara/robosys2024-4/ros2_ws/install/person_msgs/include/person_msgs/srv/detail/query__struct.hpp
[0.607s] -- Up-to-date: /home/koara/robosys2024-4/ros2_ws/install/person_msgs/include/person_msgs/srv/detail/query__type_support.hpp
[0.607s] -- Up-to-date: /home/koara/robosys2024-4/ros2_ws/install/person_msgs/include/person_msgs/srv/detail/query__builder.hpp
[0.607s] -- Up-to-date: /home/koara/robosys2024-4/ros2_ws/install/person_msgs/include/person_msgs/srv/query.hpp
[0.607s] -- Up-to-date: /home/koara/robosys2024-4/ros2_ws/install/person_msgs/include/person_msgs/msg
[0.607s] -- Up-to-date: /home/koara/robosys2024-4/ros2_ws/install/person_msgs/include/person_msgs/msg/detail
[0.607s] -- Up-to-date: /home/koara/robosys2024-4/ros2_ws/install/person_msgs/include/person_msgs/msg/detail/person__struct.hpp
[0.608s] -- Up-to-date: /home/koara/robosys2024-4/ros2_ws/install/person_msgs/include/person_msgs/msg/detail/person__type_support.hpp
[0.608s] -- Up-to-date: /home/koara/robosys2024-4/ros2_ws/install/person_msgs/include/person_msgs/msg/detail/person__builder.hpp
[0.608s] -- Up-to-date: /home/koara/robosys2024-4/ros2_ws/install/person_msgs/include/person_msgs/msg/detail/person__traits.hpp
[0.608s] -- Up-to-date: /home/koara/robosys2024-4/ros2_ws/install/person_msgs/include/person_msgs/msg/rosidl_generator_cpp__visibility_control.hpp
[0.608s] -- Up-to-date: /home/koara/robosys2024-4/ros2_ws/install/person_msgs/include/person_msgs/msg/person.hpp
[0.608s] -- Up-to-date: /home/koara/robosys2024-4/ros2_ws/install/person_msgs/include/person_msgs
[0.608s] -- Up-to-date: /home/koara/robosys2024-4/ros2_ws/install/person_msgs/include/person_msgs/srv
[0.608s] -- Up-to-date: /home/koara/robosys2024-4/ros2_ws/install/person_msgs/include/person_msgs/srv/detail
[0.608s] -- Up-to-date: /home/koara/robosys2024-4/ros2_ws/install/person_msgs/include/person_msgs/srv/detail/query__rosidl_typesupport_introspection_cpp.hpp
[0.608s] -- Up-to-date: /home/koara/robosys2024-4/ros2_ws/install/person_msgs/include/person_msgs/srv/detail/query__type_support.cpp
[0.608s] -- Up-to-date: /home/koara/robosys2024-4/ros2_ws/install/person_msgs/include/person_msgs/msg
[0.608s] -- Up-to-date: /home/koara/robosys2024-4/ros2_ws/install/person_msgs/include/person_msgs/msg/detail
[0.608s] -- Up-to-date: /home/koara/robosys2024-4/ros2_ws/install/person_msgs/include/person_msgs/msg/detail/person__rosidl_typesupport_introspection_cpp.hpp
[0.608s] -- Up-to-date: /home/koara/robosys2024-4/ros2_ws/install/person_msgs/include/person_msgs/msg/detail/person__type_support.cpp
[0.608s] -- Up-to-date: /home/koara/robosys2024-4/ros2_ws/install/person_msgs/lib/libperson_msgs__rosidl_typesupport_introspection_cpp.so
[0.609s] -- Up-to-date: /home/koara/robosys2024-4/ros2_ws/install/person_msgs/lib/libperson_msgs__rosidl_typesupport_cpp.so
[0.609s] -- Up-to-date: /home/koara/robosys2024-4/ros2_ws/install/person_msgs/share/person_msgs/environment/pythonpath.sh
[0.609s] -- Up-to-date: /home/koara/robosys2024-4/ros2_ws/install/person_msgs/share/person_msgs/environment/pythonpath.dsv
[0.609s] -- Up-to-date: /home/koara/robosys2024-4/ros2_ws/install/person_msgs/lib/python3.8/site-packages/person_msgs/__init__.py
[0.639s] -- Up-to-date: /home/koara/robosys2024-4/ros2_ws/install/person_msgs/lib/python3.8/site-packages/person_msgs/msg
[0.639s] -- Up-to-date: /home/koara/robosys2024-4/ros2_ws/install/person_msgs/lib/python3.8/site-packages/person_msgs/msg/__init__.py
[0.639s] -- Up-to-date: /home/koara/robosys2024-4/ros2_ws/install/person_msgs/lib/python3.8/site-packages/person_msgs/msg/_person_s.c
[0.639s] -- Up-to-date: /home/koara/robosys2024-4/ros2_ws/install/person_msgs/lib/python3.8/site-packages/person_msgs/msg/_person.py
[0.640s] -- Up-to-date: /home/koara/robosys2024-4/ros2_ws/install/person_msgs/lib/python3.8/site-packages/person_msgs/srv
[0.640s] -- Up-to-date: /home/koara/robosys2024-4/ros2_ws/install/person_msgs/lib/python3.8/site-packages/person_msgs/srv/_query.py
[0.640s] -- Up-to-date: /home/koara/robosys2024-4/ros2_ws/install/person_msgs/lib/python3.8/site-packages/person_msgs/srv/_query_s.c
[0.640s] -- Up-to-date: /home/koara/robosys2024-4/ros2_ws/install/person_msgs/lib/python3.8/site-packages/person_msgs/srv/__init__.py
[0.640s] -- Up-to-date: /home/koara/robosys2024-4/ros2_ws/install/person_msgs/lib/python3.8/site-packages/person_msgs/person_msgs_s__rosidl_typesupport_fastrtps_c.cpython-38-x86_64-linux-gnu.so
[0.640s] -- Up-to-date: /home/koara/robosys2024-4/ros2_ws/install/person_msgs/lib/python3.8/site-packages/person_msgs/person_msgs_s__rosidl_typesupport_introspection_c.cpython-38-x86_64-linux-gnu.so
[0.641s] -- Up-to-date: /home/koara/robosys2024-4/ros2_ws/install/person_msgs/lib/python3.8/site-packages/person_msgs/person_msgs_s__rosidl_typesupport_c.cpython-38-x86_64-linux-gnu.so
[0.641s] -- Up-to-date: /home/koara/robosys2024-4/ros2_ws/install/person_msgs/lib/libperson_msgs__python.so
[0.641s] -- Up-to-date: /home/koara/robosys2024-4/ros2_ws/install/person_msgs/share/person_msgs/msg/Person.idl
[0.642s] -- Up-to-date: /home/koara/robosys2024-4/ros2_ws/install/person_msgs/share/person_msgs/srv/Query.idl
[0.642s] -- Up-to-date: /home/koara/robosys2024-4/ros2_ws/install/person_msgs/share/person_msgs/msg/Person.msg
[0.642s] -- Up-to-date: /home/koara/robosys2024-4/ros2_ws/install/person_msgs/share/person_msgs/srv/Query.srv
[0.642s] -- Up-to-date: /home/koara/robosys2024-4/ros2_ws/install/person_msgs/share/person_msgs/srv/Query_Request.msg
[0.643s] -- Up-to-date: /home/koara/robosys2024-4/ros2_ws/install/person_msgs/share/person_msgs/srv/Query_Response.msg
[0.643s] -- Up-to-date: /home/koara/robosys2024-4/ros2_ws/install/person_msgs/share/ament_index/resource_index/package_run_dependencies/person_msgs
[0.643s] -- Up-to-date: /home/koara/robosys2024-4/ros2_ws/install/person_msgs/share/ament_index/resource_index/parent_prefix_path/person_msgs
[0.644s] -- Up-to-date: /home/koara/robosys2024-4/ros2_ws/install/person_msgs/share/person_msgs/environment/ament_prefix_path.sh
[0.644s] -- Up-to-date: /home/koara/robosys2024-4/ros2_ws/install/person_msgs/share/person_msgs/environment/ament_prefix_path.dsv
[0.644s] -- Up-to-date: /home/koara/robosys2024-4/ros2_ws/install/person_msgs/share/person_msgs/environment/path.sh
[0.644s] -- Up-to-date: /home/koara/robosys2024-4/ros2_ws/install/person_msgs/share/person_msgs/environment/path.dsv
[0.645s] -- Up-to-date: /home/koara/robosys2024-4/ros2_ws/install/person_msgs/share/person_msgs/local_setup.bash
[0.645s] -- Up-to-date: /home/koara/robosys2024-4/ros2_ws/install/person_msgs/share/person_msgs/local_setup.sh
[0.645s] -- Up-to-date: /home/koara/robosys2024-4/ros2_ws/install/person_msgs/share/person_msgs/local_setup.zsh
[0.645s] -- Up-to-date: /home/koara/robosys2024-4/ros2_ws/install/person_msgs/share/person_msgs/local_setup.dsv
[0.645s] -- Installing: /home/koara/robosys2024-4/ros2_ws/install/person_msgs/share/person_msgs/package.dsv
[0.645s] -- Up-to-date: /home/koara/robosys2024-4/ros2_ws/install/person_msgs/share/ament_index/resource_index/packages/person_msgs
[0.646s] -- Up-to-date: /home/koara/robosys2024-4/ros2_ws/install/person_msgs/share/person_msgs/cmake/person_msgs__rosidl_generator_cExport.cmake
[0.646s] -- Up-to-date: /home/koara/robosys2024-4/ros2_ws/install/person_msgs/share/person_msgs/cmake/person_msgs__rosidl_generator_cExport-noconfig.cmake
[0.646s] -- Up-to-date: /home/koara/robosys2024-4/ros2_ws/install/person_msgs/share/person_msgs/cmake/person_msgs__rosidl_typesupport_introspection_cExport.cmake
[0.646s] -- Up-to-date: /home/koara/robosys2024-4/ros2_ws/install/person_msgs/share/person_msgs/cmake/person_msgs__rosidl_typesupport_introspection_cExport-noconfig.cmake
[0.646s] -- Up-to-date: /home/koara/robosys2024-4/ros2_ws/install/person_msgs/share/person_msgs/cmake/person_msgs__rosidl_typesupport_cExport.cmake
[0.646s] -- Up-to-date: /home/koara/robosys2024-4/ros2_ws/install/person_msgs/share/person_msgs/cmake/person_msgs__rosidl_typesupport_cExport-noconfig.cmake
[0.647s] -- Up-to-date: /home/koara/robosys2024-4/ros2_ws/install/person_msgs/share/person_msgs/cmake/person_msgs__rosidl_generator_cppExport.cmake
[0.647s] -- Up-to-date: /home/koara/robosys2024-4/ros2_ws/install/person_msgs/share/person_msgs/cmake/person_msgs__rosidl_typesupport_introspection_cppExport.cmake
[0.647s] -- Up-to-date: /home/koara/robosys2024-4/ros2_ws/install/person_msgs/share/person_msgs/cmake/person_msgs__rosidl_typesupport_introspection_cppExport-noconfig.cmake
[0.647s] -- Up-to-date: /home/koara/robosys2024-4/ros2_ws/install/person_msgs/share/person_msgs/cmake/person_msgs__rosidl_typesupport_cppExport.cmake
[0.647s] -- Up-to-date: /home/koara/robosys2024-4/ros2_ws/install/person_msgs/share/person_msgs/cmake/person_msgs__rosidl_typesupport_cppExport-noconfig.cmake
[0.647s] -- Up-to-date: /home/koara/robosys2024-4/ros2_ws/install/person_msgs/share/person_msgs/cmake/rosidl_cmake-extras.cmake
[0.648s] -- Up-to-date: /home/koara/robosys2024-4/ros2_ws/install/person_msgs/share/person_msgs/cmake/ament_cmake_export_dependencies-extras.cmake
[0.648s] -- Up-to-date: /home/koara/robosys2024-4/ros2_ws/install/person_msgs/share/person_msgs/cmake/ament_cmake_export_libraries-extras.cmake
[0.648s] -- Up-to-date: /home/koara/robosys2024-4/ros2_ws/install/person_msgs/share/person_msgs/cmake/ament_cmake_export_targets-extras.cmake
[0.648s] -- Up-to-date: /home/koara/robosys2024-4/ros2_ws/install/person_msgs/share/person_msgs/cmake/ament_cmake_export_include_directories-extras.cmake
[0.648s] -- Up-to-date: /home/koara/robosys2024-4/ros2_ws/install/person_msgs/share/person_msgs/cmake/rosidl_cmake_export_typesupport_libraries-extras.cmake
[0.648s] -- Up-to-date: /home/koara/robosys2024-4/ros2_ws/install/person_msgs/share/person_msgs/cmake/rosidl_cmake_export_typesupport_targets-extras.cmake
[0.649s] -- Up-to-date: /home/koara/robosys2024-4/ros2_ws/install/person_msgs/share/person_msgs/cmake/person_msgsConfig.cmake
[0.649s] -- Up-to-date: /home/koara/robosys2024-4/ros2_ws/install/person_msgs/share/person_msgs/cmake/person_msgsConfig-version.cmake
[0.649s] -- Up-to-date: /home/koara/robosys2024-4/ros2_ws/install/person_msgs/share/person_msgs/package.xml
[0.650s] Invoked command in '/home/koara/robosys2024-4/ros2_ws/build/person_msgs' returned '0': CMAKE_PREFIX_PATH=${CMAKE_PREFIX_PATH}:/home/koara/robosys2024-4/ros2_ws/install/mypkg:/opt/ros/foxy /usr/bin/cmake --install /home/koara/robosys2024-4/ros2_ws/build/person_msgs
