[0.209s] Invoking command in '/home/koara/robosys2024-02.2/build/person_msgs': CMAKE_PREFIX_PATH=/home/koara/robosys2024-4/ros2_ws/install/person_msgs:/home/koara/robosys2024-4/ros2_ws/install/mypkg:/opt/ros/foxy /usr/bin/cmake /home/koara/robosys2024-02.2/ros2_ws/src/person_msgs -DCMAKE_INSTALL_PREFIX=/home/koara/robosys2024-02.2/install/person_msgs
[0.711s] -- The C compiler identification is GNU 9.4.0
[1.045s] -- The CXX compiler identification is GNU 9.4.0
[1.105s] -- Check for working C compiler: /usr/bin/cc
[1.290s] -- Check for working C compiler: /usr/bin/cc -- works
[1.294s] -- Detecting C compiler ABI info
[1.405s] -- Detecting C compiler ABI info - done
[1.416s] -- Detecting C compile features
[1.416s] -- Detecting C compile features - done
[1.420s] -- Check for working CXX compiler: /usr/bin/c++
[1.536s] -- Check for working CXX compiler: /usr/bin/c++ -- works
[1.537s] -- Detecting CXX compiler ABI info
[1.654s] -- Detecting CXX compiler ABI info - done
[1.664s] -- Detecting CXX compile features
[1.664s] -- Detecting CXX compile features - done
[1.684s] -- Found ament_cmake: 0.9.12 (/opt/ros/foxy/share/ament_cmake/cmake)
[1.713s] -- Found PythonInterp: /usr/bin/python3 (found suitable version "3.8.10", minimum required is "3") 
[1.713s] -- Using PYTHON_EXECUTABLE: /usr/bin/python3
[1.911s] -- Found ament_lint_auto: 0.9.8 (/opt/ros/foxy/share/ament_lint_auto/cmake)
[1.915s] -- Found rosidl_default_generators: 1.0.1 (/opt/ros/foxy/share/rosidl_default_generators/cmake)
[1.925s] -- Using all available rosidl_typesupport_c: rosidl_typesupport_fastrtps_c;rosidl_typesupport_introspection_c
[1.936s] -- Found rosidl_adapter: 1.3.1 (/opt/ros/foxy/share/rosidl_adapter/cmake)
[2.658s] -- Found OpenSSL: /usr/lib/x86_64-linux-gnu/libcrypto.so (found version "1.1.1f")  
[3.297s] -- Found FastRTPS: /opt/ros/foxy/include  
[4.568s] -- Using all available rosidl_typesupport_cpp: rosidl_typesupport_fastrtps_cpp;rosidl_typesupport_introspection_cpp
[4.652s] -- Found PythonInterp: /usr/bin/python3 (found version "3.8.10") 
[4.975s] CMake Error at /opt/ros/foxy/share/rosidl_adapter/cmake/rosidl_adapt_interfaces.cmake:60 (message):
[4.975s]   execute_process(/usr/bin/python3 -m rosidl_adapter --package-name
[4.975s]   person_msgs --arguments-file
[4.975s]   /home/koara/robosys2024-02.2/build/person_msgs/rosidl_adapter__arguments__person_msgs.json
[4.975s]   --output-dir
[4.975s]   /home/koara/robosys2024-02.2/build/person_msgs/rosidl_adapter/person_msgs
[4.975s]   --output-file
[4.975s]   /home/koara/robosys2024-02.2/build/person_msgs/rosidl_adapter/person_msgs.idls)
[4.975s]   returned error code 1:
[4.976s] 
[4.976s]   Traceback (most recent call last):
[4.976s] 
[4.976s]     File "/usr/lib/python3.8/runpy.py", line 194, in _run_module_as_main
[4.976s]       return _run_code(code, main_globals, None,
[4.976s]     File "/usr/lib/python3.8/runpy.py", line 87, in _run_code
[4.976s]       exec(code, run_globals)
[4.976s]     File "/opt/ros/foxy/lib/python3.8/site-packages/rosidl_adapter/__main__.py", line 19, in <module>
[4.976s]       sys.exit(main())
[4.977s]     File "/opt/ros/foxy/lib/python3.8/site-packages/rosidl_adapter/main.py", line 53, in main
[4.977s]       abs_idl_file = convert_to_idl(
[4.977s]     File "/opt/ros/foxy/lib/python3.8/site-packages/rosidl_adapter/__init__.py", line 24, in convert_to_idl
[4.977s]       return convert_srv_to_idl(
[4.977s]     File "/opt/ros/foxy/lib/python3.8/site-packages/rosidl_adapter/srv/__init__.py", line 28, in convert_srv_to_idl
[4.977s]       srv = parse_service_string(package_name, input_file.stem, content)
[4.977s]     File "/opt/ros/foxy/lib/python3.8/site-packages/rosidl_adapter/parser.py", line 843, in parse_service_string
[4.977s]       raise InvalidServiceSpecification(
[4.977s] 
[4.977s]   rosidl_adapter.parser.InvalidServiceSpecification: Could not find separator
[4.977s]   '---' between request and response
[4.977s] 
[4.978s] Call Stack (most recent call first):
[4.978s]   /opt/ros/foxy/share/rosidl_cmake/cmake/rosidl_generate_interfaces.cmake:130 (rosidl_adapt_interfaces)
[4.978s]   CMakeLists.txt:27 (rosidl_generate_interfaces)
[4.978s] 
[4.978s] 
[4.978s] -- Configuring incomplete, errors occurred!
[4.978s] See also "/home/koara/robosys2024-02.2/build/person_msgs/CMakeFiles/CMakeOutput.log".
[4.984s] Invoked command in '/home/koara/robosys2024-02.2/build/person_msgs' returned '1': CMAKE_PREFIX_PATH=/home/koara/robosys2024-4/ros2_ws/install/person_msgs:/home/koara/robosys2024-4/ros2_ws/install/mypkg:/opt/ros/foxy /usr/bin/cmake /home/koara/robosys2024-02.2/ros2_ws/src/person_msgs -DCMAKE_INSTALL_PREFIX=/home/koara/robosys2024-02.2/install/person_msgs
