[0.606s] Invoking command in '/home/koara/ros2_ws/src/mypkg': PYTHONPATH=/home/koara/ros2_ws/src/mypkg/build/mypkg/prefix_override:/usr/lib/python3/dist-packages/colcon_core/task/python/colcon_distutils_commands:/home/koara/ros2_ws/src/mypkg/install/mypkg/lib/python3.8/site-packages:${PYTHONPATH} /usr/bin/python3 -W ignore:setup.py install is deprecated setup.py egg_info --egg-base build/mypkg build --build-base /home/koara/ros2_ws/src/mypkg/build/mypkg/build install --record /home/koara/ros2_ws/src/mypkg/build/mypkg/install.log --install-scripts $base/lib/mypkg --single-version-externally-managed install_data
[0.785s] running egg_info
[0.786s] writing build/mypkg/mypkg.egg-info/PKG-INFO
[0.786s] writing dependency_links to build/mypkg/mypkg.egg-info/dependency_links.txt
[0.786s] writing entry points to build/mypkg/mypkg.egg-info/entry_points.txt
[0.786s] writing requirements to build/mypkg/mypkg.egg-info/requires.txt
[0.787s] writing top-level names to build/mypkg/mypkg.egg-info/top_level.txt
[0.815s] reading manifest file 'build/mypkg/mypkg.egg-info/SOURCES.txt'
[0.816s] writing manifest file 'build/mypkg/mypkg.egg-info/SOURCES.txt'
[0.816s] running build
[0.816s] running build_py
[0.816s] running install
[0.817s] running install_lib
[0.818s] running install_data
[0.819s] copying launch/talk_listen.launch.py -> /home/koara/ros2_ws/src/mypkg/install/mypkg/share/mypkg
[0.819s] running install_egg_info
[0.820s] removing '/home/koara/ros2_ws/src/mypkg/install/mypkg/lib/python3.8/site-packages/mypkg-0.0.0-py3.8.egg-info' (and everything under it)
[0.821s] Copying build/mypkg/mypkg.egg-info to /home/koara/ros2_ws/src/mypkg/install/mypkg/lib/python3.8/site-packages/mypkg-0.0.0-py3.8.egg-info
[0.822s] running install_scripts
[0.836s] Installing listener script to /home/koara/ros2_ws/src/mypkg/install/mypkg/lib/mypkg
[0.837s] Installing talker script to /home/koara/ros2_ws/src/mypkg/install/mypkg/lib/mypkg
[0.837s] writing list of installed files to '/home/koara/ros2_ws/src/mypkg/build/mypkg/install.log'
[0.857s] Invoked command in '/home/koara/ros2_ws/src/mypkg' returned '0': PYTHONPATH=/home/koara/ros2_ws/src/mypkg/build/mypkg/prefix_override:/usr/lib/python3/dist-packages/colcon_core/task/python/colcon_distutils_commands:/home/koara/ros2_ws/src/mypkg/install/mypkg/lib/python3.8/site-packages:${PYTHONPATH} /usr/bin/python3 -W ignore:setup.py install is deprecated setup.py egg_info --egg-base build/mypkg build --build-base /home/koara/ros2_ws/src/mypkg/build/mypkg/build install --record /home/koara/ros2_ws/src/mypkg/build/mypkg/install.log --install-scripts $base/lib/mypkg --single-version-externally-managed install_data
