[0.142s] Invoking command in '/home/koara/robosys2024-02.2/ros2_ws/build/person_msgs': CMAKE_PREFIX_PATH=${CMAKE_PREFIX_PATH}:/home/koara/robosys2024-02.2/ros2_ws/install/mypkg:/opt/ros/foxy /usr/bin/cmake --build /home/koara/robosys2024-02.2/ros2_ws/build/person_msgs -- -j12 -l12
[0.174s] -- Found ament_cmake: 0.9.12 (/opt/ros/foxy/share/ament_cmake/cmake)
[0.196s] -- Found PythonInterp: /usr/bin/python3 (found suitable version "3.8.10", minimum required is "3") 
[0.196s] -- Using PYTHON_EXECUTABLE: /usr/bin/python3
[0.342s] -- Found ament_lint_auto: 0.9.8 (/opt/ros/foxy/share/ament_lint_auto/cmake)
[0.345s] -- Found rosidl_default_generators: 1.0.1 (/opt/ros/foxy/share/rosidl_default_generators/cmake)
[0.349s] -- Using all available rosidl_typesupport_c: rosidl_typesupport_fastrtps_c;rosidl_typesupport_introspection_c
[0.355s] -- Found rosidl_adapter: 1.3.1 (/opt/ros/foxy/share/rosidl_adapter/cmake)
[1.718s] -- Using all available rosidl_typesupport_cpp: rosidl_typesupport_fastrtps_cpp;rosidl_typesupport_introspection_cpp
[1.754s] -- Found PythonInterp: /usr/bin/python3 (found version "3.8.10") 
[1.844s] -- Found ament_cmake_ros: 0.9.2 (/opt/ros/foxy/share/ament_cmake_ros/cmake)
[3.107s] -- Using all available rosidl_typesupport_c: rosidl_typesupport_fastrtps_c;rosidl_typesupport_introspection_c
[3.113s] -- Using all available rosidl_typesupport_cpp: rosidl_typesupport_fastrtps_cpp;rosidl_typesupport_introspection_cpp
[3.129s] -- Found PythonInterp: /usr/bin/python3 (found suitable version "3.8.10", minimum required is "3.5") 
[3.129s] -- Found python_cmake_module: 0.8.1 (/opt/ros/foxy/share/python_cmake_module/cmake)
[3.148s] -- Using PYTHON_EXECUTABLE: /usr/bin/python3
[3.148s] -- Using PYTHON_INCLUDE_DIRS: /usr/include/python3.8
[3.148s] -- Using PYTHON_LIBRARIES: /usr/lib/x86_64-linux-gnu/libpython3.8.so
[3.175s] -- Added test 'copyright' to check source files copyright and LICENSE
[3.183s] -- Added test 'cppcheck' to perform static code analysis on C / C++ code
[3.184s] -- Configured cppcheck include dirs: 
[3.184s] -- Configured cppcheck exclude dirs and/or files: 
[3.188s] -- Added test 'cpplint' to check C / C++ code against the Google style
[3.188s] -- Configured cpplint exclude dirs and/or files: 
[3.188s] -- Added test 'flake8' to check Python code syntax and style conventions
[3.190s] -- Added test 'lint_cmake' to check CMake code style
[3.190s] -- Added test 'pep257' to check Python code against some of the style conventions in PEP 257
[3.194s] -- Added test 'uncrustify' to check C / C++ code style
[3.194s] -- Configured uncrustify additional arguments: 
[3.195s] -- Added test 'xmllint' to check XML markup files
[3.205s] -- Configuring done
[3.238s] -- Generating done
[3.240s] -- Build files have been written to: /home/koara/robosys2024-02.2/ros2_ws/build/person_msgs
[3.258s] [  2%] [34m[1mGenerating C code for ROS interfaces[0m
[3.265s] [  5%] [34m[1mGenerating C++ code for ROS interfaces[0m
[3.456s] [  5%] Built target person_msgs__cpp
[3.458s] [35m[1mScanning dependencies of target person_msgs__rosidl_generator_c[0m
[3.465s] [ 12%] [34m[1mGenerating C++ type support dispatch for ROS interfaces[0m
[3.465s] [ 12%] [34m[1mGenerating C++ introspection for ROS interfaces[0m
[3.465s] [ 12%] [34m[1mGenerating C++ type support for eProsima Fast-RTPS[0m
[3.467s] [ 15%] [32mBuilding C object CMakeFiles/person_msgs__rosidl_generator_c.dir/rosidl_generator_c/person_msgs/msg/detail/person__functions.c.o[0m
[3.468s] [ 17%] [32mBuilding C object CMakeFiles/person_msgs__rosidl_generator_c.dir/rosidl_generator_c/person_msgs/srv/detail/query__functions.c.o[0m
[3.637s] [35m[1mScanning dependencies of target person_msgs__rosidl_typesupport_introspection_cpp[0m
[3.640s] [35m[1mScanning dependencies of target person_msgs__rosidl_typesupport_cpp[0m
[3.648s] [ 20%] [32mBuilding CXX object CMakeFiles/person_msgs__rosidl_typesupport_introspection_cpp.dir/rosidl_typesupport_introspection_cpp/person_msgs/srv/detail/query__type_support.cpp.o[0m
[3.648s] [ 23%] [32mBuilding CXX object CMakeFiles/person_msgs__rosidl_typesupport_introspection_cpp.dir/rosidl_typesupport_introspection_cpp/person_msgs/msg/detail/person__type_support.cpp.o[0m
[3.649s] [ 25%] [32mBuilding CXX object CMakeFiles/person_msgs__rosidl_typesupport_cpp.dir/rosidl_typesupport_cpp/person_msgs/srv/query__type_support.cpp.o[0m
[3.649s] [ 28%] [32mBuilding CXX object CMakeFiles/person_msgs__rosidl_typesupport_cpp.dir/rosidl_typesupport_cpp/person_msgs/msg/person__type_support.cpp.o[0m
[3.658s] [35m[1mScanning dependencies of target person_msgs__rosidl_typesupport_fastrtps_cpp[0m
[3.669s] [ 30%] [32mBuilding CXX object CMakeFiles/person_msgs__rosidl_typesupport_fastrtps_cpp.dir/rosidl_typesupport_fastrtps_cpp/person_msgs/msg/detail/dds_fastrtps/person__type_support.cpp.o[0m
[3.669s] [ 33%] [32mBuilding CXX object CMakeFiles/person_msgs__rosidl_typesupport_fastrtps_cpp.dir/rosidl_typesupport_fastrtps_cpp/person_msgs/srv/detail/dds_fastrtps/query__type_support.cpp.o[0m
[3.733s] [ 35%] [32m[1mLinking C shared library libperson_msgs__rosidl_generator_c.so[0m
[3.806s] [ 35%] Built target person_msgs__rosidl_generator_c
[3.814s] [ 41%] [34m[1mGenerating C introspection for ROS interfaces[0m
[3.815s] [ 41%] [34m[1mGenerating C type support dispatch for ROS interfaces[0m
[4.036s] [35m[1mScanning dependencies of target person_msgs__rosidl_typesupport_c[0m
[4.049s] [ 46%] [32mBuilding CXX object CMakeFiles/person_msgs__rosidl_typesupport_c.dir/rosidl_typesupport_c/person_msgs/srv/query__type_support.cpp.o[0m
[4.049s] [ 46%] [32mBuilding CXX object CMakeFiles/person_msgs__rosidl_typesupport_c.dir/rosidl_typesupport_c/person_msgs/msg/person__type_support.cpp.o[0m
[4.074s] [35m[1mScanning dependencies of target person_msgs__rosidl_typesupport_introspection_c[0m
[4.089s] [ 48%] [32mBuilding C object CMakeFiles/person_msgs__rosidl_typesupport_introspection_c.dir/rosidl_typesupport_introspection_c/person_msgs/srv/detail/query__type_support.c.o[0m
[4.089s] [ 51%] [32mBuilding C object CMakeFiles/person_msgs__rosidl_typesupport_introspection_c.dir/rosidl_typesupport_introspection_c/person_msgs/msg/detail/person__type_support.c.o[0m
[4.107s] [ 53%] [32m[1mLinking CXX shared library libperson_msgs__rosidl_typesupport_c.so[0m
[4.114s] [ 56%] [32m[1mLinking CXX shared library libperson_msgs__rosidl_typesupport_introspection_cpp.so[0m
[4.119s] [ 58%] [32m[1mLinking CXX shared library libperson_msgs__rosidl_typesupport_cpp.so[0m
[4.123s] [ 61%] [32m[1mLinking C shared library libperson_msgs__rosidl_typesupport_introspection_c.so[0m
[4.161s] [ 61%] Built target person_msgs__rosidl_typesupport_introspection_c
[4.165s] [ 61%] Built target person_msgs__rosidl_typesupport_c
[4.167s] [ 61%] Built target person_msgs__rosidl_typesupport_introspection_cpp
[4.170s] [ 61%] Built target person_msgs__rosidl_typesupport_cpp
[4.239s] [ 64%] [32m[1mLinking CXX shared library libperson_msgs__rosidl_typesupport_fastrtps_cpp.so[0m
[4.313s] [ 64%] Built target person_msgs__rosidl_typesupport_fastrtps_cpp
[4.319s] [ 66%] [34m[1mGenerating C type support for eProsima Fast-RTPS[0m
[4.483s] [35m[1mScanning dependencies of target person_msgs__rosidl_typesupport_fastrtps_c[0m
[4.494s] [ 71%] [32mBuilding CXX object CMakeFiles/person_msgs__rosidl_typesupport_fastrtps_c.dir/rosidl_typesupport_fastrtps_c/person_msgs/msg/detail/person__type_support_c.cpp.o[0m
[4.494s] [ 71%] [32mBuilding CXX object CMakeFiles/person_msgs__rosidl_typesupport_fastrtps_c.dir/rosidl_typesupport_fastrtps_c/person_msgs/srv/detail/query__type_support_c.cpp.o[0m
[4.754s] [ 74%] [32m[1mLinking CXX shared library libperson_msgs__rosidl_typesupport_fastrtps_c.so[0m
[4.824s] [ 74%] Built target person_msgs__rosidl_typesupport_fastrtps_c
[4.837s] [ 74%] Built target person_msgs
[4.850s] [ 76%] [34m[1mGenerating Python code for ROS interfaces[0m
[5.157s] [ 76%] Built target person_msgs__py
[5.165s] [35m[1mScanning dependencies of target person_msgs__python[0m
[5.177s] [ 82%] [32mBuilding C object CMakeFiles/person_msgs__python.dir/rosidl_generator_py/person_msgs/msg/_person_s.c.o[0m
[5.177s] [ 82%] [32mBuilding C object CMakeFiles/person_msgs__python.dir/rosidl_generator_py/person_msgs/srv/_query_s.c.o[0m
[5.277s] [ 84%] [32m[1mLinking C shared library rosidl_generator_py/person_msgs/libperson_msgs__python.so[0m
[5.325s] [ 84%] Built target person_msgs__python
[5.332s] [35m[1mScanning dependencies of target person_msgs__rosidl_typesupport_introspection_c__pyext[0m
[5.332s] [35m[1mScanning dependencies of target person_msgs__rosidl_typesupport_fastrtps_c__pyext[0m
[5.333s] [35m[1mScanning dependencies of target person_msgs__rosidl_typesupport_c__pyext[0m
[5.343s] [ 87%] [32mBuilding C object CMakeFiles/person_msgs__rosidl_typesupport_c__pyext.dir/rosidl_generator_py/person_msgs/_person_msgs_s.ep.rosidl_typesupport_c.c.o[0m
[5.343s] [ 89%] [32mBuilding C object CMakeFiles/person_msgs__rosidl_typesupport_introspection_c__pyext.dir/rosidl_generator_py/person_msgs/_person_msgs_s.ep.rosidl_typesupport_introspection_c.c.o[0m
[5.343s] [ 92%] [32mBuilding C object CMakeFiles/person_msgs__rosidl_typesupport_fastrtps_c__pyext.dir/rosidl_generator_py/person_msgs/_person_msgs_s.ep.rosidl_typesupport_fastrtps_c.c.o[0m
[5.404s] [ 94%] [32m[1mLinking C shared library rosidl_generator_py/person_msgs/person_msgs_s__rosidl_typesupport_introspection_c.cpython-38-x86_64-linux-gnu.so[0m
[5.404s] [100%] [32m[1mLinking C shared library rosidl_generator_py/person_msgs/person_msgs_s__rosidl_typesupport_c.cpython-38-x86_64-linux-gnu.so[0m
[5.404s] [100%] [32m[1mLinking CXX shared library rosidl_generator_py/person_msgs/person_msgs_s__rosidl_typesupport_fastrtps_c.cpython-38-x86_64-linux-gnu.so[0m
[5.442s] [100%] Built target person_msgs__rosidl_typesupport_c__pyext
[5.442s] [100%] Built target person_msgs__rosidl_typesupport_introspection_c__pyext
[5.459s] [100%] Built target person_msgs__rosidl_typesupport_fastrtps_c__pyext
[5.467s] Invoked command in '/home/koara/robosys2024-02.2/ros2_ws/build/person_msgs' returned '0': CMAKE_PREFIX_PATH=${CMAKE_PREFIX_PATH}:/home/koara/robosys2024-02.2/ros2_ws/install/mypkg:/opt/ros/foxy /usr/bin/cmake --build /home/koara/robosys2024-02.2/ros2_ws/build/person_msgs -- -j12 -l12
[5.522s] Invoking command in '/home/koara/robosys2024-02.2/ros2_ws/build/person_msgs': CMAKE_PREFIX_PATH=${CMAKE_PREFIX_PATH}:/home/koara/robosys2024-02.2/ros2_ws/install/mypkg:/opt/ros/foxy /usr/bin/cmake --install /home/koara/robosys2024-02.2/ros2_ws/build/person_msgs
[5.527s] -- Install configuration: ""
[5.528s] -- Up-to-date: /home/koara/robosys2024-02.2/ros2_ws/install/person_msgs/share/ament_index/resource_index/rosidl_interfaces/person_msgs
[5.528s] -- Up-to-date: /home/koara/robosys2024-02.2/ros2_ws/install/person_msgs/include/person_msgs
[5.528s] -- Up-to-date: /home/koara/robosys2024-02.2/ros2_ws/install/person_msgs/include/person_msgs/srv
[5.528s] -- Up-to-date: /home/koara/robosys2024-02.2/ros2_ws/install/person_msgs/include/person_msgs/srv/detail
[5.528s] -- Installing: /home/koara/robosys2024-02.2/ros2_ws/install/person_msgs/include/person_msgs/srv/detail/query__type_support.h
[5.528s] -- Installing: /home/koara/robosys2024-02.2/ros2_ws/install/person_msgs/include/person_msgs/srv/detail/query__struct.h
[5.528s] -- Installing: /home/koara/robosys2024-02.2/ros2_ws/install/person_msgs/include/person_msgs/srv/detail/query__functions.h
[5.528s] -- Installing: /home/koara/robosys2024-02.2/ros2_ws/install/person_msgs/include/person_msgs/srv/detail/query__functions.c
[5.529s] -- Installing: /home/koara/robosys2024-02.2/ros2_ws/install/person_msgs/include/person_msgs/srv/query.h
[5.529s] -- Up-to-date: /home/koara/robosys2024-02.2/ros2_ws/install/person_msgs/include/person_msgs/msg
[5.529s] -- Up-to-date: /home/koara/robosys2024-02.2/ros2_ws/install/person_msgs/include/person_msgs/msg/rosidl_generator_c__visibility_control.h
[5.529s] -- Installing: /home/koara/robosys2024-02.2/ros2_ws/install/person_msgs/include/person_msgs/msg/person.h
[5.529s] -- Up-to-date: /home/koara/robosys2024-02.2/ros2_ws/install/person_msgs/include/person_msgs/msg/detail
[5.529s] -- Installing: /home/koara/robosys2024-02.2/ros2_ws/install/person_msgs/include/person_msgs/msg/detail/person__functions.c
[5.529s] -- Installing: /home/koara/robosys2024-02.2/ros2_ws/install/person_msgs/include/person_msgs/msg/detail/person__functions.h
[5.529s] -- Installing: /home/koara/robosys2024-02.2/ros2_ws/install/person_msgs/include/person_msgs/msg/detail/person__type_support.h
[5.529s] -- Installing: /home/koara/robosys2024-02.2/ros2_ws/install/person_msgs/include/person_msgs/msg/detail/person__struct.h
[5.530s] -- Up-to-date: /home/koara/robosys2024-02.2/ros2_ws/install/person_msgs/share/person_msgs/environment/library_path.sh
[5.530s] -- Installing: /home/koara/robosys2024-02.2/ros2_ws/install/person_msgs/share/person_msgs/environment/library_path.dsv
[5.530s] -- Installing: /home/koara/robosys2024-02.2/ros2_ws/install/person_msgs/lib/libperson_msgs__rosidl_generator_c.so
[5.530s] -- Set runtime path of "/home/koara/robosys2024-02.2/ros2_ws/install/person_msgs/lib/libperson_msgs__rosidl_generator_c.so" to ""
[5.530s] -- Up-to-date: /home/koara/robosys2024-02.2/ros2_ws/install/person_msgs/include/person_msgs
[5.530s] -- Up-to-date: /home/koara/robosys2024-02.2/ros2_ws/install/person_msgs/include/person_msgs/srv
[5.531s] -- Up-to-date: /home/koara/robosys2024-02.2/ros2_ws/install/person_msgs/include/person_msgs/srv/detail
[5.531s] -- Installing: /home/koara/robosys2024-02.2/ros2_ws/install/person_msgs/include/person_msgs/srv/detail/query__rosidl_typesupport_fastrtps_c.h
[5.531s] -- Up-to-date: /home/koara/robosys2024-02.2/ros2_ws/install/person_msgs/include/person_msgs/msg
[5.531s] -- Up-to-date: /home/koara/robosys2024-02.2/ros2_ws/install/person_msgs/include/person_msgs/msg/detail
[5.531s] -- Installing: /home/koara/robosys2024-02.2/ros2_ws/install/person_msgs/include/person_msgs/msg/detail/person__rosidl_typesupport_fastrtps_c.h
[5.531s] -- Up-to-date: /home/koara/robosys2024-02.2/ros2_ws/install/person_msgs/include/person_msgs/msg/rosidl_typesupport_fastrtps_c__visibility_control.h
[5.531s] -- Installing: /home/koara/robosys2024-02.2/ros2_ws/install/person_msgs/lib/libperson_msgs__rosidl_typesupport_fastrtps_c.so
[5.531s] -- Set runtime path of "/home/koara/robosys2024-02.2/ros2_ws/install/person_msgs/lib/libperson_msgs__rosidl_typesupport_fastrtps_c.so" to ""
[5.532s] -- Up-to-date: /home/koara/robosys2024-02.2/ros2_ws/install/person_msgs/include/person_msgs
[5.532s] -- Up-to-date: /home/koara/robosys2024-02.2/ros2_ws/install/person_msgs/include/person_msgs/srv
[5.532s] -- Up-to-date: /home/koara/robosys2024-02.2/ros2_ws/install/person_msgs/include/person_msgs/srv/detail
[5.532s] -- Up-to-date: /home/koara/robosys2024-02.2/ros2_ws/install/person_msgs/include/person_msgs/srv/detail/dds_fastrtps
[5.532s] -- Installing: /home/koara/robosys2024-02.2/ros2_ws/install/person_msgs/include/person_msgs/srv/detail/query__rosidl_typesupport_fastrtps_cpp.hpp
[5.532s] -- Up-to-date: /home/koara/robosys2024-02.2/ros2_ws/install/person_msgs/include/person_msgs/msg
[5.532s] -- Up-to-date: /home/koara/robosys2024-02.2/ros2_ws/install/person_msgs/include/person_msgs/msg/rosidl_typesupport_fastrtps_cpp__visibility_control.h
[5.532s] -- Up-to-date: /home/koara/robosys2024-02.2/ros2_ws/install/person_msgs/include/person_msgs/msg/detail
[5.532s] -- Up-to-date: /home/koara/robosys2024-02.2/ros2_ws/install/person_msgs/include/person_msgs/msg/detail/dds_fastrtps
[5.532s] -- Installing: /home/koara/robosys2024-02.2/ros2_ws/install/person_msgs/include/person_msgs/msg/detail/person__rosidl_typesupport_fastrtps_cpp.hpp
[5.533s] -- Installing: /home/koara/robosys2024-02.2/ros2_ws/install/person_msgs/lib/libperson_msgs__rosidl_typesupport_fastrtps_cpp.so
[5.533s] -- Set runtime path of "/home/koara/robosys2024-02.2/ros2_ws/install/person_msgs/lib/libperson_msgs__rosidl_typesupport_fastrtps_cpp.so" to ""
[5.533s] -- Up-to-date: /home/koara/robosys2024-02.2/ros2_ws/install/person_msgs/include/person_msgs
[5.533s] -- Up-to-date: /home/koara/robosys2024-02.2/ros2_ws/install/person_msgs/include/person_msgs/srv
[5.533s] -- Up-to-date: /home/koara/robosys2024-02.2/ros2_ws/install/person_msgs/include/person_msgs/srv/detail
[5.533s] -- Installing: /home/koara/robosys2024-02.2/ros2_ws/install/person_msgs/include/person_msgs/srv/detail/query__type_support.c
[5.533s] -- Installing: /home/koara/robosys2024-02.2/ros2_ws/install/person_msgs/include/person_msgs/srv/detail/query__rosidl_typesupport_introspection_c.h
[5.533s] -- Up-to-date: /home/koara/robosys2024-02.2/ros2_ws/install/person_msgs/include/person_msgs/msg
[5.533s] -- Up-to-date: /home/koara/robosys2024-02.2/ros2_ws/install/person_msgs/include/person_msgs/msg/detail
[5.533s] -- Installing: /home/koara/robosys2024-02.2/ros2_ws/install/person_msgs/include/person_msgs/msg/detail/person__rosidl_typesupport_introspection_c.h
[5.533s] -- Installing: /home/koara/robosys2024-02.2/ros2_ws/install/person_msgs/include/person_msgs/msg/detail/person__type_support.c
[5.533s] -- Up-to-date: /home/koara/robosys2024-02.2/ros2_ws/install/person_msgs/include/person_msgs/msg/rosidl_typesupport_introspection_c__visibility_control.h
[5.534s] -- Installing: /home/koara/robosys2024-02.2/ros2_ws/install/person_msgs/lib/libperson_msgs__rosidl_typesupport_introspection_c.so
[5.534s] -- Set runtime path of "/home/koara/robosys2024-02.2/ros2_ws/install/person_msgs/lib/libperson_msgs__rosidl_typesupport_introspection_c.so" to ""
[5.534s] -- Installing: /home/koara/robosys2024-02.2/ros2_ws/install/person_msgs/lib/libperson_msgs__rosidl_typesupport_c.so
[5.534s] -- Set runtime path of "/home/koara/robosys2024-02.2/ros2_ws/install/person_msgs/lib/libperson_msgs__rosidl_typesupport_c.so" to ""
[5.534s] -- Up-to-date: /home/koara/robosys2024-02.2/ros2_ws/install/person_msgs/include/person_msgs
[5.534s] -- Up-to-date: /home/koara/robosys2024-02.2/ros2_ws/install/person_msgs/include/person_msgs/srv
[5.534s] -- Up-to-date: /home/koara/robosys2024-02.2/ros2_ws/install/person_msgs/include/person_msgs/srv/detail
[5.534s] -- Installing: /home/koara/robosys2024-02.2/ros2_ws/install/person_msgs/include/person_msgs/srv/detail/query__traits.hpp
[5.534s] -- Installing: /home/koara/robosys2024-02.2/ros2_ws/install/person_msgs/include/person_msgs/srv/detail/query__struct.hpp
[5.535s] -- Installing: /home/koara/robosys2024-02.2/ros2_ws/install/person_msgs/include/person_msgs/srv/detail/query__type_support.hpp
[5.535s] -- Installing: /home/koara/robosys2024-02.2/ros2_ws/install/person_msgs/include/person_msgs/srv/detail/query__builder.hpp
[5.535s] -- Installing: /home/koara/robosys2024-02.2/ros2_ws/install/person_msgs/include/person_msgs/srv/query.hpp
[5.535s] -- Up-to-date: /home/koara/robosys2024-02.2/ros2_ws/install/person_msgs/include/person_msgs/msg
[5.535s] -- Up-to-date: /home/koara/robosys2024-02.2/ros2_ws/install/person_msgs/include/person_msgs/msg/detail
[5.535s] -- Installing: /home/koara/robosys2024-02.2/ros2_ws/install/person_msgs/include/person_msgs/msg/detail/person__struct.hpp
[5.535s] -- Installing: /home/koara/robosys2024-02.2/ros2_ws/install/person_msgs/include/person_msgs/msg/detail/person__type_support.hpp
[5.535s] -- Installing: /home/koara/robosys2024-02.2/ros2_ws/install/person_msgs/include/person_msgs/msg/detail/person__builder.hpp
[5.536s] -- Installing: /home/koara/robosys2024-02.2/ros2_ws/install/person_msgs/include/person_msgs/msg/detail/person__traits.hpp
[5.536s] -- Up-to-date: /home/koara/robosys2024-02.2/ros2_ws/install/person_msgs/include/person_msgs/msg/rosidl_generator_cpp__visibility_control.hpp
[5.536s] -- Installing: /home/koara/robosys2024-02.2/ros2_ws/install/person_msgs/include/person_msgs/msg/person.hpp
[5.536s] -- Up-to-date: /home/koara/robosys2024-02.2/ros2_ws/install/person_msgs/include/person_msgs
[5.536s] -- Up-to-date: /home/koara/robosys2024-02.2/ros2_ws/install/person_msgs/include/person_msgs/srv
[5.536s] -- Up-to-date: /home/koara/robosys2024-02.2/ros2_ws/install/person_msgs/include/person_msgs/srv/detail
[5.536s] -- Installing: /home/koara/robosys2024-02.2/ros2_ws/install/person_msgs/include/person_msgs/srv/detail/query__rosidl_typesupport_introspection_cpp.hpp
[5.536s] -- Installing: /home/koara/robosys2024-02.2/ros2_ws/install/person_msgs/include/person_msgs/srv/detail/query__type_support.cpp
[5.536s] -- Up-to-date: /home/koara/robosys2024-02.2/ros2_ws/install/person_msgs/include/person_msgs/msg
[5.536s] -- Up-to-date: /home/koara/robosys2024-02.2/ros2_ws/install/person_msgs/include/person_msgs/msg/detail
[5.536s] -- Installing: /home/koara/robosys2024-02.2/ros2_ws/install/person_msgs/include/person_msgs/msg/detail/person__rosidl_typesupport_introspection_cpp.hpp
[5.536s] -- Installing: /home/koara/robosys2024-02.2/ros2_ws/install/person_msgs/include/person_msgs/msg/detail/person__type_support.cpp
[5.536s] -- Installing: /home/koara/robosys2024-02.2/ros2_ws/install/person_msgs/lib/libperson_msgs__rosidl_typesupport_introspection_cpp.so
[5.536s] -- Set runtime path of "/home/koara/robosys2024-02.2/ros2_ws/install/person_msgs/lib/libperson_msgs__rosidl_typesupport_introspection_cpp.so" to ""
[5.536s] -- Installing: /home/koara/robosys2024-02.2/ros2_ws/install/person_msgs/lib/libperson_msgs__rosidl_typesupport_cpp.so
[5.537s] -- Set runtime path of "/home/koara/robosys2024-02.2/ros2_ws/install/person_msgs/lib/libperson_msgs__rosidl_typesupport_cpp.so" to ""
[5.537s] -- Up-to-date: /home/koara/robosys2024-02.2/ros2_ws/install/person_msgs/share/person_msgs/environment/pythonpath.sh
[5.537s] -- Installing: /home/koara/robosys2024-02.2/ros2_ws/install/person_msgs/share/person_msgs/environment/pythonpath.dsv
[5.537s] -- Installing: /home/koara/robosys2024-02.2/ros2_ws/install/person_msgs/lib/python3.8/site-packages/person_msgs/__init__.py
[5.556s] Compiling '/home/koara/robosys2024-02.2/ros2_ws/install/person_msgs/lib/python3.8/site-packages/person_msgs/__init__.py'...
[5.559s] -- Up-to-date: /home/koara/robosys2024-02.2/ros2_ws/install/person_msgs/lib/python3.8/site-packages/person_msgs/msg
[5.559s] -- Installing: /home/koara/robosys2024-02.2/ros2_ws/install/person_msgs/lib/python3.8/site-packages/person_msgs/msg/__init__.py
[5.559s] -- Installing: /home/koara/robosys2024-02.2/ros2_ws/install/person_msgs/lib/python3.8/site-packages/person_msgs/msg/_person_s.c
[5.559s] -- Installing: /home/koara/robosys2024-02.2/ros2_ws/install/person_msgs/lib/python3.8/site-packages/person_msgs/msg/_person.py
[5.559s] -- Up-to-date: /home/koara/robosys2024-02.2/ros2_ws/install/person_msgs/lib/python3.8/site-packages/person_msgs/srv
[5.559s] -- Installing: /home/koara/robosys2024-02.2/ros2_ws/install/person_msgs/lib/python3.8/site-packages/person_msgs/srv/_query.py
[5.560s] -- Installing: /home/koara/robosys2024-02.2/ros2_ws/install/person_msgs/lib/python3.8/site-packages/person_msgs/srv/_query_s.c
[5.560s] -- Installing: /home/koara/robosys2024-02.2/ros2_ws/install/person_msgs/lib/python3.8/site-packages/person_msgs/srv/__init__.py
[5.560s] -- Installing: /home/koara/robosys2024-02.2/ros2_ws/install/person_msgs/lib/python3.8/site-packages/person_msgs/person_msgs_s__rosidl_typesupport_fastrtps_c.cpython-38-x86_64-linux-gnu.so
[5.560s] -- Set runtime path of "/home/koara/robosys2024-02.2/ros2_ws/install/person_msgs/lib/python3.8/site-packages/person_msgs/person_msgs_s__rosidl_typesupport_fastrtps_c.cpython-38-x86_64-linux-gnu.so" to ""
[5.561s] -- Installing: /home/koara/robosys2024-02.2/ros2_ws/install/person_msgs/lib/python3.8/site-packages/person_msgs/person_msgs_s__rosidl_typesupport_introspection_c.cpython-38-x86_64-linux-gnu.so
[5.561s] -- Set runtime path of "/home/koara/robosys2024-02.2/ros2_ws/install/person_msgs/lib/python3.8/site-packages/person_msgs/person_msgs_s__rosidl_typesupport_introspection_c.cpython-38-x86_64-linux-gnu.so" to ""
[5.561s] -- Installing: /home/koara/robosys2024-02.2/ros2_ws/install/person_msgs/lib/python3.8/site-packages/person_msgs/person_msgs_s__rosidl_typesupport_c.cpython-38-x86_64-linux-gnu.so
[5.562s] -- Set runtime path of "/home/koara/robosys2024-02.2/ros2_ws/install/person_msgs/lib/python3.8/site-packages/person_msgs/person_msgs_s__rosidl_typesupport_c.cpython-38-x86_64-linux-gnu.so" to ""
[5.562s] -- Installing: /home/koara/robosys2024-02.2/ros2_ws/install/person_msgs/lib/libperson_msgs__python.so
[5.562s] -- Set runtime path of "/home/koara/robosys2024-02.2/ros2_ws/install/person_msgs/lib/libperson_msgs__python.so" to ""
[5.562s] -- Installing: /home/koara/robosys2024-02.2/ros2_ws/install/person_msgs/share/person_msgs/msg/Person.idl
[5.562s] -- Installing: /home/koara/robosys2024-02.2/ros2_ws/install/person_msgs/share/person_msgs/srv/Query.idl
[5.562s] -- Installing: /home/koara/robosys2024-02.2/ros2_ws/install/person_msgs/share/person_msgs/msg/Person.msg
[5.563s] -- Installing: /home/koara/robosys2024-02.2/ros2_ws/install/person_msgs/share/person_msgs/srv/Query.srv
[5.563s] -- Installing: /home/koara/robosys2024-02.2/ros2_ws/install/person_msgs/share/person_msgs/srv/Query_Request.msg
[5.563s] -- Up-to-date: /home/koara/robosys2024-02.2/ros2_ws/install/person_msgs/share/person_msgs/srv/Query_Response.msg
[5.563s] -- Up-to-date: /home/koara/robosys2024-02.2/ros2_ws/install/person_msgs/share/ament_index/resource_index/package_run_dependencies/person_msgs
[5.563s] -- Up-to-date: /home/koara/robosys2024-02.2/ros2_ws/install/person_msgs/share/ament_index/resource_index/parent_prefix_path/person_msgs
[5.563s] -- Up-to-date: /home/koara/robosys2024-02.2/ros2_ws/install/person_msgs/share/person_msgs/environment/ament_prefix_path.sh
[5.563s] -- Installing: /home/koara/robosys2024-02.2/ros2_ws/install/person_msgs/share/person_msgs/environment/ament_prefix_path.dsv
[5.563s] -- Up-to-date: /home/koara/robosys2024-02.2/ros2_ws/install/person_msgs/share/person_msgs/environment/path.sh
[5.564s] -- Installing: /home/koara/robosys2024-02.2/ros2_ws/install/person_msgs/share/person_msgs/environment/path.dsv
[5.564s] -- Up-to-date: /home/koara/robosys2024-02.2/ros2_ws/install/person_msgs/share/person_msgs/local_setup.bash
[5.564s] -- Up-to-date: /home/koara/robosys2024-02.2/ros2_ws/install/person_msgs/share/person_msgs/local_setup.sh
[5.564s] -- Up-to-date: /home/koara/robosys2024-02.2/ros2_ws/install/person_msgs/share/person_msgs/local_setup.zsh
[5.564s] -- Installing: /home/koara/robosys2024-02.2/ros2_ws/install/person_msgs/share/person_msgs/local_setup.dsv
[5.564s] -- Installing: /home/koara/robosys2024-02.2/ros2_ws/install/person_msgs/share/person_msgs/package.dsv
[5.564s] -- Up-to-date: /home/koara/robosys2024-02.2/ros2_ws/install/person_msgs/share/ament_index/resource_index/packages/person_msgs
[5.564s] -- Up-to-date: /home/koara/robosys2024-02.2/ros2_ws/install/person_msgs/share/person_msgs/cmake/person_msgs__rosidl_generator_cExport.cmake
[5.564s] -- Installing: /home/koara/robosys2024-02.2/ros2_ws/install/person_msgs/share/person_msgs/cmake/person_msgs__rosidl_generator_cExport-noconfig.cmake
[5.565s] -- Up-to-date: /home/koara/robosys2024-02.2/ros2_ws/install/person_msgs/share/person_msgs/cmake/person_msgs__rosidl_typesupport_introspection_cExport.cmake
[5.565s] -- Installing: /home/koara/robosys2024-02.2/ros2_ws/install/person_msgs/share/person_msgs/cmake/person_msgs__rosidl_typesupport_introspection_cExport-noconfig.cmake
[5.565s] -- Up-to-date: /home/koara/robosys2024-02.2/ros2_ws/install/person_msgs/share/person_msgs/cmake/person_msgs__rosidl_typesupport_cExport.cmake
[5.565s] -- Installing: /home/koara/robosys2024-02.2/ros2_ws/install/person_msgs/share/person_msgs/cmake/person_msgs__rosidl_typesupport_cExport-noconfig.cmake
[5.565s] -- Up-to-date: /home/koara/robosys2024-02.2/ros2_ws/install/person_msgs/share/person_msgs/cmake/person_msgs__rosidl_generator_cppExport.cmake
[5.565s] -- Up-to-date: /home/koara/robosys2024-02.2/ros2_ws/install/person_msgs/share/person_msgs/cmake/person_msgs__rosidl_typesupport_introspection_cppExport.cmake
[5.565s] -- Installing: /home/koara/robosys2024-02.2/ros2_ws/install/person_msgs/share/person_msgs/cmake/person_msgs__rosidl_typesupport_introspection_cppExport-noconfig.cmake
[5.565s] -- Up-to-date: /home/koara/robosys2024-02.2/ros2_ws/install/person_msgs/share/person_msgs/cmake/person_msgs__rosidl_typesupport_cppExport.cmake
[5.565s] -- Installing: /home/koara/robosys2024-02.2/ros2_ws/install/person_msgs/share/person_msgs/cmake/person_msgs__rosidl_typesupport_cppExport-noconfig.cmake
[5.565s] -- Up-to-date: /home/koara/robosys2024-02.2/ros2_ws/install/person_msgs/share/person_msgs/cmake/rosidl_cmake-extras.cmake
[5.566s] -- Up-to-date: /home/koara/robosys2024-02.2/ros2_ws/install/person_msgs/share/person_msgs/cmake/ament_cmake_export_dependencies-extras.cmake
[5.566s] -- Up-to-date: /home/koara/robosys2024-02.2/ros2_ws/install/person_msgs/share/person_msgs/cmake/ament_cmake_export_libraries-extras.cmake
[5.566s] -- Up-to-date: /home/koara/robosys2024-02.2/ros2_ws/install/person_msgs/share/person_msgs/cmake/ament_cmake_export_targets-extras.cmake
[5.566s] -- Up-to-date: /home/koara/robosys2024-02.2/ros2_ws/install/person_msgs/share/person_msgs/cmake/ament_cmake_export_include_directories-extras.cmake
[5.566s] -- Up-to-date: /home/koara/robosys2024-02.2/ros2_ws/install/person_msgs/share/person_msgs/cmake/rosidl_cmake_export_typesupport_libraries-extras.cmake
[5.566s] -- Up-to-date: /home/koara/robosys2024-02.2/ros2_ws/install/person_msgs/share/person_msgs/cmake/rosidl_cmake_export_typesupport_targets-extras.cmake
[5.566s] -- Up-to-date: /home/koara/robosys2024-02.2/ros2_ws/install/person_msgs/share/person_msgs/cmake/person_msgsConfig.cmake
[5.566s] -- Up-to-date: /home/koara/robosys2024-02.2/ros2_ws/install/person_msgs/share/person_msgs/cmake/person_msgsConfig-version.cmake
[5.566s] -- Up-to-date: /home/koara/robosys2024-02.2/ros2_ws/install/person_msgs/share/person_msgs/package.xml
[5.568s] Invoked command in '/home/koara/robosys2024-02.2/ros2_ws/build/person_msgs' returned '0': CMAKE_PREFIX_PATH=${CMAKE_PREFIX_PATH}:/home/koara/robosys2024-02.2/ros2_ws/install/mypkg:/opt/ros/foxy /usr/bin/cmake --install /home/koara/robosys2024-02.2/ros2_ws/build/person_msgs
