[0.458s] DEBUG:colcon:Command line arguments: ['/usr/bin/colcon', 'build']
[0.458s] DEBUG:colcon:Parsed command line arguments: Namespace(allow_overriding=[], ament_cmake_args=None, base_paths=['.'], build_base='build', catkin_cmake_args=None, catkin_skip_building_tests=False, cmake_args=None, cmake_clean_cache=False, cmake_clean_first=False, cmake_force_configure=False, cmake_target=None, cmake_target_skip_unavailable=False, continue_on_error=False, event_handlers=None, executor='parallel', ignore_user_meta=False, install_base='install', log_base=None, log_level=None, main=<bound method BuildVerb.main of <colcon_core.verb.build.BuildVerb object at 0x7f45f9cae2b0>>, merge_install=False, metas=['./colcon.meta'], packages_above=None, packages_above_and_dependencies=None, packages_above_depth=None, packages_end=None, packages_ignore=None, packages_ignore_regex=None, packages_select=None, packages_select_build_failed=False, packages_select_by_dep=None, packages_select_regex=None, packages_select_test_failures=False, packages_skip=None, packages_skip_build_finished=False, packages_skip_by_dep=None, packages_skip_regex=None, packages_skip_test_passed=False, packages_skip_up_to=None, packages_start=None, packages_up_to=None, packages_up_to_regex=None, parallel_workers=12, paths=None, symlink_install=False, test_result_base=None, verb_extension=<colcon_core.verb.build.BuildVerb object at 0x7f45f9cae2b0>, verb_name='build', verb_parser=<colcon_defaults.argument_parser.defaults.DefaultArgumentsDecorator object at 0x7f45f9cae7f0>)
[0.693s] Level 1:colcon.colcon_core.package_discovery:discover_packages(colcon_meta) check parameters
[0.693s] Level 1:colcon.colcon_core.package_discovery:discover_packages(recursive) check parameters
[0.693s] Level 1:colcon.colcon_core.package_discovery:discover_packages(ignore) check parameters
[0.693s] Level 1:colcon.colcon_core.package_discovery:discover_packages(path) check parameters
[0.693s] Level 1:colcon.colcon_core.package_discovery:discover_packages(colcon_meta) discover
[0.694s] Level 1:colcon.colcon_core.package_discovery:discover_packages(recursive) discover
[0.694s] INFO:colcon.colcon_core.package_discovery:Crawling recursively for packages in '/home/koara/robosys2024-4/ros2_ws'
[0.694s] Level 1:colcon.colcon_core.package_identification:_identify(.) by extensions ['ignore', 'ignore_ament_install']
[0.694s] Level 1:colcon.colcon_core.package_identification:_identify(.) by extension 'ignore'
[0.694s] Level 1:colcon.colcon_core.package_identification:_identify(.) by extension 'ignore_ament_install'
[0.694s] Level 1:colcon.colcon_core.package_identification:_identify(.) by extensions ['colcon_pkg']
[0.694s] Level 1:colcon.colcon_core.package_identification:_identify(.) by extension 'colcon_pkg'
[0.694s] Level 1:colcon.colcon_core.package_identification:_identify(.) by extensions ['colcon_meta']
[0.694s] Level 1:colcon.colcon_core.package_identification:_identify(.) by extension 'colcon_meta'
[0.694s] Level 1:colcon.colcon_core.package_identification:_identify(.) by extensions ['ros']
[0.694s] Level 1:colcon.colcon_core.package_identification:_identify(.) by extension 'ros'
[0.712s] Level 1:colcon.colcon_core.package_identification:_identify(.) by extensions ['cmake', 'python']
[0.712s] Level 1:colcon.colcon_core.package_identification:_identify(.) by extension 'cmake'
[0.712s] Level 1:colcon.colcon_core.package_identification:_identify(.) by extension 'python'
[0.712s] Level 1:colcon.colcon_core.package_identification:_identify(.) by extensions ['python_setup_py']
[0.712s] Level 1:colcon.colcon_core.package_identification:_identify(.) by extension 'python_setup_py'
[0.713s] Level 1:colcon.colcon_core.package_identification:_identify(build) by extensions ['ignore', 'ignore_ament_install']
[0.713s] Level 1:colcon.colcon_core.package_identification:_identify(build) by extension 'ignore'
[0.713s] Level 1:colcon.colcon_core.package_identification:_identify(build) ignored
[0.713s] Level 1:colcon.colcon_core.package_identification:_identify(install) by extensions ['ignore', 'ignore_ament_install']
[0.713s] Level 1:colcon.colcon_core.package_identification:_identify(install) by extension 'ignore'
[0.713s] Level 1:colcon.colcon_core.package_identification:_identify(install) ignored
[0.713s] Level 1:colcon.colcon_core.package_identification:_identify(log) by extensions ['ignore', 'ignore_ament_install']
[0.714s] Level 1:colcon.colcon_core.package_identification:_identify(log) by extension 'ignore'
[0.714s] Level 1:colcon.colcon_core.package_identification:_identify(log) ignored
[0.714s] Level 1:colcon.colcon_core.package_identification:_identify(src) by extensions ['ignore', 'ignore_ament_install']
[0.714s] Level 1:colcon.colcon_core.package_identification:_identify(src) by extension 'ignore'
[0.714s] Level 1:colcon.colcon_core.package_identification:_identify(src) by extension 'ignore_ament_install'
[0.714s] Level 1:colcon.colcon_core.package_identification:_identify(src) by extensions ['colcon_pkg']
[0.714s] Level 1:colcon.colcon_core.package_identification:_identify(src) by extension 'colcon_pkg'
[0.714s] Level 1:colcon.colcon_core.package_identification:_identify(src) by extensions ['colcon_meta']
[0.714s] Level 1:colcon.colcon_core.package_identification:_identify(src) by extension 'colcon_meta'
[0.714s] Level 1:colcon.colcon_core.package_identification:_identify(src) by extensions ['ros']
[0.714s] Level 1:colcon.colcon_core.package_identification:_identify(src) by extension 'ros'
[0.714s] Level 1:colcon.colcon_core.package_identification:_identify(src) by extensions ['cmake', 'python']
[0.714s] Level 1:colcon.colcon_core.package_identification:_identify(src) by extension 'cmake'
[0.714s] Level 1:colcon.colcon_core.package_identification:_identify(src) by extension 'python'
[0.715s] Level 1:colcon.colcon_core.package_identification:_identify(src) by extensions ['python_setup_py']
[0.715s] Level 1:colcon.colcon_core.package_identification:_identify(src) by extension 'python_setup_py'
[0.715s] Level 1:colcon.colcon_core.package_identification:_identify(src/build) by extensions ['ignore', 'ignore_ament_install']
[0.715s] Level 1:colcon.colcon_core.package_identification:_identify(src/build) by extension 'ignore'
[0.715s] Level 1:colcon.colcon_core.package_identification:_identify(src/build) ignored
[0.716s] Level 1:colcon.colcon_core.package_identification:_identify(src/install) by extensions ['ignore', 'ignore_ament_install']
[0.716s] Level 1:colcon.colcon_core.package_identification:_identify(src/install) by extension 'ignore'
[0.716s] Level 1:colcon.colcon_core.package_identification:_identify(src/install) ignored
[0.716s] Level 1:colcon.colcon_core.package_identification:_identify(src/log) by extensions ['ignore', 'ignore_ament_install']
[0.716s] Level 1:colcon.colcon_core.package_identification:_identify(src/log) by extension 'ignore'
[0.716s] Level 1:colcon.colcon_core.package_identification:_identify(src/log) ignored
[0.717s] Level 1:colcon.colcon_core.package_identification:_identify(src/mypkg) by extensions ['ignore', 'ignore_ament_install']
[0.717s] Level 1:colcon.colcon_core.package_identification:_identify(src/mypkg) by extension 'ignore'
[0.717s] Level 1:colcon.colcon_core.package_identification:_identify(src/mypkg) by extension 'ignore_ament_install'
[0.717s] Level 1:colcon.colcon_core.package_identification:_identify(src/mypkg) by extensions ['colcon_pkg']
[0.717s] Level 1:colcon.colcon_core.package_identification:_identify(src/mypkg) by extension 'colcon_pkg'
[0.717s] Level 1:colcon.colcon_core.package_identification:_identify(src/mypkg) by extensions ['colcon_meta']
[0.717s] Level 1:colcon.colcon_core.package_identification:_identify(src/mypkg) by extension 'colcon_meta'
[0.717s] Level 1:colcon.colcon_core.package_identification:_identify(src/mypkg) by extensions ['ros']
[0.717s] Level 1:colcon.colcon_core.package_identification:_identify(src/mypkg) by extension 'ros'
[0.721s] DEBUG:colcon.colcon_core.package_identification:Package 'src/mypkg' with type 'ros.ament_python' and name 'mypkg'
[0.721s] Level 1:colcon.colcon_core.package_identification:_identify(src/person_msgs) by extensions ['ignore', 'ignore_ament_install']
[0.722s] Level 1:colcon.colcon_core.package_identification:_identify(src/person_msgs) by extension 'ignore'
[0.722s] Level 1:colcon.colcon_core.package_identification:_identify(src/person_msgs) by extension 'ignore_ament_install'
[0.722s] Level 1:colcon.colcon_core.package_identification:_identify(src/person_msgs) by extensions ['colcon_pkg']
[0.722s] Level 1:colcon.colcon_core.package_identification:_identify(src/person_msgs) by extension 'colcon_pkg'
[0.722s] Level 1:colcon.colcon_core.package_identification:_identify(src/person_msgs) by extensions ['colcon_meta']
[0.722s] Level 1:colcon.colcon_core.package_identification:_identify(src/person_msgs) by extension 'colcon_meta'
[0.722s] Level 1:colcon.colcon_core.package_identification:_identify(src/person_msgs) by extensions ['ros']
[0.722s] Level 1:colcon.colcon_core.package_identification:_identify(src/person_msgs) by extension 'ros'
[0.724s] DEBUG:colcon.colcon_core.package_identification:Package 'src/person_msgs' with type 'ros.ament_cmake' and name 'person_msgs'
[0.724s] Level 1:colcon.colcon_core.package_discovery:discover_packages(recursive) using defaults
[0.724s] Level 1:colcon.colcon_core.package_discovery:discover_packages(ignore) discover
[0.724s] Level 1:colcon.colcon_core.package_discovery:discover_packages(ignore) using defaults
[0.724s] Level 1:colcon.colcon_core.package_discovery:discover_packages(path) discover
[0.724s] Level 1:colcon.colcon_core.package_discovery:discover_packages(path) using defaults
[0.756s] Level 1:colcon.colcon_core.package_discovery:discover_packages(prefix_path) check parameters
[0.756s] Level 1:colcon.colcon_core.package_discovery:discover_packages(prefix_path) discover
[0.761s] DEBUG:colcon.colcon_installed_package_information.package_discovery:Found 2 installed packages in /home/koara/robosys2024-4/ros2_ws/install
[0.763s] DEBUG:colcon.colcon_installed_package_information.package_discovery:Found 256 installed packages in /opt/ros/foxy
[0.764s] Level 1:colcon.colcon_core.package_discovery:discover_packages(prefix_path) using defaults
[0.907s] Level 5:colcon.colcon_core.verb:set package 'mypkg' build argument 'cmake_args' from command line to 'None'
[0.908s] Level 5:colcon.colcon_core.verb:set package 'mypkg' build argument 'cmake_target' from command line to 'None'
[0.908s] Level 5:colcon.colcon_core.verb:set package 'mypkg' build argument 'cmake_target_skip_unavailable' from command line to 'False'
[0.908s] Level 5:colcon.colcon_core.verb:set package 'mypkg' build argument 'cmake_clean_cache' from command line to 'False'
[0.908s] Level 5:colcon.colcon_core.verb:set package 'mypkg' build argument 'cmake_clean_first' from command line to 'False'
[0.908s] Level 5:colcon.colcon_core.verb:set package 'mypkg' build argument 'cmake_force_configure' from command line to 'False'
[0.908s] Level 5:colcon.colcon_core.verb:set package 'mypkg' build argument 'ament_cmake_args' from command line to 'None'
[0.908s] Level 5:colcon.colcon_core.verb:set package 'mypkg' build argument 'catkin_cmake_args' from command line to 'None'
[0.908s] Level 5:colcon.colcon_core.verb:set package 'mypkg' build argument 'catkin_skip_building_tests' from command line to 'False'
[0.908s] DEBUG:colcon.colcon_core.verb:Building package 'mypkg' with the following arguments: {'ament_cmake_args': None, 'build_base': '/home/koara/robosys2024-4/ros2_ws/build/mypkg', 'catkin_cmake_args': None, 'catkin_skip_building_tests': False, 'cmake_args': None, 'cmake_clean_cache': False, 'cmake_clean_first': False, 'cmake_force_configure': False, 'cmake_target': None, 'cmake_target_skip_unavailable': False, 'install_base': '/home/koara/robosys2024-4/ros2_ws/install/mypkg', 'merge_install': False, 'path': '/home/koara/robosys2024-4/ros2_ws/src/mypkg', 'symlink_install': False, 'test_result_base': None}
[0.908s] Level 5:colcon.colcon_core.verb:set package 'person_msgs' build argument 'cmake_args' from command line to 'None'
[0.908s] Level 5:colcon.colcon_core.verb:set package 'person_msgs' build argument 'cmake_target' from command line to 'None'
[0.908s] Level 5:colcon.colcon_core.verb:set package 'person_msgs' build argument 'cmake_target_skip_unavailable' from command line to 'False'
[0.908s] Level 5:colcon.colcon_core.verb:set package 'person_msgs' build argument 'cmake_clean_cache' from command line to 'False'
[0.908s] Level 5:colcon.colcon_core.verb:set package 'person_msgs' build argument 'cmake_clean_first' from command line to 'False'
[0.908s] Level 5:colcon.colcon_core.verb:set package 'person_msgs' build argument 'cmake_force_configure' from command line to 'False'
[0.908s] Level 5:colcon.colcon_core.verb:set package 'person_msgs' build argument 'ament_cmake_args' from command line to 'None'
[0.908s] Level 5:colcon.colcon_core.verb:set package 'person_msgs' build argument 'catkin_cmake_args' from command line to 'None'
[0.908s] Level 5:colcon.colcon_core.verb:set package 'person_msgs' build argument 'catkin_skip_building_tests' from command line to 'False'
[0.908s] DEBUG:colcon.colcon_core.verb:Building package 'person_msgs' with the following arguments: {'ament_cmake_args': None, 'build_base': '/home/koara/robosys2024-4/ros2_ws/build/person_msgs', 'catkin_cmake_args': None, 'catkin_skip_building_tests': False, 'cmake_args': None, 'cmake_clean_cache': False, 'cmake_clean_first': False, 'cmake_force_configure': False, 'cmake_target': None, 'cmake_target_skip_unavailable': False, 'install_base': '/home/koara/robosys2024-4/ros2_ws/install/person_msgs', 'merge_install': False, 'path': '/home/koara/robosys2024-4/ros2_ws/src/person_msgs', 'symlink_install': False, 'test_result_base': None}
[0.908s] INFO:colcon.colcon_core.executor:Executing jobs using 'parallel' executor
[0.909s] DEBUG:colcon.colcon_parallel_executor.executor.parallel:run_until_complete
[0.910s] INFO:colcon.colcon_ros.task.ament_python.build:Building ROS package in '/home/koara/robosys2024-4/ros2_ws/src/mypkg' with build type 'ament_python'
[0.910s] Level 1:colcon.colcon_core.shell:create_environment_hook('mypkg', 'ament_prefix_path')
[0.915s] INFO:colcon.colcon_core.plugin_system:Skipping extension 'colcon_core.shell.bat': Not used on non-Windows systems
[0.916s] INFO:colcon.colcon_core.shell:Creating environment hook '/home/koara/robosys2024-4/ros2_ws/install/mypkg/share/mypkg/hook/ament_prefix_path.ps1'
[0.918s] INFO:colcon.colcon_core.shell:Creating environment descriptor '/home/koara/robosys2024-4/ros2_ws/install/mypkg/share/mypkg/hook/ament_prefix_path.dsv'
[0.919s] INFO:colcon.colcon_core.shell:Creating environment hook '/home/koara/robosys2024-4/ros2_ws/install/mypkg/share/mypkg/hook/ament_prefix_path.sh'
[0.921s] INFO:colcon.colcon_core.shell:Skip shell extension 'powershell' for command environment: Not usable outside of PowerShell
[0.921s] DEBUG:colcon.colcon_core.shell:Skip shell extension 'dsv' for command environment
[0.930s] INFO:colcon.colcon_ros.task.ament_cmake.build:Building ROS package in '/home/koara/robosys2024-4/ros2_ws/src/person_msgs' with build type 'ament_cmake'
[0.930s] INFO:colcon.colcon_cmake.task.cmake.build:Building CMake package in '/home/koara/robosys2024-4/ros2_ws/src/person_msgs'
[0.931s] INFO:colcon.colcon_core.shell:Skip shell extension 'powershell' for command environment: Not usable outside of PowerShell
[0.931s] DEBUG:colcon.colcon_core.shell:Skip shell extension 'dsv' for command environment
[1.141s] INFO:colcon.colcon_core.task.python.build:Building Python package in '/home/koara/robosys2024-4/ros2_ws/src/mypkg'
[1.141s] INFO:colcon.colcon_core.shell:Skip shell extension 'powershell' for command environment: Not usable outside of PowerShell
[1.141s] DEBUG:colcon.colcon_core.shell:Skip shell extension 'dsv' for command environment
[1.156s] DEBUG:colcon.colcon_core.event_handler.log_command:Invoking command in '/home/koara/robosys2024-4/ros2_ws/build/person_msgs': CMAKE_PREFIX_PATH=${CMAKE_PREFIX_PATH}:/home/koara/robosys2024-4/ros2_ws/install/mypkg:/opt/ros/foxy /usr/bin/cmake --build /home/koara/robosys2024-4/ros2_ws/build/person_msgs -- -j12 -l12
[1.584s] DEBUG:colcon.colcon_core.event_handler.log_command:Invoked command in '/home/koara/robosys2024-4/ros2_ws/build/person_msgs' returned '0': CMAKE_PREFIX_PATH=${CMAKE_PREFIX_PATH}:/home/koara/robosys2024-4/ros2_ws/install/mypkg:/opt/ros/foxy /usr/bin/cmake --build /home/koara/robosys2024-4/ros2_ws/build/person_msgs -- -j12 -l12
[1.653s] DEBUG:colcon.colcon_core.event_handler.log_command:Invoking command in '/home/koara/robosys2024-4/ros2_ws/src/mypkg': PYTHONPATH=/home/koara/robosys2024-4/ros2_ws/build/mypkg/prefix_override:/usr/lib/python3/dist-packages/colcon_core/task/python/colcon_distutils_commands:/home/koara/robosys2024-4/ros2_ws/install/mypkg/lib/python3.8/site-packages:${PYTHONPATH} /usr/bin/python3 -W ignore:setup.py install is deprecated setup.py egg_info --egg-base ../../build/mypkg build --build-base /home/koara/robosys2024-4/ros2_ws/build/mypkg/build install --record /home/koara/robosys2024-4/ros2_ws/build/mypkg/install.log --install-scripts $base/lib/mypkg --single-version-externally-managed install_data
[1.679s] DEBUG:colcon.colcon_core.event_handler.log_command:Invoking command in '/home/koara/robosys2024-4/ros2_ws/build/person_msgs': CMAKE_PREFIX_PATH=${CMAKE_PREFIX_PATH}:/home/koara/robosys2024-4/ros2_ws/install/mypkg:/opt/ros/foxy /usr/bin/cmake --install /home/koara/robosys2024-4/ros2_ws/build/person_msgs
[1.757s] Level 1:colcon.colcon_core.environment:create_environment_scripts_only(person_msgs)
[1.758s] DEBUG:colcon.colcon_core.event_handler.log_command:Invoked command in '/home/koara/robosys2024-4/ros2_ws/build/person_msgs' returned '0': CMAKE_PREFIX_PATH=${CMAKE_PREFIX_PATH}:/home/koara/robosys2024-4/ros2_ws/install/mypkg:/opt/ros/foxy /usr/bin/cmake --install /home/koara/robosys2024-4/ros2_ws/build/person_msgs
[1.766s] Level 1:colcon.colcon_core.environment:checking '/home/koara/robosys2024-4/ros2_ws/install/person_msgs' for CMake module files
[1.767s] Level 1:colcon.colcon_core.environment:checking '/home/koara/robosys2024-4/ros2_ws/install/person_msgs' for CMake config files
[1.772s] Level 1:colcon.colcon_core.shell:create_environment_hook('person_msgs', 'cmake_prefix_path')
[1.772s] INFO:colcon.colcon_core.shell:Creating environment hook '/home/koara/robosys2024-4/ros2_ws/install/person_msgs/share/person_msgs/hook/cmake_prefix_path.ps1'
[1.773s] INFO:colcon.colcon_core.shell:Creating environment descriptor '/home/koara/robosys2024-4/ros2_ws/install/person_msgs/share/person_msgs/hook/cmake_prefix_path.dsv'
[1.773s] INFO:colcon.colcon_core.shell:Creating environment hook '/home/koara/robosys2024-4/ros2_ws/install/person_msgs/share/person_msgs/hook/cmake_prefix_path.sh'
[1.774s] Level 1:colcon.colcon_core.environment:checking '/home/koara/robosys2024-4/ros2_ws/install/person_msgs/lib'
[1.774s] Level 1:colcon.colcon_core.shell:create_environment_hook('person_msgs', 'ld_library_path_lib')
[1.774s] INFO:colcon.colcon_core.shell:Creating environment hook '/home/koara/robosys2024-4/ros2_ws/install/person_msgs/share/person_msgs/hook/ld_library_path_lib.ps1'
[1.775s] INFO:colcon.colcon_core.shell:Creating environment descriptor '/home/koara/robosys2024-4/ros2_ws/install/person_msgs/share/person_msgs/hook/ld_library_path_lib.dsv'
[1.775s] INFO:colcon.colcon_core.shell:Creating environment hook '/home/koara/robosys2024-4/ros2_ws/install/person_msgs/share/person_msgs/hook/ld_library_path_lib.sh'
[1.775s] Level 1:colcon.colcon_core.environment:checking '/home/koara/robosys2024-4/ros2_ws/install/person_msgs/bin'
[1.775s] Level 1:colcon.colcon_core.environment:checking '/home/koara/robosys2024-4/ros2_ws/install/person_msgs/lib/pkgconfig/person_msgs.pc'
[1.776s] Level 1:colcon.colcon_core.environment:checking '/home/koara/robosys2024-4/ros2_ws/install/person_msgs/lib/python3.8/site-packages'
[1.776s] Level 1:colcon.colcon_core.shell:create_environment_hook('person_msgs', 'pythonpath')
[1.776s] INFO:colcon.colcon_core.shell:Creating environment hook '/home/koara/robosys2024-4/ros2_ws/install/person_msgs/share/person_msgs/hook/pythonpath.ps1'
[1.777s] INFO:colcon.colcon_core.shell:Creating environment descriptor '/home/koara/robosys2024-4/ros2_ws/install/person_msgs/share/person_msgs/hook/pythonpath.dsv'
[1.777s] INFO:colcon.colcon_core.shell:Creating environment hook '/home/koara/robosys2024-4/ros2_ws/install/person_msgs/share/person_msgs/hook/pythonpath.sh'
[1.778s] Level 1:colcon.colcon_core.environment:checking '/home/koara/robosys2024-4/ros2_ws/install/person_msgs/bin'
[1.778s] INFO:colcon.colcon_core.shell:Creating package script '/home/koara/robosys2024-4/ros2_ws/install/person_msgs/share/person_msgs/package.ps1'
[1.779s] INFO:colcon.colcon_core.shell:Creating package descriptor '/home/koara/robosys2024-4/ros2_ws/install/person_msgs/share/person_msgs/package.dsv'
[1.780s] INFO:colcon.colcon_core.shell:Creating package script '/home/koara/robosys2024-4/ros2_ws/install/person_msgs/share/person_msgs/package.sh'
[1.781s] INFO:colcon.colcon_core.shell:Creating package script '/home/koara/robosys2024-4/ros2_ws/install/person_msgs/share/person_msgs/package.bash'
[1.782s] INFO:colcon.colcon_core.shell:Creating package script '/home/koara/robosys2024-4/ros2_ws/install/person_msgs/share/person_msgs/package.zsh'
[1.783s] Level 1:colcon.colcon_core.environment:create_file_with_runtime_dependencies(/home/koara/robosys2024-4/ros2_ws/install/person_msgs/share/colcon-core/packages/person_msgs)
[1.861s] Level 1:colcon.colcon_core.environment:create_environment_scripts_only(person_msgs)
[1.862s] Level 1:colcon.colcon_core.environment:checking '/home/koara/robosys2024-4/ros2_ws/install/person_msgs' for CMake module files
[1.862s] Level 1:colcon.colcon_core.environment:checking '/home/koara/robosys2024-4/ros2_ws/install/person_msgs' for CMake config files
[1.863s] Level 1:colcon.colcon_core.shell:create_environment_hook('person_msgs', 'cmake_prefix_path')
[1.863s] INFO:colcon.colcon_core.shell:Creating environment hook '/home/koara/robosys2024-4/ros2_ws/install/person_msgs/share/person_msgs/hook/cmake_prefix_path.ps1'
[1.864s] INFO:colcon.colcon_core.shell:Creating environment descriptor '/home/koara/robosys2024-4/ros2_ws/install/person_msgs/share/person_msgs/hook/cmake_prefix_path.dsv'
[1.864s] INFO:colcon.colcon_core.shell:Creating environment hook '/home/koara/robosys2024-4/ros2_ws/install/person_msgs/share/person_msgs/hook/cmake_prefix_path.sh'
[1.865s] Level 1:colcon.colcon_core.environment:checking '/home/koara/robosys2024-4/ros2_ws/install/person_msgs/lib'
[1.865s] Level 1:colcon.colcon_core.shell:create_environment_hook('person_msgs', 'ld_library_path_lib')
[1.865s] INFO:colcon.colcon_core.shell:Creating environment hook '/home/koara/robosys2024-4/ros2_ws/install/person_msgs/share/person_msgs/hook/ld_library_path_lib.ps1'
[1.865s] INFO:colcon.colcon_core.shell:Creating environment descriptor '/home/koara/robosys2024-4/ros2_ws/install/person_msgs/share/person_msgs/hook/ld_library_path_lib.dsv'
[1.866s] INFO:colcon.colcon_core.shell:Creating environment hook '/home/koara/robosys2024-4/ros2_ws/install/person_msgs/share/person_msgs/hook/ld_library_path_lib.sh'
[1.866s] Level 1:colcon.colcon_core.environment:checking '/home/koara/robosys2024-4/ros2_ws/install/person_msgs/bin'
[1.866s] Level 1:colcon.colcon_core.environment:checking '/home/koara/robosys2024-4/ros2_ws/install/person_msgs/lib/pkgconfig/person_msgs.pc'
[1.867s] Level 1:colcon.colcon_core.environment:checking '/home/koara/robosys2024-4/ros2_ws/install/person_msgs/lib/python3.8/site-packages'
[1.867s] Level 1:colcon.colcon_core.shell:create_environment_hook('person_msgs', 'pythonpath')
[1.867s] INFO:colcon.colcon_core.shell:Creating environment hook '/home/koara/robosys2024-4/ros2_ws/install/person_msgs/share/person_msgs/hook/pythonpath.ps1'
[1.867s] INFO:colcon.colcon_core.shell:Creating environment descriptor '/home/koara/robosys2024-4/ros2_ws/install/person_msgs/share/person_msgs/hook/pythonpath.dsv'
[1.868s] INFO:colcon.colcon_core.shell:Creating environment hook '/home/koara/robosys2024-4/ros2_ws/install/person_msgs/share/person_msgs/hook/pythonpath.sh'
[1.868s] Level 1:colcon.colcon_core.environment:checking '/home/koara/robosys2024-4/ros2_ws/install/person_msgs/bin'
[1.869s] INFO:colcon.colcon_core.shell:Creating package script '/home/koara/robosys2024-4/ros2_ws/install/person_msgs/share/person_msgs/package.ps1'
[1.869s] INFO:colcon.colcon_core.shell:Creating package descriptor '/home/koara/robosys2024-4/ros2_ws/install/person_msgs/share/person_msgs/package.dsv'
[1.870s] INFO:colcon.colcon_core.shell:Creating package script '/home/koara/robosys2024-4/ros2_ws/install/person_msgs/share/person_msgs/package.sh'
[1.871s] INFO:colcon.colcon_core.shell:Creating package script '/home/koara/robosys2024-4/ros2_ws/install/person_msgs/share/person_msgs/package.bash'
[1.871s] INFO:colcon.colcon_core.shell:Creating package script '/home/koara/robosys2024-4/ros2_ws/install/person_msgs/share/person_msgs/package.zsh'
[1.871s] Level 1:colcon.colcon_core.environment:create_file_with_runtime_dependencies(/home/koara/robosys2024-4/ros2_ws/install/person_msgs/share/colcon-core/packages/person_msgs)
[1.951s] Level 1:colcon.colcon_core.environment:checking '/home/koara/robosys2024-4/ros2_ws/install/mypkg' for CMake module files
[1.951s] DEBUG:colcon.colcon_core.event_handler.log_command:Invoked command in '/home/koara/robosys2024-4/ros2_ws/src/mypkg' returned '0': PYTHONPATH=/home/koara/robosys2024-4/ros2_ws/build/mypkg/prefix_override:/usr/lib/python3/dist-packages/colcon_core/task/python/colcon_distutils_commands:/home/koara/robosys2024-4/ros2_ws/install/mypkg/lib/python3.8/site-packages:${PYTHONPATH} /usr/bin/python3 -W ignore:setup.py install is deprecated setup.py egg_info --egg-base ../../build/mypkg build --build-base /home/koara/robosys2024-4/ros2_ws/build/mypkg/build install --record /home/koara/robosys2024-4/ros2_ws/build/mypkg/install.log --install-scripts $base/lib/mypkg --single-version-externally-managed install_data
[1.952s] Level 1:colcon.colcon_core.environment:checking '/home/koara/robosys2024-4/ros2_ws/install/mypkg' for CMake config files
[1.955s] Level 1:colcon.colcon_core.environment:checking '/home/koara/robosys2024-4/ros2_ws/install/mypkg/lib'
[1.956s] Level 1:colcon.colcon_core.environment:checking '/home/koara/robosys2024-4/ros2_ws/install/mypkg/bin'
[1.956s] Level 1:colcon.colcon_core.environment:checking '/home/koara/robosys2024-4/ros2_ws/install/mypkg/lib/pkgconfig/mypkg.pc'
[1.956s] Level 1:colcon.colcon_core.environment:checking '/home/koara/robosys2024-4/ros2_ws/install/mypkg/lib/python3.8/site-packages'
[1.956s] Level 1:colcon.colcon_core.shell:create_environment_hook('mypkg', 'pythonpath')
[1.956s] INFO:colcon.colcon_core.shell:Creating environment hook '/home/koara/robosys2024-4/ros2_ws/install/mypkg/share/mypkg/hook/pythonpath.ps1'
[1.957s] INFO:colcon.colcon_core.shell:Creating environment descriptor '/home/koara/robosys2024-4/ros2_ws/install/mypkg/share/mypkg/hook/pythonpath.dsv'
[1.957s] INFO:colcon.colcon_core.shell:Creating environment hook '/home/koara/robosys2024-4/ros2_ws/install/mypkg/share/mypkg/hook/pythonpath.sh'
[1.957s] Level 1:colcon.colcon_core.environment:checking '/home/koara/robosys2024-4/ros2_ws/install/mypkg/bin'
[1.957s] Level 1:colcon.colcon_core.environment:create_environment_scripts_only(mypkg)
[1.958s] INFO:colcon.colcon_core.shell:Creating package script '/home/koara/robosys2024-4/ros2_ws/install/mypkg/share/mypkg/package.ps1'
[1.958s] INFO:colcon.colcon_core.shell:Creating package descriptor '/home/koara/robosys2024-4/ros2_ws/install/mypkg/share/mypkg/package.dsv'
[1.959s] INFO:colcon.colcon_core.shell:Creating package script '/home/koara/robosys2024-4/ros2_ws/install/mypkg/share/mypkg/package.sh'
[1.959s] INFO:colcon.colcon_core.shell:Creating package script '/home/koara/robosys2024-4/ros2_ws/install/mypkg/share/mypkg/package.bash'
[1.959s] INFO:colcon.colcon_core.shell:Creating package script '/home/koara/robosys2024-4/ros2_ws/install/mypkg/share/mypkg/package.zsh'
[1.960s] Level 1:colcon.colcon_core.environment:create_file_with_runtime_dependencies(/home/koara/robosys2024-4/ros2_ws/install/mypkg/share/colcon-core/packages/mypkg)
[1.960s] DEBUG:colcon.colcon_parallel_executor.executor.parallel:closing loop
[1.961s] DEBUG:colcon.colcon_parallel_executor.executor.parallel:loop closed
[1.961s] DEBUG:colcon.colcon_parallel_executor.executor.parallel:run_until_complete finished with '0'
[1.961s] DEBUG:colcon.colcon_core.event_reactor:joining thread
[1.999s] INFO:colcon.colcon_core.plugin_system:Skipping extension 'colcon_notification.desktop_notification.notify_send': Could not find 'notify-send'
[1.999s] INFO:colcon.colcon_core.plugin_system:Skipping extension 'colcon_notification.desktop_notification.terminal_notifier': Not used on non-Darwin systems
[1.999s] INFO:colcon.colcon_core.plugin_system:Skipping extension 'colcon_notification.desktop_notification.win32': Not used on non-Windows systems
[1.999s] INFO:colcon.colcon_notification.desktop_notification:Sending desktop notification using 'notify2'
[2.001s] DEBUG:colcon.colcon_notification.desktop_notification.notify2:Failed to initialize notify2: org.freedesktop.DBus.Error.ServiceUnknown: The name org.freedesktop.Notifications was not provided by any .service files
[2.001s] DEBUG:colcon.colcon_core.event_reactor:joined thread
[2.001s] INFO:colcon.colcon_core.shell:Creating prefix script '/home/koara/robosys2024-4/ros2_ws/install/local_setup.ps1'
[2.003s] INFO:colcon.colcon_core.shell:Creating prefix util module '/home/koara/robosys2024-4/ros2_ws/install/_local_setup_util_ps1.py'
[2.005s] INFO:colcon.colcon_core.shell:Creating prefix chain script '/home/koara/robosys2024-4/ros2_ws/install/setup.ps1'
[2.006s] INFO:colcon.colcon_core.shell:Creating prefix script '/home/koara/robosys2024-4/ros2_ws/install/local_setup.sh'
[2.007s] INFO:colcon.colcon_core.shell:Creating prefix util module '/home/koara/robosys2024-4/ros2_ws/install/_local_setup_util_sh.py'
[2.007s] INFO:colcon.colcon_core.shell:Creating prefix chain script '/home/koara/robosys2024-4/ros2_ws/install/setup.sh'
[2.009s] INFO:colcon.colcon_core.shell:Creating prefix script '/home/koara/robosys2024-4/ros2_ws/install/local_setup.bash'
[2.010s] INFO:colcon.colcon_core.shell:Creating prefix chain script '/home/koara/robosys2024-4/ros2_ws/install/setup.bash'
[2.011s] INFO:colcon.colcon_core.shell:Creating prefix script '/home/koara/robosys2024-4/ros2_ws/install/local_setup.zsh'
[2.012s] INFO:colcon.colcon_core.shell:Creating prefix chain script '/home/koara/robosys2024-4/ros2_ws/install/setup.zsh'
