[0.760s] Invoking command in '/home/koara/ros2_ws/src/mypkg': PYTHONPATH=/home/koara/ros2_ws/src/mypkg/build/mypkg/prefix_override:/usr/lib/python3/dist-packages/colcon_core/task/python/colcon_distutils_commands:/home/koara/ros2_ws/src/mypkg/install/mypkg/lib/python3.8/site-packages:${PYTHONPATH} /usr/bin/python3 -W ignore:setup.py install is deprecated setup.py egg_info --egg-base build/mypkg build --build-base /home/koara/ros2_ws/src/mypkg/build/mypkg/build install --record /home/koara/ros2_ws/src/mypkg/build/mypkg/install.log --install-scripts $base/lib/mypkg --single-version-externally-managed install_data
[0.932s] running egg_info
[0.932s] writing build/mypkg/mypkg.egg-info/PKG-INFO
[0.936s] writing dependency_links to build/mypkg/mypkg.egg-info/dependency_links.txt
[0.936s] writing entry points to build/mypkg/mypkg.egg-info/entry_points.txt
[0.937s] writing requirements to build/mypkg/mypkg.egg-info/requires.txt
[0.937s] writing top-level names to build/mypkg/mypkg.egg-info/top_level.txt
[0.971s] reading manifest file 'build/mypkg/mypkg.egg-info/SOURCES.txt'
[0.972s] writing manifest file 'build/mypkg/mypkg.egg-info/SOURCES.txt'
[0.972s] running build
[0.972s] running build_py
[0.972s] copying mypkg/listener.py -> /home/koara/ros2_ws/src/mypkg/build/mypkg/build/lib/mypkg
[0.974s] running install
[0.975s] running install_lib
[0.976s] copying /home/koara/ros2_ws/src/mypkg/build/mypkg/build/lib/mypkg/listener.py -> /home/koara/ros2_ws/src/mypkg/install/mypkg/lib/python3.8/site-packages/mypkg
[0.976s] byte-compiling /home/koara/ros2_ws/src/mypkg/install/mypkg/lib/python3.8/site-packages/mypkg/listener.py to listener.cpython-38.pyc
[0.977s] running install_data
[0.978s] running install_egg_info
[0.979s] removing '/home/koara/ros2_ws/src/mypkg/install/mypkg/lib/python3.8/site-packages/mypkg-0.0.0-py3.8.egg-info' (and everything under it)
[0.980s] Copying build/mypkg/mypkg.egg-info to /home/koara/ros2_ws/src/mypkg/install/mypkg/lib/python3.8/site-packages/mypkg-0.0.0-py3.8.egg-info
[0.981s] running install_scripts
[1.001s] Installing listener script to /home/koara/ros2_ws/src/mypkg/install/mypkg/lib/mypkg
[1.002s] Installing talker script to /home/koara/ros2_ws/src/mypkg/install/mypkg/lib/mypkg
[1.002s] writing list of installed files to '/home/koara/ros2_ws/src/mypkg/build/mypkg/install.log'
[1.026s] Invoked command in '/home/koara/ros2_ws/src/mypkg' returned '0': PYTHONPATH=/home/koara/ros2_ws/src/mypkg/build/mypkg/prefix_override:/usr/lib/python3/dist-packages/colcon_core/task/python/colcon_distutils_commands:/home/koara/ros2_ws/src/mypkg/install/mypkg/lib/python3.8/site-packages:${PYTHONPATH} /usr/bin/python3 -W ignore:setup.py install is deprecated setup.py egg_info --egg-base build/mypkg build --build-base /home/koara/ros2_ws/src/mypkg/build/mypkg/build install --record /home/koara/ros2_ws/src/mypkg/build/mypkg/install.log --install-scripts $base/lib/mypkg --single-version-externally-managed install_data
