[0.141s] Invoking command in '/home/koara/robosys2024-02.2/ros2_ws/build/person_msgs': CMAKE_PREFIX_PATH=/opt/ros/foxy /usr/bin/cmake --build /home/koara/robosys2024-02.2/ros2_ws/build/person_msgs -- -j12 -l12
[0.165s] -- Found ament_cmake: 0.9.12 (/opt/ros/foxy/share/ament_cmake/cmake)
[0.185s] -- Found PythonInterp: /usr/bin/python3 (found suitable version "3.8.10", minimum required is "3") 
[0.185s] -- Using PYTHON_EXECUTABLE: /usr/bin/python3
[0.317s] -- Found ament_lint_auto: 0.9.8 (/opt/ros/foxy/share/ament_lint_auto/cmake)
[0.319s] -- Found rosidl_default_generators: 1.0.1 (/opt/ros/foxy/share/rosidl_default_generators/cmake)
[0.324s] -- Using all available rosidl_typesupport_c: rosidl_typesupport_fastrtps_c;rosidl_typesupport_introspection_c
[0.329s] -- Found rosidl_adapter: 1.3.1 (/opt/ros/foxy/share/rosidl_adapter/cmake)
[1.738s] -- Using all available rosidl_typesupport_cpp: rosidl_typesupport_fastrtps_cpp;rosidl_typesupport_introspection_cpp
[1.777s] -- Found PythonInterp: /usr/bin/python3 (found version "3.8.10") 
[1.868s] -- Found ament_cmake_ros: 0.9.2 (/opt/ros/foxy/share/ament_cmake_ros/cmake)
[3.159s] -- Using all available rosidl_typesupport_c: rosidl_typesupport_fastrtps_c;rosidl_typesupport_introspection_c
[3.165s] -- Using all available rosidl_typesupport_cpp: rosidl_typesupport_fastrtps_cpp;rosidl_typesupport_introspection_cpp
[3.180s] -- Found PythonInterp: /usr/bin/python3 (found suitable version "3.8.10", minimum required is "3.5") 
[3.181s] -- Found python_cmake_module: 0.8.1 (/opt/ros/foxy/share/python_cmake_module/cmake)
[3.197s] -- Using PYTHON_EXECUTABLE: /usr/bin/python3
[3.197s] -- Using PYTHON_INCLUDE_DIRS: /usr/include/python3.8
[3.197s] -- Using PYTHON_LIBRARIES: /usr/lib/x86_64-linux-gnu/libpython3.8.so
[3.223s] -- Added test 'copyright' to check source files copyright and LICENSE
[3.231s] -- Added test 'cppcheck' to perform static code analysis on C / C++ code
[3.232s] -- Configured cppcheck include dirs: 
[3.232s] -- Configured cppcheck exclude dirs and/or files: 
[3.235s] -- Added test 'cpplint' to check C / C++ code against the Google style
[3.235s] -- Configured cpplint exclude dirs and/or files: 
[3.236s] -- Added test 'flake8' to check Python code syntax and style conventions
[3.237s] -- Added test 'lint_cmake' to check CMake code style
[3.238s] -- Added test 'pep257' to check Python code against some of the style conventions in PEP 257
[3.242s] -- Added test 'uncrustify' to check C / C++ code style
[3.242s] -- Configured uncrustify additional arguments: 
[3.243s] -- Added test 'xmllint' to check XML markup files
[3.258s] -- Configuring done
[3.290s] -- Generating done
[3.293s] -- Build files have been written to: /home/koara/robosys2024-02.2/ros2_ws/build/person_msgs
[3.319s] [  2%] Built target person_msgs__cpp
[3.319s] [ 12%] Built target person_msgs__rosidl_generator_c
[3.333s] [ 23%] Built target person_msgs__rosidl_typesupport_cpp
[3.333s] [ 33%] Built target person_msgs__rosidl_typesupport_introspection_cpp
[3.335s] [ 43%] Built target person_msgs__rosidl_typesupport_fastrtps_cpp
[3.347s] [ 53%] Built target person_msgs__rosidl_typesupport_c
[3.347s] [ 64%] Built target person_msgs__rosidl_typesupport_introspection_c
[3.351s] [ 74%] Built target person_msgs__rosidl_typesupport_fastrtps_c
[3.364s] [ 74%] Built target person_msgs
[3.378s] [ 76%] Built target person_msgs__py
[3.395s] [ 84%] Built target person_msgs__python
[3.412s] [100%] Built target person_msgs__rosidl_typesupport_c__pyext
[3.413s] [ 97%] Built target person_msgs__rosidl_typesupport_introspection_c__pyext
[3.413s] [100%] Built target person_msgs__rosidl_typesupport_fastrtps_c__pyext
[3.421s] Invoked command in '/home/koara/robosys2024-02.2/ros2_ws/build/person_msgs' returned '0': CMAKE_PREFIX_PATH=/opt/ros/foxy /usr/bin/cmake --build /home/koara/robosys2024-02.2/ros2_ws/build/person_msgs -- -j12 -l12
[3.475s] Invoking command in '/home/koara/robosys2024-02.2/ros2_ws/build/person_msgs': CMAKE_PREFIX_PATH=/opt/ros/foxy /usr/bin/cmake --install /home/koara/robosys2024-02.2/ros2_ws/build/person_msgs
[3.481s] -- Install configuration: ""
[3.481s] -- Up-to-date: /home/koara/robosys2024-02.2/ros2_ws/install/person_msgs/share/ament_index/resource_index/rosidl_interfaces/person_msgs
[3.481s] -- Up-to-date: /home/koara/robosys2024-02.2/ros2_ws/install/person_msgs/include/person_msgs
[3.481s] -- Up-to-date: /home/koara/robosys2024-02.2/ros2_ws/install/person_msgs/include/person_msgs/srv
[3.481s] -- Up-to-date: /home/koara/robosys2024-02.2/ros2_ws/install/person_msgs/include/person_msgs/srv/detail
[3.481s] -- Up-to-date: /home/koara/robosys2024-02.2/ros2_ws/install/person_msgs/include/person_msgs/srv/detail/query__type_support.h
[3.481s] -- Up-to-date: /home/koara/robosys2024-02.2/ros2_ws/install/person_msgs/include/person_msgs/srv/detail/query__struct.h
[3.482s] -- Up-to-date: /home/koara/robosys2024-02.2/ros2_ws/install/person_msgs/include/person_msgs/srv/detail/query__functions.h
[3.482s] -- Up-to-date: /home/koara/robosys2024-02.2/ros2_ws/install/person_msgs/include/person_msgs/srv/detail/query__functions.c
[3.482s] -- Up-to-date: /home/koara/robosys2024-02.2/ros2_ws/install/person_msgs/include/person_msgs/srv/query.h
[3.482s] -- Up-to-date: /home/koara/robosys2024-02.2/ros2_ws/install/person_msgs/include/person_msgs/msg
[3.482s] -- Up-to-date: /home/koara/robosys2024-02.2/ros2_ws/install/person_msgs/include/person_msgs/msg/rosidl_generator_c__visibility_control.h
[3.482s] -- Up-to-date: /home/koara/robosys2024-02.2/ros2_ws/install/person_msgs/include/person_msgs/msg/person.h
[3.482s] -- Up-to-date: /home/koara/robosys2024-02.2/ros2_ws/install/person_msgs/include/person_msgs/msg/detail
[3.482s] -- Up-to-date: /home/koara/robosys2024-02.2/ros2_ws/install/person_msgs/include/person_msgs/msg/detail/person__functions.c
[3.482s] -- Up-to-date: /home/koara/robosys2024-02.2/ros2_ws/install/person_msgs/include/person_msgs/msg/detail/person__functions.h
[3.482s] -- Up-to-date: /home/koara/robosys2024-02.2/ros2_ws/install/person_msgs/include/person_msgs/msg/detail/person__type_support.h
[3.483s] -- Up-to-date: /home/koara/robosys2024-02.2/ros2_ws/install/person_msgs/include/person_msgs/msg/detail/person__struct.h
[3.483s] -- Up-to-date: /home/koara/robosys2024-02.2/ros2_ws/install/person_msgs/share/person_msgs/environment/library_path.sh
[3.483s] -- Installing: /home/koara/robosys2024-02.2/ros2_ws/install/person_msgs/share/person_msgs/environment/library_path.dsv
[3.483s] -- Up-to-date: /home/koara/robosys2024-02.2/ros2_ws/install/person_msgs/lib/libperson_msgs__rosidl_generator_c.so
[3.483s] -- Up-to-date: /home/koara/robosys2024-02.2/ros2_ws/install/person_msgs/include/person_msgs
[3.483s] -- Up-to-date: /home/koara/robosys2024-02.2/ros2_ws/install/person_msgs/include/person_msgs/srv
[3.483s] -- Up-to-date: /home/koara/robosys2024-02.2/ros2_ws/install/person_msgs/include/person_msgs/srv/detail
[3.483s] -- Up-to-date: /home/koara/robosys2024-02.2/ros2_ws/install/person_msgs/include/person_msgs/srv/detail/query__rosidl_typesupport_fastrtps_c.h
[3.483s] -- Up-to-date: /home/koara/robosys2024-02.2/ros2_ws/install/person_msgs/include/person_msgs/msg
[3.484s] -- Up-to-date: /home/koara/robosys2024-02.2/ros2_ws/install/person_msgs/include/person_msgs/msg/detail
[3.484s] -- Up-to-date: /home/koara/robosys2024-02.2/ros2_ws/install/person_msgs/include/person_msgs/msg/detail/person__rosidl_typesupport_fastrtps_c.h
[3.484s] -- Up-to-date: /home/koara/robosys2024-02.2/ros2_ws/install/person_msgs/include/person_msgs/msg/rosidl_typesupport_fastrtps_c__visibility_control.h
[3.484s] -- Up-to-date: /home/koara/robosys2024-02.2/ros2_ws/install/person_msgs/lib/libperson_msgs__rosidl_typesupport_fastrtps_c.so
[3.484s] -- Up-to-date: /home/koara/robosys2024-02.2/ros2_ws/install/person_msgs/include/person_msgs
[3.484s] -- Up-to-date: /home/koara/robosys2024-02.2/ros2_ws/install/person_msgs/include/person_msgs/srv
[3.484s] -- Up-to-date: /home/koara/robosys2024-02.2/ros2_ws/install/person_msgs/include/person_msgs/srv/detail
[3.484s] -- Up-to-date: /home/koara/robosys2024-02.2/ros2_ws/install/person_msgs/include/person_msgs/srv/detail/dds_fastrtps
[3.485s] -- Up-to-date: /home/koara/robosys2024-02.2/ros2_ws/install/person_msgs/include/person_msgs/srv/detail/query__rosidl_typesupport_fastrtps_cpp.hpp
[3.485s] -- Up-to-date: /home/koara/robosys2024-02.2/ros2_ws/install/person_msgs/include/person_msgs/msg
[3.485s] -- Up-to-date: /home/koara/robosys2024-02.2/ros2_ws/install/person_msgs/include/person_msgs/msg/rosidl_typesupport_fastrtps_cpp__visibility_control.h
[3.485s] -- Up-to-date: /home/koara/robosys2024-02.2/ros2_ws/install/person_msgs/include/person_msgs/msg/detail
[3.485s] -- Up-to-date: /home/koara/robosys2024-02.2/ros2_ws/install/person_msgs/include/person_msgs/msg/detail/dds_fastrtps
[3.485s] -- Up-to-date: /home/koara/robosys2024-02.2/ros2_ws/install/person_msgs/include/person_msgs/msg/detail/person__rosidl_typesupport_fastrtps_cpp.hpp
[3.485s] -- Up-to-date: /home/koara/robosys2024-02.2/ros2_ws/install/person_msgs/lib/libperson_msgs__rosidl_typesupport_fastrtps_cpp.so
[3.485s] -- Up-to-date: /home/koara/robosys2024-02.2/ros2_ws/install/person_msgs/include/person_msgs
[3.485s] -- Up-to-date: /home/koara/robosys2024-02.2/ros2_ws/install/person_msgs/include/person_msgs/srv
[3.485s] -- Up-to-date: /home/koara/robosys2024-02.2/ros2_ws/install/person_msgs/include/person_msgs/srv/detail
[3.486s] -- Up-to-date: /home/koara/robosys2024-02.2/ros2_ws/install/person_msgs/include/person_msgs/srv/detail/query__type_support.c
[3.486s] -- Up-to-date: /home/koara/robosys2024-02.2/ros2_ws/install/person_msgs/include/person_msgs/srv/detail/query__rosidl_typesupport_introspection_c.h
[3.486s] -- Up-to-date: /home/koara/robosys2024-02.2/ros2_ws/install/person_msgs/include/person_msgs/msg
[3.486s] -- Up-to-date: /home/koara/robosys2024-02.2/ros2_ws/install/person_msgs/include/person_msgs/msg/detail
[3.486s] -- Up-to-date: /home/koara/robosys2024-02.2/ros2_ws/install/person_msgs/include/person_msgs/msg/detail/person__rosidl_typesupport_introspection_c.h
[3.486s] -- Up-to-date: /home/koara/robosys2024-02.2/ros2_ws/install/person_msgs/include/person_msgs/msg/detail/person__type_support.c
[3.486s] -- Up-to-date: /home/koara/robosys2024-02.2/ros2_ws/install/person_msgs/include/person_msgs/msg/rosidl_typesupport_introspection_c__visibility_control.h
[3.486s] -- Up-to-date: /home/koara/robosys2024-02.2/ros2_ws/install/person_msgs/lib/libperson_msgs__rosidl_typesupport_introspection_c.so
[3.486s] -- Up-to-date: /home/koara/robosys2024-02.2/ros2_ws/install/person_msgs/lib/libperson_msgs__rosidl_typesupport_c.so
[3.486s] -- Up-to-date: /home/koara/robosys2024-02.2/ros2_ws/install/person_msgs/include/person_msgs
[3.486s] -- Up-to-date: /home/koara/robosys2024-02.2/ros2_ws/install/person_msgs/include/person_msgs/srv
[3.486s] -- Up-to-date: /home/koara/robosys2024-02.2/ros2_ws/install/person_msgs/include/person_msgs/srv/detail
[3.486s] -- Up-to-date: /home/koara/robosys2024-02.2/ros2_ws/install/person_msgs/include/person_msgs/srv/detail/query__traits.hpp
[3.486s] -- Up-to-date: /home/koara/robosys2024-02.2/ros2_ws/install/person_msgs/include/person_msgs/srv/detail/query__struct.hpp
[3.486s] -- Up-to-date: /home/koara/robosys2024-02.2/ros2_ws/install/person_msgs/include/person_msgs/srv/detail/query__type_support.hpp
[3.486s] -- Up-to-date: /home/koara/robosys2024-02.2/ros2_ws/install/person_msgs/include/person_msgs/srv/detail/query__builder.hpp
[3.486s] -- Up-to-date: /home/koara/robosys2024-02.2/ros2_ws/install/person_msgs/include/person_msgs/srv/query.hpp
[3.486s] -- Up-to-date: /home/koara/robosys2024-02.2/ros2_ws/install/person_msgs/include/person_msgs/msg
[3.487s] -- Up-to-date: /home/koara/robosys2024-02.2/ros2_ws/install/person_msgs/include/person_msgs/msg/detail
[3.487s] -- Up-to-date: /home/koara/robosys2024-02.2/ros2_ws/install/person_msgs/include/person_msgs/msg/detail/person__struct.hpp
[3.487s] -- Up-to-date: /home/koara/robosys2024-02.2/ros2_ws/install/person_msgs/include/person_msgs/msg/detail/person__type_support.hpp
[3.487s] -- Up-to-date: /home/koara/robosys2024-02.2/ros2_ws/install/person_msgs/include/person_msgs/msg/detail/person__builder.hpp
[3.487s] -- Up-to-date: /home/koara/robosys2024-02.2/ros2_ws/install/person_msgs/include/person_msgs/msg/detail/person__traits.hpp
[3.487s] -- Up-to-date: /home/koara/robosys2024-02.2/ros2_ws/install/person_msgs/include/person_msgs/msg/rosidl_generator_cpp__visibility_control.hpp
[3.487s] -- Up-to-date: /home/koara/robosys2024-02.2/ros2_ws/install/person_msgs/include/person_msgs/msg/person.hpp
[3.487s] -- Up-to-date: /home/koara/robosys2024-02.2/ros2_ws/install/person_msgs/include/person_msgs
[3.487s] -- Up-to-date: /home/koara/robosys2024-02.2/ros2_ws/install/person_msgs/include/person_msgs/srv
[3.487s] -- Up-to-date: /home/koara/robosys2024-02.2/ros2_ws/install/person_msgs/include/person_msgs/srv/detail
[3.487s] -- Up-to-date: /home/koara/robosys2024-02.2/ros2_ws/install/person_msgs/include/person_msgs/srv/detail/query__rosidl_typesupport_introspection_cpp.hpp
[3.487s] -- Up-to-date: /home/koara/robosys2024-02.2/ros2_ws/install/person_msgs/include/person_msgs/srv/detail/query__type_support.cpp
[3.487s] -- Up-to-date: /home/koara/robosys2024-02.2/ros2_ws/install/person_msgs/include/person_msgs/msg
[3.487s] -- Up-to-date: /home/koara/robosys2024-02.2/ros2_ws/install/person_msgs/include/person_msgs/msg/detail
[3.487s] -- Up-to-date: /home/koara/robosys2024-02.2/ros2_ws/install/person_msgs/include/person_msgs/msg/detail/person__rosidl_typesupport_introspection_cpp.hpp
[3.487s] -- Up-to-date: /home/koara/robosys2024-02.2/ros2_ws/install/person_msgs/include/person_msgs/msg/detail/person__type_support.cpp
[3.487s] -- Up-to-date: /home/koara/robosys2024-02.2/ros2_ws/install/person_msgs/lib/libperson_msgs__rosidl_typesupport_introspection_cpp.so
[3.487s] -- Up-to-date: /home/koara/robosys2024-02.2/ros2_ws/install/person_msgs/lib/libperson_msgs__rosidl_typesupport_cpp.so
[3.487s] -- Up-to-date: /home/koara/robosys2024-02.2/ros2_ws/install/person_msgs/share/person_msgs/environment/pythonpath.sh
[3.487s] -- Installing: /home/koara/robosys2024-02.2/ros2_ws/install/person_msgs/share/person_msgs/environment/pythonpath.dsv
[3.487s] -- Installing: /home/koara/robosys2024-02.2/ros2_ws/install/person_msgs/lib/python3.8/site-packages/person_msgs/__init__.py
[3.506s] Compiling '/home/koara/robosys2024-02.2/ros2_ws/install/person_msgs/lib/python3.8/site-packages/person_msgs/__init__.py'...
[3.509s] -- Up-to-date: /home/koara/robosys2024-02.2/ros2_ws/install/person_msgs/lib/python3.8/site-packages/person_msgs/msg
[3.509s] -- Up-to-date: /home/koara/robosys2024-02.2/ros2_ws/install/person_msgs/lib/python3.8/site-packages/person_msgs/msg/__init__.py
[3.509s] -- Up-to-date: /home/koara/robosys2024-02.2/ros2_ws/install/person_msgs/lib/python3.8/site-packages/person_msgs/msg/_person_s.c
[3.509s] -- Up-to-date: /home/koara/robosys2024-02.2/ros2_ws/install/person_msgs/lib/python3.8/site-packages/person_msgs/msg/_person.py
[3.509s] -- Up-to-date: /home/koara/robosys2024-02.2/ros2_ws/install/person_msgs/lib/python3.8/site-packages/person_msgs/srv
[3.509s] -- Up-to-date: /home/koara/robosys2024-02.2/ros2_ws/install/person_msgs/lib/python3.8/site-packages/person_msgs/srv/_query.py
[3.509s] -- Up-to-date: /home/koara/robosys2024-02.2/ros2_ws/install/person_msgs/lib/python3.8/site-packages/person_msgs/srv/_query_s.c
[3.510s] -- Up-to-date: /home/koara/robosys2024-02.2/ros2_ws/install/person_msgs/lib/python3.8/site-packages/person_msgs/srv/__init__.py
[3.510s] -- Up-to-date: /home/koara/robosys2024-02.2/ros2_ws/install/person_msgs/lib/python3.8/site-packages/person_msgs/person_msgs_s__rosidl_typesupport_fastrtps_c.cpython-38-x86_64-linux-gnu.so
[3.510s] -- Up-to-date: /home/koara/robosys2024-02.2/ros2_ws/install/person_msgs/lib/python3.8/site-packages/person_msgs/person_msgs_s__rosidl_typesupport_introspection_c.cpython-38-x86_64-linux-gnu.so
[3.510s] -- Up-to-date: /home/koara/robosys2024-02.2/ros2_ws/install/person_msgs/lib/python3.8/site-packages/person_msgs/person_msgs_s__rosidl_typesupport_c.cpython-38-x86_64-linux-gnu.so
[3.511s] -- Up-to-date: /home/koara/robosys2024-02.2/ros2_ws/install/person_msgs/lib/libperson_msgs__python.so
[3.511s] -- Up-to-date: /home/koara/robosys2024-02.2/ros2_ws/install/person_msgs/share/person_msgs/msg/Person.idl
[3.511s] -- Up-to-date: /home/koara/robosys2024-02.2/ros2_ws/install/person_msgs/share/person_msgs/srv/Query.idl
[3.511s] -- Installing: /home/koara/robosys2024-02.2/ros2_ws/install/person_msgs/share/person_msgs/msg/Person.msg
[3.511s] -- Up-to-date: /home/koara/robosys2024-02.2/ros2_ws/install/person_msgs/share/person_msgs/srv/Query.srv
[3.511s] -- Up-to-date: /home/koara/robosys2024-02.2/ros2_ws/install/person_msgs/share/person_msgs/srv/Query_Request.msg
[3.511s] -- Up-to-date: /home/koara/robosys2024-02.2/ros2_ws/install/person_msgs/share/person_msgs/srv/Query_Response.msg
[3.512s] -- Up-to-date: /home/koara/robosys2024-02.2/ros2_ws/install/person_msgs/share/ament_index/resource_index/package_run_dependencies/person_msgs
[3.512s] -- Up-to-date: /home/koara/robosys2024-02.2/ros2_ws/install/person_msgs/share/ament_index/resource_index/parent_prefix_path/person_msgs
[3.512s] -- Up-to-date: /home/koara/robosys2024-02.2/ros2_ws/install/person_msgs/share/person_msgs/environment/ament_prefix_path.sh
[3.512s] -- Installing: /home/koara/robosys2024-02.2/ros2_ws/install/person_msgs/share/person_msgs/environment/ament_prefix_path.dsv
[3.512s] -- Up-to-date: /home/koara/robosys2024-02.2/ros2_ws/install/person_msgs/share/person_msgs/environment/path.sh
[3.512s] -- Installing: /home/koara/robosys2024-02.2/ros2_ws/install/person_msgs/share/person_msgs/environment/path.dsv
[3.512s] -- Up-to-date: /home/koara/robosys2024-02.2/ros2_ws/install/person_msgs/share/person_msgs/local_setup.bash
[3.512s] -- Up-to-date: /home/koara/robosys2024-02.2/ros2_ws/install/person_msgs/share/person_msgs/local_setup.sh
[3.513s] -- Up-to-date: /home/koara/robosys2024-02.2/ros2_ws/install/person_msgs/share/person_msgs/local_setup.zsh
[3.513s] -- Installing: /home/koara/robosys2024-02.2/ros2_ws/install/person_msgs/share/person_msgs/local_setup.dsv
[3.513s] -- Installing: /home/koara/robosys2024-02.2/ros2_ws/install/person_msgs/share/person_msgs/package.dsv
[3.513s] -- Up-to-date: /home/koara/robosys2024-02.2/ros2_ws/install/person_msgs/share/ament_index/resource_index/packages/person_msgs
[3.513s] -- Up-to-date: /home/koara/robosys2024-02.2/ros2_ws/install/person_msgs/share/person_msgs/cmake/person_msgs__rosidl_generator_cExport.cmake
[3.513s] -- Installing: /home/koara/robosys2024-02.2/ros2_ws/install/person_msgs/share/person_msgs/cmake/person_msgs__rosidl_generator_cExport-noconfig.cmake
[3.513s] -- Up-to-date: /home/koara/robosys2024-02.2/ros2_ws/install/person_msgs/share/person_msgs/cmake/person_msgs__rosidl_typesupport_introspection_cExport.cmake
[3.513s] -- Installing: /home/koara/robosys2024-02.2/ros2_ws/install/person_msgs/share/person_msgs/cmake/person_msgs__rosidl_typesupport_introspection_cExport-noconfig.cmake
[3.513s] -- Up-to-date: /home/koara/robosys2024-02.2/ros2_ws/install/person_msgs/share/person_msgs/cmake/person_msgs__rosidl_typesupport_cExport.cmake
[3.514s] -- Installing: /home/koara/robosys2024-02.2/ros2_ws/install/person_msgs/share/person_msgs/cmake/person_msgs__rosidl_typesupport_cExport-noconfig.cmake
[3.514s] -- Up-to-date: /home/koara/robosys2024-02.2/ros2_ws/install/person_msgs/share/person_msgs/cmake/person_msgs__rosidl_generator_cppExport.cmake
[3.514s] -- Up-to-date: /home/koara/robosys2024-02.2/ros2_ws/install/person_msgs/share/person_msgs/cmake/person_msgs__rosidl_typesupport_introspection_cppExport.cmake
[3.514s] -- Installing: /home/koara/robosys2024-02.2/ros2_ws/install/person_msgs/share/person_msgs/cmake/person_msgs__rosidl_typesupport_introspection_cppExport-noconfig.cmake
[3.514s] -- Up-to-date: /home/koara/robosys2024-02.2/ros2_ws/install/person_msgs/share/person_msgs/cmake/person_msgs__rosidl_typesupport_cppExport.cmake
[3.514s] -- Installing: /home/koara/robosys2024-02.2/ros2_ws/install/person_msgs/share/person_msgs/cmake/person_msgs__rosidl_typesupport_cppExport-noconfig.cmake
[3.514s] -- Up-to-date: /home/koara/robosys2024-02.2/ros2_ws/install/person_msgs/share/person_msgs/cmake/rosidl_cmake-extras.cmake
[3.514s] -- Up-to-date: /home/koara/robosys2024-02.2/ros2_ws/install/person_msgs/share/person_msgs/cmake/ament_cmake_export_dependencies-extras.cmake
[3.514s] -- Up-to-date: /home/koara/robosys2024-02.2/ros2_ws/install/person_msgs/share/person_msgs/cmake/ament_cmake_export_libraries-extras.cmake
[3.515s] -- Up-to-date: /home/koara/robosys2024-02.2/ros2_ws/install/person_msgs/share/person_msgs/cmake/ament_cmake_export_targets-extras.cmake
[3.515s] -- Up-to-date: /home/koara/robosys2024-02.2/ros2_ws/install/person_msgs/share/person_msgs/cmake/ament_cmake_export_include_directories-extras.cmake
[3.515s] -- Up-to-date: /home/koara/robosys2024-02.2/ros2_ws/install/person_msgs/share/person_msgs/cmake/rosidl_cmake_export_typesupport_libraries-extras.cmake
[3.515s] -- Up-to-date: /home/koara/robosys2024-02.2/ros2_ws/install/person_msgs/share/person_msgs/cmake/rosidl_cmake_export_typesupport_targets-extras.cmake
[3.515s] -- Up-to-date: /home/koara/robosys2024-02.2/ros2_ws/install/person_msgs/share/person_msgs/cmake/person_msgsConfig.cmake
[3.515s] -- Up-to-date: /home/koara/robosys2024-02.2/ros2_ws/install/person_msgs/share/person_msgs/cmake/person_msgsConfig-version.cmake
[3.515s] -- Installing: /home/koara/robosys2024-02.2/ros2_ws/install/person_msgs/share/person_msgs/package.xml
[3.517s] Invoked command in '/home/koara/robosys2024-02.2/ros2_ws/build/person_msgs' returned '0': CMAKE_PREFIX_PATH=/opt/ros/foxy /usr/bin/cmake --install /home/koara/robosys2024-02.2/ros2_ws/build/person_msgs
