[0.764s] Invoking command in '/home/koara/ros2_ws/src/mypkg': PYTHONPATH=/home/koara/ros2_ws/src/mypkg/build/mypkg/prefix_override:/usr/lib/python3/dist-packages/colcon_core/task/python/colcon_distutils_commands:/home/koara/ros2_ws/src/mypkg/install/mypkg/lib/python3.8/site-packages:${PYTHONPATH} /usr/bin/python3 -W ignore:setup.py install is deprecated setup.py egg_info --egg-base build/mypkg build --build-base /home/koara/ros2_ws/src/mypkg/build/mypkg/build install --record /home/koara/ros2_ws/src/mypkg/build/mypkg/install.log --install-scripts $base/lib/mypkg --single-version-externally-managed install_data
[0.966s] running egg_info
[0.966s] writing build/mypkg/mypkg.egg-info/PKG-INFO
[0.967s] writing dependency_links to build/mypkg/mypkg.egg-info/dependency_links.txt
[0.967s] writing entry points to build/mypkg/mypkg.egg-info/entry_points.txt
[0.968s] writing requirements to build/mypkg/mypkg.egg-info/requires.txt
[0.968s] writing top-level names to build/mypkg/mypkg.egg-info/top_level.txt
[1.008s] reading manifest file 'build/mypkg/mypkg.egg-info/SOURCES.txt'
[1.009s] writing manifest file 'build/mypkg/mypkg.egg-info/SOURCES.txt'
[1.009s] running build
[1.009s] running build_py
[1.010s] copying mypkg/talker.py -> /home/koara/ros2_ws/src/mypkg/build/mypkg/build/lib/mypkg
[1.012s] copying mypkg/listener.py -> /home/koara/ros2_ws/src/mypkg/build/mypkg/build/lib/mypkg
[1.012s] running install
[1.013s] running install_lib
[1.015s] copying /home/koara/ros2_ws/src/mypkg/build/mypkg/build/lib/mypkg/talker.py -> /home/koara/ros2_ws/src/mypkg/install/mypkg/lib/python3.8/site-packages/mypkg
[1.015s] copying /home/koara/ros2_ws/src/mypkg/build/mypkg/build/lib/mypkg/listener.py -> /home/koara/ros2_ws/src/mypkg/install/mypkg/lib/python3.8/site-packages/mypkg
[1.017s] byte-compiling /home/koara/ros2_ws/src/mypkg/install/mypkg/lib/python3.8/site-packages/mypkg/talker.py to talker.cpython-38.pyc
[1.019s] byte-compiling /home/koara/ros2_ws/src/mypkg/install/mypkg/lib/python3.8/site-packages/mypkg/listener.py to listener.cpython-38.pyc
[1.020s] running install_data
[1.021s] copying launch/talk_listen.launch.py -> /home/koara/ros2_ws/src/mypkg/install/mypkg/share/mypkg
[1.022s] running install_egg_info
[1.023s] removing '/home/koara/ros2_ws/src/mypkg/install/mypkg/lib/python3.8/site-packages/mypkg-0.0.0-py3.8.egg-info' (and everything under it)
[1.024s] Copying build/mypkg/mypkg.egg-info to /home/koara/ros2_ws/src/mypkg/install/mypkg/lib/python3.8/site-packages/mypkg-0.0.0-py3.8.egg-info
[1.026s] running install_scripts
[1.043s] Installing listener script to /home/koara/ros2_ws/src/mypkg/install/mypkg/lib/mypkg
[1.044s] Installing talker script to /home/koara/ros2_ws/src/mypkg/install/mypkg/lib/mypkg
[1.045s] writing list of installed files to '/home/koara/ros2_ws/src/mypkg/build/mypkg/install.log'
[1.068s] Invoked command in '/home/koara/ros2_ws/src/mypkg' returned '0': PYTHONPATH=/home/koara/ros2_ws/src/mypkg/build/mypkg/prefix_override:/usr/lib/python3/dist-packages/colcon_core/task/python/colcon_distutils_commands:/home/koara/ros2_ws/src/mypkg/install/mypkg/lib/python3.8/site-packages:${PYTHONPATH} /usr/bin/python3 -W ignore:setup.py install is deprecated setup.py egg_info --egg-base build/mypkg build --build-base /home/koara/ros2_ws/src/mypkg/build/mypkg/build install --record /home/koara/ros2_ws/src/mypkg/build/mypkg/install.log --install-scripts $base/lib/mypkg --single-version-externally-managed install_data
