[0.418s] DEBUG:colcon:Command line arguments: ['/usr/bin/colcon', 'build']
[0.418s] DEBUG:colcon:Parsed command line arguments: Namespace(allow_overriding=[], ament_cmake_args=None, base_paths=['.'], build_base='build', catkin_cmake_args=None, catkin_skip_building_tests=False, cmake_args=None, cmake_clean_cache=False, cmake_clean_first=False, cmake_force_configure=False, cmake_target=None, cmake_target_skip_unavailable=False, continue_on_error=False, event_handlers=None, executor='parallel', ignore_user_meta=False, install_base='install', log_base=None, log_level=None, main=<bound method BuildVerb.main of <colcon_core.verb.build.BuildVerb object at 0x7f8e887a42b0>>, merge_install=False, metas=['./colcon.meta'], packages_above=None, packages_above_and_dependencies=None, packages_above_depth=None, packages_end=None, packages_ignore=None, packages_ignore_regex=None, packages_select=None, packages_select_build_failed=False, packages_select_by_dep=None, packages_select_regex=None, packages_select_test_failures=False, packages_skip=None, packages_skip_build_finished=False, packages_skip_by_dep=None, packages_skip_regex=None, packages_skip_test_passed=False, packages_skip_up_to=None, packages_start=None, packages_up_to=None, packages_up_to_regex=None, parallel_workers=12, paths=None, symlink_install=False, test_result_base=None, verb_extension=<colcon_core.verb.build.BuildVerb object at 0x7f8e887a42b0>, verb_name='build', verb_parser=<colcon_defaults.argument_parser.defaults.DefaultArgumentsDecorator object at 0x7f8e887a47f0>)
[0.643s] Level 1:colcon.colcon_core.package_discovery:discover_packages(colcon_meta) check parameters
[0.643s] Level 1:colcon.colcon_core.package_discovery:discover_packages(recursive) check parameters
[0.643s] Level 1:colcon.colcon_core.package_discovery:discover_packages(ignore) check parameters
[0.643s] Level 1:colcon.colcon_core.package_discovery:discover_packages(path) check parameters
[0.643s] Level 1:colcon.colcon_core.package_discovery:discover_packages(colcon_meta) discover
[0.643s] Level 1:colcon.colcon_core.package_discovery:discover_packages(recursive) discover
[0.643s] INFO:colcon.colcon_core.package_discovery:Crawling recursively for packages in '/home/koara/robosys2024-02.2'
[0.644s] Level 1:colcon.colcon_core.package_identification:_identify(.) by extensions ['ignore', 'ignore_ament_install']
[0.644s] Level 1:colcon.colcon_core.package_identification:_identify(.) by extension 'ignore'
[0.644s] Level 1:colcon.colcon_core.package_identification:_identify(.) by extension 'ignore_ament_install'
[0.644s] Level 1:colcon.colcon_core.package_identification:_identify(.) by extensions ['colcon_pkg']
[0.644s] Level 1:colcon.colcon_core.package_identification:_identify(.) by extension 'colcon_pkg'
[0.644s] Level 1:colcon.colcon_core.package_identification:_identify(.) by extensions ['colcon_meta']
[0.644s] Level 1:colcon.colcon_core.package_identification:_identify(.) by extension 'colcon_meta'
[0.644s] Level 1:colcon.colcon_core.package_identification:_identify(.) by extensions ['ros']
[0.644s] Level 1:colcon.colcon_core.package_identification:_identify(.) by extension 'ros'
[0.660s] Level 1:colcon.colcon_core.package_identification:_identify(.) by extensions ['cmake', 'python']
[0.660s] Level 1:colcon.colcon_core.package_identification:_identify(.) by extension 'cmake'
[0.660s] Level 1:colcon.colcon_core.package_identification:_identify(.) by extension 'python'
[0.660s] Level 1:colcon.colcon_core.package_identification:_identify(.) by extensions ['python_setup_py']
[0.660s] Level 1:colcon.colcon_core.package_identification:_identify(.) by extension 'python_setup_py'
[0.661s] Level 1:colcon.colcon_core.package_identification:_identify(build) by extensions ['ignore', 'ignore_ament_install']
[0.661s] Level 1:colcon.colcon_core.package_identification:_identify(build) by extension 'ignore'
[0.661s] Level 1:colcon.colcon_core.package_identification:_identify(build) ignored
[0.661s] Level 1:colcon.colcon_core.package_identification:_identify(install) by extensions ['ignore', 'ignore_ament_install']
[0.661s] Level 1:colcon.colcon_core.package_identification:_identify(install) by extension 'ignore'
[0.661s] Level 1:colcon.colcon_core.package_identification:_identify(install) ignored
[0.661s] Level 1:colcon.colcon_core.package_identification:_identify(log) by extensions ['ignore', 'ignore_ament_install']
[0.661s] Level 1:colcon.colcon_core.package_identification:_identify(log) by extension 'ignore'
[0.661s] Level 1:colcon.colcon_core.package_identification:_identify(log) ignored
[0.662s] Level 1:colcon.colcon_core.package_identification:_identify(ros2_ws) by extensions ['ignore', 'ignore_ament_install']
[0.662s] Level 1:colcon.colcon_core.package_identification:_identify(ros2_ws) by extension 'ignore'
[0.662s] Level 1:colcon.colcon_core.package_identification:_identify(ros2_ws) by extension 'ignore_ament_install'
[0.662s] Level 1:colcon.colcon_core.package_identification:_identify(ros2_ws) by extensions ['colcon_pkg']
[0.662s] Level 1:colcon.colcon_core.package_identification:_identify(ros2_ws) by extension 'colcon_pkg'
[0.662s] Level 1:colcon.colcon_core.package_identification:_identify(ros2_ws) by extensions ['colcon_meta']
[0.662s] Level 1:colcon.colcon_core.package_identification:_identify(ros2_ws) by extension 'colcon_meta'
[0.662s] Level 1:colcon.colcon_core.package_identification:_identify(ros2_ws) by extensions ['ros']
[0.662s] Level 1:colcon.colcon_core.package_identification:_identify(ros2_ws) by extension 'ros'
[0.662s] Level 1:colcon.colcon_core.package_identification:_identify(ros2_ws) by extensions ['cmake', 'python']
[0.662s] Level 1:colcon.colcon_core.package_identification:_identify(ros2_ws) by extension 'cmake'
[0.662s] Level 1:colcon.colcon_core.package_identification:_identify(ros2_ws) by extension 'python'
[0.662s] Level 1:colcon.colcon_core.package_identification:_identify(ros2_ws) by extensions ['python_setup_py']
[0.662s] Level 1:colcon.colcon_core.package_identification:_identify(ros2_ws) by extension 'python_setup_py'
[0.662s] Level 1:colcon.colcon_core.package_identification:_identify(ros2_ws/build) by extensions ['ignore', 'ignore_ament_install']
[0.663s] Level 1:colcon.colcon_core.package_identification:_identify(ros2_ws/build) by extension 'ignore'
[0.663s] Level 1:colcon.colcon_core.package_identification:_identify(ros2_ws/build) ignored
[0.663s] Level 1:colcon.colcon_core.package_identification:_identify(ros2_ws/install) by extensions ['ignore', 'ignore_ament_install']
[0.663s] Level 1:colcon.colcon_core.package_identification:_identify(ros2_ws/install) by extension 'ignore'
[0.663s] Level 1:colcon.colcon_core.package_identification:_identify(ros2_ws/install) ignored
[0.664s] Level 1:colcon.colcon_core.package_identification:_identify(ros2_ws/log) by extensions ['ignore', 'ignore_ament_install']
[0.664s] Level 1:colcon.colcon_core.package_identification:_identify(ros2_ws/log) by extension 'ignore'
[0.664s] Level 1:colcon.colcon_core.package_identification:_identify(ros2_ws/log) ignored
[0.664s] Level 1:colcon.colcon_core.package_identification:_identify(ros2_ws/src) by extensions ['ignore', 'ignore_ament_install']
[0.664s] Level 1:colcon.colcon_core.package_identification:_identify(ros2_ws/src) by extension 'ignore'
[0.664s] Level 1:colcon.colcon_core.package_identification:_identify(ros2_ws/src) by extension 'ignore_ament_install'
[0.664s] Level 1:colcon.colcon_core.package_identification:_identify(ros2_ws/src) by extensions ['colcon_pkg']
[0.664s] Level 1:colcon.colcon_core.package_identification:_identify(ros2_ws/src) by extension 'colcon_pkg'
[0.664s] Level 1:colcon.colcon_core.package_identification:_identify(ros2_ws/src) by extensions ['colcon_meta']
[0.664s] Level 1:colcon.colcon_core.package_identification:_identify(ros2_ws/src) by extension 'colcon_meta'
[0.664s] Level 1:colcon.colcon_core.package_identification:_identify(ros2_ws/src) by extensions ['ros']
[0.664s] Level 1:colcon.colcon_core.package_identification:_identify(ros2_ws/src) by extension 'ros'
[0.664s] Level 1:colcon.colcon_core.package_identification:_identify(ros2_ws/src) by extensions ['cmake', 'python']
[0.664s] Level 1:colcon.colcon_core.package_identification:_identify(ros2_ws/src) by extension 'cmake'
[0.664s] Level 1:colcon.colcon_core.package_identification:_identify(ros2_ws/src) by extension 'python'
[0.664s] Level 1:colcon.colcon_core.package_identification:_identify(ros2_ws/src) by extensions ['python_setup_py']
[0.664s] Level 1:colcon.colcon_core.package_identification:_identify(ros2_ws/src) by extension 'python_setup_py'
[0.665s] Level 1:colcon.colcon_core.package_identification:_identify(ros2_ws/src/build) by extensions ['ignore', 'ignore_ament_install']
[0.665s] Level 1:colcon.colcon_core.package_identification:_identify(ros2_ws/src/build) by extension 'ignore'
[0.665s] Level 1:colcon.colcon_core.package_identification:_identify(ros2_ws/src/build) ignored
[0.665s] Level 1:colcon.colcon_core.package_identification:_identify(ros2_ws/src/install) by extensions ['ignore', 'ignore_ament_install']
[0.665s] Level 1:colcon.colcon_core.package_identification:_identify(ros2_ws/src/install) by extension 'ignore'
[0.665s] Level 1:colcon.colcon_core.package_identification:_identify(ros2_ws/src/install) ignored
[0.665s] Level 1:colcon.colcon_core.package_identification:_identify(ros2_ws/src/log) by extensions ['ignore', 'ignore_ament_install']
[0.666s] Level 1:colcon.colcon_core.package_identification:_identify(ros2_ws/src/log) by extension 'ignore'
[0.666s] Level 1:colcon.colcon_core.package_identification:_identify(ros2_ws/src/log) ignored
[0.666s] Level 1:colcon.colcon_core.package_identification:_identify(ros2_ws/src/mypkg) by extensions ['ignore', 'ignore_ament_install']
[0.666s] Level 1:colcon.colcon_core.package_identification:_identify(ros2_ws/src/mypkg) by extension 'ignore'
[0.666s] Level 1:colcon.colcon_core.package_identification:_identify(ros2_ws/src/mypkg) by extension 'ignore_ament_install'
[0.666s] Level 1:colcon.colcon_core.package_identification:_identify(ros2_ws/src/mypkg) by extensions ['colcon_pkg']
[0.666s] Level 1:colcon.colcon_core.package_identification:_identify(ros2_ws/src/mypkg) by extension 'colcon_pkg'
[0.666s] Level 1:colcon.colcon_core.package_identification:_identify(ros2_ws/src/mypkg) by extensions ['colcon_meta']
[0.666s] Level 1:colcon.colcon_core.package_identification:_identify(ros2_ws/src/mypkg) by extension 'colcon_meta'
[0.666s] Level 1:colcon.colcon_core.package_identification:_identify(ros2_ws/src/mypkg) by extensions ['ros']
[0.666s] Level 1:colcon.colcon_core.package_identification:_identify(ros2_ws/src/mypkg) by extension 'ros'
[0.670s] DEBUG:colcon.colcon_core.package_identification:Package 'ros2_ws/src/mypkg' with type 'ros.ament_python' and name 'mypkg'
[0.670s] Level 1:colcon.colcon_core.package_identification:_identify(ros2_ws/src/person_msgs) by extensions ['ignore', 'ignore_ament_install']
[0.670s] Level 1:colcon.colcon_core.package_identification:_identify(ros2_ws/src/person_msgs) by extension 'ignore'
[0.670s] Level 1:colcon.colcon_core.package_identification:_identify(ros2_ws/src/person_msgs) by extension 'ignore_ament_install'
[0.670s] Level 1:colcon.colcon_core.package_identification:_identify(ros2_ws/src/person_msgs) by extensions ['colcon_pkg']
[0.670s] Level 1:colcon.colcon_core.package_identification:_identify(ros2_ws/src/person_msgs) by extension 'colcon_pkg'
[0.670s] Level 1:colcon.colcon_core.package_identification:_identify(ros2_ws/src/person_msgs) by extensions ['colcon_meta']
[0.670s] Level 1:colcon.colcon_core.package_identification:_identify(ros2_ws/src/person_msgs) by extension 'colcon_meta'
[0.670s] Level 1:colcon.colcon_core.package_identification:_identify(ros2_ws/src/person_msgs) by extensions ['ros']
[0.670s] Level 1:colcon.colcon_core.package_identification:_identify(ros2_ws/src/person_msgs) by extension 'ros'
[0.672s] DEBUG:colcon.colcon_core.package_identification:Package 'ros2_ws/src/person_msgs' with type 'ros.ament_cmake' and name 'person_msgs'
[0.672s] Level 1:colcon.colcon_core.package_discovery:discover_packages(recursive) using defaults
[0.672s] Level 1:colcon.colcon_core.package_discovery:discover_packages(ignore) discover
[0.672s] Level 1:colcon.colcon_core.package_discovery:discover_packages(ignore) using defaults
[0.672s] Level 1:colcon.colcon_core.package_discovery:discover_packages(path) discover
[0.672s] Level 1:colcon.colcon_core.package_discovery:discover_packages(path) using defaults
[0.701s] Level 1:colcon.colcon_core.package_discovery:discover_packages(prefix_path) check parameters
[0.701s] Level 1:colcon.colcon_core.package_discovery:discover_packages(prefix_path) discover
[0.707s] DEBUG:colcon.colcon_installed_package_information.package_discovery:Found 2 installed packages in /home/koara/robosys2024-4/ros2_ws/install
[0.708s] DEBUG:colcon.colcon_installed_package_information.package_discovery:Found 256 installed packages in /opt/ros/foxy
[0.710s] Level 1:colcon.colcon_core.package_discovery:discover_packages(prefix_path) using defaults
[0.842s] Level 5:colcon.colcon_core.verb:set package 'mypkg' build argument 'cmake_args' from command line to 'None'
[0.842s] Level 5:colcon.colcon_core.verb:set package 'mypkg' build argument 'cmake_target' from command line to 'None'
[0.842s] Level 5:colcon.colcon_core.verb:set package 'mypkg' build argument 'cmake_target_skip_unavailable' from command line to 'False'
[0.842s] Level 5:colcon.colcon_core.verb:set package 'mypkg' build argument 'cmake_clean_cache' from command line to 'False'
[0.842s] Level 5:colcon.colcon_core.verb:set package 'mypkg' build argument 'cmake_clean_first' from command line to 'False'
[0.842s] Level 5:colcon.colcon_core.verb:set package 'mypkg' build argument 'cmake_force_configure' from command line to 'False'
[0.842s] Level 5:colcon.colcon_core.verb:set package 'mypkg' build argument 'ament_cmake_args' from command line to 'None'
[0.842s] Level 5:colcon.colcon_core.verb:set package 'mypkg' build argument 'catkin_cmake_args' from command line to 'None'
[0.842s] Level 5:colcon.colcon_core.verb:set package 'mypkg' build argument 'catkin_skip_building_tests' from command line to 'False'
[0.842s] DEBUG:colcon.colcon_core.verb:Building package 'mypkg' with the following arguments: {'ament_cmake_args': None, 'build_base': '/home/koara/robosys2024-02.2/build/mypkg', 'catkin_cmake_args': None, 'catkin_skip_building_tests': False, 'cmake_args': None, 'cmake_clean_cache': False, 'cmake_clean_first': False, 'cmake_force_configure': False, 'cmake_target': None, 'cmake_target_skip_unavailable': False, 'install_base': '/home/koara/robosys2024-02.2/install/mypkg', 'merge_install': False, 'path': '/home/koara/robosys2024-02.2/ros2_ws/src/mypkg', 'symlink_install': False, 'test_result_base': None}
[0.843s] Level 5:colcon.colcon_core.verb:set package 'person_msgs' build argument 'cmake_args' from command line to 'None'
[0.843s] Level 5:colcon.colcon_core.verb:set package 'person_msgs' build argument 'cmake_target' from command line to 'None'
[0.843s] Level 5:colcon.colcon_core.verb:set package 'person_msgs' build argument 'cmake_target_skip_unavailable' from command line to 'False'
[0.843s] Level 5:colcon.colcon_core.verb:set package 'person_msgs' build argument 'cmake_clean_cache' from command line to 'False'
[0.843s] Level 5:colcon.colcon_core.verb:set package 'person_msgs' build argument 'cmake_clean_first' from command line to 'False'
[0.843s] Level 5:colcon.colcon_core.verb:set package 'person_msgs' build argument 'cmake_force_configure' from command line to 'False'
[0.843s] Level 5:colcon.colcon_core.verb:set package 'person_msgs' build argument 'ament_cmake_args' from command line to 'None'
[0.843s] Level 5:colcon.colcon_core.verb:set package 'person_msgs' build argument 'catkin_cmake_args' from command line to 'None'
[0.843s] Level 5:colcon.colcon_core.verb:set package 'person_msgs' build argument 'catkin_skip_building_tests' from command line to 'False'
[0.843s] DEBUG:colcon.colcon_core.verb:Building package 'person_msgs' with the following arguments: {'ament_cmake_args': None, 'build_base': '/home/koara/robosys2024-02.2/build/person_msgs', 'catkin_cmake_args': None, 'catkin_skip_building_tests': False, 'cmake_args': None, 'cmake_clean_cache': False, 'cmake_clean_first': False, 'cmake_force_configure': False, 'cmake_target': None, 'cmake_target_skip_unavailable': False, 'install_base': '/home/koara/robosys2024-02.2/install/person_msgs', 'merge_install': False, 'path': '/home/koara/robosys2024-02.2/ros2_ws/src/person_msgs', 'symlink_install': False, 'test_result_base': None}
[0.843s] INFO:colcon.colcon_core.executor:Executing jobs using 'parallel' executor
[0.844s] DEBUG:colcon.colcon_parallel_executor.executor.parallel:run_until_complete
[0.845s] INFO:colcon.colcon_ros.task.ament_python.build:Building ROS package in '/home/koara/robosys2024-02.2/ros2_ws/src/mypkg' with build type 'ament_python'
[0.845s] Level 1:colcon.colcon_core.shell:create_environment_hook('mypkg', 'ament_prefix_path')
[0.851s] INFO:colcon.colcon_core.plugin_system:Skipping extension 'colcon_core.shell.bat': Not used on non-Windows systems
[0.851s] INFO:colcon.colcon_core.shell:Creating environment hook '/home/koara/robosys2024-02.2/install/mypkg/share/mypkg/hook/ament_prefix_path.ps1'
[0.853s] INFO:colcon.colcon_core.shell:Creating environment descriptor '/home/koara/robosys2024-02.2/install/mypkg/share/mypkg/hook/ament_prefix_path.dsv'
[0.854s] INFO:colcon.colcon_core.shell:Creating environment hook '/home/koara/robosys2024-02.2/install/mypkg/share/mypkg/hook/ament_prefix_path.sh'
[0.855s] INFO:colcon.colcon_core.shell:Skip shell extension 'powershell' for command environment: Not usable outside of PowerShell
[0.855s] DEBUG:colcon.colcon_core.shell:Skip shell extension 'dsv' for command environment
[0.861s] INFO:colcon.colcon_ros.task.ament_cmake.build:Building ROS package in '/home/koara/robosys2024-02.2/ros2_ws/src/person_msgs' with build type 'ament_cmake'
[0.862s] INFO:colcon.colcon_cmake.task.cmake.build:Building CMake package in '/home/koara/robosys2024-02.2/ros2_ws/src/person_msgs'
[0.862s] INFO:colcon.colcon_core.shell:Skip shell extension 'powershell' for command environment: Not usable outside of PowerShell
[0.862s] DEBUG:colcon.colcon_core.shell:Skip shell extension 'dsv' for command environment
[1.052s] INFO:colcon.colcon_core.task.python.build:Building Python package in '/home/koara/robosys2024-02.2/ros2_ws/src/mypkg'
[1.053s] INFO:colcon.colcon_core.shell:Skip shell extension 'powershell' for command environment: Not usable outside of PowerShell
[1.053s] DEBUG:colcon.colcon_core.shell:Skip shell extension 'dsv' for command environment
[1.062s] DEBUG:colcon.colcon_core.event_handler.log_command:Invoking command in '/home/koara/robosys2024-02.2/build/person_msgs': CMAKE_PREFIX_PATH=/home/koara/robosys2024-4/ros2_ws/install/person_msgs:/home/koara/robosys2024-4/ros2_ws/install/mypkg:/opt/ros/foxy /usr/bin/cmake /home/koara/robosys2024-02.2/ros2_ws/src/person_msgs -DCMAKE_INSTALL_PREFIX=/home/koara/robosys2024-02.2/install/person_msgs
[1.564s] DEBUG:colcon.colcon_core.event_handler.log_command:Invoking command in '/home/koara/robosys2024-02.2/ros2_ws/src/mypkg': PYTHONPATH=/home/koara/robosys2024-02.2/build/mypkg/prefix_override:/usr/lib/python3/dist-packages/colcon_core/task/python/colcon_distutils_commands:/home/koara/robosys2024-02.2/install/mypkg/lib/python3.8/site-packages:${PYTHONPATH} /usr/bin/python3 -W ignore:setup.py install is deprecated setup.py egg_info --egg-base ../../../build/mypkg build --build-base /home/koara/robosys2024-02.2/build/mypkg/build install --record /home/koara/robosys2024-02.2/build/mypkg/install.log --install-scripts $base/lib/mypkg --single-version-externally-managed install_data
[1.838s] DEBUG:colcon.colcon_core.event_handler.log_command:Invoked command in '/home/koara/robosys2024-02.2/ros2_ws/src/mypkg' returned '0': PYTHONPATH=/home/koara/robosys2024-02.2/build/mypkg/prefix_override:/usr/lib/python3/dist-packages/colcon_core/task/python/colcon_distutils_commands:/home/koara/robosys2024-02.2/install/mypkg/lib/python3.8/site-packages:${PYTHONPATH} /usr/bin/python3 -W ignore:setup.py install is deprecated setup.py egg_info --egg-base ../../../build/mypkg build --build-base /home/koara/robosys2024-02.2/build/mypkg/build install --record /home/koara/robosys2024-02.2/build/mypkg/install.log --install-scripts $base/lib/mypkg --single-version-externally-managed install_data
[1.846s] Level 1:colcon.colcon_core.environment:checking '/home/koara/robosys2024-02.2/install/mypkg' for CMake module files
[1.848s] Level 1:colcon.colcon_core.environment:checking '/home/koara/robosys2024-02.2/install/mypkg' for CMake config files
[1.852s] Level 1:colcon.colcon_core.environment:checking '/home/koara/robosys2024-02.2/install/mypkg/lib'
[1.852s] Level 1:colcon.colcon_core.environment:checking '/home/koara/robosys2024-02.2/install/mypkg/bin'
[1.852s] Level 1:colcon.colcon_core.environment:checking '/home/koara/robosys2024-02.2/install/mypkg/lib/pkgconfig/mypkg.pc'
[1.852s] Level 1:colcon.colcon_core.environment:checking '/home/koara/robosys2024-02.2/install/mypkg/lib/python3.8/site-packages'
[1.852s] Level 1:colcon.colcon_core.shell:create_environment_hook('mypkg', 'pythonpath')
[1.852s] INFO:colcon.colcon_core.shell:Creating environment hook '/home/koara/robosys2024-02.2/install/mypkg/share/mypkg/hook/pythonpath.ps1'
[1.853s] INFO:colcon.colcon_core.shell:Creating environment descriptor '/home/koara/robosys2024-02.2/install/mypkg/share/mypkg/hook/pythonpath.dsv'
[1.853s] INFO:colcon.colcon_core.shell:Creating environment hook '/home/koara/robosys2024-02.2/install/mypkg/share/mypkg/hook/pythonpath.sh'
[1.854s] Level 1:colcon.colcon_core.environment:checking '/home/koara/robosys2024-02.2/install/mypkg/bin'
[1.854s] Level 1:colcon.colcon_core.environment:create_environment_scripts_only(mypkg)
[1.854s] INFO:colcon.colcon_core.shell:Creating package script '/home/koara/robosys2024-02.2/install/mypkg/share/mypkg/package.ps1'
[1.855s] INFO:colcon.colcon_core.shell:Creating package descriptor '/home/koara/robosys2024-02.2/install/mypkg/share/mypkg/package.dsv'
[1.856s] INFO:colcon.colcon_core.shell:Creating package script '/home/koara/robosys2024-02.2/install/mypkg/share/mypkg/package.sh'
[1.857s] INFO:colcon.colcon_core.shell:Creating package script '/home/koara/robosys2024-02.2/install/mypkg/share/mypkg/package.bash'
[1.857s] INFO:colcon.colcon_core.shell:Creating package script '/home/koara/robosys2024-02.2/install/mypkg/share/mypkg/package.zsh'
[1.858s] Level 1:colcon.colcon_core.environment:create_file_with_runtime_dependencies(/home/koara/robosys2024-02.2/install/mypkg/share/colcon-core/packages/mypkg)
[6.660s] DEBUG:colcon.colcon_core.event_handler.log_command:Invoked command in '/home/koara/robosys2024-02.2/build/person_msgs' returned '0': CMAKE_PREFIX_PATH=/home/koara/robosys2024-4/ros2_ws/install/person_msgs:/home/koara/robosys2024-4/ros2_ws/install/mypkg:/opt/ros/foxy /usr/bin/cmake /home/koara/robosys2024-02.2/ros2_ws/src/person_msgs -DCMAKE_INSTALL_PREFIX=/home/koara/robosys2024-02.2/install/person_msgs
[6.663s] DEBUG:colcon.colcon_core.event_handler.log_command:Invoking command in '/home/koara/robosys2024-02.2/build/person_msgs': CMAKE_PREFIX_PATH=/home/koara/robosys2024-4/ros2_ws/install/person_msgs:/home/koara/robosys2024-4/ros2_ws/install/mypkg:/opt/ros/foxy /usr/bin/cmake --build /home/koara/robosys2024-02.2/build/person_msgs -- -j12 -l12
[9.925s] DEBUG:colcon.colcon_core.event_handler.log_command:Invoked command in '/home/koara/robosys2024-02.2/build/person_msgs' returned '0': CMAKE_PREFIX_PATH=/home/koara/robosys2024-4/ros2_ws/install/person_msgs:/home/koara/robosys2024-4/ros2_ws/install/mypkg:/opt/ros/foxy /usr/bin/cmake --build /home/koara/robosys2024-02.2/build/person_msgs -- -j12 -l12
[10.008s] DEBUG:colcon.colcon_core.event_handler.log_command:Invoking command in '/home/koara/robosys2024-02.2/build/person_msgs': CMAKE_PREFIX_PATH=/home/koara/robosys2024-4/ros2_ws/install/person_msgs:/home/koara/robosys2024-4/ros2_ws/install/mypkg:/opt/ros/foxy /usr/bin/cmake --install /home/koara/robosys2024-02.2/build/person_msgs
[10.080s] Level 1:colcon.colcon_core.environment:create_environment_scripts_only(person_msgs)
[10.080s] Level 1:colcon.colcon_core.environment:checking '/home/koara/robosys2024-02.2/install/person_msgs' for CMake module files
[10.081s] DEBUG:colcon.colcon_core.event_handler.log_command:Invoked command in '/home/koara/robosys2024-02.2/build/person_msgs' returned '0': CMAKE_PREFIX_PATH=/home/koara/robosys2024-4/ros2_ws/install/person_msgs:/home/koara/robosys2024-4/ros2_ws/install/mypkg:/opt/ros/foxy /usr/bin/cmake --install /home/koara/robosys2024-02.2/build/person_msgs
[10.081s] Level 1:colcon.colcon_core.environment:checking '/home/koara/robosys2024-02.2/install/person_msgs' for CMake config files
[10.082s] Level 1:colcon.colcon_core.shell:create_environment_hook('person_msgs', 'cmake_prefix_path')
[10.082s] INFO:colcon.colcon_core.shell:Creating environment hook '/home/koara/robosys2024-02.2/install/person_msgs/share/person_msgs/hook/cmake_prefix_path.ps1'
[10.083s] INFO:colcon.colcon_core.shell:Creating environment descriptor '/home/koara/robosys2024-02.2/install/person_msgs/share/person_msgs/hook/cmake_prefix_path.dsv'
[10.083s] INFO:colcon.colcon_core.shell:Creating environment hook '/home/koara/robosys2024-02.2/install/person_msgs/share/person_msgs/hook/cmake_prefix_path.sh'
[10.084s] Level 1:colcon.colcon_core.environment:checking '/home/koara/robosys2024-02.2/install/person_msgs/lib'
[10.084s] Level 1:colcon.colcon_core.shell:create_environment_hook('person_msgs', 'ld_library_path_lib')
[10.084s] INFO:colcon.colcon_core.shell:Creating environment hook '/home/koara/robosys2024-02.2/install/person_msgs/share/person_msgs/hook/ld_library_path_lib.ps1'
[10.084s] INFO:colcon.colcon_core.shell:Creating environment descriptor '/home/koara/robosys2024-02.2/install/person_msgs/share/person_msgs/hook/ld_library_path_lib.dsv'
[10.085s] INFO:colcon.colcon_core.shell:Creating environment hook '/home/koara/robosys2024-02.2/install/person_msgs/share/person_msgs/hook/ld_library_path_lib.sh'
[10.085s] Level 1:colcon.colcon_core.environment:checking '/home/koara/robosys2024-02.2/install/person_msgs/bin'
[10.085s] Level 1:colcon.colcon_core.environment:checking '/home/koara/robosys2024-02.2/install/person_msgs/lib/pkgconfig/person_msgs.pc'
[10.085s] Level 1:colcon.colcon_core.environment:checking '/home/koara/robosys2024-02.2/install/person_msgs/lib/python3.8/site-packages'
[10.085s] Level 1:colcon.colcon_core.shell:create_environment_hook('person_msgs', 'pythonpath')
[10.085s] INFO:colcon.colcon_core.shell:Creating environment hook '/home/koara/robosys2024-02.2/install/person_msgs/share/person_msgs/hook/pythonpath.ps1'
[10.086s] INFO:colcon.colcon_core.shell:Creating environment descriptor '/home/koara/robosys2024-02.2/install/person_msgs/share/person_msgs/hook/pythonpath.dsv'
[10.086s] INFO:colcon.colcon_core.shell:Creating environment hook '/home/koara/robosys2024-02.2/install/person_msgs/share/person_msgs/hook/pythonpath.sh'
[10.086s] Level 1:colcon.colcon_core.environment:checking '/home/koara/robosys2024-02.2/install/person_msgs/bin'
[10.086s] INFO:colcon.colcon_core.shell:Creating package script '/home/koara/robosys2024-02.2/install/person_msgs/share/person_msgs/package.ps1'
[10.087s] INFO:colcon.colcon_core.shell:Creating package descriptor '/home/koara/robosys2024-02.2/install/person_msgs/share/person_msgs/package.dsv'
[10.087s] INFO:colcon.colcon_core.shell:Creating package script '/home/koara/robosys2024-02.2/install/person_msgs/share/person_msgs/package.sh'
[10.088s] INFO:colcon.colcon_core.shell:Creating package script '/home/koara/robosys2024-02.2/install/person_msgs/share/person_msgs/package.bash'
[10.088s] INFO:colcon.colcon_core.shell:Creating package script '/home/koara/robosys2024-02.2/install/person_msgs/share/person_msgs/package.zsh'
[10.088s] Level 1:colcon.colcon_core.environment:create_file_with_runtime_dependencies(/home/koara/robosys2024-02.2/install/person_msgs/share/colcon-core/packages/person_msgs)
[10.157s] Level 1:colcon.colcon_core.environment:create_environment_scripts_only(person_msgs)
[10.157s] Level 1:colcon.colcon_core.environment:checking '/home/koara/robosys2024-02.2/install/person_msgs' for CMake module files
[10.157s] Level 1:colcon.colcon_core.environment:checking '/home/koara/robosys2024-02.2/install/person_msgs' for CMake config files
[10.158s] Level 1:colcon.colcon_core.shell:create_environment_hook('person_msgs', 'cmake_prefix_path')
[10.158s] INFO:colcon.colcon_core.shell:Creating environment hook '/home/koara/robosys2024-02.2/install/person_msgs/share/person_msgs/hook/cmake_prefix_path.ps1'
[10.158s] INFO:colcon.colcon_core.shell:Creating environment descriptor '/home/koara/robosys2024-02.2/install/person_msgs/share/person_msgs/hook/cmake_prefix_path.dsv'
[10.159s] INFO:colcon.colcon_core.shell:Creating environment hook '/home/koara/robosys2024-02.2/install/person_msgs/share/person_msgs/hook/cmake_prefix_path.sh'
[10.159s] Level 1:colcon.colcon_core.environment:checking '/home/koara/robosys2024-02.2/install/person_msgs/lib'
[10.159s] Level 1:colcon.colcon_core.shell:create_environment_hook('person_msgs', 'ld_library_path_lib')
[10.159s] INFO:colcon.colcon_core.shell:Creating environment hook '/home/koara/robosys2024-02.2/install/person_msgs/share/person_msgs/hook/ld_library_path_lib.ps1'
[10.160s] INFO:colcon.colcon_core.shell:Creating environment descriptor '/home/koara/robosys2024-02.2/install/person_msgs/share/person_msgs/hook/ld_library_path_lib.dsv'
[10.160s] INFO:colcon.colcon_core.shell:Creating environment hook '/home/koara/robosys2024-02.2/install/person_msgs/share/person_msgs/hook/ld_library_path_lib.sh'
[10.160s] Level 1:colcon.colcon_core.environment:checking '/home/koara/robosys2024-02.2/install/person_msgs/bin'
[10.160s] Level 1:colcon.colcon_core.environment:checking '/home/koara/robosys2024-02.2/install/person_msgs/lib/pkgconfig/person_msgs.pc'
[10.161s] Level 1:colcon.colcon_core.environment:checking '/home/koara/robosys2024-02.2/install/person_msgs/lib/python3.8/site-packages'
[10.161s] Level 1:colcon.colcon_core.shell:create_environment_hook('person_msgs', 'pythonpath')
[10.161s] INFO:colcon.colcon_core.shell:Creating environment hook '/home/koara/robosys2024-02.2/install/person_msgs/share/person_msgs/hook/pythonpath.ps1'
[10.161s] INFO:colcon.colcon_core.shell:Creating environment descriptor '/home/koara/robosys2024-02.2/install/person_msgs/share/person_msgs/hook/pythonpath.dsv'
[10.161s] INFO:colcon.colcon_core.shell:Creating environment hook '/home/koara/robosys2024-02.2/install/person_msgs/share/person_msgs/hook/pythonpath.sh'
[10.162s] Level 1:colcon.colcon_core.environment:checking '/home/koara/robosys2024-02.2/install/person_msgs/bin'
[10.162s] INFO:colcon.colcon_core.shell:Creating package script '/home/koara/robosys2024-02.2/install/person_msgs/share/person_msgs/package.ps1'
[10.163s] INFO:colcon.colcon_core.shell:Creating package descriptor '/home/koara/robosys2024-02.2/install/person_msgs/share/person_msgs/package.dsv'
[10.163s] INFO:colcon.colcon_core.shell:Creating package script '/home/koara/robosys2024-02.2/install/person_msgs/share/person_msgs/package.sh'
[10.164s] INFO:colcon.colcon_core.shell:Creating package script '/home/koara/robosys2024-02.2/install/person_msgs/share/person_msgs/package.bash'
[10.164s] INFO:colcon.colcon_core.shell:Creating package script '/home/koara/robosys2024-02.2/install/person_msgs/share/person_msgs/package.zsh'
[10.164s] Level 1:colcon.colcon_core.environment:create_file_with_runtime_dependencies(/home/koara/robosys2024-02.2/install/person_msgs/share/colcon-core/packages/person_msgs)
[10.165s] DEBUG:colcon.colcon_parallel_executor.executor.parallel:closing loop
[10.165s] DEBUG:colcon.colcon_parallel_executor.executor.parallel:loop closed
[10.165s] DEBUG:colcon.colcon_parallel_executor.executor.parallel:run_until_complete finished with '0'
[10.165s] DEBUG:colcon.colcon_core.event_reactor:joining thread
[10.199s] INFO:colcon.colcon_core.plugin_system:Skipping extension 'colcon_notification.desktop_notification.notify_send': Could not find 'notify-send'
[10.199s] INFO:colcon.colcon_core.plugin_system:Skipping extension 'colcon_notification.desktop_notification.terminal_notifier': Not used on non-Darwin systems
[10.199s] INFO:colcon.colcon_core.plugin_system:Skipping extension 'colcon_notification.desktop_notification.win32': Not used on non-Windows systems
[10.199s] INFO:colcon.colcon_notification.desktop_notification:Sending desktop notification using 'notify2'
[10.200s] DEBUG:colcon.colcon_notification.desktop_notification.notify2:Failed to initialize notify2: org.freedesktop.DBus.Error.ServiceUnknown: The name org.freedesktop.Notifications was not provided by any .service files
[10.200s] DEBUG:colcon.colcon_core.event_reactor:joined thread
[10.201s] INFO:colcon.colcon_core.shell:Creating prefix script '/home/koara/robosys2024-02.2/install/local_setup.ps1'
[10.202s] INFO:colcon.colcon_core.shell:Creating prefix util module '/home/koara/robosys2024-02.2/install/_local_setup_util_ps1.py'
[10.203s] INFO:colcon.colcon_core.shell:Creating prefix chain script '/home/koara/robosys2024-02.2/install/setup.ps1'
[10.205s] INFO:colcon.colcon_core.shell:Creating prefix script '/home/koara/robosys2024-02.2/install/local_setup.sh'
[10.206s] INFO:colcon.colcon_core.shell:Creating prefix util module '/home/koara/robosys2024-02.2/install/_local_setup_util_sh.py'
[10.206s] INFO:colcon.colcon_core.shell:Creating prefix chain script '/home/koara/robosys2024-02.2/install/setup.sh'
[10.207s] INFO:colcon.colcon_core.shell:Creating prefix script '/home/koara/robosys2024-02.2/install/local_setup.bash'
[10.208s] INFO:colcon.colcon_core.shell:Creating prefix chain script '/home/koara/robosys2024-02.2/install/setup.bash'
[10.209s] INFO:colcon.colcon_core.shell:Creating prefix script '/home/koara/robosys2024-02.2/install/local_setup.zsh'
[10.210s] INFO:colcon.colcon_core.shell:Creating prefix chain script '/home/koara/robosys2024-02.2/install/setup.zsh'
