[0.719s] Invoking command in '/home/koara/ros2_ws/src/mypkg': PYTHONPATH=/home/koara/ros2_ws/src/mypkg/build/mypkg/prefix_override:/usr/lib/python3/dist-packages/colcon_core/task/python/colcon_distutils_commands:/home/koara/ros2_ws/src/mypkg/install/mypkg/lib/python3.8/site-packages:${PYTHONPATH} /usr/bin/python3 -W ignore:setup.py install is deprecated setup.py egg_info --egg-base build/mypkg build --build-base /home/koara/ros2_ws/src/mypkg/build/mypkg/build install --record /home/koara/ros2_ws/src/mypkg/build/mypkg/install.log --install-scripts $base/lib/mypkg --single-version-externally-managed install_data
[0.893s] running egg_info
[0.893s] writing build/mypkg/mypkg.egg-info/PKG-INFO
[0.893s] writing dependency_links to build/mypkg/mypkg.egg-info/dependency_links.txt
[0.893s] writing entry points to build/mypkg/mypkg.egg-info/entry_points.txt
[0.894s] writing requirements to build/mypkg/mypkg.egg-info/requires.txt
[0.894s] writing top-level names to build/mypkg/mypkg.egg-info/top_level.txt
[0.927s] reading manifest file 'build/mypkg/mypkg.egg-info/SOURCES.txt'
[0.929s] writing manifest file 'build/mypkg/mypkg.egg-info/SOURCES.txt'
[0.929s] running build
[0.930s] running build_py
[0.930s] running install
[0.931s] running install_lib
[0.933s] running install_data
[0.933s] running install_egg_info
[0.935s] removing '/home/koara/ros2_ws/src/mypkg/install/mypkg/lib/python3.8/site-packages/mypkg-0.0.0-py3.8.egg-info' (and everything under it)
[0.936s] Copying build/mypkg/mypkg.egg-info to /home/koara/ros2_ws/src/mypkg/install/mypkg/lib/python3.8/site-packages/mypkg-0.0.0-py3.8.egg-info
[0.939s] running install_scripts
[0.953s] Installing listener script to /home/koara/ros2_ws/src/mypkg/install/mypkg/lib/mypkg
[0.954s] Installing talker script to /home/koara/ros2_ws/src/mypkg/install/mypkg/lib/mypkg
[0.954s] writing list of installed files to '/home/koara/ros2_ws/src/mypkg/build/mypkg/install.log'
[0.978s] Invoked command in '/home/koara/ros2_ws/src/mypkg' returned '0': PYTHONPATH=/home/koara/ros2_ws/src/mypkg/build/mypkg/prefix_override:/usr/lib/python3/dist-packages/colcon_core/task/python/colcon_distutils_commands:/home/koara/ros2_ws/src/mypkg/install/mypkg/lib/python3.8/site-packages:${PYTHONPATH} /usr/bin/python3 -W ignore:setup.py install is deprecated setup.py egg_info --egg-base build/mypkg build --build-base /home/koara/ros2_ws/src/mypkg/build/mypkg/build install --record /home/koara/ros2_ws/src/mypkg/build/mypkg/install.log --install-scripts $base/lib/mypkg --single-version-externally-managed install_data
