[0.583s] Invoking command in '/home/koara/ros2_ws/src/mypkg': PYTHONPATH=/home/koara/ros2_ws/src/mypkg/build/mypkg/prefix_override:/usr/lib/python3/dist-packages/colcon_core/task/python/colcon_distutils_commands:/home/koara/ros2_ws/src/mypkg/install/mypkg/lib/python3.8/site-packages:${PYTHONPATH} /usr/bin/python3 -W ignore:setup.py install is deprecated setup.py egg_info --egg-base build/mypkg build --build-base /home/koara/ros2_ws/src/mypkg/build/mypkg/build install --record /home/koara/ros2_ws/src/mypkg/build/mypkg/install.log --install-scripts $base/lib/mypkg --single-version-externally-managed install_data
[0.735s] running egg_info
[0.736s] writing build/mypkg/mypkg.egg-info/PKG-INFO
[0.739s] writing dependency_links to build/mypkg/mypkg.egg-info/dependency_links.txt
[0.739s] writing entry points to build/mypkg/mypkg.egg-info/entry_points.txt
[0.739s] writing requirements to build/mypkg/mypkg.egg-info/requires.txt
[0.740s] writing top-level names to build/mypkg/mypkg.egg-info/top_level.txt
[0.770s] reading manifest file 'build/mypkg/mypkg.egg-info/SOURCES.txt'
[0.770s] writing manifest file 'build/mypkg/mypkg.egg-info/SOURCES.txt'
[0.771s] running build
[0.771s] running build_py
[0.771s] copying mypkg/talker.py -> /home/koara/ros2_ws/src/mypkg/build/mypkg/build/lib/mypkg
[0.772s] running install
[0.773s] running install_lib
[0.774s] copying /home/koara/ros2_ws/src/mypkg/build/mypkg/build/lib/mypkg/talker.py -> /home/koara/ros2_ws/src/mypkg/install/mypkg/lib/python3.8/site-packages/mypkg
[0.774s] byte-compiling /home/koara/ros2_ws/src/mypkg/install/mypkg/lib/python3.8/site-packages/mypkg/talker.py to talker.cpython-38.pyc
[0.777s] running install_data
[0.778s] running install_egg_info
[0.780s] removing '/home/koara/ros2_ws/src/mypkg/install/mypkg/lib/python3.8/site-packages/mypkg-0.0.0-py3.8.egg-info' (and everything under it)
[0.780s] Copying build/mypkg/mypkg.egg-info to /home/koara/ros2_ws/src/mypkg/install/mypkg/lib/python3.8/site-packages/mypkg-0.0.0-py3.8.egg-info
[0.781s] running install_scripts
[0.796s] Installing listener script to /home/koara/ros2_ws/src/mypkg/install/mypkg/lib/mypkg
[0.797s] Installing talker script to /home/koara/ros2_ws/src/mypkg/install/mypkg/lib/mypkg
[0.797s] writing list of installed files to '/home/koara/ros2_ws/src/mypkg/build/mypkg/install.log'
[0.817s] Invoked command in '/home/koara/ros2_ws/src/mypkg' returned '0': PYTHONPATH=/home/koara/ros2_ws/src/mypkg/build/mypkg/prefix_override:/usr/lib/python3/dist-packages/colcon_core/task/python/colcon_distutils_commands:/home/koara/ros2_ws/src/mypkg/install/mypkg/lib/python3.8/site-packages:${PYTHONPATH} /usr/bin/python3 -W ignore:setup.py install is deprecated setup.py egg_info --egg-base build/mypkg build --build-base /home/koara/ros2_ws/src/mypkg/build/mypkg/build install --record /home/koara/ros2_ws/src/mypkg/build/mypkg/install.log --install-scripts $base/lib/mypkg --single-version-externally-managed install_data
