[0.555s] Invoking command in '/home/koara/robosys2024-4/ros2_ws/src/mypkg': PYTHONPATH=/home/koara/robosys2024-4/ros2_ws/build/mypkg/prefix_override:/usr/lib/python3/dist-packages/colcon_core/task/python/colcon_distutils_commands:/home/koara/robosys2024-4/ros2_ws/install/mypkg/lib/python3.8/site-packages:${PYTHONPATH} /usr/bin/python3 -W ignore:setup.py install is deprecated setup.py egg_info --egg-base ../../build/mypkg build --build-base /home/koara/robosys2024-4/ros2_ws/build/mypkg/build install --record /home/koara/robosys2024-4/ros2_ws/build/mypkg/install.log --install-scripts $base/lib/mypkg --single-version-externally-managed install_data
[0.725s] running egg_info
[0.725s] creating ../../build/mypkg/mypkg.egg-info
[0.726s] writing ../../build/mypkg/mypkg.egg-info/PKG-INFO
[0.726s] writing dependency_links to ../../build/mypkg/mypkg.egg-info/dependency_links.txt
[0.727s] writing entry points to ../../build/mypkg/mypkg.egg-info/entry_points.txt
[0.727s] writing requirements to ../../build/mypkg/mypkg.egg-info/requires.txt
[0.727s] writing top-level names to ../../build/mypkg/mypkg.egg-info/top_level.txt
[0.728s] writing manifest file '../../build/mypkg/mypkg.egg-info/SOURCES.txt'
[0.763s] reading manifest file '../../build/mypkg/mypkg.egg-info/SOURCES.txt'
[0.764s] writing manifest file '../../build/mypkg/mypkg.egg-info/SOURCES.txt'
[0.764s] running build
[0.764s] running build_py
[0.764s] creating /home/koara/robosys2024-4/ros2_ws/build/mypkg/build
[0.765s] creating /home/koara/robosys2024-4/ros2_ws/build/mypkg/build/lib
[0.765s] creating /home/koara/robosys2024-4/ros2_ws/build/mypkg/build/lib/mypkg
[0.765s] copying mypkg/talker.py -> /home/koara/robosys2024-4/ros2_ws/build/mypkg/build/lib/mypkg
[0.766s] copying mypkg/__init__.py -> /home/koara/robosys2024-4/ros2_ws/build/mypkg/build/lib/mypkg
[0.766s] copying mypkg/test.py -> /home/koara/robosys2024-4/ros2_ws/build/mypkg/build/lib/mypkg
[0.766s] running install
[0.767s] running install_lib
[0.768s] creating /home/koara/robosys2024-4/ros2_ws/install/mypkg/lib/python3.8/site-packages/mypkg
[0.769s] copying /home/koara/robosys2024-4/ros2_ws/build/mypkg/build/lib/mypkg/talker.py -> /home/koara/robosys2024-4/ros2_ws/install/mypkg/lib/python3.8/site-packages/mypkg
[0.769s] copying /home/koara/robosys2024-4/ros2_ws/build/mypkg/build/lib/mypkg/__init__.py -> /home/koara/robosys2024-4/ros2_ws/install/mypkg/lib/python3.8/site-packages/mypkg
[0.769s] copying /home/koara/robosys2024-4/ros2_ws/build/mypkg/build/lib/mypkg/test.py -> /home/koara/robosys2024-4/ros2_ws/install/mypkg/lib/python3.8/site-packages/mypkg
[0.769s] byte-compiling /home/koara/robosys2024-4/ros2_ws/install/mypkg/lib/python3.8/site-packages/mypkg/talker.py to talker.cpython-38.pyc
[0.771s] byte-compiling /home/koara/robosys2024-4/ros2_ws/install/mypkg/lib/python3.8/site-packages/mypkg/__init__.py to __init__.cpython-38.pyc
[0.771s] byte-compiling /home/koara/robosys2024-4/ros2_ws/install/mypkg/lib/python3.8/site-packages/mypkg/test.py to test.cpython-38.pyc
[0.771s] running install_data
[0.772s] creating /home/koara/robosys2024-4/ros2_ws/install/mypkg/share/ament_index
[0.772s] creating /home/koara/robosys2024-4/ros2_ws/install/mypkg/share/ament_index/resource_index
[0.772s] creating /home/koara/robosys2024-4/ros2_ws/install/mypkg/share/ament_index/resource_index/packages
[0.772s] copying resource/mypkg -> /home/koara/robosys2024-4/ros2_ws/install/mypkg/share/ament_index/resource_index/packages
[0.772s] copying package.xml -> /home/koara/robosys2024-4/ros2_ws/install/mypkg/share/mypkg
[0.772s] copying launch/talk_listen.launch.py -> /home/koara/robosys2024-4/ros2_ws/install/mypkg/share/mypkg
[0.773s] running install_egg_info
[0.775s] Copying ../../build/mypkg/mypkg.egg-info to /home/koara/robosys2024-4/ros2_ws/install/mypkg/lib/python3.8/site-packages/mypkg-0.0.0-py3.8.egg-info
[0.776s] running install_scripts
[0.791s] Installing listener script to /home/koara/robosys2024-4/ros2_ws/install/mypkg/lib/mypkg
[0.791s] Installing talker script to /home/koara/robosys2024-4/ros2_ws/install/mypkg/lib/mypkg
[0.791s] writing list of installed files to '/home/koara/robosys2024-4/ros2_ws/build/mypkg/install.log'
[0.814s] Invoked command in '/home/koara/robosys2024-4/ros2_ws/src/mypkg' returned '0': PYTHONPATH=/home/koara/robosys2024-4/ros2_ws/build/mypkg/prefix_override:/usr/lib/python3/dist-packages/colcon_core/task/python/colcon_distutils_commands:/home/koara/robosys2024-4/ros2_ws/install/mypkg/lib/python3.8/site-packages:${PYTHONPATH} /usr/bin/python3 -W ignore:setup.py install is deprecated setup.py egg_info --egg-base ../../build/mypkg build --build-base /home/koara/robosys2024-4/ros2_ws/build/mypkg/build install --record /home/koara/robosys2024-4/ros2_ws/build/mypkg/install.log --install-scripts $base/lib/mypkg --single-version-externally-managed install_data
