[0.516s] Invoking command in '/home/koara/robosys2024-02.2/ros2_ws/src/mypkg': PYTHONPATH=/home/koara/robosys2024-02.2/ros2_ws/build/mypkg/prefix_override:/usr/lib/python3/dist-packages/colcon_core/task/python/colcon_distutils_commands:/home/koara/robosys2024-02.2/ros2_ws/install/mypkg/lib/python3.8/site-packages:${PYTHONPATH} /usr/bin/python3 -W ignore:setup.py install is deprecated setup.py egg_info --egg-base ../../build/mypkg build --build-base /home/koara/robosys2024-02.2/ros2_ws/build/mypkg/build install --record /home/koara/robosys2024-02.2/ros2_ws/build/mypkg/install.log --install-scripts $base/lib/mypkg --single-version-externally-managed install_data
[0.658s] running egg_info
[0.659s] writing ../../build/mypkg/mypkg.egg-info/PKG-INFO
[0.659s] writing dependency_links to ../../build/mypkg/mypkg.egg-info/dependency_links.txt
[0.660s] writing entry points to ../../build/mypkg/mypkg.egg-info/entry_points.txt
[0.660s] writing requirements to ../../build/mypkg/mypkg.egg-info/requires.txt
[0.660s] writing top-level names to ../../build/mypkg/mypkg.egg-info/top_level.txt
[0.685s] reading manifest file '../../build/mypkg/mypkg.egg-info/SOURCES.txt'
[0.686s] writing manifest file '../../build/mypkg/mypkg.egg-info/SOURCES.txt'
[0.687s] running build
[0.687s] running build_py
[0.687s] copying mypkg/test.py -> /home/koara/robosys2024-02.2/ros2_ws/build/mypkg/build/lib/mypkg
[0.689s] running install
[0.690s] running install_lib
[0.690s] copying /home/koara/robosys2024-02.2/ros2_ws/build/mypkg/build/lib/mypkg/test.py -> /home/koara/robosys2024-02.2/ros2_ws/install/mypkg/lib/python3.8/site-packages/mypkg
[0.693s] byte-compiling /home/koara/robosys2024-02.2/ros2_ws/install/mypkg/lib/python3.8/site-packages/mypkg/test.py to test.cpython-38.pyc
[0.694s] running install_data
[0.694s] running install_egg_info
[0.695s] removing '/home/koara/robosys2024-02.2/ros2_ws/install/mypkg/lib/python3.8/site-packages/mypkg-0.0.0-py3.8.egg-info' (and everything under it)
[0.696s] Copying ../../build/mypkg/mypkg.egg-info to /home/koara/robosys2024-02.2/ros2_ws/install/mypkg/lib/python3.8/site-packages/mypkg-0.0.0-py3.8.egg-info
[0.697s] running install_scripts
[0.709s] Installing range script to /home/koara/robosys2024-02.2/ros2_ws/install/mypkg/lib/mypkg
[0.709s] Installing test script to /home/koara/robosys2024-02.2/ros2_ws/install/mypkg/lib/mypkg
[0.709s] writing list of installed files to '/home/koara/robosys2024-02.2/ros2_ws/build/mypkg/install.log'
[0.723s] Invoked command in '/home/koara/robosys2024-02.2/ros2_ws/src/mypkg' returned '0': PYTHONPATH=/home/koara/robosys2024-02.2/ros2_ws/build/mypkg/prefix_override:/usr/lib/python3/dist-packages/colcon_core/task/python/colcon_distutils_commands:/home/koara/robosys2024-02.2/ros2_ws/install/mypkg/lib/python3.8/site-packages:${PYTHONPATH} /usr/bin/python3 -W ignore:setup.py install is deprecated setup.py egg_info --egg-base ../../build/mypkg build --build-base /home/koara/robosys2024-02.2/ros2_ws/build/mypkg/build install --record /home/koara/robosys2024-02.2/ros2_ws/build/mypkg/install.log --install-scripts $base/lib/mypkg --single-version-externally-managed install_data
