[0.766s] Invoking command in '/home/koara/robosys2024-4/ros2_ws/src/mypkg': PYTHONPATH=/home/koara/robosys2024-4/ros2_ws/build/mypkg/prefix_override:/usr/lib/python3/dist-packages/colcon_core/task/python/colcon_distutils_commands:/home/koara/robosys2024-4/ros2_ws/install/mypkg/lib/python3.8/site-packages:${PYTHONPATH} /usr/bin/python3 -W ignore:setup.py install is deprecated setup.py egg_info --egg-base ../../build/mypkg build --build-base /home/koara/robosys2024-4/ros2_ws/build/mypkg/build install --record /home/koara/robosys2024-4/ros2_ws/build/mypkg/install.log --install-scripts $base/lib/mypkg --single-version-externally-managed install_data
[0.987s] running egg_info
[0.989s] writing ../../build/mypkg/mypkg.egg-info/PKG-INFO
[0.990s] writing dependency_links to ../../build/mypkg/mypkg.egg-info/dependency_links.txt
[0.991s] writing entry points to ../../build/mypkg/mypkg.egg-info/entry_points.txt
[0.992s] writing requirements to ../../build/mypkg/mypkg.egg-info/requires.txt
[0.992s] writing top-level names to ../../build/mypkg/mypkg.egg-info/top_level.txt
[1.032s] reading manifest file '../../build/mypkg/mypkg.egg-info/SOURCES.txt'
[1.034s] writing manifest file '../../build/mypkg/mypkg.egg-info/SOURCES.txt'
[1.034s] running build
[1.035s] running build_py
[1.035s] copying mypkg/test02.py -> /home/koara/robosys2024-4/ros2_ws/build/mypkg/build/lib/mypkg
[1.036s] running install
[1.037s] running install_lib
[1.038s] copying /home/koara/robosys2024-4/ros2_ws/build/mypkg/build/lib/mypkg/test02.py -> /home/koara/robosys2024-4/ros2_ws/install/mypkg/lib/python3.8/site-packages/mypkg
[1.039s] byte-compiling /home/koara/robosys2024-4/ros2_ws/install/mypkg/lib/python3.8/site-packages/mypkg/test02.py to test02.cpython-38.pyc
[1.041s] running install_data
[1.041s] running install_egg_info
[1.044s] removing '/home/koara/robosys2024-4/ros2_ws/install/mypkg/lib/python3.8/site-packages/mypkg-0.0.0-py3.8.egg-info' (and everything under it)
[1.045s] Copying ../../build/mypkg/mypkg.egg-info to /home/koara/robosys2024-4/ros2_ws/install/mypkg/lib/python3.8/site-packages/mypkg-0.0.0-py3.8.egg-info
[1.046s] running install_scripts
[1.062s] Installing range script to /home/koara/robosys2024-4/ros2_ws/install/mypkg/lib/mypkg
[1.063s] Installing range02 script to /home/koara/robosys2024-4/ros2_ws/install/mypkg/lib/mypkg
[1.064s] Installing test script to /home/koara/robosys2024-4/ros2_ws/install/mypkg/lib/mypkg
[1.064s] Installing test02 script to /home/koara/robosys2024-4/ros2_ws/install/mypkg/lib/mypkg
[1.066s] writing list of installed files to '/home/koara/robosys2024-4/ros2_ws/build/mypkg/install.log'
[1.097s] Invoked command in '/home/koara/robosys2024-4/ros2_ws/src/mypkg' returned '0': PYTHONPATH=/home/koara/robosys2024-4/ros2_ws/build/mypkg/prefix_override:/usr/lib/python3/dist-packages/colcon_core/task/python/colcon_distutils_commands:/home/koara/robosys2024-4/ros2_ws/install/mypkg/lib/python3.8/site-packages:${PYTHONPATH} /usr/bin/python3 -W ignore:setup.py install is deprecated setup.py egg_info --egg-base ../../build/mypkg build --build-base /home/koara/robosys2024-4/ros2_ws/build/mypkg/build install --record /home/koara/robosys2024-4/ros2_ws/build/mypkg/install.log --install-scripts $base/lib/mypkg --single-version-externally-managed install_data
