/home/koara/robosys2024-4/ros2_ws/install/mypkg/lib/python3.8/site-packages/mypkg/range.py
/home/koara/robosys2024-4/ros2_ws/install/mypkg/lib/python3.8/site-packages/mypkg/__init__.py
/home/koara/robosys2024-4/ros2_ws/install/mypkg/lib/python3.8/site-packages/mypkg/range02.py
/home/koara/robosys2024-4/ros2_ws/install/mypkg/lib/python3.8/site-packages/mypkg/test.py
/home/koara/robosys2024-4/ros2_ws/install/mypkg/lib/python3.8/site-packages/mypkg/test02.py
/home/koara/robosys2024-4/ros2_ws/install/mypkg/lib/python3.8/site-packages/mypkg/__pycache__/range.cpython-38.pyc
/home/koara/robosys2024-4/ros2_ws/install/mypkg/lib/python3.8/site-packages/mypkg/__pycache__/__init__.cpython-38.pyc
/home/koara/robosys2024-4/ros2_ws/install/mypkg/lib/python3.8/site-packages/mypkg/__pycache__/range02.cpython-38.pyc
/home/koara/robosys2024-4/ros2_ws/install/mypkg/lib/python3.8/site-packages/mypkg/__pycache__/test.cpython-38.pyc
/home/koara/robosys2024-4/ros2_ws/install/mypkg/lib/python3.8/site-packages/mypkg/__pycache__/test02.cpython-38.pyc
/home/koara/robosys2024-4/ros2_ws/install/mypkg/share/ament_index/resource_index/packages/mypkg
/home/koara/robosys2024-4/ros2_ws/install/mypkg/share/mypkg/package.xml
/home/koara/robosys2024-4/ros2_ws/install/mypkg/share/mypkg/talk_listen.launch.py
/home/koara/robosys2024-4/ros2_ws/install/mypkg/lib/python3.8/site-packages/mypkg-0.0.0-py3.8.egg-info/requires.txt
/home/koara/robosys2024-4/ros2_ws/install/mypkg/lib/python3.8/site-packages/mypkg-0.0.0-py3.8.egg-info/dependency_links.txt
/home/koara/robosys2024-4/ros2_ws/install/mypkg/lib/python3.8/site-packages/mypkg-0.0.0-py3.8.egg-info/SOURCES.txt
/home/koara/robosys2024-4/ros2_ws/install/mypkg/lib/python3.8/site-packages/mypkg-0.0.0-py3.8.egg-info/PKG-INFO
/home/koara/robosys2024-4/ros2_ws/install/mypkg/lib/python3.8/site-packages/mypkg-0.0.0-py3.8.egg-info/zip-safe
/home/koara/robosys2024-4/ros2_ws/install/mypkg/lib/python3.8/site-packages/mypkg-0.0.0-py3.8.egg-info/entry_points.txt
/home/koara/robosys2024-4/ros2_ws/install/mypkg/lib/python3.8/site-packages/mypkg-0.0.0-py3.8.egg-info/top_level.txt
/home/koara/robosys2024-4/ros2_ws/install/mypkg/lib/mypkg/range
/home/koara/robosys2024-4/ros2_ws/install/mypkg/lib/mypkg/range02
/home/koara/robosys2024-4/ros2_ws/install/mypkg/lib/mypkg/test
/home/koara/robosys2024-4/ros2_ws/install/mypkg/lib/mypkg/test02
