[0.855s] Invoking command in '/home/koara/ros2_ws/src/mypkg': PYTHONPATH=/home/koara/ros2_ws/src/mypkg/build/mypkg/prefix_override:/usr/lib/python3/dist-packages/colcon_core/task/python/colcon_distutils_commands:/home/koara/ros2_ws/src/mypkg/install/mypkg/lib/python3.8/site-packages:${PYTHONPATH} /usr/bin/python3 -W ignore:setup.py install is deprecated setup.py egg_info --egg-base build/mypkg build --build-base /home/koara/ros2_ws/src/mypkg/build/mypkg/build install --record /home/koara/ros2_ws/src/mypkg/build/mypkg/install.log --install-scripts $base/lib/mypkg --single-version-externally-managed install_data
[1.051s] running egg_info
[1.051s] writing build/mypkg/mypkg.egg-info/PKG-INFO
[1.052s] writing dependency_links to build/mypkg/mypkg.egg-info/dependency_links.txt
[1.052s] writing entry points to build/mypkg/mypkg.egg-info/entry_points.txt
[1.053s] writing requirements to build/mypkg/mypkg.egg-info/requires.txt
[1.053s] writing top-level names to build/mypkg/mypkg.egg-info/top_level.txt
[1.096s] reading manifest file 'build/mypkg/mypkg.egg-info/SOURCES.txt'
[1.098s] writing manifest file 'build/mypkg/mypkg.egg-info/SOURCES.txt'
[1.099s] running build
[1.099s] running build_py
[1.100s] copying mypkg/listener.py -> /home/koara/ros2_ws/src/mypkg/build/mypkg/build/lib/mypkg
[1.101s] running install
[1.101s] running install_lib
[1.103s] copying /home/koara/ros2_ws/src/mypkg/build/mypkg/build/lib/mypkg/listener.py -> /home/koara/ros2_ws/src/mypkg/install/mypkg/lib/python3.8/site-packages/mypkg
[1.104s] byte-compiling /home/koara/ros2_ws/src/mypkg/install/mypkg/lib/python3.8/site-packages/mypkg/listener.py to listener.cpython-38.pyc
[1.106s] running install_data
[1.106s] running install_egg_info
[1.108s] removing '/home/koara/ros2_ws/src/mypkg/install/mypkg/lib/python3.8/site-packages/mypkg-0.0.0-py3.8.egg-info' (and everything under it)
[1.110s] Copying build/mypkg/mypkg.egg-info to /home/koara/ros2_ws/src/mypkg/install/mypkg/lib/python3.8/site-packages/mypkg-0.0.0-py3.8.egg-info
[1.113s] running install_scripts
[1.134s] Installing listener script to /home/koara/ros2_ws/src/mypkg/install/mypkg/lib/mypkg
[1.136s] Installing talker script to /home/koara/ros2_ws/src/mypkg/install/mypkg/lib/mypkg
[1.137s] writing list of installed files to '/home/koara/ros2_ws/src/mypkg/build/mypkg/install.log'
[1.174s] Invoked command in '/home/koara/ros2_ws/src/mypkg' returned '0': PYTHONPATH=/home/koara/ros2_ws/src/mypkg/build/mypkg/prefix_override:/usr/lib/python3/dist-packages/colcon_core/task/python/colcon_distutils_commands:/home/koara/ros2_ws/src/mypkg/install/mypkg/lib/python3.8/site-packages:${PYTHONPATH} /usr/bin/python3 -W ignore:setup.py install is deprecated setup.py egg_info --egg-base build/mypkg build --build-base /home/koara/ros2_ws/src/mypkg/build/mypkg/build install --record /home/koara/ros2_ws/src/mypkg/build/mypkg/install.log --install-scripts $base/lib/mypkg --single-version-externally-managed install_data
