[0.199s] Invoking command in '/home/koara/robosys2024-02.2/build/person_msgs': CMAKE_PREFIX_PATH=/home/koara/robosys2024-4/ros2_ws/install/person_msgs:/home/koara/robosys2024-4/ros2_ws/install/mypkg:/opt/ros/foxy /usr/bin/cmake /home/koara/robosys2024-02.2/ros2_ws/src/person_msgs -DCMAKE_INSTALL_PREFIX=/home/koara/robosys2024-02.2/install/person_msgs
[0.344s] -- Found ament_cmake: 0.9.12 (/opt/ros/foxy/share/ament_cmake/cmake)
[0.370s] -- Found PythonInterp: /usr/bin/python3 (found suitable version "3.8.10", minimum required is "3") 
[0.370s] -- Using PYTHON_EXECUTABLE: /usr/bin/python3
[0.583s] -- Found ament_lint_auto: 0.9.8 (/opt/ros/foxy/share/ament_lint_auto/cmake)
[0.585s] -- Found rosidl_default_generators: 1.0.1 (/opt/ros/foxy/share/rosidl_default_generators/cmake)
[0.590s] -- Using all available rosidl_typesupport_c: rosidl_typesupport_fastrtps_c;rosidl_typesupport_introspection_c
[0.598s] -- Found rosidl_adapter: 1.3.1 (/opt/ros/foxy/share/rosidl_adapter/cmake)
[2.965s] -- Using all available rosidl_typesupport_cpp: rosidl_typesupport_fastrtps_cpp;rosidl_typesupport_introspection_cpp
[3.018s] -- Found PythonInterp: /usr/bin/python3 (found version "3.8.10") 
[3.145s] -- Found ament_cmake_ros: 0.9.2 (/opt/ros/foxy/share/ament_cmake_ros/cmake)
[5.316s] -- Using all available rosidl_typesupport_c: rosidl_typesupport_fastrtps_c;rosidl_typesupport_introspection_c
[5.327s] -- Using all available rosidl_typesupport_cpp: rosidl_typesupport_fastrtps_cpp;rosidl_typesupport_introspection_cpp
[5.350s] -- Found PythonInterp: /usr/bin/python3 (found suitable version "3.8.10", minimum required is "3.5") 
[5.352s] -- Found python_cmake_module: 0.8.1 (/opt/ros/foxy/share/python_cmake_module/cmake)
[5.566s] -- Found PythonLibs: /usr/lib/x86_64-linux-gnu/libpython3.8.so (found suitable version "3.8.10", minimum required is "3.5") 
[5.566s] -- Using PYTHON_EXECUTABLE: /usr/bin/python3
[5.566s] -- Using PYTHON_INCLUDE_DIRS: /usr/include/python3.8
[5.566s] -- Using PYTHON_LIBRARIES: /usr/lib/x86_64-linux-gnu/libpython3.8.so
[5.584s] -- Found PythonExtra: .so  
[5.672s] -- Added test 'copyright' to check source files copyright and LICENSE
[5.684s] -- Added test 'cppcheck' to perform static code analysis on C / C++ code
[5.685s] -- Configured cppcheck include dirs: 
[5.685s] -- Configured cppcheck exclude dirs and/or files: 
[5.691s] -- Added test 'cpplint' to check C / C++ code against the Google style
[5.691s] -- Configured cpplint exclude dirs and/or files: 
[5.692s] -- Added test 'flake8' to check Python code syntax and style conventions
[5.694s] -- Added test 'lint_cmake' to check CMake code style
[5.696s] -- Added test 'pep257' to check Python code against some of the style conventions in PEP 257
[5.701s] -- Added test 'uncrustify' to check C / C++ code style
[5.701s] -- Configured uncrustify additional arguments: 
[5.703s] -- Added test 'xmllint' to check XML markup files
[5.715s] -- Configuring done
[5.771s] -- Generating done
[5.774s] -- Build files have been written to: /home/koara/robosys2024-02.2/build/person_msgs
[5.797s] Invoked command in '/home/koara/robosys2024-02.2/build/person_msgs' returned '0': CMAKE_PREFIX_PATH=/home/koara/robosys2024-4/ros2_ws/install/person_msgs:/home/koara/robosys2024-4/ros2_ws/install/mypkg:/opt/ros/foxy /usr/bin/cmake /home/koara/robosys2024-02.2/ros2_ws/src/person_msgs -DCMAKE_INSTALL_PREFIX=/home/koara/robosys2024-02.2/install/person_msgs
[5.800s] Invoking command in '/home/koara/robosys2024-02.2/build/person_msgs': CMAKE_PREFIX_PATH=/home/koara/robosys2024-4/ros2_ws/install/person_msgs:/home/koara/robosys2024-4/ros2_ws/install/mypkg:/opt/ros/foxy /usr/bin/cmake --build /home/koara/robosys2024-02.2/build/person_msgs -- -j12 -l12
[5.843s] [35m[1mScanning dependencies of target person_msgs__cpp[0m
[5.844s] [  2%] [34m[1mGenerating C code for ROS interfaces[0m
[5.855s] [  5%] [34m[1mGenerating C++ code for ROS interfaces[0m
[6.123s] [  5%] Built target person_msgs__cpp
[6.143s] [  7%] [34m[1mGenerating C++ type support dispatch for ROS interfaces[0m
[6.143s] [ 12%] [34m[1mGenerating C++ type support for eProsima Fast-RTPS[0m
[6.143s] [ 12%] [34m[1mGenerating C++ introspection for ROS interfaces[0m
[6.143s] [35m[1mScanning dependencies of target person_msgs__rosidl_generator_c[0m
[6.162s] [ 15%] [32mBuilding C object CMakeFiles/person_msgs__rosidl_generator_c.dir/rosidl_generator_c/person_msgs/msg/detail/person__functions.c.o[0m
[6.162s] [ 17%] [32mBuilding C object CMakeFiles/person_msgs__rosidl_generator_c.dir/rosidl_generator_c/person_msgs/srv/detail/query__functions.c.o[0m
[6.381s] [35m[1mScanning dependencies of target person_msgs__rosidl_typesupport_cpp[0m
[6.404s] [ 20%] [32mBuilding CXX object CMakeFiles/person_msgs__rosidl_typesupport_cpp.dir/rosidl_typesupport_cpp/person_msgs/srv/query__type_support.cpp.o[0m
[6.405s] [ 23%] [32mBuilding CXX object CMakeFiles/person_msgs__rosidl_typesupport_cpp.dir/rosidl_typesupport_cpp/person_msgs/msg/person__type_support.cpp.o[0m
[6.405s] [35m[1mScanning dependencies of target person_msgs__rosidl_typesupport_introspection_cpp[0m
[6.425s] [ 25%] [32mBuilding CXX object CMakeFiles/person_msgs__rosidl_typesupport_introspection_cpp.dir/rosidl_typesupport_introspection_cpp/person_msgs/srv/detail/query__type_support.cpp.o[0m
[6.425s] [ 28%] [32mBuilding CXX object CMakeFiles/person_msgs__rosidl_typesupport_introspection_cpp.dir/rosidl_typesupport_introspection_cpp/person_msgs/msg/detail/person__type_support.cpp.o[0m
[6.438s] [35m[1mScanning dependencies of target person_msgs__rosidl_typesupport_fastrtps_cpp[0m
[6.448s] [ 30%] [32m[1mLinking C shared library libperson_msgs__rosidl_generator_c.so[0m
[6.487s] [ 35%] [32mBuilding CXX object CMakeFiles/person_msgs__rosidl_typesupport_fastrtps_cpp.dir/rosidl_typesupport_fastrtps_cpp/person_msgs/msg/detail/dds_fastrtps/person__type_support.cpp.o[0m
[6.487s] [ 35%] [32mBuilding CXX object CMakeFiles/person_msgs__rosidl_typesupport_fastrtps_cpp.dir/rosidl_typesupport_fastrtps_cpp/person_msgs/srv/detail/dds_fastrtps/query__type_support.cpp.o[0m
[6.547s] [ 35%] Built target person_msgs__rosidl_generator_c
[6.559s] [ 41%] [34m[1mGenerating C type support dispatch for ROS interfaces[0m
[6.559s] [ 41%] [34m[1mGenerating C introspection for ROS interfaces[0m
[6.845s] [35m[1mScanning dependencies of target person_msgs__rosidl_typesupport_c[0m
[6.867s] [ 43%] [32mBuilding CXX object CMakeFiles/person_msgs__rosidl_typesupport_c.dir/rosidl_typesupport_c/person_msgs/srv/query__type_support.cpp.o[0m
[6.868s] [ 46%] [32mBuilding CXX object CMakeFiles/person_msgs__rosidl_typesupport_c.dir/rosidl_typesupport_c/person_msgs/msg/person__type_support.cpp.o[0m
[6.906s] [35m[1mScanning dependencies of target person_msgs__rosidl_typesupport_introspection_c[0m
[6.927s] [ 48%] [32mBuilding C object CMakeFiles/person_msgs__rosidl_typesupport_introspection_c.dir/rosidl_typesupport_introspection_c/person_msgs/msg/detail/person__type_support.c.o[0m
[6.927s] [ 51%] [32mBuilding C object CMakeFiles/person_msgs__rosidl_typesupport_introspection_c.dir/rosidl_typesupport_introspection_c/person_msgs/srv/detail/query__type_support.c.o[0m
[6.958s] [ 53%] [32m[1mLinking CXX shared library libperson_msgs__rosidl_typesupport_c.so[0m
[6.981s] [ 56%] [32m[1mLinking C shared library libperson_msgs__rosidl_typesupport_introspection_c.so[0m
[6.986s] [ 58%] [32m[1mLinking CXX shared library libperson_msgs__rosidl_typesupport_cpp.so[0m
[6.990s] [ 61%] [32m[1mLinking CXX shared library libperson_msgs__rosidl_typesupport_introspection_cpp.so[0m
[7.049s] [ 61%] Built target person_msgs__rosidl_typesupport_c
[7.050s] [ 61%] Built target person_msgs__rosidl_typesupport_introspection_c
[7.061s] [ 61%] Built target person_msgs__rosidl_typesupport_cpp
[7.080s] [ 61%] Built target person_msgs__rosidl_typesupport_introspection_cpp
[7.151s] [ 64%] [32m[1mLinking CXX shared library libperson_msgs__rosidl_typesupport_fastrtps_cpp.so[0m
[7.267s] [ 64%] Built target person_msgs__rosidl_typesupport_fastrtps_cpp
[7.278s] [ 66%] [34m[1mGenerating C type support for eProsima Fast-RTPS[0m
[7.513s] [35m[1mScanning dependencies of target person_msgs__rosidl_typesupport_fastrtps_c[0m
[7.532s] [ 69%] [32mBuilding CXX object CMakeFiles/person_msgs__rosidl_typesupport_fastrtps_c.dir/rosidl_typesupport_fastrtps_c/person_msgs/msg/detail/person__type_support_c.cpp.o[0m
[7.532s] [ 71%] [32mBuilding CXX object CMakeFiles/person_msgs__rosidl_typesupport_fastrtps_c.dir/rosidl_typesupport_fastrtps_c/person_msgs/srv/detail/query__type_support_c.cpp.o[0m
[7.871s] [ 74%] [32m[1mLinking CXX shared library libperson_msgs__rosidl_typesupport_fastrtps_c.so[0m
[7.987s] [ 74%] Built target person_msgs__rosidl_typesupport_fastrtps_c
[7.997s] [35m[1mScanning dependencies of target person_msgs[0m
[8.008s] [ 74%] Built target person_msgs
[8.018s] [35m[1mScanning dependencies of target person_msgs__py[0m
[8.029s] [ 76%] [34m[1mGenerating Python code for ROS interfaces[0m
[8.596s] [ 76%] Built target person_msgs__py
[8.606s] [35m[1mScanning dependencies of target person_msgs__python[0m
[8.665s] [ 82%] [32mBuilding C object CMakeFiles/person_msgs__python.dir/rosidl_generator_py/person_msgs/srv/_query_s.c.o[0m
[8.665s] [ 82%] [32mBuilding C object CMakeFiles/person_msgs__python.dir/rosidl_generator_py/person_msgs/msg/_person_s.c.o[0m
[8.771s] [ 84%] [32m[1mLinking C shared library rosidl_generator_py/person_msgs/libperson_msgs__python.so[0m
[8.851s] [ 84%] Built target person_msgs__python
[8.861s] [35m[1mScanning dependencies of target person_msgs__rosidl_typesupport_fastrtps_c__pyext[0m
[8.862s] [35m[1mScanning dependencies of target person_msgs__rosidl_typesupport_introspection_c__pyext[0m
[8.862s] [35m[1mScanning dependencies of target person_msgs__rosidl_typesupport_c__pyext[0m
[8.881s] [ 89%] [32mBuilding C object CMakeFiles/person_msgs__rosidl_typesupport_c__pyext.dir/rosidl_generator_py/person_msgs/_person_msgs_s.ep.rosidl_typesupport_c.c.o[0m
[8.881s] [ 89%] [32mBuilding C object CMakeFiles/person_msgs__rosidl_typesupport_introspection_c__pyext.dir/rosidl_generator_py/person_msgs/_person_msgs_s.ep.rosidl_typesupport_introspection_c.c.o[0m
[8.881s] [ 92%] [32mBuilding C object CMakeFiles/person_msgs__rosidl_typesupport_fastrtps_c__pyext.dir/rosidl_generator_py/person_msgs/_person_msgs_s.ep.rosidl_typesupport_fastrtps_c.c.o[0m
[8.967s] [ 97%] [32m[1mLinking C shared library rosidl_generator_py/person_msgs/person_msgs_s__rosidl_typesupport_introspection_c.cpython-38-x86_64-linux-gnu.so[0m
[8.967s] [ 97%] [32m[1mLinking CXX shared library rosidl_generator_py/person_msgs/person_msgs_s__rosidl_typesupport_fastrtps_c.cpython-38-x86_64-linux-gnu.so[0m
[8.972s] [100%] [32m[1mLinking C shared library rosidl_generator_py/person_msgs/person_msgs_s__rosidl_typesupport_c.cpython-38-x86_64-linux-gnu.so[0m
[9.024s] [100%] Built target person_msgs__rosidl_typesupport_introspection_c__pyext
[9.047s] [100%] Built target person_msgs__rosidl_typesupport_c__pyext
[9.049s] [100%] Built target person_msgs__rosidl_typesupport_fastrtps_c__pyext
[9.062s] Invoked command in '/home/koara/robosys2024-02.2/build/person_msgs' returned '0': CMAKE_PREFIX_PATH=/home/koara/robosys2024-4/ros2_ws/install/person_msgs:/home/koara/robosys2024-4/ros2_ws/install/mypkg:/opt/ros/foxy /usr/bin/cmake --build /home/koara/robosys2024-02.2/build/person_msgs -- -j12 -l12
[9.145s] Invoking command in '/home/koara/robosys2024-02.2/build/person_msgs': CMAKE_PREFIX_PATH=/home/koara/robosys2024-4/ros2_ws/install/person_msgs:/home/koara/robosys2024-4/ros2_ws/install/mypkg:/opt/ros/foxy /usr/bin/cmake --install /home/koara/robosys2024-02.2/build/person_msgs
[9.153s] -- Install configuration: ""
[9.154s] -- Installing: /home/koara/robosys2024-02.2/install/person_msgs/share/ament_index/resource_index/rosidl_interfaces/person_msgs
[9.154s] -- Installing: /home/koara/robosys2024-02.2/install/person_msgs/include/person_msgs
[9.154s] -- Installing: /home/koara/robosys2024-02.2/install/person_msgs/include/person_msgs/srv
[9.154s] -- Installing: /home/koara/robosys2024-02.2/install/person_msgs/include/person_msgs/srv/detail
[9.155s] -- Installing: /home/koara/robosys2024-02.2/install/person_msgs/include/person_msgs/srv/detail/query__type_support.h
[9.155s] -- Installing: /home/koara/robosys2024-02.2/install/person_msgs/include/person_msgs/srv/detail/query__struct.h
[9.155s] -- Installing: /home/koara/robosys2024-02.2/install/person_msgs/include/person_msgs/srv/detail/query__functions.h
[9.155s] -- Installing: /home/koara/robosys2024-02.2/install/person_msgs/include/person_msgs/srv/detail/query__functions.c
[9.156s] -- Installing: /home/koara/robosys2024-02.2/install/person_msgs/include/person_msgs/srv/query.h
[9.156s] -- Installing: /home/koara/robosys2024-02.2/install/person_msgs/include/person_msgs/msg
[9.156s] -- Installing: /home/koara/robosys2024-02.2/install/person_msgs/include/person_msgs/msg/rosidl_generator_c__visibility_control.h
[9.156s] -- Installing: /home/koara/robosys2024-02.2/install/person_msgs/include/person_msgs/msg/person.h
[9.156s] -- Installing: /home/koara/robosys2024-02.2/install/person_msgs/include/person_msgs/msg/detail
[9.157s] -- Installing: /home/koara/robosys2024-02.2/install/person_msgs/include/person_msgs/msg/detail/person__functions.c
[9.157s] -- Installing: /home/koara/robosys2024-02.2/install/person_msgs/include/person_msgs/msg/detail/person__functions.h
[9.157s] -- Installing: /home/koara/robosys2024-02.2/install/person_msgs/include/person_msgs/msg/detail/person__type_support.h
[9.157s] -- Installing: /home/koara/robosys2024-02.2/install/person_msgs/include/person_msgs/msg/detail/person__struct.h
[9.158s] -- Installing: /home/koara/robosys2024-02.2/install/person_msgs/share/person_msgs/environment/library_path.sh
[9.159s] -- Installing: /home/koara/robosys2024-02.2/install/person_msgs/share/person_msgs/environment/library_path.dsv
[9.159s] -- Installing: /home/koara/robosys2024-02.2/install/person_msgs/lib/libperson_msgs__rosidl_generator_c.so
[9.159s] -- Set runtime path of "/home/koara/robosys2024-02.2/install/person_msgs/lib/libperson_msgs__rosidl_generator_c.so" to ""
[9.160s] -- Up-to-date: /home/koara/robosys2024-02.2/install/person_msgs/include/person_msgs
[9.160s] -- Up-to-date: /home/koara/robosys2024-02.2/install/person_msgs/include/person_msgs/srv
[9.160s] -- Up-to-date: /home/koara/robosys2024-02.2/install/person_msgs/include/person_msgs/srv/detail
[9.160s] -- Installing: /home/koara/robosys2024-02.2/install/person_msgs/include/person_msgs/srv/detail/query__rosidl_typesupport_fastrtps_c.h
[9.160s] -- Up-to-date: /home/koara/robosys2024-02.2/install/person_msgs/include/person_msgs/msg
[9.161s] -- Up-to-date: /home/koara/robosys2024-02.2/install/person_msgs/include/person_msgs/msg/detail
[9.161s] -- Installing: /home/koara/robosys2024-02.2/install/person_msgs/include/person_msgs/msg/detail/person__rosidl_typesupport_fastrtps_c.h
[9.161s] -- Installing: /home/koara/robosys2024-02.2/install/person_msgs/include/person_msgs/msg/rosidl_typesupport_fastrtps_c__visibility_control.h
[9.161s] -- Installing: /home/koara/robosys2024-02.2/install/person_msgs/lib/libperson_msgs__rosidl_typesupport_fastrtps_c.so
[9.162s] -- Set runtime path of "/home/koara/robosys2024-02.2/install/person_msgs/lib/libperson_msgs__rosidl_typesupport_fastrtps_c.so" to ""
[9.162s] -- Up-to-date: /home/koara/robosys2024-02.2/install/person_msgs/include/person_msgs
[9.162s] -- Up-to-date: /home/koara/robosys2024-02.2/install/person_msgs/include/person_msgs/srv
[9.162s] -- Up-to-date: /home/koara/robosys2024-02.2/install/person_msgs/include/person_msgs/srv/detail
[9.162s] -- Installing: /home/koara/robosys2024-02.2/install/person_msgs/include/person_msgs/srv/detail/dds_fastrtps
[9.162s] -- Installing: /home/koara/robosys2024-02.2/install/person_msgs/include/person_msgs/srv/detail/query__rosidl_typesupport_fastrtps_cpp.hpp
[9.163s] -- Up-to-date: /home/koara/robosys2024-02.2/install/person_msgs/include/person_msgs/msg
[9.163s] -- Installing: /home/koara/robosys2024-02.2/install/person_msgs/include/person_msgs/msg/rosidl_typesupport_fastrtps_cpp__visibility_control.h
[9.163s] -- Up-to-date: /home/koara/robosys2024-02.2/install/person_msgs/include/person_msgs/msg/detail
[9.163s] -- Installing: /home/koara/robosys2024-02.2/install/person_msgs/include/person_msgs/msg/detail/dds_fastrtps
[9.163s] -- Installing: /home/koara/robosys2024-02.2/install/person_msgs/include/person_msgs/msg/detail/person__rosidl_typesupport_fastrtps_cpp.hpp
[9.164s] -- Installing: /home/koara/robosys2024-02.2/install/person_msgs/lib/libperson_msgs__rosidl_typesupport_fastrtps_cpp.so
[9.164s] -- Set runtime path of "/home/koara/robosys2024-02.2/install/person_msgs/lib/libperson_msgs__rosidl_typesupport_fastrtps_cpp.so" to ""
[9.164s] -- Up-to-date: /home/koara/robosys2024-02.2/install/person_msgs/include/person_msgs
[9.164s] -- Up-to-date: /home/koara/robosys2024-02.2/install/person_msgs/include/person_msgs/srv
[9.164s] -- Up-to-date: /home/koara/robosys2024-02.2/install/person_msgs/include/person_msgs/srv/detail
[9.165s] -- Installing: /home/koara/robosys2024-02.2/install/person_msgs/include/person_msgs/srv/detail/query__type_support.c
[9.165s] -- Installing: /home/koara/robosys2024-02.2/install/person_msgs/include/person_msgs/srv/detail/query__rosidl_typesupport_introspection_c.h
[9.165s] -- Up-to-date: /home/koara/robosys2024-02.2/install/person_msgs/include/person_msgs/msg
[9.165s] -- Up-to-date: /home/koara/robosys2024-02.2/install/person_msgs/include/person_msgs/msg/detail
[9.165s] -- Installing: /home/koara/robosys2024-02.2/install/person_msgs/include/person_msgs/msg/detail/person__rosidl_typesupport_introspection_c.h
[9.165s] -- Installing: /home/koara/robosys2024-02.2/install/person_msgs/include/person_msgs/msg/detail/person__type_support.c
[9.166s] -- Installing: /home/koara/robosys2024-02.2/install/person_msgs/include/person_msgs/msg/rosidl_typesupport_introspection_c__visibility_control.h
[9.166s] -- Installing: /home/koara/robosys2024-02.2/install/person_msgs/lib/libperson_msgs__rosidl_typesupport_introspection_c.so
[9.166s] -- Set runtime path of "/home/koara/robosys2024-02.2/install/person_msgs/lib/libperson_msgs__rosidl_typesupport_introspection_c.so" to ""
[9.166s] -- Installing: /home/koara/robosys2024-02.2/install/person_msgs/lib/libperson_msgs__rosidl_typesupport_c.so
[9.166s] -- Set runtime path of "/home/koara/robosys2024-02.2/install/person_msgs/lib/libperson_msgs__rosidl_typesupport_c.so" to ""
[9.166s] -- Up-to-date: /home/koara/robosys2024-02.2/install/person_msgs/include/person_msgs
[9.167s] -- Up-to-date: /home/koara/robosys2024-02.2/install/person_msgs/include/person_msgs/srv
[9.167s] -- Up-to-date: /home/koara/robosys2024-02.2/install/person_msgs/include/person_msgs/srv/detail
[9.167s] -- Installing: /home/koara/robosys2024-02.2/install/person_msgs/include/person_msgs/srv/detail/query__traits.hpp
[9.167s] -- Installing: /home/koara/robosys2024-02.2/install/person_msgs/include/person_msgs/srv/detail/query__struct.hpp
[9.167s] -- Installing: /home/koara/robosys2024-02.2/install/person_msgs/include/person_msgs/srv/detail/query__type_support.hpp
[9.168s] -- Installing: /home/koara/robosys2024-02.2/install/person_msgs/include/person_msgs/srv/detail/query__builder.hpp
[9.168s] -- Installing: /home/koara/robosys2024-02.2/install/person_msgs/include/person_msgs/srv/query.hpp
[9.168s] -- Up-to-date: /home/koara/robosys2024-02.2/install/person_msgs/include/person_msgs/msg
[9.168s] -- Up-to-date: /home/koara/robosys2024-02.2/install/person_msgs/include/person_msgs/msg/detail
[9.168s] -- Installing: /home/koara/robosys2024-02.2/install/person_msgs/include/person_msgs/msg/detail/person__struct.hpp
[9.168s] -- Installing: /home/koara/robosys2024-02.2/install/person_msgs/include/person_msgs/msg/detail/person__type_support.hpp
[9.168s] -- Installing: /home/koara/robosys2024-02.2/install/person_msgs/include/person_msgs/msg/detail/person__builder.hpp
[9.169s] -- Installing: /home/koara/robosys2024-02.2/install/person_msgs/include/person_msgs/msg/detail/person__traits.hpp
[9.169s] -- Installing: /home/koara/robosys2024-02.2/install/person_msgs/include/person_msgs/msg/rosidl_generator_cpp__visibility_control.hpp
[9.169s] -- Installing: /home/koara/robosys2024-02.2/install/person_msgs/include/person_msgs/msg/person.hpp
[9.169s] -- Up-to-date: /home/koara/robosys2024-02.2/install/person_msgs/include/person_msgs
[9.169s] -- Up-to-date: /home/koara/robosys2024-02.2/install/person_msgs/include/person_msgs/srv
[9.169s] -- Up-to-date: /home/koara/robosys2024-02.2/install/person_msgs/include/person_msgs/srv/detail
[9.169s] -- Installing: /home/koara/robosys2024-02.2/install/person_msgs/include/person_msgs/srv/detail/query__rosidl_typesupport_introspection_cpp.hpp
[9.169s] -- Installing: /home/koara/robosys2024-02.2/install/person_msgs/include/person_msgs/srv/detail/query__type_support.cpp
[9.169s] -- Up-to-date: /home/koara/robosys2024-02.2/install/person_msgs/include/person_msgs/msg
[9.169s] -- Up-to-date: /home/koara/robosys2024-02.2/install/person_msgs/include/person_msgs/msg/detail
[9.169s] -- Installing: /home/koara/robosys2024-02.2/install/person_msgs/include/person_msgs/msg/detail/person__rosidl_typesupport_introspection_cpp.hpp
[9.169s] -- Installing: /home/koara/robosys2024-02.2/install/person_msgs/include/person_msgs/msg/detail/person__type_support.cpp
[9.169s] -- Installing: /home/koara/robosys2024-02.2/install/person_msgs/lib/libperson_msgs__rosidl_typesupport_introspection_cpp.so
[9.169s] -- Set runtime path of "/home/koara/robosys2024-02.2/install/person_msgs/lib/libperson_msgs__rosidl_typesupport_introspection_cpp.so" to ""
[9.169s] -- Installing: /home/koara/robosys2024-02.2/install/person_msgs/lib/libperson_msgs__rosidl_typesupport_cpp.so
[9.170s] -- Set runtime path of "/home/koara/robosys2024-02.2/install/person_msgs/lib/libperson_msgs__rosidl_typesupport_cpp.so" to ""
[9.170s] -- Installing: /home/koara/robosys2024-02.2/install/person_msgs/share/person_msgs/environment/pythonpath.sh
[9.170s] -- Installing: /home/koara/robosys2024-02.2/install/person_msgs/share/person_msgs/environment/pythonpath.dsv
[9.170s] -- Installing: /home/koara/robosys2024-02.2/install/person_msgs/lib/python3.8/site-packages/person_msgs/__init__.py
[9.198s] Compiling '/home/koara/robosys2024-02.2/install/person_msgs/lib/python3.8/site-packages/person_msgs/__init__.py'...
[9.202s] -- Installing: /home/koara/robosys2024-02.2/install/person_msgs/lib/python3.8/site-packages/person_msgs/msg
[9.202s] -- Installing: /home/koara/robosys2024-02.2/install/person_msgs/lib/python3.8/site-packages/person_msgs/msg/__init__.py
[9.202s] -- Installing: /home/koara/robosys2024-02.2/install/person_msgs/lib/python3.8/site-packages/person_msgs/msg/_person_s.c
[9.203s] -- Installing: /home/koara/robosys2024-02.2/install/person_msgs/lib/python3.8/site-packages/person_msgs/msg/_person.py
[9.203s] -- Installing: /home/koara/robosys2024-02.2/install/person_msgs/lib/python3.8/site-packages/person_msgs/srv
[9.203s] -- Installing: /home/koara/robosys2024-02.2/install/person_msgs/lib/python3.8/site-packages/person_msgs/srv/_query.py
[9.203s] -- Installing: /home/koara/robosys2024-02.2/install/person_msgs/lib/python3.8/site-packages/person_msgs/srv/_query_s.c
[9.203s] -- Installing: /home/koara/robosys2024-02.2/install/person_msgs/lib/python3.8/site-packages/person_msgs/srv/__init__.py
[9.203s] -- Installing: /home/koara/robosys2024-02.2/install/person_msgs/lib/python3.8/site-packages/person_msgs/person_msgs_s__rosidl_typesupport_fastrtps_c.cpython-38-x86_64-linux-gnu.so
[9.204s] -- Set runtime path of "/home/koara/robosys2024-02.2/install/person_msgs/lib/python3.8/site-packages/person_msgs/person_msgs_s__rosidl_typesupport_fastrtps_c.cpython-38-x86_64-linux-gnu.so" to ""
[9.204s] -- Installing: /home/koara/robosys2024-02.2/install/person_msgs/lib/python3.8/site-packages/person_msgs/person_msgs_s__rosidl_typesupport_introspection_c.cpython-38-x86_64-linux-gnu.so
[9.205s] -- Set runtime path of "/home/koara/robosys2024-02.2/install/person_msgs/lib/python3.8/site-packages/person_msgs/person_msgs_s__rosidl_typesupport_introspection_c.cpython-38-x86_64-linux-gnu.so" to ""
[9.205s] -- Installing: /home/koara/robosys2024-02.2/install/person_msgs/lib/python3.8/site-packages/person_msgs/person_msgs_s__rosidl_typesupport_c.cpython-38-x86_64-linux-gnu.so
[9.205s] -- Set runtime path of "/home/koara/robosys2024-02.2/install/person_msgs/lib/python3.8/site-packages/person_msgs/person_msgs_s__rosidl_typesupport_c.cpython-38-x86_64-linux-gnu.so" to ""
[9.206s] -- Installing: /home/koara/robosys2024-02.2/install/person_msgs/lib/libperson_msgs__python.so
[9.206s] -- Set runtime path of "/home/koara/robosys2024-02.2/install/person_msgs/lib/libperson_msgs__python.so" to ""
[9.206s] -- Installing: /home/koara/robosys2024-02.2/install/person_msgs/share/person_msgs/msg/Person.idl
[9.207s] -- Installing: /home/koara/robosys2024-02.2/install/person_msgs/share/person_msgs/srv/Query.idl
[9.207s] -- Installing: /home/koara/robosys2024-02.2/install/person_msgs/share/person_msgs/msg/Person.msg
[9.207s] -- Installing: /home/koara/robosys2024-02.2/install/person_msgs/share/person_msgs/srv/Query.srv
[9.207s] -- Installing: /home/koara/robosys2024-02.2/install/person_msgs/share/person_msgs/srv/Query_Request.msg
[9.207s] -- Installing: /home/koara/robosys2024-02.2/install/person_msgs/share/person_msgs/srv/Query_Response.msg
[9.208s] -- Installing: /home/koara/robosys2024-02.2/install/person_msgs/share/ament_index/resource_index/package_run_dependencies/person_msgs
[9.208s] -- Installing: /home/koara/robosys2024-02.2/install/person_msgs/share/ament_index/resource_index/parent_prefix_path/person_msgs
[9.208s] -- Installing: /home/koara/robosys2024-02.2/install/person_msgs/share/person_msgs/environment/ament_prefix_path.sh
[9.209s] -- Installing: /home/koara/robosys2024-02.2/install/person_msgs/share/person_msgs/environment/ament_prefix_path.dsv
[9.209s] -- Installing: /home/koara/robosys2024-02.2/install/person_msgs/share/person_msgs/environment/path.sh
[9.209s] -- Installing: /home/koara/robosys2024-02.2/install/person_msgs/share/person_msgs/environment/path.dsv
[9.209s] -- Installing: /home/koara/robosys2024-02.2/install/person_msgs/share/person_msgs/local_setup.bash
[9.210s] -- Installing: /home/koara/robosys2024-02.2/install/person_msgs/share/person_msgs/local_setup.sh
[9.210s] -- Installing: /home/koara/robosys2024-02.2/install/person_msgs/share/person_msgs/local_setup.zsh
[9.210s] -- Installing: /home/koara/robosys2024-02.2/install/person_msgs/share/person_msgs/local_setup.dsv
[9.210s] -- Installing: /home/koara/robosys2024-02.2/install/person_msgs/share/person_msgs/package.dsv
[9.210s] -- Installing: /home/koara/robosys2024-02.2/install/person_msgs/share/ament_index/resource_index/packages/person_msgs
[9.211s] -- Installing: /home/koara/robosys2024-02.2/install/person_msgs/share/person_msgs/cmake/person_msgs__rosidl_generator_cExport.cmake
[9.211s] -- Installing: /home/koara/robosys2024-02.2/install/person_msgs/share/person_msgs/cmake/person_msgs__rosidl_generator_cExport-noconfig.cmake
[9.211s] -- Installing: /home/koara/robosys2024-02.2/install/person_msgs/share/person_msgs/cmake/person_msgs__rosidl_typesupport_introspection_cExport.cmake
[9.211s] -- Installing: /home/koara/robosys2024-02.2/install/person_msgs/share/person_msgs/cmake/person_msgs__rosidl_typesupport_introspection_cExport-noconfig.cmake
[9.212s] -- Installing: /home/koara/robosys2024-02.2/install/person_msgs/share/person_msgs/cmake/person_msgs__rosidl_typesupport_cExport.cmake
[9.212s] -- Installing: /home/koara/robosys2024-02.2/install/person_msgs/share/person_msgs/cmake/person_msgs__rosidl_typesupport_cExport-noconfig.cmake
[9.212s] -- Installing: /home/koara/robosys2024-02.2/install/person_msgs/share/person_msgs/cmake/person_msgs__rosidl_generator_cppExport.cmake
[9.212s] -- Installing: /home/koara/robosys2024-02.2/install/person_msgs/share/person_msgs/cmake/person_msgs__rosidl_typesupport_introspection_cppExport.cmake
[9.212s] -- Installing: /home/koara/robosys2024-02.2/install/person_msgs/share/person_msgs/cmake/person_msgs__rosidl_typesupport_introspection_cppExport-noconfig.cmake
[9.213s] -- Installing: /home/koara/robosys2024-02.2/install/person_msgs/share/person_msgs/cmake/person_msgs__rosidl_typesupport_cppExport.cmake
[9.213s] -- Installing: /home/koara/robosys2024-02.2/install/person_msgs/share/person_msgs/cmake/person_msgs__rosidl_typesupport_cppExport-noconfig.cmake
[9.213s] -- Installing: /home/koara/robosys2024-02.2/install/person_msgs/share/person_msgs/cmake/rosidl_cmake-extras.cmake
[9.213s] -- Installing: /home/koara/robosys2024-02.2/install/person_msgs/share/person_msgs/cmake/ament_cmake_export_dependencies-extras.cmake
[9.213s] -- Installing: /home/koara/robosys2024-02.2/install/person_msgs/share/person_msgs/cmake/ament_cmake_export_libraries-extras.cmake
[9.213s] -- Installing: /home/koara/robosys2024-02.2/install/person_msgs/share/person_msgs/cmake/ament_cmake_export_targets-extras.cmake
[9.214s] -- Installing: /home/koara/robosys2024-02.2/install/person_msgs/share/person_msgs/cmake/ament_cmake_export_include_directories-extras.cmake
[9.214s] -- Installing: /home/koara/robosys2024-02.2/install/person_msgs/share/person_msgs/cmake/rosidl_cmake_export_typesupport_libraries-extras.cmake
[9.214s] -- Installing: /home/koara/robosys2024-02.2/install/person_msgs/share/person_msgs/cmake/rosidl_cmake_export_typesupport_targets-extras.cmake
[9.214s] -- Installing: /home/koara/robosys2024-02.2/install/person_msgs/share/person_msgs/cmake/person_msgsConfig.cmake
[9.214s] -- Installing: /home/koara/robosys2024-02.2/install/person_msgs/share/person_msgs/cmake/person_msgsConfig-version.cmake
[9.215s] -- Installing: /home/koara/robosys2024-02.2/install/person_msgs/share/person_msgs/package.xml
[9.218s] Invoked command in '/home/koara/robosys2024-02.2/build/person_msgs' returned '0': CMAKE_PREFIX_PATH=/home/koara/robosys2024-4/ros2_ws/install/person_msgs:/home/koara/robosys2024-4/ros2_ws/install/mypkg:/opt/ros/foxy /usr/bin/cmake --install /home/koara/robosys2024-02.2/build/person_msgs
