[0.712s] Invoking command in '/home/koara/robosys2024-02.2/ros2_ws/src/mypkg': PYTHONPATH=/home/koara/robosys2024-02.2/build/mypkg/prefix_override:/usr/lib/python3/dist-packages/colcon_core/task/python/colcon_distutils_commands:/home/koara/robosys2024-02.2/install/mypkg/lib/python3.8/site-packages:${PYTHONPATH} /usr/bin/python3 -W ignore:setup.py install is deprecated setup.py egg_info --egg-base ../../../build/mypkg build --build-base /home/koara/robosys2024-02.2/build/mypkg/build install --record /home/koara/robosys2024-02.2/build/mypkg/install.log --install-scripts $base/lib/mypkg --single-version-externally-managed install_data
[0.896s] running egg_info
[0.896s] creating ../../../build/mypkg/mypkg.egg-info
[0.897s] writing ../../../build/mypkg/mypkg.egg-info/PKG-INFO
[0.897s] writing dependency_links to ../../../build/mypkg/mypkg.egg-info/dependency_links.txt
[0.897s] writing entry points to ../../../build/mypkg/mypkg.egg-info/entry_points.txt
[0.897s] writing requirements to ../../../build/mypkg/mypkg.egg-info/requires.txt
[0.898s] writing top-level names to ../../../build/mypkg/mypkg.egg-info/top_level.txt
[0.901s] writing manifest file '../../../build/mypkg/mypkg.egg-info/SOURCES.txt'
[0.934s] reading manifest file '../../../build/mypkg/mypkg.egg-info/SOURCES.txt'
[0.934s] writing manifest file '../../../build/mypkg/mypkg.egg-info/SOURCES.txt'
[0.935s] running build
[0.935s] running build_py
[0.935s] creating /home/koara/robosys2024-02.2/build/mypkg/build
[0.935s] creating /home/koara/robosys2024-02.2/build/mypkg/build/lib
[0.936s] creating /home/koara/robosys2024-02.2/build/mypkg/build/lib/mypkg
[0.937s] copying mypkg/range.py -> /home/koara/robosys2024-02.2/build/mypkg/build/lib/mypkg
[0.938s] copying mypkg/__init__.py -> /home/koara/robosys2024-02.2/build/mypkg/build/lib/mypkg
[0.938s] copying mypkg/test.py -> /home/koara/robosys2024-02.2/build/mypkg/build/lib/mypkg
[0.939s] running install
[0.940s] running install_lib
[0.940s] creating /home/koara/robosys2024-02.2/install/mypkg/lib/python3.8/site-packages/mypkg
[0.941s] copying /home/koara/robosys2024-02.2/build/mypkg/build/lib/mypkg/range.py -> /home/koara/robosys2024-02.2/install/mypkg/lib/python3.8/site-packages/mypkg
[0.941s] copying /home/koara/robosys2024-02.2/build/mypkg/build/lib/mypkg/__init__.py -> /home/koara/robosys2024-02.2/install/mypkg/lib/python3.8/site-packages/mypkg
[0.942s] copying /home/koara/robosys2024-02.2/build/mypkg/build/lib/mypkg/test.py -> /home/koara/robosys2024-02.2/install/mypkg/lib/python3.8/site-packages/mypkg
[0.942s] byte-compiling /home/koara/robosys2024-02.2/install/mypkg/lib/python3.8/site-packages/mypkg/range.py to range.cpython-38.pyc
[0.944s] byte-compiling /home/koara/robosys2024-02.2/install/mypkg/lib/python3.8/site-packages/mypkg/__init__.py to __init__.cpython-38.pyc
[0.944s] byte-compiling /home/koara/robosys2024-02.2/install/mypkg/lib/python3.8/site-packages/mypkg/test.py to test.cpython-38.pyc
[0.944s] running install_data
[0.945s] creating /home/koara/robosys2024-02.2/install/mypkg/share/ament_index
[0.946s] creating /home/koara/robosys2024-02.2/install/mypkg/share/ament_index/resource_index
[0.947s] creating /home/koara/robosys2024-02.2/install/mypkg/share/ament_index/resource_index/packages
[0.948s] copying resource/mypkg -> /home/koara/robosys2024-02.2/install/mypkg/share/ament_index/resource_index/packages
[0.948s] copying package.xml -> /home/koara/robosys2024-02.2/install/mypkg/share/mypkg
[0.948s] copying launch/talk_listen.launch.py -> /home/koara/robosys2024-02.2/install/mypkg/share/mypkg
[0.948s] running install_egg_info
[0.950s] Copying ../../../build/mypkg/mypkg.egg-info to /home/koara/robosys2024-02.2/install/mypkg/lib/python3.8/site-packages/mypkg-0.0.0-py3.8.egg-info
[0.952s] running install_scripts
[0.970s] Installing range script to /home/koara/robosys2024-02.2/install/mypkg/lib/mypkg
[0.971s] Installing test script to /home/koara/robosys2024-02.2/install/mypkg/lib/mypkg
[0.971s] writing list of installed files to '/home/koara/robosys2024-02.2/build/mypkg/install.log'
[0.997s] Invoked command in '/home/koara/robosys2024-02.2/ros2_ws/src/mypkg' returned '0': PYTHONPATH=/home/koara/robosys2024-02.2/build/mypkg/prefix_override:/usr/lib/python3/dist-packages/colcon_core/task/python/colcon_distutils_commands:/home/koara/robosys2024-02.2/install/mypkg/lib/python3.8/site-packages:${PYTHONPATH} /usr/bin/python3 -W ignore:setup.py install is deprecated setup.py egg_info --egg-base ../../../build/mypkg build --build-base /home/koara/robosys2024-02.2/build/mypkg/build install --record /home/koara/robosys2024-02.2/build/mypkg/install.log --install-scripts $base/lib/mypkg --single-version-externally-managed install_data
