[0.311s] DEBUG:colcon:Command line arguments: ['/usr/bin/colcon', 'build']
[0.311s] DEBUG:colcon:Parsed command line arguments: Namespace(allow_overriding=[], ament_cmake_args=None, base_paths=['.'], build_base='build', catkin_cmake_args=None, catkin_skip_building_tests=False, cmake_args=None, cmake_clean_cache=False, cmake_clean_first=False, cmake_force_configure=False, cmake_target=None, cmake_target_skip_unavailable=False, continue_on_error=False, event_handlers=None, executor='parallel', ignore_user_meta=False, install_base='install', log_base=None, log_level=None, main=<bound method BuildVerb.main of <colcon_core.verb.build.BuildVerb object at 0x7f742625b2b0>>, merge_install=False, metas=['./colcon.meta'], packages_above=None, packages_above_and_dependencies=None, packages_above_depth=None, packages_end=None, packages_ignore=None, packages_ignore_regex=None, packages_select=None, packages_select_build_failed=False, packages_select_by_dep=None, packages_select_regex=None, packages_select_test_failures=False, packages_skip=None, packages_skip_build_finished=False, packages_skip_by_dep=None, packages_skip_regex=None, packages_skip_test_passed=False, packages_skip_up_to=None, packages_start=None, packages_up_to=None, packages_up_to_regex=None, parallel_workers=12, paths=None, symlink_install=False, test_result_base=None, verb_extension=<colcon_core.verb.build.BuildVerb object at 0x7f742625b2b0>, verb_name='build', verb_parser=<colcon_defaults.argument_parser.defaults.DefaultArgumentsDecorator object at 0x7f742625b7f0>)
[0.532s] Level 1:colcon.colcon_core.package_discovery:discover_packages(colcon_meta) check parameters
[0.533s] Level 1:colcon.colcon_core.package_discovery:discover_packages(recursive) check parameters
[0.533s] Level 1:colcon.colcon_core.package_discovery:discover_packages(ignore) check parameters
[0.533s] Level 1:colcon.colcon_core.package_discovery:discover_packages(path) check parameters
[0.533s] Level 1:colcon.colcon_core.package_discovery:discover_packages(colcon_meta) discover
[0.533s] Level 1:colcon.colcon_core.package_discovery:discover_packages(recursive) discover
[0.533s] INFO:colcon.colcon_core.package_discovery:Crawling recursively for packages in '/home/koara/robosys2024-4/ros2_ws'
[0.534s] Level 1:colcon.colcon_core.package_identification:_identify(.) by extensions ['ignore', 'ignore_ament_install']
[0.534s] Level 1:colcon.colcon_core.package_identification:_identify(.) by extension 'ignore'
[0.534s] Level 1:colcon.colcon_core.package_identification:_identify(.) by extension 'ignore_ament_install'
[0.534s] Level 1:colcon.colcon_core.package_identification:_identify(.) by extensions ['colcon_pkg']
[0.534s] Level 1:colcon.colcon_core.package_identification:_identify(.) by extension 'colcon_pkg'
[0.534s] Level 1:colcon.colcon_core.package_identification:_identify(.) by extensions ['colcon_meta']
[0.534s] Level 1:colcon.colcon_core.package_identification:_identify(.) by extension 'colcon_meta'
[0.534s] Level 1:colcon.colcon_core.package_identification:_identify(.) by extensions ['ros']
[0.534s] Level 1:colcon.colcon_core.package_identification:_identify(.) by extension 'ros'
[0.565s] Level 1:colcon.colcon_core.package_identification:_identify(.) by extensions ['cmake', 'python']
[0.565s] Level 1:colcon.colcon_core.package_identification:_identify(.) by extension 'cmake'
[0.565s] Level 1:colcon.colcon_core.package_identification:_identify(.) by extension 'python'
[0.565s] Level 1:colcon.colcon_core.package_identification:_identify(.) by extensions ['python_setup_py']
[0.565s] Level 1:colcon.colcon_core.package_identification:_identify(.) by extension 'python_setup_py'
[0.566s] Level 1:colcon.colcon_core.package_identification:_identify(build) by extensions ['ignore', 'ignore_ament_install']
[0.566s] Level 1:colcon.colcon_core.package_identification:_identify(build) by extension 'ignore'
[0.566s] Level 1:colcon.colcon_core.package_identification:_identify(build) ignored
[0.566s] Level 1:colcon.colcon_core.package_identification:_identify(install) by extensions ['ignore', 'ignore_ament_install']
[0.566s] Level 1:colcon.colcon_core.package_identification:_identify(install) by extension 'ignore'
[0.566s] Level 1:colcon.colcon_core.package_identification:_identify(install) ignored
[0.567s] Level 1:colcon.colcon_core.package_identification:_identify(log) by extensions ['ignore', 'ignore_ament_install']
[0.567s] Level 1:colcon.colcon_core.package_identification:_identify(log) by extension 'ignore'
[0.567s] Level 1:colcon.colcon_core.package_identification:_identify(log) ignored
[0.567s] Level 1:colcon.colcon_core.package_identification:_identify(src) by extensions ['ignore', 'ignore_ament_install']
[0.567s] Level 1:colcon.colcon_core.package_identification:_identify(src) by extension 'ignore'
[0.567s] Level 1:colcon.colcon_core.package_identification:_identify(src) by extension 'ignore_ament_install'
[0.567s] Level 1:colcon.colcon_core.package_identification:_identify(src) by extensions ['colcon_pkg']
[0.567s] Level 1:colcon.colcon_core.package_identification:_identify(src) by extension 'colcon_pkg'
[0.567s] Level 1:colcon.colcon_core.package_identification:_identify(src) by extensions ['colcon_meta']
[0.567s] Level 1:colcon.colcon_core.package_identification:_identify(src) by extension 'colcon_meta'
[0.567s] Level 1:colcon.colcon_core.package_identification:_identify(src) by extensions ['ros']
[0.567s] Level 1:colcon.colcon_core.package_identification:_identify(src) by extension 'ros'
[0.567s] Level 1:colcon.colcon_core.package_identification:_identify(src) by extensions ['cmake', 'python']
[0.568s] Level 1:colcon.colcon_core.package_identification:_identify(src) by extension 'cmake'
[0.568s] Level 1:colcon.colcon_core.package_identification:_identify(src) by extension 'python'
[0.568s] Level 1:colcon.colcon_core.package_identification:_identify(src) by extensions ['python_setup_py']
[0.568s] Level 1:colcon.colcon_core.package_identification:_identify(src) by extension 'python_setup_py'
[0.568s] Level 1:colcon.colcon_core.package_identification:_identify(src/build) by extensions ['ignore', 'ignore_ament_install']
[0.568s] Level 1:colcon.colcon_core.package_identification:_identify(src/build) by extension 'ignore'
[0.568s] Level 1:colcon.colcon_core.package_identification:_identify(src/build) ignored
[0.568s] Level 1:colcon.colcon_core.package_identification:_identify(src/install) by extensions ['ignore', 'ignore_ament_install']
[0.569s] Level 1:colcon.colcon_core.package_identification:_identify(src/install) by extension 'ignore'
[0.569s] Level 1:colcon.colcon_core.package_identification:_identify(src/install) ignored
[0.569s] Level 1:colcon.colcon_core.package_identification:_identify(src/log) by extensions ['ignore', 'ignore_ament_install']
[0.569s] Level 1:colcon.colcon_core.package_identification:_identify(src/log) by extension 'ignore'
[0.569s] Level 1:colcon.colcon_core.package_identification:_identify(src/log) ignored
[0.569s] Level 1:colcon.colcon_core.package_identification:_identify(src/mypkg) by extensions ['ignore', 'ignore_ament_install']
[0.569s] Level 1:colcon.colcon_core.package_identification:_identify(src/mypkg) by extension 'ignore'
[0.570s] Level 1:colcon.colcon_core.package_identification:_identify(src/mypkg) by extension 'ignore_ament_install'
[0.570s] Level 1:colcon.colcon_core.package_identification:_identify(src/mypkg) by extensions ['colcon_pkg']
[0.570s] Level 1:colcon.colcon_core.package_identification:_identify(src/mypkg) by extension 'colcon_pkg'
[0.570s] Level 1:colcon.colcon_core.package_identification:_identify(src/mypkg) by extensions ['colcon_meta']
[0.570s] Level 1:colcon.colcon_core.package_identification:_identify(src/mypkg) by extension 'colcon_meta'
[0.570s] Level 1:colcon.colcon_core.package_identification:_identify(src/mypkg) by extensions ['ros']
[0.570s] Level 1:colcon.colcon_core.package_identification:_identify(src/mypkg) by extension 'ros'
[0.574s] DEBUG:colcon.colcon_core.package_identification:Package 'src/mypkg' with type 'ros.ament_python' and name 'mypkg'
[0.574s] Level 1:colcon.colcon_core.package_identification:_identify(src/person_msgs) by extensions ['ignore', 'ignore_ament_install']
[0.574s] Level 1:colcon.colcon_core.package_identification:_identify(src/person_msgs) by extension 'ignore'
[0.575s] Level 1:colcon.colcon_core.package_identification:_identify(src/person_msgs) by extension 'ignore_ament_install'
[0.575s] Level 1:colcon.colcon_core.package_identification:_identify(src/person_msgs) by extensions ['colcon_pkg']
[0.575s] Level 1:colcon.colcon_core.package_identification:_identify(src/person_msgs) by extension 'colcon_pkg'
[0.575s] Level 1:colcon.colcon_core.package_identification:_identify(src/person_msgs) by extensions ['colcon_meta']
[0.575s] Level 1:colcon.colcon_core.package_identification:_identify(src/person_msgs) by extension 'colcon_meta'
[0.575s] Level 1:colcon.colcon_core.package_identification:_identify(src/person_msgs) by extensions ['ros']
[0.575s] Level 1:colcon.colcon_core.package_identification:_identify(src/person_msgs) by extension 'ros'
[0.576s] DEBUG:colcon.colcon_core.package_identification:Package 'src/person_msgs' with type 'ros.ament_cmake' and name 'person_msgs'
[0.576s] Level 1:colcon.colcon_core.package_discovery:discover_packages(recursive) using defaults
[0.577s] Level 1:colcon.colcon_core.package_discovery:discover_packages(ignore) discover
[0.577s] Level 1:colcon.colcon_core.package_discovery:discover_packages(ignore) using defaults
[0.577s] Level 1:colcon.colcon_core.package_discovery:discover_packages(path) discover
[0.577s] Level 1:colcon.colcon_core.package_discovery:discover_packages(path) using defaults
[0.607s] Level 1:colcon.colcon_core.package_discovery:discover_packages(prefix_path) check parameters
[0.607s] Level 1:colcon.colcon_core.package_discovery:discover_packages(prefix_path) discover
[0.613s] DEBUG:colcon.colcon_installed_package_information.package_discovery:Found 2 installed packages in /home/koara/robosys2024-4/ros2_ws/install
[0.615s] DEBUG:colcon.colcon_installed_package_information.package_discovery:Found 256 installed packages in /opt/ros/foxy
[0.616s] Level 1:colcon.colcon_core.package_discovery:discover_packages(prefix_path) using defaults
[0.842s] Level 5:colcon.colcon_core.verb:set package 'mypkg' build argument 'cmake_args' from command line to 'None'
[0.842s] Level 5:colcon.colcon_core.verb:set package 'mypkg' build argument 'cmake_target' from command line to 'None'
[0.842s] Level 5:colcon.colcon_core.verb:set package 'mypkg' build argument 'cmake_target_skip_unavailable' from command line to 'False'
[0.842s] Level 5:colcon.colcon_core.verb:set package 'mypkg' build argument 'cmake_clean_cache' from command line to 'False'
[0.842s] Level 5:colcon.colcon_core.verb:set package 'mypkg' build argument 'cmake_clean_first' from command line to 'False'
[0.842s] Level 5:colcon.colcon_core.verb:set package 'mypkg' build argument 'cmake_force_configure' from command line to 'False'
[0.842s] Level 5:colcon.colcon_core.verb:set package 'mypkg' build argument 'ament_cmake_args' from command line to 'None'
[0.842s] Level 5:colcon.colcon_core.verb:set package 'mypkg' build argument 'catkin_cmake_args' from command line to 'None'
[0.842s] Level 5:colcon.colcon_core.verb:set package 'mypkg' build argument 'catkin_skip_building_tests' from command line to 'False'
[0.842s] DEBUG:colcon.colcon_core.verb:Building package 'mypkg' with the following arguments: {'ament_cmake_args': None, 'build_base': '/home/koara/robosys2024-4/ros2_ws/build/mypkg', 'catkin_cmake_args': None, 'catkin_skip_building_tests': False, 'cmake_args': None, 'cmake_clean_cache': False, 'cmake_clean_first': False, 'cmake_force_configure': False, 'cmake_target': None, 'cmake_target_skip_unavailable': False, 'install_base': '/home/koara/robosys2024-4/ros2_ws/install/mypkg', 'merge_install': False, 'path': '/home/koara/robosys2024-4/ros2_ws/src/mypkg', 'symlink_install': False, 'test_result_base': None}
[0.843s] Level 5:colcon.colcon_core.verb:set package 'person_msgs' build argument 'cmake_args' from command line to 'None'
[0.843s] Level 5:colcon.colcon_core.verb:set package 'person_msgs' build argument 'cmake_target' from command line to 'None'
[0.843s] Level 5:colcon.colcon_core.verb:set package 'person_msgs' build argument 'cmake_target_skip_unavailable' from command line to 'False'
[0.843s] Level 5:colcon.colcon_core.verb:set package 'person_msgs' build argument 'cmake_clean_cache' from command line to 'False'
[0.843s] Level 5:colcon.colcon_core.verb:set package 'person_msgs' build argument 'cmake_clean_first' from command line to 'False'
[0.843s] Level 5:colcon.colcon_core.verb:set package 'person_msgs' build argument 'cmake_force_configure' from command line to 'False'
[0.843s] Level 5:colcon.colcon_core.verb:set package 'person_msgs' build argument 'ament_cmake_args' from command line to 'None'
[0.843s] Level 5:colcon.colcon_core.verb:set package 'person_msgs' build argument 'catkin_cmake_args' from command line to 'None'
[0.843s] Level 5:colcon.colcon_core.verb:set package 'person_msgs' build argument 'catkin_skip_building_tests' from command line to 'False'
[0.843s] DEBUG:colcon.colcon_core.verb:Building package 'person_msgs' with the following arguments: {'ament_cmake_args': None, 'build_base': '/home/koara/robosys2024-4/ros2_ws/build/person_msgs', 'catkin_cmake_args': None, 'catkin_skip_building_tests': False, 'cmake_args': None, 'cmake_clean_cache': False, 'cmake_clean_first': False, 'cmake_force_configure': False, 'cmake_target': None, 'cmake_target_skip_unavailable': False, 'install_base': '/home/koara/robosys2024-4/ros2_ws/install/person_msgs', 'merge_install': False, 'path': '/home/koara/robosys2024-4/ros2_ws/src/person_msgs', 'symlink_install': False, 'test_result_base': None}
[0.843s] INFO:colcon.colcon_core.executor:Executing jobs using 'parallel' executor
[0.844s] DEBUG:colcon.colcon_parallel_executor.executor.parallel:run_until_complete
[0.844s] INFO:colcon.colcon_ros.task.ament_python.build:Building ROS package in '/home/koara/robosys2024-4/ros2_ws/src/mypkg' with build type 'ament_python'
[0.844s] Level 1:colcon.colcon_core.shell:create_environment_hook('mypkg', 'ament_prefix_path')
[0.851s] INFO:colcon.colcon_core.plugin_system:Skipping extension 'colcon_core.shell.bat': Not used on non-Windows systems
[0.852s] INFO:colcon.colcon_core.shell:Creating environment hook '/home/koara/robosys2024-4/ros2_ws/install/mypkg/share/mypkg/hook/ament_prefix_path.ps1'
[0.853s] INFO:colcon.colcon_core.shell:Creating environment descriptor '/home/koara/robosys2024-4/ros2_ws/install/mypkg/share/mypkg/hook/ament_prefix_path.dsv'
[0.854s] INFO:colcon.colcon_core.shell:Creating environment hook '/home/koara/robosys2024-4/ros2_ws/install/mypkg/share/mypkg/hook/ament_prefix_path.sh'
[0.855s] INFO:colcon.colcon_core.shell:Skip shell extension 'powershell' for command environment: Not usable outside of PowerShell
[0.856s] DEBUG:colcon.colcon_core.shell:Skip shell extension 'dsv' for command environment
[0.865s] INFO:colcon.colcon_ros.task.ament_cmake.build:Building ROS package in '/home/koara/robosys2024-4/ros2_ws/src/person_msgs' with build type 'ament_cmake'
[0.865s] INFO:colcon.colcon_cmake.task.cmake.build:Building CMake package in '/home/koara/robosys2024-4/ros2_ws/src/person_msgs'
[0.866s] INFO:colcon.colcon_core.shell:Skip shell extension 'powershell' for command environment: Not usable outside of PowerShell
[0.866s] DEBUG:colcon.colcon_core.shell:Skip shell extension 'dsv' for command environment
[1.089s] INFO:colcon.colcon_core.task.python.build:Building Python package in '/home/koara/robosys2024-4/ros2_ws/src/mypkg'
[1.090s] INFO:colcon.colcon_core.shell:Skip shell extension 'powershell' for command environment: Not usable outside of PowerShell
[1.090s] DEBUG:colcon.colcon_core.shell:Skip shell extension 'dsv' for command environment
[1.107s] DEBUG:colcon.colcon_core.event_handler.log_command:Invoking command in '/home/koara/robosys2024-4/ros2_ws/build/person_msgs': CMAKE_PREFIX_PATH=${CMAKE_PREFIX_PATH}:/home/koara/robosys2024-4/ros2_ws/install/mypkg:/opt/ros/foxy /usr/bin/cmake --build /home/koara/robosys2024-4/ros2_ws/build/person_msgs -- -j12 -l12
[1.533s] DEBUG:colcon.colcon_core.event_handler.log_command:Invoked command in '/home/koara/robosys2024-4/ros2_ws/build/person_msgs' returned '0': CMAKE_PREFIX_PATH=${CMAKE_PREFIX_PATH}:/home/koara/robosys2024-4/ros2_ws/install/mypkg:/opt/ros/foxy /usr/bin/cmake --build /home/koara/robosys2024-4/ros2_ws/build/person_msgs -- -j12 -l12
[1.606s] DEBUG:colcon.colcon_core.event_handler.log_command:Invoking command in '/home/koara/robosys2024-4/ros2_ws/src/mypkg': PYTHONPATH=/home/koara/robosys2024-4/ros2_ws/build/mypkg/prefix_override:/usr/lib/python3/dist-packages/colcon_core/task/python/colcon_distutils_commands:/home/koara/robosys2024-4/ros2_ws/install/mypkg/lib/python3.8/site-packages:${PYTHONPATH} /usr/bin/python3 -W ignore:setup.py install is deprecated setup.py egg_info --egg-base ../../build/mypkg build --build-base /home/koara/robosys2024-4/ros2_ws/build/mypkg/build install --record /home/koara/robosys2024-4/ros2_ws/build/mypkg/install.log --install-scripts $base/lib/mypkg --single-version-externally-managed install_data
[1.626s] DEBUG:colcon.colcon_core.event_handler.log_command:Invoking command in '/home/koara/robosys2024-4/ros2_ws/build/person_msgs': CMAKE_PREFIX_PATH=${CMAKE_PREFIX_PATH}:/home/koara/robosys2024-4/ros2_ws/install/mypkg:/opt/ros/foxy /usr/bin/cmake --install /home/koara/robosys2024-4/ros2_ws/build/person_msgs
[1.710s] Level 1:colcon.colcon_core.environment:create_environment_scripts_only(person_msgs)
[1.711s] DEBUG:colcon.colcon_core.event_handler.log_command:Invoked command in '/home/koara/robosys2024-4/ros2_ws/build/person_msgs' returned '0': CMAKE_PREFIX_PATH=${CMAKE_PREFIX_PATH}:/home/koara/robosys2024-4/ros2_ws/install/mypkg:/opt/ros/foxy /usr/bin/cmake --install /home/koara/robosys2024-4/ros2_ws/build/person_msgs
[1.722s] Level 1:colcon.colcon_core.environment:checking '/home/koara/robosys2024-4/ros2_ws/install/person_msgs' for CMake module files
[1.723s] Level 1:colcon.colcon_core.environment:checking '/home/koara/robosys2024-4/ros2_ws/install/person_msgs' for CMake config files
[1.727s] Level 1:colcon.colcon_core.shell:create_environment_hook('person_msgs', 'cmake_prefix_path')
[1.727s] INFO:colcon.colcon_core.shell:Creating environment hook '/home/koara/robosys2024-4/ros2_ws/install/person_msgs/share/person_msgs/hook/cmake_prefix_path.ps1'
[1.728s] INFO:colcon.colcon_core.shell:Creating environment descriptor '/home/koara/robosys2024-4/ros2_ws/install/person_msgs/share/person_msgs/hook/cmake_prefix_path.dsv'
[1.729s] INFO:colcon.colcon_core.shell:Creating environment hook '/home/koara/robosys2024-4/ros2_ws/install/person_msgs/share/person_msgs/hook/cmake_prefix_path.sh'
[1.729s] Level 1:colcon.colcon_core.environment:checking '/home/koara/robosys2024-4/ros2_ws/install/person_msgs/lib'
[1.730s] Level 1:colcon.colcon_core.shell:create_environment_hook('person_msgs', 'ld_library_path_lib')
[1.730s] INFO:colcon.colcon_core.shell:Creating environment hook '/home/koara/robosys2024-4/ros2_ws/install/person_msgs/share/person_msgs/hook/ld_library_path_lib.ps1'
[1.731s] INFO:colcon.colcon_core.shell:Creating environment descriptor '/home/koara/robosys2024-4/ros2_ws/install/person_msgs/share/person_msgs/hook/ld_library_path_lib.dsv'
[1.731s] INFO:colcon.colcon_core.shell:Creating environment hook '/home/koara/robosys2024-4/ros2_ws/install/person_msgs/share/person_msgs/hook/ld_library_path_lib.sh'
[1.731s] Level 1:colcon.colcon_core.environment:checking '/home/koara/robosys2024-4/ros2_ws/install/person_msgs/bin'
[1.732s] Level 1:colcon.colcon_core.environment:checking '/home/koara/robosys2024-4/ros2_ws/install/person_msgs/lib/pkgconfig/person_msgs.pc'
[1.732s] Level 1:colcon.colcon_core.environment:checking '/home/koara/robosys2024-4/ros2_ws/install/person_msgs/lib/python3.8/site-packages'
[1.732s] Level 1:colcon.colcon_core.shell:create_environment_hook('person_msgs', 'pythonpath')
[1.732s] INFO:colcon.colcon_core.shell:Creating environment hook '/home/koara/robosys2024-4/ros2_ws/install/person_msgs/share/person_msgs/hook/pythonpath.ps1'
[1.732s] INFO:colcon.colcon_core.shell:Creating environment descriptor '/home/koara/robosys2024-4/ros2_ws/install/person_msgs/share/person_msgs/hook/pythonpath.dsv'
[1.733s] INFO:colcon.colcon_core.shell:Creating environment hook '/home/koara/robosys2024-4/ros2_ws/install/person_msgs/share/person_msgs/hook/pythonpath.sh'
[1.733s] Level 1:colcon.colcon_core.environment:checking '/home/koara/robosys2024-4/ros2_ws/install/person_msgs/bin'
[1.733s] INFO:colcon.colcon_core.shell:Creating package script '/home/koara/robosys2024-4/ros2_ws/install/person_msgs/share/person_msgs/package.ps1'
[1.735s] INFO:colcon.colcon_core.shell:Creating package descriptor '/home/koara/robosys2024-4/ros2_ws/install/person_msgs/share/person_msgs/package.dsv'
[1.736s] INFO:colcon.colcon_core.shell:Creating package script '/home/koara/robosys2024-4/ros2_ws/install/person_msgs/share/person_msgs/package.sh'
[1.737s] INFO:colcon.colcon_core.shell:Creating package script '/home/koara/robosys2024-4/ros2_ws/install/person_msgs/share/person_msgs/package.bash'
[1.739s] INFO:colcon.colcon_core.shell:Creating package script '/home/koara/robosys2024-4/ros2_ws/install/person_msgs/share/person_msgs/package.zsh'
[1.740s] Level 1:colcon.colcon_core.environment:create_file_with_runtime_dependencies(/home/koara/robosys2024-4/ros2_ws/install/person_msgs/share/colcon-core/packages/person_msgs)
[1.820s] Level 1:colcon.colcon_core.environment:create_environment_scripts_only(person_msgs)
[1.821s] Level 1:colcon.colcon_core.environment:checking '/home/koara/robosys2024-4/ros2_ws/install/person_msgs' for CMake module files
[1.821s] Level 1:colcon.colcon_core.environment:checking '/home/koara/robosys2024-4/ros2_ws/install/person_msgs' for CMake config files
[1.822s] Level 1:colcon.colcon_core.shell:create_environment_hook('person_msgs', 'cmake_prefix_path')
[1.822s] INFO:colcon.colcon_core.shell:Creating environment hook '/home/koara/robosys2024-4/ros2_ws/install/person_msgs/share/person_msgs/hook/cmake_prefix_path.ps1'
[1.823s] INFO:colcon.colcon_core.shell:Creating environment descriptor '/home/koara/robosys2024-4/ros2_ws/install/person_msgs/share/person_msgs/hook/cmake_prefix_path.dsv'
[1.823s] INFO:colcon.colcon_core.shell:Creating environment hook '/home/koara/robosys2024-4/ros2_ws/install/person_msgs/share/person_msgs/hook/cmake_prefix_path.sh'
[1.823s] Level 1:colcon.colcon_core.environment:checking '/home/koara/robosys2024-4/ros2_ws/install/person_msgs/lib'
[1.824s] Level 1:colcon.colcon_core.shell:create_environment_hook('person_msgs', 'ld_library_path_lib')
[1.824s] INFO:colcon.colcon_core.shell:Creating environment hook '/home/koara/robosys2024-4/ros2_ws/install/person_msgs/share/person_msgs/hook/ld_library_path_lib.ps1'
[1.824s] INFO:colcon.colcon_core.shell:Creating environment descriptor '/home/koara/robosys2024-4/ros2_ws/install/person_msgs/share/person_msgs/hook/ld_library_path_lib.dsv'
[1.824s] INFO:colcon.colcon_core.shell:Creating environment hook '/home/koara/robosys2024-4/ros2_ws/install/person_msgs/share/person_msgs/hook/ld_library_path_lib.sh'
[1.825s] Level 1:colcon.colcon_core.environment:checking '/home/koara/robosys2024-4/ros2_ws/install/person_msgs/bin'
[1.825s] Level 1:colcon.colcon_core.environment:checking '/home/koara/robosys2024-4/ros2_ws/install/person_msgs/lib/pkgconfig/person_msgs.pc'
[1.825s] Level 1:colcon.colcon_core.environment:checking '/home/koara/robosys2024-4/ros2_ws/install/person_msgs/lib/python3.8/site-packages'
[1.825s] Level 1:colcon.colcon_core.shell:create_environment_hook('person_msgs', 'pythonpath')
[1.825s] INFO:colcon.colcon_core.shell:Creating environment hook '/home/koara/robosys2024-4/ros2_ws/install/person_msgs/share/person_msgs/hook/pythonpath.ps1'
[1.826s] INFO:colcon.colcon_core.shell:Creating environment descriptor '/home/koara/robosys2024-4/ros2_ws/install/person_msgs/share/person_msgs/hook/pythonpath.dsv'
[1.826s] INFO:colcon.colcon_core.shell:Creating environment hook '/home/koara/robosys2024-4/ros2_ws/install/person_msgs/share/person_msgs/hook/pythonpath.sh'
[1.826s] Level 1:colcon.colcon_core.environment:checking '/home/koara/robosys2024-4/ros2_ws/install/person_msgs/bin'
[1.827s] INFO:colcon.colcon_core.shell:Creating package script '/home/koara/robosys2024-4/ros2_ws/install/person_msgs/share/person_msgs/package.ps1'
[1.827s] INFO:colcon.colcon_core.shell:Creating package descriptor '/home/koara/robosys2024-4/ros2_ws/install/person_msgs/share/person_msgs/package.dsv'
[1.828s] INFO:colcon.colcon_core.shell:Creating package script '/home/koara/robosys2024-4/ros2_ws/install/person_msgs/share/person_msgs/package.sh'
[1.828s] INFO:colcon.colcon_core.shell:Creating package script '/home/koara/robosys2024-4/ros2_ws/install/person_msgs/share/person_msgs/package.bash'
[1.828s] INFO:colcon.colcon_core.shell:Creating package script '/home/koara/robosys2024-4/ros2_ws/install/person_msgs/share/person_msgs/package.zsh'
[1.829s] Level 1:colcon.colcon_core.environment:create_file_with_runtime_dependencies(/home/koara/robosys2024-4/ros2_ws/install/person_msgs/share/colcon-core/packages/person_msgs)
[1.906s] Level 1:colcon.colcon_core.environment:checking '/home/koara/robosys2024-4/ros2_ws/install/mypkg' for CMake module files
[1.907s] DEBUG:colcon.colcon_core.event_handler.log_command:Invoked command in '/home/koara/robosys2024-4/ros2_ws/src/mypkg' returned '0': PYTHONPATH=/home/koara/robosys2024-4/ros2_ws/build/mypkg/prefix_override:/usr/lib/python3/dist-packages/colcon_core/task/python/colcon_distutils_commands:/home/koara/robosys2024-4/ros2_ws/install/mypkg/lib/python3.8/site-packages:${PYTHONPATH} /usr/bin/python3 -W ignore:setup.py install is deprecated setup.py egg_info --egg-base ../../build/mypkg build --build-base /home/koara/robosys2024-4/ros2_ws/build/mypkg/build install --record /home/koara/robosys2024-4/ros2_ws/build/mypkg/install.log --install-scripts $base/lib/mypkg --single-version-externally-managed install_data
[1.908s] Level 1:colcon.colcon_core.environment:checking '/home/koara/robosys2024-4/ros2_ws/install/mypkg' for CMake config files
[1.911s] Level 1:colcon.colcon_core.environment:checking '/home/koara/robosys2024-4/ros2_ws/install/mypkg/lib'
[1.911s] Level 1:colcon.colcon_core.environment:checking '/home/koara/robosys2024-4/ros2_ws/install/mypkg/bin'
[1.911s] Level 1:colcon.colcon_core.environment:checking '/home/koara/robosys2024-4/ros2_ws/install/mypkg/lib/pkgconfig/mypkg.pc'
[1.911s] Level 1:colcon.colcon_core.environment:checking '/home/koara/robosys2024-4/ros2_ws/install/mypkg/lib/python3.8/site-packages'
[1.911s] Level 1:colcon.colcon_core.shell:create_environment_hook('mypkg', 'pythonpath')
[1.912s] INFO:colcon.colcon_core.shell:Creating environment hook '/home/koara/robosys2024-4/ros2_ws/install/mypkg/share/mypkg/hook/pythonpath.ps1'
[1.912s] INFO:colcon.colcon_core.shell:Creating environment descriptor '/home/koara/robosys2024-4/ros2_ws/install/mypkg/share/mypkg/hook/pythonpath.dsv'
[1.912s] INFO:colcon.colcon_core.shell:Creating environment hook '/home/koara/robosys2024-4/ros2_ws/install/mypkg/share/mypkg/hook/pythonpath.sh'
[1.913s] Level 1:colcon.colcon_core.environment:checking '/home/koara/robosys2024-4/ros2_ws/install/mypkg/bin'
[1.913s] Level 1:colcon.colcon_core.environment:create_environment_scripts_only(mypkg)
[1.913s] INFO:colcon.colcon_core.shell:Creating package script '/home/koara/robosys2024-4/ros2_ws/install/mypkg/share/mypkg/package.ps1'
[1.914s] INFO:colcon.colcon_core.shell:Creating package descriptor '/home/koara/robosys2024-4/ros2_ws/install/mypkg/share/mypkg/package.dsv'
[1.914s] INFO:colcon.colcon_core.shell:Creating package script '/home/koara/robosys2024-4/ros2_ws/install/mypkg/share/mypkg/package.sh'
[1.914s] INFO:colcon.colcon_core.shell:Creating package script '/home/koara/robosys2024-4/ros2_ws/install/mypkg/share/mypkg/package.bash'
[1.915s] INFO:colcon.colcon_core.shell:Creating package script '/home/koara/robosys2024-4/ros2_ws/install/mypkg/share/mypkg/package.zsh'
[1.915s] Level 1:colcon.colcon_core.environment:create_file_with_runtime_dependencies(/home/koara/robosys2024-4/ros2_ws/install/mypkg/share/colcon-core/packages/mypkg)
[1.915s] DEBUG:colcon.colcon_parallel_executor.executor.parallel:closing loop
[1.916s] DEBUG:colcon.colcon_parallel_executor.executor.parallel:loop closed
[1.916s] DEBUG:colcon.colcon_parallel_executor.executor.parallel:run_until_complete finished with '0'
[1.916s] DEBUG:colcon.colcon_core.event_reactor:joining thread
[1.955s] INFO:colcon.colcon_core.plugin_system:Skipping extension 'colcon_notification.desktop_notification.notify_send': Could not find 'notify-send'
[1.955s] INFO:colcon.colcon_core.plugin_system:Skipping extension 'colcon_notification.desktop_notification.terminal_notifier': Not used on non-Darwin systems
[1.955s] INFO:colcon.colcon_core.plugin_system:Skipping extension 'colcon_notification.desktop_notification.win32': Not used on non-Windows systems
[1.955s] INFO:colcon.colcon_notification.desktop_notification:Sending desktop notification using 'notify2'
[1.957s] DEBUG:colcon.colcon_notification.desktop_notification.notify2:Failed to initialize notify2: org.freedesktop.DBus.Error.ServiceUnknown: The name org.freedesktop.Notifications was not provided by any .service files
[1.957s] DEBUG:colcon.colcon_core.event_reactor:joined thread
[1.957s] INFO:colcon.colcon_core.shell:Creating prefix script '/home/koara/robosys2024-4/ros2_ws/install/local_setup.ps1'
[1.958s] INFO:colcon.colcon_core.shell:Creating prefix util module '/home/koara/robosys2024-4/ros2_ws/install/_local_setup_util_ps1.py'
[1.960s] INFO:colcon.colcon_core.shell:Creating prefix chain script '/home/koara/robosys2024-4/ros2_ws/install/setup.ps1'
[1.961s] INFO:colcon.colcon_core.shell:Creating prefix script '/home/koara/robosys2024-4/ros2_ws/install/local_setup.sh'
[1.962s] INFO:colcon.colcon_core.shell:Creating prefix util module '/home/koara/robosys2024-4/ros2_ws/install/_local_setup_util_sh.py'
[1.963s] INFO:colcon.colcon_core.shell:Creating prefix chain script '/home/koara/robosys2024-4/ros2_ws/install/setup.sh'
[1.965s] INFO:colcon.colcon_core.shell:Creating prefix script '/home/koara/robosys2024-4/ros2_ws/install/local_setup.bash'
[1.966s] INFO:colcon.colcon_core.shell:Creating prefix chain script '/home/koara/robosys2024-4/ros2_ws/install/setup.bash'
[1.967s] INFO:colcon.colcon_core.shell:Creating prefix script '/home/koara/robosys2024-4/ros2_ws/install/local_setup.zsh'
[1.968s] INFO:colcon.colcon_core.shell:Creating prefix chain script '/home/koara/robosys2024-4/ros2_ws/install/setup.zsh'
