[0.185s] Invoking command in '/home/koara/robosys2024-4/ros2_ws/src/build/person_msgs': CMAKE_PREFIX_PATH=${CMAKE_PREFIX_PATH}:/home/koara/ros2_ws/install/mypkg:/opt/ros/foxy /usr/bin/cmake /home/koara/robosys2024-4/ros2_ws/src/person_msgs -DCMAKE_INSTALL_PREFIX=/home/koara/robosys2024-4/ros2_ws/src/install/person_msgs
[0.535s] -- The C compiler identification is GNU 9.4.0
[0.861s] -- The CXX compiler identification is GNU 9.4.0
[0.923s] -- Check for working C compiler: /usr/bin/cc
[1.024s] -- Check for working C compiler: /usr/bin/cc -- works
[1.026s] -- Detecting C compiler ABI info
[1.128s] -- Detecting C compiler ABI info - done
[1.138s] -- Detecting C compile features
[1.138s] -- Detecting C compile features - done
[1.141s] -- Check for working CXX compiler: /usr/bin/c++
[1.246s] -- Check for working CXX compiler: /usr/bin/c++ -- works
[1.247s] -- Detecting CXX compiler ABI info
[1.351s] -- Detecting CXX compiler ABI info - done
[1.361s] -- Detecting CXX compile features
[1.362s] -- Detecting CXX compile features - done
[1.368s] -- Found ament_cmake: 0.9.12 (/opt/ros/foxy/share/ament_cmake/cmake)
[1.390s] -- Found PythonInterp: /usr/bin/python3 (found suitable version "3.8.10", minimum required is "3") 
[1.390s] -- Using PYTHON_EXECUTABLE: /usr/bin/python3
[1.556s] -- Found ament_lint_auto: 0.9.8 (/opt/ros/foxy/share/ament_lint_auto/cmake)
[1.558s] -- Found rosidl_default_generators: 1.0.1 (/opt/ros/foxy/share/rosidl_default_generators/cmake)
[1.566s] -- Using all available rosidl_typesupport_c: rosidl_typesupport_fastrtps_c;rosidl_typesupport_introspection_c
[1.578s] -- Found rosidl_adapter: 1.3.1 (/opt/ros/foxy/share/rosidl_adapter/cmake)
[2.274s] -- Found OpenSSL: /usr/lib/x86_64-linux-gnu/libcrypto.so (found version "1.1.1f")  
[2.852s] -- Found FastRTPS: /opt/ros/foxy/include  
[3.940s] -- Using all available rosidl_typesupport_cpp: rosidl_typesupport_fastrtps_cpp;rosidl_typesupport_introspection_cpp
[3.992s] -- Found PythonInterp: /usr/bin/python3 (found version "3.8.10") 
[4.100s] -- Found ament_cmake_ros: 0.9.2 (/opt/ros/foxy/share/ament_cmake_ros/cmake)
[6.149s] -- Using all available rosidl_typesupport_c: rosidl_typesupport_fastrtps_c;rosidl_typesupport_introspection_c
[6.158s] -- Using all available rosidl_typesupport_cpp: rosidl_typesupport_fastrtps_cpp;rosidl_typesupport_introspection_cpp
[6.177s] -- Found PythonInterp: /usr/bin/python3 (found suitable version "3.8.10", minimum required is "3.5") 
[6.181s] -- Found python_cmake_module: 0.8.1 (/opt/ros/foxy/share/python_cmake_module/cmake)
[6.392s] -- Found PythonLibs: /usr/lib/x86_64-linux-gnu/libpython3.8.so (found suitable version "3.8.10", minimum required is "3.5") 
[6.392s] -- Using PYTHON_EXECUTABLE: /usr/bin/python3
[6.392s] -- Using PYTHON_INCLUDE_DIRS: /usr/include/python3.8
[6.392s] -- Using PYTHON_LIBRARIES: /usr/lib/x86_64-linux-gnu/libpython3.8.so
[6.409s] -- Found PythonExtra: .so  
[6.481s] -- Added test 'copyright' to check source files copyright and LICENSE
[6.493s] -- Added test 'cppcheck' to perform static code analysis on C / C++ code
[6.494s] -- Configured cppcheck include dirs: 
[6.494s] -- Configured cppcheck exclude dirs and/or files: 
[6.500s] -- Added test 'cpplint' to check C / C++ code against the Google style
[6.500s] -- Configured cpplint exclude dirs and/or files: 
[6.501s] -- Added test 'flake8' to check Python code syntax and style conventions
[6.502s] -- Added test 'lint_cmake' to check CMake code style
[6.504s] -- Added test 'pep257' to check Python code against some of the style conventions in PEP 257
[6.509s] -- Added test 'uncrustify' to check C / C++ code style
[6.509s] -- Configured uncrustify additional arguments: 
[6.510s] -- Added test 'xmllint' to check XML markup files
[6.522s] -- Configuring done
[6.569s] -- Generating done
[6.572s] -- Build files have been written to: /home/koara/robosys2024-4/ros2_ws/src/build/person_msgs
[6.581s] Invoked command in '/home/koara/robosys2024-4/ros2_ws/src/build/person_msgs' returned '0': CMAKE_PREFIX_PATH=${CMAKE_PREFIX_PATH}:/home/koara/ros2_ws/install/mypkg:/opt/ros/foxy /usr/bin/cmake /home/koara/robosys2024-4/ros2_ws/src/person_msgs -DCMAKE_INSTALL_PREFIX=/home/koara/robosys2024-4/ros2_ws/src/install/person_msgs
[6.583s] Invoking command in '/home/koara/robosys2024-4/ros2_ws/src/build/person_msgs': CMAKE_PREFIX_PATH=${CMAKE_PREFIX_PATH}:/home/koara/ros2_ws/install/mypkg:/opt/ros/foxy /usr/bin/cmake --build /home/koara/robosys2024-4/ros2_ws/src/build/person_msgs -- -j12 -l12
[6.621s] [  2%] [34m[1mGenerating C code for ROS interfaces[0m
[6.621s] [35m[1mScanning dependencies of target person_msgs__cpp[0m
[6.631s] [  5%] [34m[1mGenerating C++ code for ROS interfaces[0m
[6.901s] [  5%] Built target person_msgs__cpp
[6.914s] [ 10%] [34m[1mGenerating C++ type support dispatch for ROS interfaces[0m
[6.914s] [ 10%] [34m[1mGenerating C++ type support for eProsima Fast-RTPS[0m
[6.920s] [ 12%] [34m[1mGenerating C++ introspection for ROS interfaces[0m
[6.927s] [35m[1mScanning dependencies of target person_msgs__rosidl_generator_c[0m
[6.944s] [ 15%] [32mBuilding C object CMakeFiles/person_msgs__rosidl_generator_c.dir/rosidl_generator_c/person_msgs/srv/detail/query__functions.c.o[0m
[6.945s] [ 17%] [32mBuilding C object CMakeFiles/person_msgs__rosidl_generator_c.dir/rosidl_generator_c/person_msgs/msg/detail/person__functions.c.o[0m
[7.032s] [ 20%] [32m[1mLinking C shared library libperson_msgs__rosidl_generator_c.so[0m
[7.099s] [ 20%] Built target person_msgs__rosidl_generator_c
[7.111s] [ 25%] [34m[1mGenerating C introspection for ROS interfaces[0m
[7.111s] [ 25%] [34m[1mGenerating C type support dispatch for ROS interfaces[0m
[7.153s] [35m[1mScanning dependencies of target person_msgs__rosidl_typesupport_cpp[0m
[7.176s] [ 28%] [32mBuilding CXX object CMakeFiles/person_msgs__rosidl_typesupport_cpp.dir/rosidl_typesupport_cpp/person_msgs/srv/query__type_support.cpp.o[0m
[7.176s] [ 30%] [32mBuilding CXX object CMakeFiles/person_msgs__rosidl_typesupport_cpp.dir/rosidl_typesupport_cpp/person_msgs/msg/person__type_support.cpp.o[0m
[7.176s] [35m[1mScanning dependencies of target person_msgs__rosidl_typesupport_introspection_cpp[0m
[7.187s] [35m[1mScanning dependencies of target person_msgs__rosidl_typesupport_fastrtps_cpp[0m
[7.194s] [ 33%] [32mBuilding CXX object CMakeFiles/person_msgs__rosidl_typesupport_introspection_cpp.dir/rosidl_typesupport_introspection_cpp/person_msgs/srv/detail/query__type_support.cpp.o[0m
[7.194s] [ 35%] [32mBuilding CXX object CMakeFiles/person_msgs__rosidl_typesupport_introspection_cpp.dir/rosidl_typesupport_introspection_cpp/person_msgs/msg/detail/person__type_support.cpp.o[0m
[7.235s] [ 38%] [32mBuilding CXX object CMakeFiles/person_msgs__rosidl_typesupport_fastrtps_cpp.dir/rosidl_typesupport_fastrtps_cpp/person_msgs/srv/detail/dds_fastrtps/query__type_support.cpp.o[0m
[7.235s] [ 41%] [32mBuilding CXX object CMakeFiles/person_msgs__rosidl_typesupport_fastrtps_cpp.dir/rosidl_typesupport_fastrtps_cpp/person_msgs/msg/detail/dds_fastrtps/person__type_support.cpp.o[0m
[7.375s] [35m[1mScanning dependencies of target person_msgs__rosidl_typesupport_c[0m
[7.393s] [ 43%] [32mBuilding CXX object CMakeFiles/person_msgs__rosidl_typesupport_c.dir/rosidl_typesupport_c/person_msgs/msg/person__type_support.cpp.o[0m
[7.393s] [ 46%] [32mBuilding CXX object CMakeFiles/person_msgs__rosidl_typesupport_c.dir/rosidl_typesupport_c/person_msgs/srv/query__type_support.cpp.o[0m
[7.440s] [35m[1mScanning dependencies of target person_msgs__rosidl_typesupport_introspection_c[0m
[7.441s] [ 48%] [32m[1mLinking CXX shared library libperson_msgs__rosidl_typesupport_c.so[0m
[7.458s] [ 51%] [32mBuilding C object CMakeFiles/person_msgs__rosidl_typesupport_introspection_c.dir/rosidl_typesupport_introspection_c/person_msgs/msg/detail/person__type_support.c.o[0m
[7.458s] [ 53%] [32mBuilding C object CMakeFiles/person_msgs__rosidl_typesupport_introspection_c.dir/rosidl_typesupport_introspection_c/person_msgs/srv/detail/query__type_support.c.o[0m
[7.512s] [ 56%] [32m[1mLinking C shared library libperson_msgs__rosidl_typesupport_introspection_c.so[0m
[7.545s] [ 56%] Built target person_msgs__rosidl_typesupport_c
[7.598s] [ 58%] [32m[1mLinking CXX shared library libperson_msgs__rosidl_typesupport_cpp.so[0m
[7.599s] [ 58%] Built target person_msgs__rosidl_typesupport_introspection_c
[7.602s] [ 61%] [32m[1mLinking CXX shared library libperson_msgs__rosidl_typesupport_introspection_cpp.so[0m
[7.673s] [ 61%] Built target person_msgs__rosidl_typesupport_cpp
[7.674s] [ 61%] Built target person_msgs__rosidl_typesupport_introspection_cpp
[7.751s] [ 64%] [32m[1mLinking CXX shared library libperson_msgs__rosidl_typesupport_fastrtps_cpp.so[0m
[7.861s] [ 64%] Built target person_msgs__rosidl_typesupport_fastrtps_cpp
[7.872s] [ 66%] [34m[1mGenerating C type support for eProsima Fast-RTPS[0m
[8.093s] [35m[1mScanning dependencies of target person_msgs__rosidl_typesupport_fastrtps_c[0m
[8.110s] [ 69%] [32mBuilding CXX object CMakeFiles/person_msgs__rosidl_typesupport_fastrtps_c.dir/rosidl_typesupport_fastrtps_c/person_msgs/msg/detail/person__type_support_c.cpp.o[0m
[8.110s] [ 71%] [32mBuilding CXX object CMakeFiles/person_msgs__rosidl_typesupport_fastrtps_c.dir/rosidl_typesupport_fastrtps_c/person_msgs/srv/detail/query__type_support_c.cpp.o[0m
[8.441s] [ 74%] [32m[1mLinking CXX shared library libperson_msgs__rosidl_typesupport_fastrtps_c.so[0m
[8.548s] [ 74%] Built target person_msgs__rosidl_typesupport_fastrtps_c
[8.557s] [35m[1mScanning dependencies of target person_msgs[0m
[8.567s] [ 74%] Built target person_msgs
[8.577s] [35m[1mScanning dependencies of target person_msgs__py[0m
[8.588s] [ 76%] [34m[1mGenerating Python code for ROS interfaces[0m
[9.008s] [ 76%] Built target person_msgs__py
[9.019s] [35m[1mScanning dependencies of target person_msgs__python[0m
[9.078s] [ 82%] [32mBuilding C object CMakeFiles/person_msgs__python.dir/rosidl_generator_py/person_msgs/srv/_query_s.c.o[0m
[9.078s] [ 82%] [32mBuilding C object CMakeFiles/person_msgs__python.dir/rosidl_generator_py/person_msgs/msg/_person_s.c.o[0m
[9.175s] [ 84%] [32m[1mLinking C shared library rosidl_generator_py/person_msgs/libperson_msgs__python.so[0m
[9.247s] [ 84%] Built target person_msgs__python
[9.257s] [35m[1mScanning dependencies of target person_msgs__rosidl_typesupport_fastrtps_c__pyext[0m
[9.257s] [35m[1mScanning dependencies of target person_msgs__rosidl_typesupport_introspection_c__pyext[0m
[9.257s] [35m[1mScanning dependencies of target person_msgs__rosidl_typesupport_c__pyext[0m
[9.275s] [ 87%] [32mBuilding C object CMakeFiles/person_msgs__rosidl_typesupport_introspection_c__pyext.dir/rosidl_generator_py/person_msgs/_person_msgs_s.ep.rosidl_typesupport_introspection_c.c.o[0m
[9.275s] [ 89%] [32mBuilding C object CMakeFiles/person_msgs__rosidl_typesupport_fastrtps_c__pyext.dir/rosidl_generator_py/person_msgs/_person_msgs_s.ep.rosidl_typesupport_fastrtps_c.c.o[0m
[9.275s] [ 92%] [32mBuilding C object CMakeFiles/person_msgs__rosidl_typesupport_c__pyext.dir/rosidl_generator_py/person_msgs/_person_msgs_s.ep.rosidl_typesupport_c.c.o[0m
[9.360s] [ 97%] [32m[1mLinking C shared library rosidl_generator_py/person_msgs/person_msgs_s__rosidl_typesupport_introspection_c.cpython-38-x86_64-linux-gnu.so[0m
[9.360s] [ 97%] [32m[1mLinking C shared library rosidl_generator_py/person_msgs/person_msgs_s__rosidl_typesupport_c.cpython-38-x86_64-linux-gnu.so[0m
[9.366s] [100%] [32m[1mLinking CXX shared library rosidl_generator_py/person_msgs/person_msgs_s__rosidl_typesupport_fastrtps_c.cpython-38-x86_64-linux-gnu.so[0m
[9.418s] [100%] Built target person_msgs__rosidl_typesupport_c__pyext
[9.421s] [100%] Built target person_msgs__rosidl_typesupport_introspection_c__pyext
[9.459s] [100%] Built target person_msgs__rosidl_typesupport_fastrtps_c__pyext
[9.471s] Invoked command in '/home/koara/robosys2024-4/ros2_ws/src/build/person_msgs' returned '0': CMAKE_PREFIX_PATH=${CMAKE_PREFIX_PATH}:/home/koara/ros2_ws/install/mypkg:/opt/ros/foxy /usr/bin/cmake --build /home/koara/robosys2024-4/ros2_ws/src/build/person_msgs -- -j12 -l12
[9.549s] Invoking command in '/home/koara/robosys2024-4/ros2_ws/src/build/person_msgs': CMAKE_PREFIX_PATH=${CMAKE_PREFIX_PATH}:/home/koara/ros2_ws/install/mypkg:/opt/ros/foxy /usr/bin/cmake --install /home/koara/robosys2024-4/ros2_ws/src/build/person_msgs
[9.558s] -- Install configuration: ""
[9.559s] -- Installing: /home/koara/robosys2024-4/ros2_ws/src/install/person_msgs/share/ament_index/resource_index/rosidl_interfaces/person_msgs
[9.559s] -- Installing: /home/koara/robosys2024-4/ros2_ws/src/install/person_msgs/include/person_msgs
[9.559s] -- Installing: /home/koara/robosys2024-4/ros2_ws/src/install/person_msgs/include/person_msgs/srv
[9.560s] -- Installing: /home/koara/robosys2024-4/ros2_ws/src/install/person_msgs/include/person_msgs/srv/detail
[9.560s] -- Installing: /home/koara/robosys2024-4/ros2_ws/src/install/person_msgs/include/person_msgs/srv/detail/query__type_support.h
[9.560s] -- Installing: /home/koara/robosys2024-4/ros2_ws/src/install/person_msgs/include/person_msgs/srv/detail/query__struct.h
[9.560s] -- Installing: /home/koara/robosys2024-4/ros2_ws/src/install/person_msgs/include/person_msgs/srv/detail/query__functions.h
[9.560s] -- Installing: /home/koara/robosys2024-4/ros2_ws/src/install/person_msgs/include/person_msgs/srv/detail/query__functions.c
[9.561s] -- Installing: /home/koara/robosys2024-4/ros2_ws/src/install/person_msgs/include/person_msgs/srv/query.h
[9.561s] -- Installing: /home/koara/robosys2024-4/ros2_ws/src/install/person_msgs/include/person_msgs/msg
[9.561s] -- Installing: /home/koara/robosys2024-4/ros2_ws/src/install/person_msgs/include/person_msgs/msg/rosidl_generator_c__visibility_control.h
[9.561s] -- Installing: /home/koara/robosys2024-4/ros2_ws/src/install/person_msgs/include/person_msgs/msg/person.h
[9.561s] -- Installing: /home/koara/robosys2024-4/ros2_ws/src/install/person_msgs/include/person_msgs/msg/detail
[9.562s] -- Installing: /home/koara/robosys2024-4/ros2_ws/src/install/person_msgs/include/person_msgs/msg/detail/person__functions.c
[9.562s] -- Installing: /home/koara/robosys2024-4/ros2_ws/src/install/person_msgs/include/person_msgs/msg/detail/person__functions.h
[9.562s] -- Installing: /home/koara/robosys2024-4/ros2_ws/src/install/person_msgs/include/person_msgs/msg/detail/person__type_support.h
[9.562s] -- Installing: /home/koara/robosys2024-4/ros2_ws/src/install/person_msgs/include/person_msgs/msg/detail/person__struct.h
[9.562s] -- Installing: /home/koara/robosys2024-4/ros2_ws/src/install/person_msgs/share/person_msgs/environment/library_path.sh
[9.563s] -- Installing: /home/koara/robosys2024-4/ros2_ws/src/install/person_msgs/share/person_msgs/environment/library_path.dsv
[9.563s] -- Installing: /home/koara/robosys2024-4/ros2_ws/src/install/person_msgs/lib/libperson_msgs__rosidl_generator_c.so
[9.564s] -- Set runtime path of "/home/koara/robosys2024-4/ros2_ws/src/install/person_msgs/lib/libperson_msgs__rosidl_generator_c.so" to ""
[9.564s] -- Up-to-date: /home/koara/robosys2024-4/ros2_ws/src/install/person_msgs/include/person_msgs
[9.564s] -- Up-to-date: /home/koara/robosys2024-4/ros2_ws/src/install/person_msgs/include/person_msgs/srv
[9.565s] -- Up-to-date: /home/koara/robosys2024-4/ros2_ws/src/install/person_msgs/include/person_msgs/srv/detail
[9.565s] -- Installing: /home/koara/robosys2024-4/ros2_ws/src/install/person_msgs/include/person_msgs/srv/detail/query__rosidl_typesupport_fastrtps_c.h
[9.565s] -- Up-to-date: /home/koara/robosys2024-4/ros2_ws/src/install/person_msgs/include/person_msgs/msg
[9.565s] -- Up-to-date: /home/koara/robosys2024-4/ros2_ws/src/install/person_msgs/include/person_msgs/msg/detail
[9.565s] -- Installing: /home/koara/robosys2024-4/ros2_ws/src/install/person_msgs/include/person_msgs/msg/detail/person__rosidl_typesupport_fastrtps_c.h
[9.566s] -- Installing: /home/koara/robosys2024-4/ros2_ws/src/install/person_msgs/include/person_msgs/msg/rosidl_typesupport_fastrtps_c__visibility_control.h
[9.566s] -- Installing: /home/koara/robosys2024-4/ros2_ws/src/install/person_msgs/lib/libperson_msgs__rosidl_typesupport_fastrtps_c.so
[9.566s] -- Set runtime path of "/home/koara/robosys2024-4/ros2_ws/src/install/person_msgs/lib/libperson_msgs__rosidl_typesupport_fastrtps_c.so" to ""
[9.566s] -- Up-to-date: /home/koara/robosys2024-4/ros2_ws/src/install/person_msgs/include/person_msgs
[9.566s] -- Up-to-date: /home/koara/robosys2024-4/ros2_ws/src/install/person_msgs/include/person_msgs/srv
[9.567s] -- Up-to-date: /home/koara/robosys2024-4/ros2_ws/src/install/person_msgs/include/person_msgs/srv/detail
[9.567s] -- Installing: /home/koara/robosys2024-4/ros2_ws/src/install/person_msgs/include/person_msgs/srv/detail/dds_fastrtps
[9.567s] -- Installing: /home/koara/robosys2024-4/ros2_ws/src/install/person_msgs/include/person_msgs/srv/detail/query__rosidl_typesupport_fastrtps_cpp.hpp
[9.567s] -- Up-to-date: /home/koara/robosys2024-4/ros2_ws/src/install/person_msgs/include/person_msgs/msg
[9.567s] -- Installing: /home/koara/robosys2024-4/ros2_ws/src/install/person_msgs/include/person_msgs/msg/rosidl_typesupport_fastrtps_cpp__visibility_control.h
[9.567s] -- Up-to-date: /home/koara/robosys2024-4/ros2_ws/src/install/person_msgs/include/person_msgs/msg/detail
[9.568s] -- Installing: /home/koara/robosys2024-4/ros2_ws/src/install/person_msgs/include/person_msgs/msg/detail/dds_fastrtps
[9.568s] -- Installing: /home/koara/robosys2024-4/ros2_ws/src/install/person_msgs/include/person_msgs/msg/detail/person__rosidl_typesupport_fastrtps_cpp.hpp
[9.568s] -- Installing: /home/koara/robosys2024-4/ros2_ws/src/install/person_msgs/lib/libperson_msgs__rosidl_typesupport_fastrtps_cpp.so
[9.568s] -- Set runtime path of "/home/koara/robosys2024-4/ros2_ws/src/install/person_msgs/lib/libperson_msgs__rosidl_typesupport_fastrtps_cpp.so" to ""
[9.568s] -- Up-to-date: /home/koara/robosys2024-4/ros2_ws/src/install/person_msgs/include/person_msgs
[9.569s] -- Up-to-date: /home/koara/robosys2024-4/ros2_ws/src/install/person_msgs/include/person_msgs/srv
[9.569s] -- Up-to-date: /home/koara/robosys2024-4/ros2_ws/src/install/person_msgs/include/person_msgs/srv/detail
[9.569s] -- Installing: /home/koara/robosys2024-4/ros2_ws/src/install/person_msgs/include/person_msgs/srv/detail/query__type_support.c
[9.569s] -- Installing: /home/koara/robosys2024-4/ros2_ws/src/install/person_msgs/include/person_msgs/srv/detail/query__rosidl_typesupport_introspection_c.h
[9.569s] -- Up-to-date: /home/koara/robosys2024-4/ros2_ws/src/install/person_msgs/include/person_msgs/msg
[9.569s] -- Up-to-date: /home/koara/robosys2024-4/ros2_ws/src/install/person_msgs/include/person_msgs/msg/detail
[9.569s] -- Installing: /home/koara/robosys2024-4/ros2_ws/src/install/person_msgs/include/person_msgs/msg/detail/person__rosidl_typesupport_introspection_c.h
[9.570s] -- Installing: /home/koara/robosys2024-4/ros2_ws/src/install/person_msgs/include/person_msgs/msg/detail/person__type_support.c
[9.570s] -- Installing: /home/koara/robosys2024-4/ros2_ws/src/install/person_msgs/include/person_msgs/msg/rosidl_typesupport_introspection_c__visibility_control.h
[9.570s] -- Installing: /home/koara/robosys2024-4/ros2_ws/src/install/person_msgs/lib/libperson_msgs__rosidl_typesupport_introspection_c.so
[9.570s] -- Set runtime path of "/home/koara/robosys2024-4/ros2_ws/src/install/person_msgs/lib/libperson_msgs__rosidl_typesupport_introspection_c.so" to ""
[9.570s] -- Installing: /home/koara/robosys2024-4/ros2_ws/src/install/person_msgs/lib/libperson_msgs__rosidl_typesupport_c.so
[9.570s] -- Set runtime path of "/home/koara/robosys2024-4/ros2_ws/src/install/person_msgs/lib/libperson_msgs__rosidl_typesupport_c.so" to ""
[9.571s] -- Up-to-date: /home/koara/robosys2024-4/ros2_ws/src/install/person_msgs/include/person_msgs
[9.571s] -- Up-to-date: /home/koara/robosys2024-4/ros2_ws/src/install/person_msgs/include/person_msgs/srv
[9.571s] -- Up-to-date: /home/koara/robosys2024-4/ros2_ws/src/install/person_msgs/include/person_msgs/srv/detail
[9.571s] -- Installing: /home/koara/robosys2024-4/ros2_ws/src/install/person_msgs/include/person_msgs/srv/detail/query__traits.hpp
[9.571s] -- Installing: /home/koara/robosys2024-4/ros2_ws/src/install/person_msgs/include/person_msgs/srv/detail/query__struct.hpp
[9.571s] -- Installing: /home/koara/robosys2024-4/ros2_ws/src/install/person_msgs/include/person_msgs/srv/detail/query__type_support.hpp
[9.571s] -- Installing: /home/koara/robosys2024-4/ros2_ws/src/install/person_msgs/include/person_msgs/srv/detail/query__builder.hpp
[9.572s] -- Installing: /home/koara/robosys2024-4/ros2_ws/src/install/person_msgs/include/person_msgs/srv/query.hpp
[9.572s] -- Up-to-date: /home/koara/robosys2024-4/ros2_ws/src/install/person_msgs/include/person_msgs/msg
[9.572s] -- Up-to-date: /home/koara/robosys2024-4/ros2_ws/src/install/person_msgs/include/person_msgs/msg/detail
[9.572s] -- Installing: /home/koara/robosys2024-4/ros2_ws/src/install/person_msgs/include/person_msgs/msg/detail/person__struct.hpp
[9.572s] -- Installing: /home/koara/robosys2024-4/ros2_ws/src/install/person_msgs/include/person_msgs/msg/detail/person__type_support.hpp
[9.572s] -- Installing: /home/koara/robosys2024-4/ros2_ws/src/install/person_msgs/include/person_msgs/msg/detail/person__builder.hpp
[9.572s] -- Installing: /home/koara/robosys2024-4/ros2_ws/src/install/person_msgs/include/person_msgs/msg/detail/person__traits.hpp
[9.572s] -- Installing: /home/koara/robosys2024-4/ros2_ws/src/install/person_msgs/include/person_msgs/msg/rosidl_generator_cpp__visibility_control.hpp
[9.573s] -- Installing: /home/koara/robosys2024-4/ros2_ws/src/install/person_msgs/include/person_msgs/msg/person.hpp
[9.573s] -- Up-to-date: /home/koara/robosys2024-4/ros2_ws/src/install/person_msgs/include/person_msgs
[9.573s] -- Up-to-date: /home/koara/robosys2024-4/ros2_ws/src/install/person_msgs/include/person_msgs/srv
[9.573s] -- Up-to-date: /home/koara/robosys2024-4/ros2_ws/src/install/person_msgs/include/person_msgs/srv/detail
[9.573s] -- Installing: /home/koara/robosys2024-4/ros2_ws/src/install/person_msgs/include/person_msgs/srv/detail/query__rosidl_typesupport_introspection_cpp.hpp
[9.573s] -- Installing: /home/koara/robosys2024-4/ros2_ws/src/install/person_msgs/include/person_msgs/srv/detail/query__type_support.cpp
[9.573s] -- Up-to-date: /home/koara/robosys2024-4/ros2_ws/src/install/person_msgs/include/person_msgs/msg
[9.574s] -- Up-to-date: /home/koara/robosys2024-4/ros2_ws/src/install/person_msgs/include/person_msgs/msg/detail
[9.574s] -- Installing: /home/koara/robosys2024-4/ros2_ws/src/install/person_msgs/include/person_msgs/msg/detail/person__rosidl_typesupport_introspection_cpp.hpp
[9.574s] -- Installing: /home/koara/robosys2024-4/ros2_ws/src/install/person_msgs/include/person_msgs/msg/detail/person__type_support.cpp
[9.574s] -- Installing: /home/koara/robosys2024-4/ros2_ws/src/install/person_msgs/lib/libperson_msgs__rosidl_typesupport_introspection_cpp.so
[9.574s] -- Set runtime path of "/home/koara/robosys2024-4/ros2_ws/src/install/person_msgs/lib/libperson_msgs__rosidl_typesupport_introspection_cpp.so" to ""
[9.574s] -- Installing: /home/koara/robosys2024-4/ros2_ws/src/install/person_msgs/lib/libperson_msgs__rosidl_typesupport_cpp.so
[9.574s] -- Set runtime path of "/home/koara/robosys2024-4/ros2_ws/src/install/person_msgs/lib/libperson_msgs__rosidl_typesupport_cpp.so" to ""
[9.574s] -- Installing: /home/koara/robosys2024-4/ros2_ws/src/install/person_msgs/share/person_msgs/environment/pythonpath.sh
[9.575s] -- Installing: /home/koara/robosys2024-4/ros2_ws/src/install/person_msgs/share/person_msgs/environment/pythonpath.dsv
[9.575s] -- Installing: /home/koara/robosys2024-4/ros2_ws/src/install/person_msgs/lib/python3.8/site-packages/person_msgs/__init__.py
[9.599s] Compiling '/home/koara/robosys2024-4/ros2_ws/src/install/person_msgs/lib/python3.8/site-packages/person_msgs/__init__.py'...
[9.603s] -- Installing: /home/koara/robosys2024-4/ros2_ws/src/install/person_msgs/lib/python3.8/site-packages/person_msgs/msg
[9.603s] -- Installing: /home/koara/robosys2024-4/ros2_ws/src/install/person_msgs/lib/python3.8/site-packages/person_msgs/msg/__init__.py
[9.604s] -- Installing: /home/koara/robosys2024-4/ros2_ws/src/install/person_msgs/lib/python3.8/site-packages/person_msgs/msg/_person_s.c
[9.604s] -- Installing: /home/koara/robosys2024-4/ros2_ws/src/install/person_msgs/lib/python3.8/site-packages/person_msgs/msg/_person.py
[9.604s] -- Installing: /home/koara/robosys2024-4/ros2_ws/src/install/person_msgs/lib/python3.8/site-packages/person_msgs/srv
[9.604s] -- Installing: /home/koara/robosys2024-4/ros2_ws/src/install/person_msgs/lib/python3.8/site-packages/person_msgs/srv/_query.py
[9.605s] -- Installing: /home/koara/robosys2024-4/ros2_ws/src/install/person_msgs/lib/python3.8/site-packages/person_msgs/srv/_query_s.c
[9.605s] -- Installing: /home/koara/robosys2024-4/ros2_ws/src/install/person_msgs/lib/python3.8/site-packages/person_msgs/srv/__init__.py
[9.605s] -- Installing: /home/koara/robosys2024-4/ros2_ws/src/install/person_msgs/lib/python3.8/site-packages/person_msgs/person_msgs_s__rosidl_typesupport_fastrtps_c.cpython-38-x86_64-linux-gnu.so
[9.605s] -- Set runtime path of "/home/koara/robosys2024-4/ros2_ws/src/install/person_msgs/lib/python3.8/site-packages/person_msgs/person_msgs_s__rosidl_typesupport_fastrtps_c.cpython-38-x86_64-linux-gnu.so" to ""
[9.606s] -- Installing: /home/koara/robosys2024-4/ros2_ws/src/install/person_msgs/lib/python3.8/site-packages/person_msgs/person_msgs_s__rosidl_typesupport_introspection_c.cpython-38-x86_64-linux-gnu.so
[9.606s] -- Set runtime path of "/home/koara/robosys2024-4/ros2_ws/src/install/person_msgs/lib/python3.8/site-packages/person_msgs/person_msgs_s__rosidl_typesupport_introspection_c.cpython-38-x86_64-linux-gnu.so" to ""
[9.606s] -- Installing: /home/koara/robosys2024-4/ros2_ws/src/install/person_msgs/lib/python3.8/site-packages/person_msgs/person_msgs_s__rosidl_typesupport_c.cpython-38-x86_64-linux-gnu.so
[9.607s] -- Set runtime path of "/home/koara/robosys2024-4/ros2_ws/src/install/person_msgs/lib/python3.8/site-packages/person_msgs/person_msgs_s__rosidl_typesupport_c.cpython-38-x86_64-linux-gnu.so" to ""
[9.607s] -- Installing: /home/koara/robosys2024-4/ros2_ws/src/install/person_msgs/lib/libperson_msgs__python.so
[9.607s] -- Set runtime path of "/home/koara/robosys2024-4/ros2_ws/src/install/person_msgs/lib/libperson_msgs__python.so" to ""
[9.608s] -- Installing: /home/koara/robosys2024-4/ros2_ws/src/install/person_msgs/share/person_msgs/msg/Person.idl
[9.608s] -- Installing: /home/koara/robosys2024-4/ros2_ws/src/install/person_msgs/share/person_msgs/srv/Query.idl
[9.608s] -- Installing: /home/koara/robosys2024-4/ros2_ws/src/install/person_msgs/share/person_msgs/msg/Person.msg
[9.608s] -- Installing: /home/koara/robosys2024-4/ros2_ws/src/install/person_msgs/share/person_msgs/srv/Query.srv
[9.608s] -- Installing: /home/koara/robosys2024-4/ros2_ws/src/install/person_msgs/share/person_msgs/srv/Query_Request.msg
[9.609s] -- Installing: /home/koara/robosys2024-4/ros2_ws/src/install/person_msgs/share/person_msgs/srv/Query_Response.msg
[9.609s] -- Installing: /home/koara/robosys2024-4/ros2_ws/src/install/person_msgs/share/ament_index/resource_index/package_run_dependencies/person_msgs
[9.609s] -- Installing: /home/koara/robosys2024-4/ros2_ws/src/install/person_msgs/share/ament_index/resource_index/parent_prefix_path/person_msgs
[9.610s] -- Installing: /home/koara/robosys2024-4/ros2_ws/src/install/person_msgs/share/person_msgs/environment/ament_prefix_path.sh
[9.610s] -- Installing: /home/koara/robosys2024-4/ros2_ws/src/install/person_msgs/share/person_msgs/environment/ament_prefix_path.dsv
[9.610s] -- Installing: /home/koara/robosys2024-4/ros2_ws/src/install/person_msgs/share/person_msgs/environment/path.sh
[9.610s] -- Installing: /home/koara/robosys2024-4/ros2_ws/src/install/person_msgs/share/person_msgs/environment/path.dsv
[9.610s] -- Installing: /home/koara/robosys2024-4/ros2_ws/src/install/person_msgs/share/person_msgs/local_setup.bash
[9.610s] -- Installing: /home/koara/robosys2024-4/ros2_ws/src/install/person_msgs/share/person_msgs/local_setup.sh
[9.611s] -- Installing: /home/koara/robosys2024-4/ros2_ws/src/install/person_msgs/share/person_msgs/local_setup.zsh
[9.611s] -- Installing: /home/koara/robosys2024-4/ros2_ws/src/install/person_msgs/share/person_msgs/local_setup.dsv
[9.611s] -- Installing: /home/koara/robosys2024-4/ros2_ws/src/install/person_msgs/share/person_msgs/package.dsv
[9.611s] -- Installing: /home/koara/robosys2024-4/ros2_ws/src/install/person_msgs/share/ament_index/resource_index/packages/person_msgs
[9.612s] -- Installing: /home/koara/robosys2024-4/ros2_ws/src/install/person_msgs/share/person_msgs/cmake/person_msgs__rosidl_generator_cExport.cmake
[9.612s] -- Installing: /home/koara/robosys2024-4/ros2_ws/src/install/person_msgs/share/person_msgs/cmake/person_msgs__rosidl_generator_cExport-noconfig.cmake
[9.612s] -- Installing: /home/koara/robosys2024-4/ros2_ws/src/install/person_msgs/share/person_msgs/cmake/person_msgs__rosidl_typesupport_introspection_cExport.cmake
[9.612s] -- Installing: /home/koara/robosys2024-4/ros2_ws/src/install/person_msgs/share/person_msgs/cmake/person_msgs__rosidl_typesupport_introspection_cExport-noconfig.cmake
[9.612s] -- Installing: /home/koara/robosys2024-4/ros2_ws/src/install/person_msgs/share/person_msgs/cmake/person_msgs__rosidl_typesupport_cExport.cmake
[9.613s] -- Installing: /home/koara/robosys2024-4/ros2_ws/src/install/person_msgs/share/person_msgs/cmake/person_msgs__rosidl_typesupport_cExport-noconfig.cmake
[9.613s] -- Installing: /home/koara/robosys2024-4/ros2_ws/src/install/person_msgs/share/person_msgs/cmake/person_msgs__rosidl_generator_cppExport.cmake
[9.613s] -- Installing: /home/koara/robosys2024-4/ros2_ws/src/install/person_msgs/share/person_msgs/cmake/person_msgs__rosidl_typesupport_introspection_cppExport.cmake
[9.614s] -- Installing: /home/koara/robosys2024-4/ros2_ws/src/install/person_msgs/share/person_msgs/cmake/person_msgs__rosidl_typesupport_introspection_cppExport-noconfig.cmake
[9.614s] -- Installing: /home/koara/robosys2024-4/ros2_ws/src/install/person_msgs/share/person_msgs/cmake/person_msgs__rosidl_typesupport_cppExport.cmake
[9.614s] -- Installing: /home/koara/robosys2024-4/ros2_ws/src/install/person_msgs/share/person_msgs/cmake/person_msgs__rosidl_typesupport_cppExport-noconfig.cmake
[9.614s] -- Installing: /home/koara/robosys2024-4/ros2_ws/src/install/person_msgs/share/person_msgs/cmake/rosidl_cmake-extras.cmake
[9.614s] -- Installing: /home/koara/robosys2024-4/ros2_ws/src/install/person_msgs/share/person_msgs/cmake/ament_cmake_export_dependencies-extras.cmake
[9.615s] -- Installing: /home/koara/robosys2024-4/ros2_ws/src/install/person_msgs/share/person_msgs/cmake/ament_cmake_export_libraries-extras.cmake
[9.615s] -- Installing: /home/koara/robosys2024-4/ros2_ws/src/install/person_msgs/share/person_msgs/cmake/ament_cmake_export_targets-extras.cmake
[9.615s] -- Installing: /home/koara/robosys2024-4/ros2_ws/src/install/person_msgs/share/person_msgs/cmake/ament_cmake_export_include_directories-extras.cmake
[9.615s] -- Installing: /home/koara/robosys2024-4/ros2_ws/src/install/person_msgs/share/person_msgs/cmake/rosidl_cmake_export_typesupport_libraries-extras.cmake
[9.616s] -- Installing: /home/koara/robosys2024-4/ros2_ws/src/install/person_msgs/share/person_msgs/cmake/rosidl_cmake_export_typesupport_targets-extras.cmake
[9.616s] -- Installing: /home/koara/robosys2024-4/ros2_ws/src/install/person_msgs/share/person_msgs/cmake/person_msgsConfig.cmake
[9.616s] -- Installing: /home/koara/robosys2024-4/ros2_ws/src/install/person_msgs/share/person_msgs/cmake/person_msgsConfig-version.cmake
[9.616s] -- Installing: /home/koara/robosys2024-4/ros2_ws/src/install/person_msgs/share/person_msgs/package.xml
[9.619s] Invoked command in '/home/koara/robosys2024-4/ros2_ws/src/build/person_msgs' returned '0': CMAKE_PREFIX_PATH=${CMAKE_PREFIX_PATH}:/home/koara/ros2_ws/install/mypkg:/opt/ros/foxy /usr/bin/cmake --install /home/koara/robosys2024-4/ros2_ws/src/build/person_msgs
