[0.455s] DEBUG:colcon:Command line arguments: ['/usr/bin/colcon', 'build']
[0.455s] DEBUG:colcon:Parsed command line arguments: Namespace(allow_overriding=[], ament_cmake_args=None, base_paths=['.'], build_base='build', catkin_cmake_args=None, catkin_skip_building_tests=False, cmake_args=None, cmake_clean_cache=False, cmake_clean_first=False, cmake_force_configure=False, cmake_target=None, cmake_target_skip_unavailable=False, continue_on_error=False, event_handlers=None, executor='parallel', ignore_user_meta=False, install_base='install', log_base=None, log_level=None, main=<bound method BuildVerb.main of <colcon_core.verb.build.BuildVerb object at 0x7faa290002b0>>, merge_install=False, metas=['./colcon.meta'], packages_above=None, packages_above_and_dependencies=None, packages_above_depth=None, packages_end=None, packages_ignore=None, packages_ignore_regex=None, packages_select=None, packages_select_build_failed=False, packages_select_by_dep=None, packages_select_regex=None, packages_select_test_failures=False, packages_skip=None, packages_skip_build_finished=False, packages_skip_by_dep=None, packages_skip_regex=None, packages_skip_test_passed=False, packages_skip_up_to=None, packages_start=None, packages_up_to=None, packages_up_to_regex=None, parallel_workers=12, paths=None, symlink_install=False, test_result_base=None, verb_extension=<colcon_core.verb.build.BuildVerb object at 0x7faa290002b0>, verb_name='build', verb_parser=<colcon_defaults.argument_parser.defaults.DefaultArgumentsDecorator object at 0x7faa290007f0>)
[0.705s] Level 1:colcon.colcon_core.package_discovery:discover_packages(colcon_meta) check parameters
[0.705s] Level 1:colcon.colcon_core.package_discovery:discover_packages(recursive) check parameters
[0.705s] Level 1:colcon.colcon_core.package_discovery:discover_packages(ignore) check parameters
[0.705s] Level 1:colcon.colcon_core.package_discovery:discover_packages(path) check parameters
[0.705s] Level 1:colcon.colcon_core.package_discovery:discover_packages(colcon_meta) discover
[0.705s] Level 1:colcon.colcon_core.package_discovery:discover_packages(recursive) discover
[0.705s] INFO:colcon.colcon_core.package_discovery:Crawling recursively for packages in '/home/koara/robosys2024-4/ros2_ws'
[0.705s] Level 1:colcon.colcon_core.package_identification:_identify(.) by extensions ['ignore', 'ignore_ament_install']
[0.705s] Level 1:colcon.colcon_core.package_identification:_identify(.) by extension 'ignore'
[0.706s] Level 1:colcon.colcon_core.package_identification:_identify(.) by extension 'ignore_ament_install'
[0.706s] Level 1:colcon.colcon_core.package_identification:_identify(.) by extensions ['colcon_pkg']
[0.706s] Level 1:colcon.colcon_core.package_identification:_identify(.) by extension 'colcon_pkg'
[0.706s] Level 1:colcon.colcon_core.package_identification:_identify(.) by extensions ['colcon_meta']
[0.706s] Level 1:colcon.colcon_core.package_identification:_identify(.) by extension 'colcon_meta'
[0.706s] Level 1:colcon.colcon_core.package_identification:_identify(.) by extensions ['ros']
[0.706s] Level 1:colcon.colcon_core.package_identification:_identify(.) by extension 'ros'
[0.725s] Level 1:colcon.colcon_core.package_identification:_identify(.) by extensions ['cmake', 'python']
[0.726s] Level 1:colcon.colcon_core.package_identification:_identify(.) by extension 'cmake'
[0.726s] Level 1:colcon.colcon_core.package_identification:_identify(.) by extension 'python'
[0.726s] Level 1:colcon.colcon_core.package_identification:_identify(.) by extensions ['python_setup_py']
[0.726s] Level 1:colcon.colcon_core.package_identification:_identify(.) by extension 'python_setup_py'
[0.726s] Level 1:colcon.colcon_core.package_identification:_identify(build) by extensions ['ignore', 'ignore_ament_install']
[0.726s] Level 1:colcon.colcon_core.package_identification:_identify(build) by extension 'ignore'
[0.726s] Level 1:colcon.colcon_core.package_identification:_identify(build) ignored
[0.727s] Level 1:colcon.colcon_core.package_identification:_identify(install) by extensions ['ignore', 'ignore_ament_install']
[0.727s] Level 1:colcon.colcon_core.package_identification:_identify(install) by extension 'ignore'
[0.727s] Level 1:colcon.colcon_core.package_identification:_identify(install) ignored
[0.727s] Level 1:colcon.colcon_core.package_identification:_identify(log) by extensions ['ignore', 'ignore_ament_install']
[0.728s] Level 1:colcon.colcon_core.package_identification:_identify(log) by extension 'ignore'
[0.728s] Level 1:colcon.colcon_core.package_identification:_identify(log) ignored
[0.728s] Level 1:colcon.colcon_core.package_identification:_identify(src) by extensions ['ignore', 'ignore_ament_install']
[0.728s] Level 1:colcon.colcon_core.package_identification:_identify(src) by extension 'ignore'
[0.728s] Level 1:colcon.colcon_core.package_identification:_identify(src) by extension 'ignore_ament_install'
[0.728s] Level 1:colcon.colcon_core.package_identification:_identify(src) by extensions ['colcon_pkg']
[0.728s] Level 1:colcon.colcon_core.package_identification:_identify(src) by extension 'colcon_pkg'
[0.729s] Level 1:colcon.colcon_core.package_identification:_identify(src) by extensions ['colcon_meta']
[0.729s] Level 1:colcon.colcon_core.package_identification:_identify(src) by extension 'colcon_meta'
[0.729s] Level 1:colcon.colcon_core.package_identification:_identify(src) by extensions ['ros']
[0.729s] Level 1:colcon.colcon_core.package_identification:_identify(src) by extension 'ros'
[0.729s] Level 1:colcon.colcon_core.package_identification:_identify(src) by extensions ['cmake', 'python']
[0.729s] Level 1:colcon.colcon_core.package_identification:_identify(src) by extension 'cmake'
[0.729s] Level 1:colcon.colcon_core.package_identification:_identify(src) by extension 'python'
[0.729s] Level 1:colcon.colcon_core.package_identification:_identify(src) by extensions ['python_setup_py']
[0.729s] Level 1:colcon.colcon_core.package_identification:_identify(src) by extension 'python_setup_py'
[0.730s] Level 1:colcon.colcon_core.package_identification:_identify(src/build) by extensions ['ignore', 'ignore_ament_install']
[0.730s] Level 1:colcon.colcon_core.package_identification:_identify(src/build) by extension 'ignore'
[0.730s] Level 1:colcon.colcon_core.package_identification:_identify(src/build) ignored
[0.730s] Level 1:colcon.colcon_core.package_identification:_identify(src/install) by extensions ['ignore', 'ignore_ament_install']
[0.730s] Level 1:colcon.colcon_core.package_identification:_identify(src/install) by extension 'ignore'
[0.730s] Level 1:colcon.colcon_core.package_identification:_identify(src/install) ignored
[0.730s] Level 1:colcon.colcon_core.package_identification:_identify(src/log) by extensions ['ignore', 'ignore_ament_install']
[0.731s] Level 1:colcon.colcon_core.package_identification:_identify(src/log) by extension 'ignore'
[0.731s] Level 1:colcon.colcon_core.package_identification:_identify(src/log) ignored
[0.731s] Level 1:colcon.colcon_core.package_identification:_identify(src/mypkg) by extensions ['ignore', 'ignore_ament_install']
[0.731s] Level 1:colcon.colcon_core.package_identification:_identify(src/mypkg) by extension 'ignore'
[0.731s] Level 1:colcon.colcon_core.package_identification:_identify(src/mypkg) by extension 'ignore_ament_install'
[0.731s] Level 1:colcon.colcon_core.package_identification:_identify(src/mypkg) by extensions ['colcon_pkg']
[0.731s] Level 1:colcon.colcon_core.package_identification:_identify(src/mypkg) by extension 'colcon_pkg'
[0.731s] Level 1:colcon.colcon_core.package_identification:_identify(src/mypkg) by extensions ['colcon_meta']
[0.731s] Level 1:colcon.colcon_core.package_identification:_identify(src/mypkg) by extension 'colcon_meta'
[0.731s] Level 1:colcon.colcon_core.package_identification:_identify(src/mypkg) by extensions ['ros']
[0.731s] Level 1:colcon.colcon_core.package_identification:_identify(src/mypkg) by extension 'ros'
[0.735s] DEBUG:colcon.colcon_core.package_identification:Package 'src/mypkg' with type 'ros.ament_python' and name 'mypkg'
[0.736s] Level 1:colcon.colcon_core.package_identification:_identify(src/person_msgs) by extensions ['ignore', 'ignore_ament_install']
[0.736s] Level 1:colcon.colcon_core.package_identification:_identify(src/person_msgs) by extension 'ignore'
[0.736s] Level 1:colcon.colcon_core.package_identification:_identify(src/person_msgs) by extension 'ignore_ament_install'
[0.736s] Level 1:colcon.colcon_core.package_identification:_identify(src/person_msgs) by extensions ['colcon_pkg']
[0.736s] Level 1:colcon.colcon_core.package_identification:_identify(src/person_msgs) by extension 'colcon_pkg'
[0.736s] Level 1:colcon.colcon_core.package_identification:_identify(src/person_msgs) by extensions ['colcon_meta']
[0.736s] Level 1:colcon.colcon_core.package_identification:_identify(src/person_msgs) by extension 'colcon_meta'
[0.736s] Level 1:colcon.colcon_core.package_identification:_identify(src/person_msgs) by extensions ['ros']
[0.736s] Level 1:colcon.colcon_core.package_identification:_identify(src/person_msgs) by extension 'ros'
[0.739s] DEBUG:colcon.colcon_core.package_identification:Package 'src/person_msgs' with type 'ros.ament_cmake' and name 'person_msgs'
[0.739s] Level 1:colcon.colcon_core.package_discovery:discover_packages(recursive) using defaults
[0.739s] Level 1:colcon.colcon_core.package_discovery:discover_packages(ignore) discover
[0.739s] Level 1:colcon.colcon_core.package_discovery:discover_packages(ignore) using defaults
[0.739s] Level 1:colcon.colcon_core.package_discovery:discover_packages(path) discover
[0.739s] Level 1:colcon.colcon_core.package_discovery:discover_packages(path) using defaults
[0.773s] Level 1:colcon.colcon_core.package_discovery:discover_packages(prefix_path) check parameters
[0.773s] Level 1:colcon.colcon_core.package_discovery:discover_packages(prefix_path) discover
[0.778s] DEBUG:colcon.colcon_installed_package_information.package_discovery:Found 2 installed packages in /home/koara/robosys2024-4/ros2_ws/install
[0.781s] DEBUG:colcon.colcon_installed_package_information.package_discovery:Found 256 installed packages in /opt/ros/foxy
[0.782s] Level 1:colcon.colcon_core.package_discovery:discover_packages(prefix_path) using defaults
[0.942s] Level 5:colcon.colcon_core.verb:set package 'mypkg' build argument 'cmake_args' from command line to 'None'
[0.942s] Level 5:colcon.colcon_core.verb:set package 'mypkg' build argument 'cmake_target' from command line to 'None'
[0.942s] Level 5:colcon.colcon_core.verb:set package 'mypkg' build argument 'cmake_target_skip_unavailable' from command line to 'False'
[0.942s] Level 5:colcon.colcon_core.verb:set package 'mypkg' build argument 'cmake_clean_cache' from command line to 'False'
[0.942s] Level 5:colcon.colcon_core.verb:set package 'mypkg' build argument 'cmake_clean_first' from command line to 'False'
[0.942s] Level 5:colcon.colcon_core.verb:set package 'mypkg' build argument 'cmake_force_configure' from command line to 'False'
[0.942s] Level 5:colcon.colcon_core.verb:set package 'mypkg' build argument 'ament_cmake_args' from command line to 'None'
[0.942s] Level 5:colcon.colcon_core.verb:set package 'mypkg' build argument 'catkin_cmake_args' from command line to 'None'
[0.942s] Level 5:colcon.colcon_core.verb:set package 'mypkg' build argument 'catkin_skip_building_tests' from command line to 'False'
[0.942s] DEBUG:colcon.colcon_core.verb:Building package 'mypkg' with the following arguments: {'ament_cmake_args': None, 'build_base': '/home/koara/robosys2024-4/ros2_ws/build/mypkg', 'catkin_cmake_args': None, 'catkin_skip_building_tests': False, 'cmake_args': None, 'cmake_clean_cache': False, 'cmake_clean_first': False, 'cmake_force_configure': False, 'cmake_target': None, 'cmake_target_skip_unavailable': False, 'install_base': '/home/koara/robosys2024-4/ros2_ws/install/mypkg', 'merge_install': False, 'path': '/home/koara/robosys2024-4/ros2_ws/src/mypkg', 'symlink_install': False, 'test_result_base': None}
[0.942s] Level 5:colcon.colcon_core.verb:set package 'person_msgs' build argument 'cmake_args' from command line to 'None'
[0.942s] Level 5:colcon.colcon_core.verb:set package 'person_msgs' build argument 'cmake_target' from command line to 'None'
[0.942s] Level 5:colcon.colcon_core.verb:set package 'person_msgs' build argument 'cmake_target_skip_unavailable' from command line to 'False'
[0.942s] Level 5:colcon.colcon_core.verb:set package 'person_msgs' build argument 'cmake_clean_cache' from command line to 'False'
[0.942s] Level 5:colcon.colcon_core.verb:set package 'person_msgs' build argument 'cmake_clean_first' from command line to 'False'
[0.942s] Level 5:colcon.colcon_core.verb:set package 'person_msgs' build argument 'cmake_force_configure' from command line to 'False'
[0.942s] Level 5:colcon.colcon_core.verb:set package 'person_msgs' build argument 'ament_cmake_args' from command line to 'None'
[0.942s] Level 5:colcon.colcon_core.verb:set package 'person_msgs' build argument 'catkin_cmake_args' from command line to 'None'
[0.942s] Level 5:colcon.colcon_core.verb:set package 'person_msgs' build argument 'catkin_skip_building_tests' from command line to 'False'
[0.942s] DEBUG:colcon.colcon_core.verb:Building package 'person_msgs' with the following arguments: {'ament_cmake_args': None, 'build_base': '/home/koara/robosys2024-4/ros2_ws/build/person_msgs', 'catkin_cmake_args': None, 'catkin_skip_building_tests': False, 'cmake_args': None, 'cmake_clean_cache': False, 'cmake_clean_first': False, 'cmake_force_configure': False, 'cmake_target': None, 'cmake_target_skip_unavailable': False, 'install_base': '/home/koara/robosys2024-4/ros2_ws/install/person_msgs', 'merge_install': False, 'path': '/home/koara/robosys2024-4/ros2_ws/src/person_msgs', 'symlink_install': False, 'test_result_base': None}
[0.943s] INFO:colcon.colcon_core.executor:Executing jobs using 'parallel' executor
[0.944s] DEBUG:colcon.colcon_parallel_executor.executor.parallel:run_until_complete
[0.944s] INFO:colcon.colcon_ros.task.ament_python.build:Building ROS package in '/home/koara/robosys2024-4/ros2_ws/src/mypkg' with build type 'ament_python'
[0.944s] Level 1:colcon.colcon_core.shell:create_environment_hook('mypkg', 'ament_prefix_path')
[0.951s] INFO:colcon.colcon_core.plugin_system:Skipping extension 'colcon_core.shell.bat': Not used on non-Windows systems
[0.951s] INFO:colcon.colcon_core.shell:Creating environment hook '/home/koara/robosys2024-4/ros2_ws/install/mypkg/share/mypkg/hook/ament_prefix_path.ps1'
[0.953s] INFO:colcon.colcon_core.shell:Creating environment descriptor '/home/koara/robosys2024-4/ros2_ws/install/mypkg/share/mypkg/hook/ament_prefix_path.dsv'
[0.954s] INFO:colcon.colcon_core.shell:Creating environment hook '/home/koara/robosys2024-4/ros2_ws/install/mypkg/share/mypkg/hook/ament_prefix_path.sh'
[0.957s] INFO:colcon.colcon_core.shell:Skip shell extension 'powershell' for command environment: Not usable outside of PowerShell
[0.957s] DEBUG:colcon.colcon_core.shell:Skip shell extension 'dsv' for command environment
[0.964s] INFO:colcon.colcon_ros.task.ament_cmake.build:Building ROS package in '/home/koara/robosys2024-4/ros2_ws/src/person_msgs' with build type 'ament_cmake'
[0.964s] INFO:colcon.colcon_cmake.task.cmake.build:Building CMake package in '/home/koara/robosys2024-4/ros2_ws/src/person_msgs'
[0.965s] INFO:colcon.colcon_core.shell:Skip shell extension 'powershell' for command environment: Not usable outside of PowerShell
[0.965s] DEBUG:colcon.colcon_core.shell:Skip shell extension 'dsv' for command environment
[1.176s] INFO:colcon.colcon_core.task.python.build:Building Python package in '/home/koara/robosys2024-4/ros2_ws/src/mypkg'
[1.176s] INFO:colcon.colcon_core.shell:Skip shell extension 'powershell' for command environment: Not usable outside of PowerShell
[1.176s] DEBUG:colcon.colcon_core.shell:Skip shell extension 'dsv' for command environment
[1.191s] DEBUG:colcon.colcon_core.event_handler.log_command:Invoking command in '/home/koara/robosys2024-4/ros2_ws/build/person_msgs': CMAKE_PREFIX_PATH=${CMAKE_PREFIX_PATH}:/home/koara/robosys2024-4/ros2_ws/install/mypkg:/opt/ros/foxy /usr/bin/cmake --build /home/koara/robosys2024-4/ros2_ws/build/person_msgs -- -j12 -l12
[1.654s] DEBUG:colcon.colcon_core.event_handler.log_command:Invoked command in '/home/koara/robosys2024-4/ros2_ws/build/person_msgs' returned '0': CMAKE_PREFIX_PATH=${CMAKE_PREFIX_PATH}:/home/koara/robosys2024-4/ros2_ws/install/mypkg:/opt/ros/foxy /usr/bin/cmake --build /home/koara/robosys2024-4/ros2_ws/build/person_msgs -- -j12 -l12
[1.712s] DEBUG:colcon.colcon_core.event_handler.log_command:Invoking command in '/home/koara/robosys2024-4/ros2_ws/src/mypkg': PYTHONPATH=/home/koara/robosys2024-4/ros2_ws/build/mypkg/prefix_override:/usr/lib/python3/dist-packages/colcon_core/task/python/colcon_distutils_commands:/home/koara/robosys2024-4/ros2_ws/install/mypkg/lib/python3.8/site-packages:${PYTHONPATH} /usr/bin/python3 -W ignore:setup.py install is deprecated setup.py egg_info --egg-base ../../build/mypkg build --build-base /home/koara/robosys2024-4/ros2_ws/build/mypkg/build install --record /home/koara/robosys2024-4/ros2_ws/build/mypkg/install.log --install-scripts $base/lib/mypkg --single-version-externally-managed install_data
[1.751s] DEBUG:colcon.colcon_core.event_handler.log_command:Invoking command in '/home/koara/robosys2024-4/ros2_ws/build/person_msgs': CMAKE_PREFIX_PATH=${CMAKE_PREFIX_PATH}:/home/koara/robosys2024-4/ros2_ws/install/mypkg:/opt/ros/foxy /usr/bin/cmake --install /home/koara/robosys2024-4/ros2_ws/build/person_msgs
[1.841s] Level 1:colcon.colcon_core.environment:create_environment_scripts_only(person_msgs)
[1.842s] DEBUG:colcon.colcon_core.event_handler.log_command:Invoked command in '/home/koara/robosys2024-4/ros2_ws/build/person_msgs' returned '0': CMAKE_PREFIX_PATH=${CMAKE_PREFIX_PATH}:/home/koara/robosys2024-4/ros2_ws/install/mypkg:/opt/ros/foxy /usr/bin/cmake --install /home/koara/robosys2024-4/ros2_ws/build/person_msgs
[1.851s] Level 1:colcon.colcon_core.environment:checking '/home/koara/robosys2024-4/ros2_ws/install/person_msgs' for CMake module files
[1.852s] Level 1:colcon.colcon_core.environment:checking '/home/koara/robosys2024-4/ros2_ws/install/person_msgs' for CMake config files
[1.856s] Level 1:colcon.colcon_core.shell:create_environment_hook('person_msgs', 'cmake_prefix_path')
[1.857s] INFO:colcon.colcon_core.shell:Creating environment hook '/home/koara/robosys2024-4/ros2_ws/install/person_msgs/share/person_msgs/hook/cmake_prefix_path.ps1'
[1.858s] INFO:colcon.colcon_core.shell:Creating environment descriptor '/home/koara/robosys2024-4/ros2_ws/install/person_msgs/share/person_msgs/hook/cmake_prefix_path.dsv'
[1.858s] INFO:colcon.colcon_core.shell:Creating environment hook '/home/koara/robosys2024-4/ros2_ws/install/person_msgs/share/person_msgs/hook/cmake_prefix_path.sh'
[1.859s] Level 1:colcon.colcon_core.environment:checking '/home/koara/robosys2024-4/ros2_ws/install/person_msgs/lib'
[1.859s] Level 1:colcon.colcon_core.shell:create_environment_hook('person_msgs', 'ld_library_path_lib')
[1.859s] INFO:colcon.colcon_core.shell:Creating environment hook '/home/koara/robosys2024-4/ros2_ws/install/person_msgs/share/person_msgs/hook/ld_library_path_lib.ps1'
[1.860s] INFO:colcon.colcon_core.shell:Creating environment descriptor '/home/koara/robosys2024-4/ros2_ws/install/person_msgs/share/person_msgs/hook/ld_library_path_lib.dsv'
[1.860s] INFO:colcon.colcon_core.shell:Creating environment hook '/home/koara/robosys2024-4/ros2_ws/install/person_msgs/share/person_msgs/hook/ld_library_path_lib.sh'
[1.860s] Level 1:colcon.colcon_core.environment:checking '/home/koara/robosys2024-4/ros2_ws/install/person_msgs/bin'
[1.861s] Level 1:colcon.colcon_core.environment:checking '/home/koara/robosys2024-4/ros2_ws/install/person_msgs/lib/pkgconfig/person_msgs.pc'
[1.861s] Level 1:colcon.colcon_core.environment:checking '/home/koara/robosys2024-4/ros2_ws/install/person_msgs/lib/python3.8/site-packages'
[1.861s] Level 1:colcon.colcon_core.shell:create_environment_hook('person_msgs', 'pythonpath')
[1.861s] INFO:colcon.colcon_core.shell:Creating environment hook '/home/koara/robosys2024-4/ros2_ws/install/person_msgs/share/person_msgs/hook/pythonpath.ps1'
[1.862s] INFO:colcon.colcon_core.shell:Creating environment descriptor '/home/koara/robosys2024-4/ros2_ws/install/person_msgs/share/person_msgs/hook/pythonpath.dsv'
[1.862s] INFO:colcon.colcon_core.shell:Creating environment hook '/home/koara/robosys2024-4/ros2_ws/install/person_msgs/share/person_msgs/hook/pythonpath.sh'
[1.863s] Level 1:colcon.colcon_core.environment:checking '/home/koara/robosys2024-4/ros2_ws/install/person_msgs/bin'
[1.863s] INFO:colcon.colcon_core.shell:Creating package script '/home/koara/robosys2024-4/ros2_ws/install/person_msgs/share/person_msgs/package.ps1'
[1.865s] INFO:colcon.colcon_core.shell:Creating package descriptor '/home/koara/robosys2024-4/ros2_ws/install/person_msgs/share/person_msgs/package.dsv'
[1.866s] INFO:colcon.colcon_core.shell:Creating package script '/home/koara/robosys2024-4/ros2_ws/install/person_msgs/share/person_msgs/package.sh'
[1.868s] INFO:colcon.colcon_core.shell:Creating package script '/home/koara/robosys2024-4/ros2_ws/install/person_msgs/share/person_msgs/package.bash'
[1.869s] INFO:colcon.colcon_core.shell:Creating package script '/home/koara/robosys2024-4/ros2_ws/install/person_msgs/share/person_msgs/package.zsh'
[1.870s] Level 1:colcon.colcon_core.environment:create_file_with_runtime_dependencies(/home/koara/robosys2024-4/ros2_ws/install/person_msgs/share/colcon-core/packages/person_msgs)
[1.956s] Level 1:colcon.colcon_core.environment:create_environment_scripts_only(person_msgs)
[1.956s] Level 1:colcon.colcon_core.environment:checking '/home/koara/robosys2024-4/ros2_ws/install/person_msgs' for CMake module files
[1.957s] Level 1:colcon.colcon_core.environment:checking '/home/koara/robosys2024-4/ros2_ws/install/person_msgs' for CMake config files
[1.957s] Level 1:colcon.colcon_core.shell:create_environment_hook('person_msgs', 'cmake_prefix_path')
[1.957s] INFO:colcon.colcon_core.shell:Creating environment hook '/home/koara/robosys2024-4/ros2_ws/install/person_msgs/share/person_msgs/hook/cmake_prefix_path.ps1'
[1.958s] INFO:colcon.colcon_core.shell:Creating environment descriptor '/home/koara/robosys2024-4/ros2_ws/install/person_msgs/share/person_msgs/hook/cmake_prefix_path.dsv'
[1.958s] INFO:colcon.colcon_core.shell:Creating environment hook '/home/koara/robosys2024-4/ros2_ws/install/person_msgs/share/person_msgs/hook/cmake_prefix_path.sh'
[1.959s] Level 1:colcon.colcon_core.environment:checking '/home/koara/robosys2024-4/ros2_ws/install/person_msgs/lib'
[1.959s] Level 1:colcon.colcon_core.shell:create_environment_hook('person_msgs', 'ld_library_path_lib')
[1.959s] INFO:colcon.colcon_core.shell:Creating environment hook '/home/koara/robosys2024-4/ros2_ws/install/person_msgs/share/person_msgs/hook/ld_library_path_lib.ps1'
[1.959s] INFO:colcon.colcon_core.shell:Creating environment descriptor '/home/koara/robosys2024-4/ros2_ws/install/person_msgs/share/person_msgs/hook/ld_library_path_lib.dsv'
[1.959s] INFO:colcon.colcon_core.shell:Creating environment hook '/home/koara/robosys2024-4/ros2_ws/install/person_msgs/share/person_msgs/hook/ld_library_path_lib.sh'
[1.960s] Level 1:colcon.colcon_core.environment:checking '/home/koara/robosys2024-4/ros2_ws/install/person_msgs/bin'
[1.960s] Level 1:colcon.colcon_core.environment:checking '/home/koara/robosys2024-4/ros2_ws/install/person_msgs/lib/pkgconfig/person_msgs.pc'
[1.960s] Level 1:colcon.colcon_core.environment:checking '/home/koara/robosys2024-4/ros2_ws/install/person_msgs/lib/python3.8/site-packages'
[1.960s] Level 1:colcon.colcon_core.shell:create_environment_hook('person_msgs', 'pythonpath')
[1.960s] INFO:colcon.colcon_core.shell:Creating environment hook '/home/koara/robosys2024-4/ros2_ws/install/person_msgs/share/person_msgs/hook/pythonpath.ps1'
[1.960s] INFO:colcon.colcon_core.shell:Creating environment descriptor '/home/koara/robosys2024-4/ros2_ws/install/person_msgs/share/person_msgs/hook/pythonpath.dsv'
[1.961s] INFO:colcon.colcon_core.shell:Creating environment hook '/home/koara/robosys2024-4/ros2_ws/install/person_msgs/share/person_msgs/hook/pythonpath.sh'
[1.961s] Level 1:colcon.colcon_core.environment:checking '/home/koara/robosys2024-4/ros2_ws/install/person_msgs/bin'
[1.961s] INFO:colcon.colcon_core.shell:Creating package script '/home/koara/robosys2024-4/ros2_ws/install/person_msgs/share/person_msgs/package.ps1'
[1.962s] INFO:colcon.colcon_core.shell:Creating package descriptor '/home/koara/robosys2024-4/ros2_ws/install/person_msgs/share/person_msgs/package.dsv'
[1.962s] INFO:colcon.colcon_core.shell:Creating package script '/home/koara/robosys2024-4/ros2_ws/install/person_msgs/share/person_msgs/package.sh'
[1.963s] INFO:colcon.colcon_core.shell:Creating package script '/home/koara/robosys2024-4/ros2_ws/install/person_msgs/share/person_msgs/package.bash'
[1.963s] INFO:colcon.colcon_core.shell:Creating package script '/home/koara/robosys2024-4/ros2_ws/install/person_msgs/share/person_msgs/package.zsh'
[1.963s] Level 1:colcon.colcon_core.environment:create_file_with_runtime_dependencies(/home/koara/robosys2024-4/ros2_ws/install/person_msgs/share/colcon-core/packages/person_msgs)
[2.042s] Level 1:colcon.colcon_core.environment:checking '/home/koara/robosys2024-4/ros2_ws/install/mypkg' for CMake module files
[2.043s] DEBUG:colcon.colcon_core.event_handler.log_command:Invoked command in '/home/koara/robosys2024-4/ros2_ws/src/mypkg' returned '0': PYTHONPATH=/home/koara/robosys2024-4/ros2_ws/build/mypkg/prefix_override:/usr/lib/python3/dist-packages/colcon_core/task/python/colcon_distutils_commands:/home/koara/robosys2024-4/ros2_ws/install/mypkg/lib/python3.8/site-packages:${PYTHONPATH} /usr/bin/python3 -W ignore:setup.py install is deprecated setup.py egg_info --egg-base ../../build/mypkg build --build-base /home/koara/robosys2024-4/ros2_ws/build/mypkg/build install --record /home/koara/robosys2024-4/ros2_ws/build/mypkg/install.log --install-scripts $base/lib/mypkg --single-version-externally-managed install_data
[2.044s] Level 1:colcon.colcon_core.environment:checking '/home/koara/robosys2024-4/ros2_ws/install/mypkg' for CMake config files
[2.048s] Level 1:colcon.colcon_core.environment:checking '/home/koara/robosys2024-4/ros2_ws/install/mypkg/lib'
[2.048s] Level 1:colcon.colcon_core.environment:checking '/home/koara/robosys2024-4/ros2_ws/install/mypkg/bin'
[2.048s] Level 1:colcon.colcon_core.environment:checking '/home/koara/robosys2024-4/ros2_ws/install/mypkg/lib/pkgconfig/mypkg.pc'
[2.048s] Level 1:colcon.colcon_core.environment:checking '/home/koara/robosys2024-4/ros2_ws/install/mypkg/lib/python3.8/site-packages'
[2.048s] Level 1:colcon.colcon_core.shell:create_environment_hook('mypkg', 'pythonpath')
[2.049s] INFO:colcon.colcon_core.shell:Creating environment hook '/home/koara/robosys2024-4/ros2_ws/install/mypkg/share/mypkg/hook/pythonpath.ps1'
[2.049s] INFO:colcon.colcon_core.shell:Creating environment descriptor '/home/koara/robosys2024-4/ros2_ws/install/mypkg/share/mypkg/hook/pythonpath.dsv'
[2.049s] INFO:colcon.colcon_core.shell:Creating environment hook '/home/koara/robosys2024-4/ros2_ws/install/mypkg/share/mypkg/hook/pythonpath.sh'
[2.050s] Level 1:colcon.colcon_core.environment:checking '/home/koara/robosys2024-4/ros2_ws/install/mypkg/bin'
[2.050s] Level 1:colcon.colcon_core.environment:create_environment_scripts_only(mypkg)
[2.050s] INFO:colcon.colcon_core.shell:Creating package script '/home/koara/robosys2024-4/ros2_ws/install/mypkg/share/mypkg/package.ps1'
[2.050s] INFO:colcon.colcon_core.shell:Creating package descriptor '/home/koara/robosys2024-4/ros2_ws/install/mypkg/share/mypkg/package.dsv'
[2.051s] INFO:colcon.colcon_core.shell:Creating package script '/home/koara/robosys2024-4/ros2_ws/install/mypkg/share/mypkg/package.sh'
[2.051s] INFO:colcon.colcon_core.shell:Creating package script '/home/koara/robosys2024-4/ros2_ws/install/mypkg/share/mypkg/package.bash'
[2.051s] INFO:colcon.colcon_core.shell:Creating package script '/home/koara/robosys2024-4/ros2_ws/install/mypkg/share/mypkg/package.zsh'
[2.051s] Level 1:colcon.colcon_core.environment:create_file_with_runtime_dependencies(/home/koara/robosys2024-4/ros2_ws/install/mypkg/share/colcon-core/packages/mypkg)
[2.052s] DEBUG:colcon.colcon_parallel_executor.executor.parallel:closing loop
[2.052s] DEBUG:colcon.colcon_parallel_executor.executor.parallel:loop closed
[2.052s] DEBUG:colcon.colcon_parallel_executor.executor.parallel:run_until_complete finished with '0'
[2.052s] DEBUG:colcon.colcon_core.event_reactor:joining thread
[2.092s] INFO:colcon.colcon_core.plugin_system:Skipping extension 'colcon_notification.desktop_notification.notify_send': Could not find 'notify-send'
[2.092s] INFO:colcon.colcon_core.plugin_system:Skipping extension 'colcon_notification.desktop_notification.terminal_notifier': Not used on non-Darwin systems
[2.092s] INFO:colcon.colcon_core.plugin_system:Skipping extension 'colcon_notification.desktop_notification.win32': Not used on non-Windows systems
[2.092s] INFO:colcon.colcon_notification.desktop_notification:Sending desktop notification using 'notify2'
[2.094s] DEBUG:colcon.colcon_notification.desktop_notification.notify2:Failed to initialize notify2: org.freedesktop.DBus.Error.ServiceUnknown: The name org.freedesktop.Notifications was not provided by any .service files
[2.094s] DEBUG:colcon.colcon_core.event_reactor:joined thread
[2.094s] INFO:colcon.colcon_core.shell:Creating prefix script '/home/koara/robosys2024-4/ros2_ws/install/local_setup.ps1'
[2.096s] INFO:colcon.colcon_core.shell:Creating prefix util module '/home/koara/robosys2024-4/ros2_ws/install/_local_setup_util_ps1.py'
[2.098s] INFO:colcon.colcon_core.shell:Creating prefix chain script '/home/koara/robosys2024-4/ros2_ws/install/setup.ps1'
[2.099s] INFO:colcon.colcon_core.shell:Creating prefix script '/home/koara/robosys2024-4/ros2_ws/install/local_setup.sh'
[2.100s] INFO:colcon.colcon_core.shell:Creating prefix util module '/home/koara/robosys2024-4/ros2_ws/install/_local_setup_util_sh.py'
[2.101s] INFO:colcon.colcon_core.shell:Creating prefix chain script '/home/koara/robosys2024-4/ros2_ws/install/setup.sh'
[2.102s] INFO:colcon.colcon_core.shell:Creating prefix script '/home/koara/robosys2024-4/ros2_ws/install/local_setup.bash'
[2.103s] INFO:colcon.colcon_core.shell:Creating prefix chain script '/home/koara/robosys2024-4/ros2_ws/install/setup.bash'
[2.105s] INFO:colcon.colcon_core.shell:Creating prefix script '/home/koara/robosys2024-4/ros2_ws/install/local_setup.zsh'
[2.107s] INFO:colcon.colcon_core.shell:Creating prefix chain script '/home/koara/robosys2024-4/ros2_ws/install/setup.zsh'
