[0.721s] Invoking command in '/home/koara/robosys2024-4/ros2_ws/src/mypkg': PYTHONPATH=/home/koara/robosys2024-4/ros2_ws/build/mypkg/prefix_override:/usr/lib/python3/dist-packages/colcon_core/task/python/colcon_distutils_commands:/home/koara/robosys2024-4/ros2_ws/install/mypkg/lib/python3.8/site-packages:${PYTHONPATH} /usr/bin/python3 -W ignore:setup.py install is deprecated setup.py egg_info --egg-base ../../build/mypkg build --build-base /home/koara/robosys2024-4/ros2_ws/build/mypkg/build install --record /home/koara/robosys2024-4/ros2_ws/build/mypkg/install.log --install-scripts $base/lib/mypkg --single-version-externally-managed install_data
[0.909s] running egg_info
[0.911s] writing ../../build/mypkg/mypkg.egg-info/PKG-INFO
[0.912s] writing dependency_links to ../../build/mypkg/mypkg.egg-info/dependency_links.txt
[0.914s] writing entry points to ../../build/mypkg/mypkg.egg-info/entry_points.txt
[0.914s] writing requirements to ../../build/mypkg/mypkg.egg-info/requires.txt
[0.915s] writing top-level names to ../../build/mypkg/mypkg.egg-info/top_level.txt
[0.949s] reading manifest file '../../build/mypkg/mypkg.egg-info/SOURCES.txt'
[0.951s] writing manifest file '../../build/mypkg/mypkg.egg-info/SOURCES.txt'
[0.951s] running build
[0.951s] running build_py
[0.952s] copying mypkg/range02.py -> /home/koara/robosys2024-4/ros2_ws/build/mypkg/build/lib/mypkg
[0.954s] running install
[0.955s] running install_lib
[0.956s] copying /home/koara/robosys2024-4/ros2_ws/build/mypkg/build/lib/mypkg/range02.py -> /home/koara/robosys2024-4/ros2_ws/install/mypkg/lib/python3.8/site-packages/mypkg
[0.957s] byte-compiling /home/koara/robosys2024-4/ros2_ws/install/mypkg/lib/python3.8/site-packages/mypkg/range02.py to range02.cpython-38.pyc
[0.959s] running install_data
[0.959s] running install_egg_info
[0.961s] removing '/home/koara/robosys2024-4/ros2_ws/install/mypkg/lib/python3.8/site-packages/mypkg-0.0.0-py3.8.egg-info' (and everything under it)
[0.962s] Copying ../../build/mypkg/mypkg.egg-info to /home/koara/robosys2024-4/ros2_ws/install/mypkg/lib/python3.8/site-packages/mypkg-0.0.0-py3.8.egg-info
[0.964s] running install_scripts
[0.979s] Installing range script to /home/koara/robosys2024-4/ros2_ws/install/mypkg/lib/mypkg
[0.980s] Installing range02 script to /home/koara/robosys2024-4/ros2_ws/install/mypkg/lib/mypkg
[0.980s] Installing test script to /home/koara/robosys2024-4/ros2_ws/install/mypkg/lib/mypkg
[0.980s] Installing test02 script to /home/koara/robosys2024-4/ros2_ws/install/mypkg/lib/mypkg
[0.982s] writing list of installed files to '/home/koara/robosys2024-4/ros2_ws/build/mypkg/install.log'
[1.008s] Invoked command in '/home/koara/robosys2024-4/ros2_ws/src/mypkg' returned '0': PYTHONPATH=/home/koara/robosys2024-4/ros2_ws/build/mypkg/prefix_override:/usr/lib/python3/dist-packages/colcon_core/task/python/colcon_distutils_commands:/home/koara/robosys2024-4/ros2_ws/install/mypkg/lib/python3.8/site-packages:${PYTHONPATH} /usr/bin/python3 -W ignore:setup.py install is deprecated setup.py egg_info --egg-base ../../build/mypkg build --build-base /home/koara/robosys2024-4/ros2_ws/build/mypkg/build install --record /home/koara/robosys2024-4/ros2_ws/build/mypkg/install.log --install-scripts $base/lib/mypkg --single-version-externally-managed install_data
