[0.204s] Invoking command in '/home/koara/robosys2024-02.2/build/person_msgs': CMAKE_PREFIX_PATH=/home/koara/robosys2024-4/ros2_ws/install/person_msgs:/home/koara/robosys2024-4/ros2_ws/install/mypkg:/opt/ros/foxy /usr/bin/cmake /home/koara/robosys2024-02.2/ros2_ws/src/person_msgs -DCMAKE_INSTALL_PREFIX=/home/koara/robosys2024-02.2/install/person_msgs
[0.219s] -- Found ament_cmake: 0.9.12 (/opt/ros/foxy/share/ament_cmake/cmake)
[0.240s] -- Found PythonInterp: /usr/bin/python3 (found suitable version "3.8.10", minimum required is "3") 
[0.241s] -- Using PYTHON_EXECUTABLE: /usr/bin/python3
[0.408s] -- Found ament_lint_auto: 0.9.8 (/opt/ros/foxy/share/ament_lint_auto/cmake)
[0.408s] -- Found rosidl_default_generators: 1.0.1 (/opt/ros/foxy/share/rosidl_default_generators/cmake)
[0.411s] -- Using all available rosidl_typesupport_c: rosidl_typesupport_fastrtps_c;rosidl_typesupport_introspection_c
[0.415s] -- Found rosidl_adapter: 1.3.1 (/opt/ros/foxy/share/rosidl_adapter/cmake)
[2.535s] -- Using all available rosidl_typesupport_cpp: rosidl_typesupport_fastrtps_cpp;rosidl_typesupport_introspection_cpp
[2.580s] -- Found PythonInterp: /usr/bin/python3 (found version "3.8.10") 
[2.837s] CMake Error at /opt/ros/foxy/share/rosidl_adapter/cmake/rosidl_adapt_interfaces.cmake:60 (message):
[2.837s]   execute_process(/usr/bin/python3 -m rosidl_adapter --package-name
[2.837s]   person_msgs --arguments-file
[2.837s]   /home/koara/robosys2024-02.2/build/person_msgs/rosidl_adapter__arguments__person_msgs.json
[2.837s]   --output-dir
[2.838s]   /home/koara/robosys2024-02.2/build/person_msgs/rosidl_adapter/person_msgs
[2.838s]   --output-file
[2.838s]   /home/koara/robosys2024-02.2/build/person_msgs/rosidl_adapter/person_msgs.idls)
[2.838s]   returned error code 1:
[2.838s] 
[2.838s]   Traceback (most recent call last):
[2.838s] 
[2.838s]     File "/usr/lib/python3.8/runpy.py", line 194, in _run_module_as_main
[2.838s]       return _run_code(code, main_globals, None,
[2.838s]     File "/usr/lib/python3.8/runpy.py", line 87, in _run_code
[2.838s]       exec(code, run_globals)
[2.838s]     File "/opt/ros/foxy/lib/python3.8/site-packages/rosidl_adapter/__main__.py", line 19, in <module>
[2.838s]       sys.exit(main())
[2.838s]     File "/opt/ros/foxy/lib/python3.8/site-packages/rosidl_adapter/main.py", line 53, in main
[2.838s]       abs_idl_file = convert_to_idl(
[2.838s]     File "/opt/ros/foxy/lib/python3.8/site-packages/rosidl_adapter/__init__.py", line 24, in convert_to_idl
[2.839s]       return convert_srv_to_idl(
[2.839s]     File "/opt/ros/foxy/lib/python3.8/site-packages/rosidl_adapter/srv/__init__.py", line 28, in convert_srv_to_idl
[2.839s]       srv = parse_service_string(package_name, input_file.stem, content)
[2.839s]     File "/opt/ros/foxy/lib/python3.8/site-packages/rosidl_adapter/parser.py", line 843, in parse_service_string
[2.839s]       raise InvalidServiceSpecification(
[2.839s] 
[2.839s]   rosidl_adapter.parser.InvalidServiceSpecification: Could not find separator
[2.839s]   '---' between request and response
[2.839s] 
[2.839s] Call Stack (most recent call first):
[2.839s]   /opt/ros/foxy/share/rosidl_cmake/cmake/rosidl_generate_interfaces.cmake:130 (rosidl_adapt_interfaces)
[2.839s]   CMakeLists.txt:27 (rosidl_generate_interfaces)
[2.839s] 
[2.839s] 
[2.839s] -- Configuring incomplete, errors occurred!
[2.839s] See also "/home/koara/robosys2024-02.2/build/person_msgs/CMakeFiles/CMakeOutput.log".
[2.845s] Invoked command in '/home/koara/robosys2024-02.2/build/person_msgs' returned '1': CMAKE_PREFIX_PATH=/home/koara/robosys2024-4/ros2_ws/install/person_msgs:/home/koara/robosys2024-4/ros2_ws/install/mypkg:/opt/ros/foxy /usr/bin/cmake /home/koara/robosys2024-02.2/ros2_ws/src/person_msgs -DCMAKE_INSTALL_PREFIX=/home/koara/robosys2024-02.2/install/person_msgs
