[0.154s] Invoking command in '/home/koara/robosys2024-02.2/ros2_ws/build/person_msgs': CMAKE_PREFIX_PATH=${CMAKE_PREFIX_PATH}:/home/koara/robosys2024-02.2/ros2_ws/install/mypkg:/opt/ros/foxy /usr/bin/cmake --build /home/koara/robosys2024-02.2/ros2_ws/build/person_msgs -- -j12 -l12
[0.173s] -- Found ament_cmake: 0.9.12 (/opt/ros/foxy/share/ament_cmake/cmake)
[0.188s] -- Found PythonInterp: /usr/bin/python3 (found suitable version "3.8.10", minimum required is "3") 
[0.188s] -- Using PYTHON_EXECUTABLE: /usr/bin/python3
[0.316s] -- Found ament_lint_auto: 0.9.8 (/opt/ros/foxy/share/ament_lint_auto/cmake)
[0.316s] -- Found rosidl_default_generators: 1.0.1 (/opt/ros/foxy/share/rosidl_default_generators/cmake)
[0.318s] -- Using all available rosidl_typesupport_c: rosidl_typesupport_fastrtps_c;rosidl_typesupport_introspection_c
[0.320s] -- Found rosidl_adapter: 1.3.1 (/opt/ros/foxy/share/rosidl_adapter/cmake)
[1.434s] -- Using all available rosidl_typesupport_cpp: rosidl_typesupport_fastrtps_cpp;rosidl_typesupport_introspection_cpp
[1.466s] -- Found PythonInterp: /usr/bin/python3 (found version "3.8.10") 
[1.558s] -- Found ament_cmake_ros: 0.9.2 (/opt/ros/foxy/share/ament_cmake_ros/cmake)
[2.895s] -- Using all available rosidl_typesupport_c: rosidl_typesupport_fastrtps_c;rosidl_typesupport_introspection_c
[2.900s] -- Using all available rosidl_typesupport_cpp: rosidl_typesupport_fastrtps_cpp;rosidl_typesupport_introspection_cpp
[2.915s] -- Found PythonInterp: /usr/bin/python3 (found suitable version "3.8.10", minimum required is "3.5") 
[2.915s] -- Found python_cmake_module: 0.8.1 (/opt/ros/foxy/share/python_cmake_module/cmake)
[2.931s] -- Using PYTHON_EXECUTABLE: /usr/bin/python3
[2.931s] -- Using PYTHON_INCLUDE_DIRS: /usr/include/python3.8
[2.931s] -- Using PYTHON_LIBRARIES: /usr/lib/x86_64-linux-gnu/libpython3.8.so
[2.944s] -- Added test 'copyright' to check source files copyright and LICENSE
[2.948s] -- Added test 'cppcheck' to perform static code analysis on C / C++ code
[2.949s] -- Configured cppcheck include dirs: 
[2.949s] -- Configured cppcheck exclude dirs and/or files: 
[2.952s] -- Added test 'cpplint' to check C / C++ code against the Google style
[2.953s] -- Configured cpplint exclude dirs and/or files: 
[2.953s] -- Added test 'flake8' to check Python code syntax and style conventions
[2.954s] -- Added test 'lint_cmake' to check CMake code style
[2.955s] -- Added test 'pep257' to check Python code against some of the style conventions in PEP 257
[2.959s] -- Added test 'uncrustify' to check C / C++ code style
[2.959s] -- Configured uncrustify additional arguments: 
[2.960s] -- Added test 'xmllint' to check XML markup files
[2.964s] -- Configuring done
[2.986s] -- Generating done
[2.988s] -- Build files have been written to: /home/koara/robosys2024-02.2/ros2_ws/build/person_msgs
[3.014s] [  2%] Built target person_msgs__cpp
[3.015s] [ 12%] Built target person_msgs__rosidl_generator_c
[3.029s] [ 23%] Built target person_msgs__rosidl_typesupport_cpp
[3.031s] [ 33%] Built target person_msgs__rosidl_typesupport_introspection_c
[3.032s] [ 43%] Built target person_msgs__rosidl_typesupport_fastrtps_cpp
[3.032s] [ 64%] Built target person_msgs__rosidl_typesupport_introspection_cpp
[3.032s] [ 64%] Built target person_msgs__rosidl_typesupport_c
[3.049s] [ 74%] Built target person_msgs__rosidl_typesupport_fastrtps_c
[3.062s] [ 74%] Built target person_msgs
[3.077s] [ 76%] Built target person_msgs__py
[3.094s] [ 84%] Built target person_msgs__python
[3.112s] [ 94%] Built target person_msgs__rosidl_typesupport_introspection_c__pyext
[3.112s] [ 94%] Built target person_msgs__rosidl_typesupport_c__pyext
[3.112s] [100%] Built target person_msgs__rosidl_typesupport_fastrtps_c__pyext
[3.121s] Invoked command in '/home/koara/robosys2024-02.2/ros2_ws/build/person_msgs' returned '0': CMAKE_PREFIX_PATH=${CMAKE_PREFIX_PATH}:/home/koara/robosys2024-02.2/ros2_ws/install/mypkg:/opt/ros/foxy /usr/bin/cmake --build /home/koara/robosys2024-02.2/ros2_ws/build/person_msgs -- -j12 -l12
[3.175s] Invoking command in '/home/koara/robosys2024-02.2/ros2_ws/build/person_msgs': CMAKE_PREFIX_PATH=${CMAKE_PREFIX_PATH}:/home/koara/robosys2024-02.2/ros2_ws/install/mypkg:/opt/ros/foxy /usr/bin/cmake --install /home/koara/robosys2024-02.2/ros2_ws/build/person_msgs
[3.181s] -- Install configuration: ""
[3.181s] -- Up-to-date: /home/koara/robosys2024-02.2/ros2_ws/install/person_msgs/share/ament_index/resource_index/rosidl_interfaces/person_msgs
[3.181s] -- Up-to-date: /home/koara/robosys2024-02.2/ros2_ws/install/person_msgs/include/person_msgs
[3.181s] -- Up-to-date: /home/koara/robosys2024-02.2/ros2_ws/install/person_msgs/include/person_msgs/srv
[3.182s] -- Up-to-date: /home/koara/robosys2024-02.2/ros2_ws/install/person_msgs/include/person_msgs/srv/detail
[3.182s] -- Up-to-date: /home/koara/robosys2024-02.2/ros2_ws/install/person_msgs/include/person_msgs/srv/detail/query__type_support.h
[3.182s] -- Up-to-date: /home/koara/robosys2024-02.2/ros2_ws/install/person_msgs/include/person_msgs/srv/detail/query__struct.h
[3.182s] -- Up-to-date: /home/koara/robosys2024-02.2/ros2_ws/install/person_msgs/include/person_msgs/srv/detail/query__functions.h
[3.182s] -- Up-to-date: /home/koara/robosys2024-02.2/ros2_ws/install/person_msgs/include/person_msgs/srv/detail/query__functions.c
[3.182s] -- Up-to-date: /home/koara/robosys2024-02.2/ros2_ws/install/person_msgs/include/person_msgs/srv/query.h
[3.182s] -- Up-to-date: /home/koara/robosys2024-02.2/ros2_ws/install/person_msgs/include/person_msgs/msg
[3.183s] -- Up-to-date: /home/koara/robosys2024-02.2/ros2_ws/install/person_msgs/include/person_msgs/msg/rosidl_generator_c__visibility_control.h
[3.183s] -- Up-to-date: /home/koara/robosys2024-02.2/ros2_ws/install/person_msgs/include/person_msgs/msg/person.h
[3.183s] -- Up-to-date: /home/koara/robosys2024-02.2/ros2_ws/install/person_msgs/include/person_msgs/msg/detail
[3.183s] -- Up-to-date: /home/koara/robosys2024-02.2/ros2_ws/install/person_msgs/include/person_msgs/msg/detail/person__functions.c
[3.183s] -- Up-to-date: /home/koara/robosys2024-02.2/ros2_ws/install/person_msgs/include/person_msgs/msg/detail/person__functions.h
[3.183s] -- Up-to-date: /home/koara/robosys2024-02.2/ros2_ws/install/person_msgs/include/person_msgs/msg/detail/person__type_support.h
[3.183s] -- Up-to-date: /home/koara/robosys2024-02.2/ros2_ws/install/person_msgs/include/person_msgs/msg/detail/person__struct.h
[3.183s] -- Up-to-date: /home/koara/robosys2024-02.2/ros2_ws/install/person_msgs/share/person_msgs/environment/library_path.sh
[3.183s] -- Up-to-date: /home/koara/robosys2024-02.2/ros2_ws/install/person_msgs/share/person_msgs/environment/library_path.dsv
[3.183s] -- Up-to-date: /home/koara/robosys2024-02.2/ros2_ws/install/person_msgs/lib/libperson_msgs__rosidl_generator_c.so
[3.184s] -- Up-to-date: /home/koara/robosys2024-02.2/ros2_ws/install/person_msgs/include/person_msgs
[3.184s] -- Up-to-date: /home/koara/robosys2024-02.2/ros2_ws/install/person_msgs/include/person_msgs/srv
[3.184s] -- Up-to-date: /home/koara/robosys2024-02.2/ros2_ws/install/person_msgs/include/person_msgs/srv/detail
[3.184s] -- Up-to-date: /home/koara/robosys2024-02.2/ros2_ws/install/person_msgs/include/person_msgs/srv/detail/query__rosidl_typesupport_fastrtps_c.h
[3.184s] -- Up-to-date: /home/koara/robosys2024-02.2/ros2_ws/install/person_msgs/include/person_msgs/msg
[3.184s] -- Up-to-date: /home/koara/robosys2024-02.2/ros2_ws/install/person_msgs/include/person_msgs/msg/detail
[3.184s] -- Up-to-date: /home/koara/robosys2024-02.2/ros2_ws/install/person_msgs/include/person_msgs/msg/detail/person__rosidl_typesupport_fastrtps_c.h
[3.184s] -- Up-to-date: /home/koara/robosys2024-02.2/ros2_ws/install/person_msgs/include/person_msgs/msg/rosidl_typesupport_fastrtps_c__visibility_control.h
[3.185s] -- Up-to-date: /home/koara/robosys2024-02.2/ros2_ws/install/person_msgs/lib/libperson_msgs__rosidl_typesupport_fastrtps_c.so
[3.185s] -- Up-to-date: /home/koara/robosys2024-02.2/ros2_ws/install/person_msgs/include/person_msgs
[3.185s] -- Up-to-date: /home/koara/robosys2024-02.2/ros2_ws/install/person_msgs/include/person_msgs/srv
[3.185s] -- Up-to-date: /home/koara/robosys2024-02.2/ros2_ws/install/person_msgs/include/person_msgs/srv/detail
[3.185s] -- Up-to-date: /home/koara/robosys2024-02.2/ros2_ws/install/person_msgs/include/person_msgs/srv/detail/dds_fastrtps
[3.185s] -- Up-to-date: /home/koara/robosys2024-02.2/ros2_ws/install/person_msgs/include/person_msgs/srv/detail/query__rosidl_typesupport_fastrtps_cpp.hpp
[3.185s] -- Up-to-date: /home/koara/robosys2024-02.2/ros2_ws/install/person_msgs/include/person_msgs/msg
[3.185s] -- Up-to-date: /home/koara/robosys2024-02.2/ros2_ws/install/person_msgs/include/person_msgs/msg/rosidl_typesupport_fastrtps_cpp__visibility_control.h
[3.185s] -- Up-to-date: /home/koara/robosys2024-02.2/ros2_ws/install/person_msgs/include/person_msgs/msg/detail
[3.185s] -- Up-to-date: /home/koara/robosys2024-02.2/ros2_ws/install/person_msgs/include/person_msgs/msg/detail/dds_fastrtps
[3.185s] -- Up-to-date: /home/koara/robosys2024-02.2/ros2_ws/install/person_msgs/include/person_msgs/msg/detail/person__rosidl_typesupport_fastrtps_cpp.hpp
[3.186s] -- Up-to-date: /home/koara/robosys2024-02.2/ros2_ws/install/person_msgs/lib/libperson_msgs__rosidl_typesupport_fastrtps_cpp.so
[3.186s] -- Up-to-date: /home/koara/robosys2024-02.2/ros2_ws/install/person_msgs/include/person_msgs
[3.186s] -- Up-to-date: /home/koara/robosys2024-02.2/ros2_ws/install/person_msgs/include/person_msgs/srv
[3.186s] -- Up-to-date: /home/koara/robosys2024-02.2/ros2_ws/install/person_msgs/include/person_msgs/srv/detail
[3.186s] -- Up-to-date: /home/koara/robosys2024-02.2/ros2_ws/install/person_msgs/include/person_msgs/srv/detail/query__type_support.c
[3.186s] -- Up-to-date: /home/koara/robosys2024-02.2/ros2_ws/install/person_msgs/include/person_msgs/srv/detail/query__rosidl_typesupport_introspection_c.h
[3.186s] -- Up-to-date: /home/koara/robosys2024-02.2/ros2_ws/install/person_msgs/include/person_msgs/msg
[3.186s] -- Up-to-date: /home/koara/robosys2024-02.2/ros2_ws/install/person_msgs/include/person_msgs/msg/detail
[3.186s] -- Up-to-date: /home/koara/robosys2024-02.2/ros2_ws/install/person_msgs/include/person_msgs/msg/detail/person__rosidl_typesupport_introspection_c.h
[3.186s] -- Up-to-date: /home/koara/robosys2024-02.2/ros2_ws/install/person_msgs/include/person_msgs/msg/detail/person__type_support.c
[3.186s] -- Up-to-date: /home/koara/robosys2024-02.2/ros2_ws/install/person_msgs/include/person_msgs/msg/rosidl_typesupport_introspection_c__visibility_control.h
[3.186s] -- Up-to-date: /home/koara/robosys2024-02.2/ros2_ws/install/person_msgs/lib/libperson_msgs__rosidl_typesupport_introspection_c.so
[3.186s] -- Up-to-date: /home/koara/robosys2024-02.2/ros2_ws/install/person_msgs/lib/libperson_msgs__rosidl_typesupport_c.so
[3.186s] -- Up-to-date: /home/koara/robosys2024-02.2/ros2_ws/install/person_msgs/include/person_msgs
[3.186s] -- Up-to-date: /home/koara/robosys2024-02.2/ros2_ws/install/person_msgs/include/person_msgs/srv
[3.186s] -- Up-to-date: /home/koara/robosys2024-02.2/ros2_ws/install/person_msgs/include/person_msgs/srv/detail
[3.186s] -- Up-to-date: /home/koara/robosys2024-02.2/ros2_ws/install/person_msgs/include/person_msgs/srv/detail/query__traits.hpp
[3.186s] -- Up-to-date: /home/koara/robosys2024-02.2/ros2_ws/install/person_msgs/include/person_msgs/srv/detail/query__struct.hpp
[3.186s] -- Up-to-date: /home/koara/robosys2024-02.2/ros2_ws/install/person_msgs/include/person_msgs/srv/detail/query__type_support.hpp
[3.187s] -- Up-to-date: /home/koara/robosys2024-02.2/ros2_ws/install/person_msgs/include/person_msgs/srv/detail/query__builder.hpp
[3.187s] -- Up-to-date: /home/koara/robosys2024-02.2/ros2_ws/install/person_msgs/include/person_msgs/srv/query.hpp
[3.187s] -- Up-to-date: /home/koara/robosys2024-02.2/ros2_ws/install/person_msgs/include/person_msgs/msg
[3.187s] -- Up-to-date: /home/koara/robosys2024-02.2/ros2_ws/install/person_msgs/include/person_msgs/msg/detail
[3.187s] -- Up-to-date: /home/koara/robosys2024-02.2/ros2_ws/install/person_msgs/include/person_msgs/msg/detail/person__struct.hpp
[3.187s] -- Up-to-date: /home/koara/robosys2024-02.2/ros2_ws/install/person_msgs/include/person_msgs/msg/detail/person__type_support.hpp
[3.187s] -- Up-to-date: /home/koara/robosys2024-02.2/ros2_ws/install/person_msgs/include/person_msgs/msg/detail/person__builder.hpp
[3.187s] -- Up-to-date: /home/koara/robosys2024-02.2/ros2_ws/install/person_msgs/include/person_msgs/msg/detail/person__traits.hpp
[3.187s] -- Up-to-date: /home/koara/robosys2024-02.2/ros2_ws/install/person_msgs/include/person_msgs/msg/rosidl_generator_cpp__visibility_control.hpp
[3.187s] -- Up-to-date: /home/koara/robosys2024-02.2/ros2_ws/install/person_msgs/include/person_msgs/msg/person.hpp
[3.187s] -- Up-to-date: /home/koara/robosys2024-02.2/ros2_ws/install/person_msgs/include/person_msgs
[3.187s] -- Up-to-date: /home/koara/robosys2024-02.2/ros2_ws/install/person_msgs/include/person_msgs/srv
[3.187s] -- Up-to-date: /home/koara/robosys2024-02.2/ros2_ws/install/person_msgs/include/person_msgs/srv/detail
[3.187s] -- Up-to-date: /home/koara/robosys2024-02.2/ros2_ws/install/person_msgs/include/person_msgs/srv/detail/query__rosidl_typesupport_introspection_cpp.hpp
[3.187s] -- Up-to-date: /home/koara/robosys2024-02.2/ros2_ws/install/person_msgs/include/person_msgs/srv/detail/query__type_support.cpp
[3.187s] -- Up-to-date: /home/koara/robosys2024-02.2/ros2_ws/install/person_msgs/include/person_msgs/msg
[3.187s] -- Up-to-date: /home/koara/robosys2024-02.2/ros2_ws/install/person_msgs/include/person_msgs/msg/detail
[3.187s] -- Up-to-date: /home/koara/robosys2024-02.2/ros2_ws/install/person_msgs/include/person_msgs/msg/detail/person__rosidl_typesupport_introspection_cpp.hpp
[3.187s] -- Up-to-date: /home/koara/robosys2024-02.2/ros2_ws/install/person_msgs/include/person_msgs/msg/detail/person__type_support.cpp
[3.187s] -- Up-to-date: /home/koara/robosys2024-02.2/ros2_ws/install/person_msgs/lib/libperson_msgs__rosidl_typesupport_introspection_cpp.so
[3.187s] -- Up-to-date: /home/koara/robosys2024-02.2/ros2_ws/install/person_msgs/lib/libperson_msgs__rosidl_typesupport_cpp.so
[3.187s] -- Up-to-date: /home/koara/robosys2024-02.2/ros2_ws/install/person_msgs/share/person_msgs/environment/pythonpath.sh
[3.187s] -- Installing: /home/koara/robosys2024-02.2/ros2_ws/install/person_msgs/share/person_msgs/environment/pythonpath.dsv
[3.187s] -- Installing: /home/koara/robosys2024-02.2/ros2_ws/install/person_msgs/lib/python3.8/site-packages/person_msgs/__init__.py
[3.204s] Compiling '/home/koara/robosys2024-02.2/ros2_ws/install/person_msgs/lib/python3.8/site-packages/person_msgs/__init__.py'...
[3.207s] -- Up-to-date: /home/koara/robosys2024-02.2/ros2_ws/install/person_msgs/lib/python3.8/site-packages/person_msgs/msg
[3.207s] -- Up-to-date: /home/koara/robosys2024-02.2/ros2_ws/install/person_msgs/lib/python3.8/site-packages/person_msgs/msg/__init__.py
[3.207s] -- Up-to-date: /home/koara/robosys2024-02.2/ros2_ws/install/person_msgs/lib/python3.8/site-packages/person_msgs/msg/_person_s.c
[3.207s] -- Up-to-date: /home/koara/robosys2024-02.2/ros2_ws/install/person_msgs/lib/python3.8/site-packages/person_msgs/msg/_person.py
[3.207s] -- Up-to-date: /home/koara/robosys2024-02.2/ros2_ws/install/person_msgs/lib/python3.8/site-packages/person_msgs/srv
[3.207s] -- Up-to-date: /home/koara/robosys2024-02.2/ros2_ws/install/person_msgs/lib/python3.8/site-packages/person_msgs/srv/_query.py
[3.207s] -- Up-to-date: /home/koara/robosys2024-02.2/ros2_ws/install/person_msgs/lib/python3.8/site-packages/person_msgs/srv/_query_s.c
[3.207s] -- Up-to-date: /home/koara/robosys2024-02.2/ros2_ws/install/person_msgs/lib/python3.8/site-packages/person_msgs/srv/__init__.py
[3.208s] -- Up-to-date: /home/koara/robosys2024-02.2/ros2_ws/install/person_msgs/lib/python3.8/site-packages/person_msgs/person_msgs_s__rosidl_typesupport_fastrtps_c.cpython-38-x86_64-linux-gnu.so
[3.208s] -- Up-to-date: /home/koara/robosys2024-02.2/ros2_ws/install/person_msgs/lib/python3.8/site-packages/person_msgs/person_msgs_s__rosidl_typesupport_introspection_c.cpython-38-x86_64-linux-gnu.so
[3.208s] -- Up-to-date: /home/koara/robosys2024-02.2/ros2_ws/install/person_msgs/lib/python3.8/site-packages/person_msgs/person_msgs_s__rosidl_typesupport_c.cpython-38-x86_64-linux-gnu.so
[3.209s] -- Up-to-date: /home/koara/robosys2024-02.2/ros2_ws/install/person_msgs/lib/libperson_msgs__python.so
[3.209s] -- Up-to-date: /home/koara/robosys2024-02.2/ros2_ws/install/person_msgs/share/person_msgs/msg/Person.idl
[3.209s] -- Up-to-date: /home/koara/robosys2024-02.2/ros2_ws/install/person_msgs/share/person_msgs/srv/Query.idl
[3.209s] -- Up-to-date: /home/koara/robosys2024-02.2/ros2_ws/install/person_msgs/share/person_msgs/msg/Person.msg
[3.209s] -- Up-to-date: /home/koara/robosys2024-02.2/ros2_ws/install/person_msgs/share/person_msgs/srv/Query.srv
[3.209s] -- Up-to-date: /home/koara/robosys2024-02.2/ros2_ws/install/person_msgs/share/person_msgs/srv/Query_Request.msg
[3.210s] -- Up-to-date: /home/koara/robosys2024-02.2/ros2_ws/install/person_msgs/share/person_msgs/srv/Query_Response.msg
[3.210s] -- Up-to-date: /home/koara/robosys2024-02.2/ros2_ws/install/person_msgs/share/ament_index/resource_index/package_run_dependencies/person_msgs
[3.210s] -- Up-to-date: /home/koara/robosys2024-02.2/ros2_ws/install/person_msgs/share/ament_index/resource_index/parent_prefix_path/person_msgs
[3.210s] -- Up-to-date: /home/koara/robosys2024-02.2/ros2_ws/install/person_msgs/share/person_msgs/environment/ament_prefix_path.sh
[3.210s] -- Installing: /home/koara/robosys2024-02.2/ros2_ws/install/person_msgs/share/person_msgs/environment/ament_prefix_path.dsv
[3.210s] -- Up-to-date: /home/koara/robosys2024-02.2/ros2_ws/install/person_msgs/share/person_msgs/environment/path.sh
[3.210s] -- Installing: /home/koara/robosys2024-02.2/ros2_ws/install/person_msgs/share/person_msgs/environment/path.dsv
[3.210s] -- Up-to-date: /home/koara/robosys2024-02.2/ros2_ws/install/person_msgs/share/person_msgs/local_setup.bash
[3.210s] -- Up-to-date: /home/koara/robosys2024-02.2/ros2_ws/install/person_msgs/share/person_msgs/local_setup.sh
[3.210s] -- Up-to-date: /home/koara/robosys2024-02.2/ros2_ws/install/person_msgs/share/person_msgs/local_setup.zsh
[3.211s] -- Installing: /home/koara/robosys2024-02.2/ros2_ws/install/person_msgs/share/person_msgs/local_setup.dsv
[3.211s] -- Up-to-date: /home/koara/robosys2024-02.2/ros2_ws/install/person_msgs/share/person_msgs/package.dsv
[3.211s] -- Up-to-date: /home/koara/robosys2024-02.2/ros2_ws/install/person_msgs/share/ament_index/resource_index/packages/person_msgs
[3.211s] -- Up-to-date: /home/koara/robosys2024-02.2/ros2_ws/install/person_msgs/share/person_msgs/cmake/person_msgs__rosidl_generator_cExport.cmake
[3.211s] -- Up-to-date: /home/koara/robosys2024-02.2/ros2_ws/install/person_msgs/share/person_msgs/cmake/person_msgs__rosidl_generator_cExport-noconfig.cmake
[3.211s] -- Up-to-date: /home/koara/robosys2024-02.2/ros2_ws/install/person_msgs/share/person_msgs/cmake/person_msgs__rosidl_typesupport_introspection_cExport.cmake
[3.211s] -- Up-to-date: /home/koara/robosys2024-02.2/ros2_ws/install/person_msgs/share/person_msgs/cmake/person_msgs__rosidl_typesupport_introspection_cExport-noconfig.cmake
[3.211s] -- Up-to-date: /home/koara/robosys2024-02.2/ros2_ws/install/person_msgs/share/person_msgs/cmake/person_msgs__rosidl_typesupport_cExport.cmake
[3.211s] -- Up-to-date: /home/koara/robosys2024-02.2/ros2_ws/install/person_msgs/share/person_msgs/cmake/person_msgs__rosidl_typesupport_cExport-noconfig.cmake
[3.211s] -- Up-to-date: /home/koara/robosys2024-02.2/ros2_ws/install/person_msgs/share/person_msgs/cmake/person_msgs__rosidl_generator_cppExport.cmake
[3.212s] -- Up-to-date: /home/koara/robosys2024-02.2/ros2_ws/install/person_msgs/share/person_msgs/cmake/person_msgs__rosidl_typesupport_introspection_cppExport.cmake
[3.212s] -- Up-to-date: /home/koara/robosys2024-02.2/ros2_ws/install/person_msgs/share/person_msgs/cmake/person_msgs__rosidl_typesupport_introspection_cppExport-noconfig.cmake
[3.212s] -- Up-to-date: /home/koara/robosys2024-02.2/ros2_ws/install/person_msgs/share/person_msgs/cmake/person_msgs__rosidl_typesupport_cppExport.cmake
[3.212s] -- Up-to-date: /home/koara/robosys2024-02.2/ros2_ws/install/person_msgs/share/person_msgs/cmake/person_msgs__rosidl_typesupport_cppExport-noconfig.cmake
[3.212s] -- Up-to-date: /home/koara/robosys2024-02.2/ros2_ws/install/person_msgs/share/person_msgs/cmake/rosidl_cmake-extras.cmake
[3.212s] -- Up-to-date: /home/koara/robosys2024-02.2/ros2_ws/install/person_msgs/share/person_msgs/cmake/ament_cmake_export_dependencies-extras.cmake
[3.212s] -- Up-to-date: /home/koara/robosys2024-02.2/ros2_ws/install/person_msgs/share/person_msgs/cmake/ament_cmake_export_libraries-extras.cmake
[3.212s] -- Up-to-date: /home/koara/robosys2024-02.2/ros2_ws/install/person_msgs/share/person_msgs/cmake/ament_cmake_export_targets-extras.cmake
[3.212s] -- Up-to-date: /home/koara/robosys2024-02.2/ros2_ws/install/person_msgs/share/person_msgs/cmake/ament_cmake_export_include_directories-extras.cmake
[3.212s] -- Up-to-date: /home/koara/robosys2024-02.2/ros2_ws/install/person_msgs/share/person_msgs/cmake/rosidl_cmake_export_typesupport_libraries-extras.cmake
[3.212s] -- Up-to-date: /home/koara/robosys2024-02.2/ros2_ws/install/person_msgs/share/person_msgs/cmake/rosidl_cmake_export_typesupport_targets-extras.cmake
[3.212s] -- Up-to-date: /home/koara/robosys2024-02.2/ros2_ws/install/person_msgs/share/person_msgs/cmake/person_msgsConfig.cmake
[3.212s] -- Up-to-date: /home/koara/robosys2024-02.2/ros2_ws/install/person_msgs/share/person_msgs/cmake/person_msgsConfig-version.cmake
[3.212s] -- Up-to-date: /home/koara/robosys2024-02.2/ros2_ws/install/person_msgs/share/person_msgs/package.xml
[3.214s] Invoked command in '/home/koara/robosys2024-02.2/ros2_ws/build/person_msgs' returned '0': CMAKE_PREFIX_PATH=${CMAKE_PREFIX_PATH}:/home/koara/robosys2024-02.2/ros2_ws/install/mypkg:/opt/ros/foxy /usr/bin/cmake --install /home/koara/robosys2024-02.2/ros2_ws/build/person_msgs
