[0.583s] Invoking command in '/home/koara/robosys2024-4/ros2_ws/src/mypkg': PYTHONPATH=/home/koara/robosys2024-4/ros2_ws/src/mypkg/build/mypkg/prefix_override:/usr/lib/python3/dist-packages/colcon_core/task/python/colcon_distutils_commands:/home/koara/robosys2024-4/ros2_ws/src/mypkg/install/mypkg/lib/python3.8/site-packages:${PYTHONPATH} /usr/bin/python3 -W ignore:setup.py install is deprecated setup.py egg_info --egg-base build/mypkg build --build-base /home/koara/robosys2024-4/ros2_ws/src/mypkg/build/mypkg/build install --record /home/koara/robosys2024-4/ros2_ws/src/mypkg/build/mypkg/install.log --install-scripts $base/lib/mypkg --single-version-externally-managed install_data
[0.750s] running egg_info
[0.750s] writing build/mypkg/mypkg.egg-info/PKG-INFO
[0.751s] writing dependency_links to build/mypkg/mypkg.egg-info/dependency_links.txt
[0.751s] writing entry points to build/mypkg/mypkg.egg-info/entry_points.txt
[0.751s] writing requirements to build/mypkg/mypkg.egg-info/requires.txt
[0.751s] writing top-level names to build/mypkg/mypkg.egg-info/top_level.txt
[0.784s] reading manifest file 'build/mypkg/mypkg.egg-info/SOURCES.txt'
[0.785s] writing manifest file 'build/mypkg/mypkg.egg-info/SOURCES.txt'
[0.786s] running build
[0.786s] running build_py
[0.786s] copying mypkg/talker.py -> /home/koara/robosys2024-4/ros2_ws/src/mypkg/build/mypkg/build/lib/mypkg
[0.786s] copying mypkg/test.py -> /home/koara/robosys2024-4/ros2_ws/src/mypkg/build/mypkg/build/lib/mypkg
[0.786s] running install
[0.787s] running install_lib
[0.787s] copying /home/koara/robosys2024-4/ros2_ws/src/mypkg/build/mypkg/build/lib/mypkg/talker.py -> /home/koara/robosys2024-4/ros2_ws/src/mypkg/install/mypkg/lib/python3.8/site-packages/mypkg
[0.787s] copying /home/koara/robosys2024-4/ros2_ws/src/mypkg/build/mypkg/build/lib/mypkg/test.py -> /home/koara/robosys2024-4/ros2_ws/src/mypkg/install/mypkg/lib/python3.8/site-packages/mypkg
[0.788s] byte-compiling /home/koara/robosys2024-4/ros2_ws/src/mypkg/install/mypkg/lib/python3.8/site-packages/mypkg/talker.py to talker.cpython-38.pyc
[0.789s] byte-compiling /home/koara/robosys2024-4/ros2_ws/src/mypkg/install/mypkg/lib/python3.8/site-packages/mypkg/test.py to test.cpython-38.pyc
[0.789s] running install_data
[0.790s] copying launch/talk_listen.launch.py -> /home/koara/robosys2024-4/ros2_ws/src/mypkg/install/mypkg/share/mypkg
[0.790s] running install_egg_info
[0.792s] removing '/home/koara/robosys2024-4/ros2_ws/src/mypkg/install/mypkg/lib/python3.8/site-packages/mypkg-0.0.0-py3.8.egg-info' (and everything under it)
[0.792s] Copying build/mypkg/mypkg.egg-info to /home/koara/robosys2024-4/ros2_ws/src/mypkg/install/mypkg/lib/python3.8/site-packages/mypkg-0.0.0-py3.8.egg-info
[0.793s] running install_scripts
[0.807s] Installing listener script to /home/koara/robosys2024-4/ros2_ws/src/mypkg/install/mypkg/lib/mypkg
[0.807s] Installing talker script to /home/koara/robosys2024-4/ros2_ws/src/mypkg/install/mypkg/lib/mypkg
[0.807s] writing list of installed files to '/home/koara/robosys2024-4/ros2_ws/src/mypkg/build/mypkg/install.log'
[0.826s] Invoked command in '/home/koara/robosys2024-4/ros2_ws/src/mypkg' returned '0': PYTHONPATH=/home/koara/robosys2024-4/ros2_ws/src/mypkg/build/mypkg/prefix_override:/usr/lib/python3/dist-packages/colcon_core/task/python/colcon_distutils_commands:/home/koara/robosys2024-4/ros2_ws/src/mypkg/install/mypkg/lib/python3.8/site-packages:${PYTHONPATH} /usr/bin/python3 -W ignore:setup.py install is deprecated setup.py egg_info --egg-base build/mypkg build --build-base /home/koara/robosys2024-4/ros2_ws/src/mypkg/build/mypkg/build install --record /home/koara/robosys2024-4/ros2_ws/src/mypkg/build/mypkg/install.log --install-scripts $base/lib/mypkg --single-version-externally-managed install_data
